=== Smart Mobile Doctor - Device Analysis Log ===
Analysis Date: 2025-09-24 22:06:08
Session ID: unknown

=== Device Information ===
model: Android Device
manufacturer: Android
androidVersion: Not Android
userAgent: Mozilla/5.0 (X11; Linux x86_64) AppleWebKit/537.36 (KHTML, like Gecko) Chrome/140.0.0.0 Safari/537.3
deviceInfo - model: Unknown
deviceInfo - manufacturer: Unknown
deviceInfo - platform: Linux armv81
deviceInfo - osVersion: Unknown
memoryInfo - deviceMemory: Unknown
memoryInfo - totalJSHeapSize: 1 GB
memoryInfo - usedJSHeapSize: 10 MB
storageInfo - status: Storage information not available
networkInfo - online: Yes
networkInfo - type: 4g
networkInfo - speed: 1.6 Mbps
batteryInfo - status: Battery information not available
timestamp: 2025-09-24 22:06:08
systemInfo - platform: Linux armv81
systemInfo - language: en-GB
systemInfo - cookiesEnabled: true
systemInfo - screenResolution: 360x804
systemInfo - windowSize: 980x1829
systemInfo - pixelRatio: 3
systemInfo - timestamp: 2025-09-24T16:33:28.135Z

=== OCR Analysis Results ===
collection_status: Successful
collected_at: 2025-09-24 22:06:08

=== System Recommendations ===