#
# There is insufficient memory for the Java Runtime Environment to continue.
# Native memory allocation (mmap) failed to map 65536 bytes. Error detail: Failed to commit metaspace.
# Possible reasons:
#   The system is out of physical RAM or swap space
#   This process is running with CompressedOops enabled, and the Java Heap may be blocking the growth of the native heap
# Possible solutions:
#   Reduce memory load on the system
#   Increase physical memory or swap space
#   Check if swap backing store is full
#   Decrease Java heap size (-Xmx/-Xms)
#   Decrease number of Java threads
#   Decrease Java thread stack sizes (-Xss)
#   Set larger code cache with -XX:ReservedCodeCacheSize=
#   JVM is running with Unscaled Compressed Oops mode in which the Java heap is
#     placed in the first 4GB address space. The Java Heap base address is the
#     maximum limit for the native heap growth. Please use -XX:HeapBaseMinAddress
#     to set the Java Heap base and to place the Java Heap above 4GB virtual address.
# This output file may be truncated or incomplete.
#
#  Out of Memory Error (virtualSpaceNode.cpp:113), pid=3256, tid=12048
#
# JRE version: OpenJDK Runtime Environment Temurin-21.0.8+9 (21.0.8+9) (build 21.0.8+9-LTS)
# Java VM: OpenJDK 64-Bit Server VM Temurin-21.0.8+9 (21.0.8+9-LTS, mixed mode, sharing, tiered, compressed oops, compressed class ptrs, parallel gc, windows-amd64)
# No core dump will be written. Minidumps are not enabled by default on client versions of Windows
#

---------------  S U M M A R Y ------------

Command Line: --add-modules=ALL-SYSTEM --add-opens=java.base/java.util=ALL-UNNAMED --add-opens=java.base/java.lang=ALL-UNNAMED --add-opens=java.base/sun.nio.fs=ALL-UNNAMED -Declipse.application=org.eclipse.jdt.ls.core.id1 -Dosgi.bundles.defaultStartLevel=4 -Declipse.product=org.eclipse.jdt.ls.core.product -Djava.import.generatesMetadataFilesAtProjectRoot=false -DDetectVMInstallationsJob.disabled=true -Dfile.encoding=utf8 -XX:+UseParallelGC -XX:GCTimeRatio=4 -XX:AdaptiveSizePolicyWeight=90 -Dsun.zip.disableMemoryMapping=true -Xmx2G -Xms100m -Xlog:disable -javaagent:c:\Users\ratho\.trae\extensions\redhat.java-1.44.0-win32-x64\lombok\lombok-1.18.39-4050.jar -XX:+HeapDumpOnOutOfMemoryError -XX:HeapDumpPath=c:\Users\ratho\AppData\Roaming\Trae\User\workspaceStorage\ca1282124533c9d819150dd867cfa723\redhat.java -Daether.dependencyCollector.impl=bf c:\Users\ratho\.trae\extensions\redhat.java-1.44.0-win32-x64\server\plugins\org.eclipse.equinox.launcher_1.7.0.v20250519-0528.jar -configuration c:\Users\ratho\AppData\Roaming\Trae\User\globalStorage\redhat.java\1.44.0\config_win -data c:\Users\ratho\AppData\Roaming\Trae\User\workspaceStorage\ca1282124533c9d819150dd867cfa723\redhat.java\jdt_ws --pipe=\\.\pipe\lsp-730f6e6e7cc9c182c00961ecfa8cc590-sock

Host: 11th Gen Intel(R) Core(TM) i5-11400H @ 2.70GHz, 12 cores, 15G,  Windows 11 , 64 bit Build 22621 (10.0.22621.5415)
Time: Sun Aug 24 17:26:26 2025 India Standard Time elapsed time: 0.716206 seconds (0d 0h 0m 0s)

---------------  T H R E A D  ---------------

Current thread (0x0000029a9a439990):  JavaThread "main"             [_thread_in_vm, id=12048, stack(0x000000cc8ee00000,0x000000cc8ef00000) (1024K)]

Stack: [0x000000cc8ee00000,0x000000cc8ef00000]
Native frames: (J=compiled Java code, j=interpreted, Vv=VM code, C=native code)
V  [jvm.dll+0x6d2449]
V  [jvm.dll+0x8ae341]
V  [jvm.dll+0x8b08be]
V  [jvm.dll+0x8b0fa3]
V  [jvm.dll+0x280c96]
V  [jvm.dll+0x8aa07e]
V  [jvm.dll+0x6745b5]
V  [jvm.dll+0x67461a]
V  [jvm.dll+0x676e02]
V  [jvm.dll+0x676cd2]
V  [jvm.dll+0x674f8e]
V  [jvm.dll+0x26a9af]
V  [jvm.dll+0x67f1f5]
V  [jvm.dll+0x21695d]
V  [jvm.dll+0x216eda]
V  [jvm.dll+0x217905]
V  [jvm.dll+0x20cece]
V  [jvm.dll+0x5b19dc]
V  [jvm.dll+0x21e5ba]
V  [jvm.dll+0x826c6c]
V  [jvm.dll+0x827c94]
V  [jvm.dll+0x828262]
V  [jvm.dll+0x827ee8]
V  [jvm.dll+0x26e30b]
V  [jvm.dll+0x26e53a]
V  [jvm.dll+0x5d4e17]
V  [jvm.dll+0x5d7dff]
V  [jvm.dll+0x3daf25]
V  [jvm.dll+0x3da59d]
C  0x0000029aa6e88095

The last pc belongs to invokestatic (printed below).
Java frames: (J=compiled Java code, j=interpreted, Vv=VM code)
j  jdk.internal.icu.impl.NormalizerImpl.load(Ljava/lang/String;)Ljdk/internal/icu/impl/NormalizerImpl;+2 java.base@21.0.8
j  jdk.internal.icu.impl.Norm2AllModes$Norm2AllModesSingleton.<init>(Ljava/lang/String;)V+37 java.base@21.0.8
j  jdk.internal.icu.impl.Norm2AllModes$NFKCSingleton.<clinit>()V+6 java.base@21.0.8
v  ~StubRoutines::call_stub 0x0000029aa6e710e7
j  jdk.internal.icu.impl.Norm2AllModes.getNFKCInstance()Ljdk/internal/icu/impl/Norm2AllModes;+0 java.base@21.0.8
j  jdk.internal.icu.text.Normalizer2.getNFKDInstance()Ljdk/internal/icu/text/Normalizer2;+0 java.base@21.0.8
j  jdk.internal.icu.text.NormalizerBase$NFKDModeImpl.<clinit>()V+4 java.base@21.0.8
v  ~StubRoutines::call_stub 0x0000029aa6e710e7
j  jdk.internal.icu.text.NormalizerBase$NFKDMode.getNormalizer2(I)Ljdk/internal/icu/text/Normalizer2;+16 java.base@21.0.8
j  jdk.internal.icu.text.NormalizerBase.normalize(Ljava/lang/String;Ljdk/internal/icu/text/NormalizerBase$Mode;I)Ljava/lang/String;+2 java.base@21.0.8
j  jdk.internal.icu.text.NormalizerBase.normalize(Ljava/lang/String;Ljava/text/Normalizer$Form;)Ljava/lang/String;+6 java.base@21.0.8
j  java.text.Normalizer.normalize(Ljava/lang/CharSequence;Ljava/text/Normalizer$Form;)Ljava/lang/String;+7 java.base@21.0.8
j  sun.security.x509.AVA.toRFC2253CanonicalString()Ljava/lang/String;+352 java.base@21.0.8
j  sun.security.x509.RDN.toRFC2253StringInternal(ZLjava/util/Map;)Ljava/lang/String;+19 java.base@21.0.8
j  sun.security.x509.RDN.toRFC2253String(Z)Ljava/lang/String;+27 java.base@21.0.8
j  sun.security.x509.X500Name.getRFC2253CanonicalName()Ljava/lang/String;+62 java.base@21.0.8
j  sun.security.x509.X500Name.equals(Ljava/lang/Object;)Z+118 java.base@21.0.8
j  sun.security.pkcs.PKCS7.getCertificate(Ljava/math/BigInteger;Lsun/security/x509/X500Name;)Ljava/security/cert/X509Certificate;+60 java.base@21.0.8
j  sun.security.pkcs.SignerInfo.getCertificate(Lsun/security/pkcs/PKCS7;)Ljava/security/cert/X509Certificate;+9 java.base@21.0.8
j  sun.security.pkcs.SignerInfo.verify(Lsun/security/pkcs/PKCS7;[B)Lsun/security/pkcs/SignerInfo;+422 java.base@21.0.8
j  sun.security.pkcs.PKCS7.verify(Lsun/security/pkcs/SignerInfo;[B)Lsun/security/pkcs/SignerInfo;+3 java.base@21.0.8
j  sun.security.pkcs.PKCS7.verify([B)[Lsun/security/pkcs/SignerInfo;+27 java.base@21.0.8
j  sun.security.pkcs.SignerInfo.getTimestamp()Ljava/security/Timestamp;+45 java.base@21.0.8
j  sun.security.pkcs.SignerInfo.verify(Lsun/security/pkcs/PKCS7;[B)Lsun/security/pkcs/SignerInfo;+3 java.base@21.0.8
j  sun.security.pkcs.PKCS7.verify(Lsun/security/pkcs/SignerInfo;[B)Lsun/security/pkcs/SignerInfo;+3 java.base@21.0.8
j  sun.security.pkcs.PKCS7.verify([B)[Lsun/security/pkcs/SignerInfo;+27 java.base@21.0.8
j  sun.security.util.SignatureFileVerifier.processImpl(Ljava/util/Hashtable;Ljava/util/List;Ljava/lang/String;)V+62 java.base@21.0.8
j  sun.security.util.SignatureFileVerifier.process(Ljava/util/Hashtable;Ljava/util/List;Ljava/lang/String;)V+12 java.base@21.0.8
j  java.util.jar.JarVerifier.processEntry(Lsun/security/util/ManifestEntryVerifier;)V+397 java.base@21.0.8
j  java.util.jar.JarVerifier.update(I[BIILsun/security/util/ManifestEntryVerifier;)V+39 java.base@21.0.8
j  java.util.jar.JarFile.initializeVerifier()V+164 java.base@21.0.8
j  java.util.jar.JarFile.ensureInitialization()V+36 java.base@21.0.8
j  java.util.jar.JavaUtilJarAccessImpl.ensureInitialization(Ljava/util/jar/JarFile;)V+1 java.base@21.0.8
j  jdk.internal.loader.URLClassPath$JarLoader$2.getManifest()Ljava/util/jar/Manifest;+10 java.base@21.0.8
j  jdk.internal.loader.BuiltinClassLoader.defineClass(Ljava/lang/String;Ljdk/internal/loader/Resource;)Ljava/lang/Class;+29 java.base@21.0.8
j  jdk.internal.loader.BuiltinClassLoader.findClassOnClassPathOrNull(Ljava/lang/String;)Ljava/lang/Class;+37 java.base@21.0.8
j  jdk.internal.loader.BuiltinClassLoader.loadClassOrNull(Ljava/lang/String;Z)Ljava/lang/Class;+111 java.base@21.0.8
j  jdk.internal.loader.BuiltinClassLoader.loadClass(Ljava/lang/String;Z)Ljava/lang/Class;+3 java.base@21.0.8
j  jdk.internal.loader.ClassLoaders$AppClassLoader.loadClass(Ljava/lang/String;Z)Ljava/lang/Class;+36 java.base@21.0.8
j  java.lang.ClassLoader.loadClass(Ljava/lang/String;)Ljava/lang/Class;+3 java.base@21.0.8
v  ~StubRoutines::call_stub 0x0000029aa6e710e7
j  java.lang.Class.forName0(Ljava/lang/String;ZLjava/lang/ClassLoader;Ljava/lang/Class;)Ljava/lang/Class;+0 java.base@21.0.8
j  java.lang.Class.forName(Ljava/lang/String;ZLjava/lang/ClassLoader;Ljava/lang/Class;)Ljava/lang/Class;+37 java.base@21.0.8
j  java.lang.Class.forName(Ljava/lang/String;ZLjava/lang/ClassLoader;)Ljava/lang/Class;+20 java.base@21.0.8
j  sun.launcher.LauncherHelper.loadMainClass(ILjava/lang/String;)Ljava/lang/Class;+95 java.base@21.0.8
j  sun.launcher.LauncherHelper.checkAndLoadMain(ZILjava/lang/String;)Ljava/lang/Class;+42 java.base@21.0.8
v  ~StubRoutines::call_stub 0x0000029aa6e710e7
invokestatic  184 invokestatic  [0x0000029aa6e87fe0, 0x0000029aa6e882a8]  712 bytes
[MachCode]
  0x0000029aa6e87fe0: 4883 ec08 | c5fa 1104 | 24eb 1f48 | 83ec 10c5 | fb11 0424 | eb14 4883 | ec10 4889 | 0424 48c7 
  0x0000029aa6e88000: 4424 0800 | 0000 00eb | 0150 4c89 | 6dc0 410f | b755 0148 | 8b4d d0c1 | e202 8b5c | d138 c1eb 
  0x0000029aa6e88020: 1081 e3ff | 0000 0081 | fbb8 0000 | 000f 84b4 | 0000 00bb | b800 0000 | e805 0000 | 00e9 9900 
  0x0000029aa6e88040: 0000 488b | d348 8d44 | 2408 4c89 | 6dc0 498b | cfc5 f877 | 4989 afa8 | 0300 0049 | 8987 9803 
  0x0000029aa6e88060: 0000 4883 | ec20 40f6 | c40f 0f84 | 1900 0000 | 4883 ec08 | 48b8 30a5 | b4ac fd7f | 0000 ffd0 
  0x0000029aa6e88080: 4883 c408 | e90c 0000 | 0048 b830 | a5b4 acfd | 7f00 00ff | d048 83c4 | 2049 c787 | 9803 0000 
  0x0000029aa6e880a0: 0000 0000 | 49c7 87a8 | 0300 0000 | 0000 0049 | c787 a003 | 0000 0000 | 0000 c5f8 | 7749 837f 
  0x0000029aa6e880c0: 0800 0f84 | 0500 0000 | e933 8efe | ff4c 8b6d | c04c 8b75 | c84e 8d74 | f500 c341 | 0fb7 5501 
  0x0000029aa6e880e0: 488b 4dd0 | c1e2 0248 | 8b5c d140 | 488b 5b08 | 488b 5b08 | 488b 5b18 | 80bb 3101 | 0000 040f 
  0x0000029aa6e88100: 840d 0000 | 004c 3bbb | 3801 0000 | 0f85 21ff | ffff 488b | 5cd1 408b | 54d1 50c1 | ea1c 49ba 
  0x0000029aa6e88120: 4053 43ad | fd7f 0000 | 498b 14d2 | 5248 8b45 | d848 85c0 | 0f84 1200 | 0000 4883 | 4008 0148 
  0x0000029aa6e88140: 8358 0800 | 4883 c010 | 4889 45d8 | 488b 45d8 | 4885 c00f | 843d 0100 | 0080 78f0 | 0a0f 8533 
  0x0000029aa6e88160: 0100 0048 | 83c0 084c | 8b68 f841 | 83ed 0041 | 83fd 020f | 8c12 0100 | 004c 8b6b | 0845 0fb7 
  0x0000029aa6e88180: 6d2e 4c2b | 2841 83ed | 014e 8b6c | ec08 4d85 | ed75 0ef6 | 4008 0175 | 58f0 4883 | 4808 01eb 
  0x0000029aa6e881a0: 5045 8b6d | 0849 ba00 | 0000 b39a | 0200 004d | 03ea 4d8b | d54c 3368 | 0849 f7c5 | fcff ffff 
  0x0000029aa6e881c0: 742f 41f6 | c502 7529 | 4883 7808 | 0074 1e48 | 8378 0801 | 7417 4d8b | ea4c 3368 | 0849 f7c5 
  0x0000029aa6e881e0: fcff ffff | 740b 4883 | 4808 02eb | 044c 8968 | 0848 83c0 | 104c 8b68 | e841 83ed | 0241 83fd 
  0x0000029aa6e88200: 020f 8c84 | 0000 004c | 8b6b 0845 | 0fb7 6d2e | 4c2b 2841 | 83ed 014e | 8b6c ec08 | 4d85 ed75 
  0x0000029aa6e88220: 0ef6 4008 | 0175 58f0 | 4883 4808 | 01eb 5045 | 8b6d 0849 | ba00 0000 | b39a 0200 | 004d 03ea 
  0x0000029aa6e88240: 4d8b d54c | 3368 0849 | f7c5 fcff | ffff 742f | 41f6 c502 | 7529 4883 | 7808 0074 | 1e48 8378 
  0x0000029aa6e88260: 0801 7417 | 4d8b ea4c | 3368 0849 | f7c5 fcff | ffff 740b | 4883 4808 | 02eb 044c | 8968 0848 
  0x0000029aa6e88280: 83c0 104c | 8b68 d841 | 83ed 0441 | c1e5 0349 | 03c5 4889 | 45d8 4c8d | 6c24 084c | 896d f0ff 
  0x0000029aa6e882a0: 6350 660f | 1f44 0000 
[/MachCode]

---------------  P R O C E S S  ---------------

Threads class SMR info:
_java_thread_list=0x0000029afa379500, length=13, elements={
0x0000029a9a439990, 0x0000029afa004090, 0x0000029afa0057e0, 0x0000029afa006a80,
0x0000029afa0081d0, 0x0000029afa009340, 0x0000029afa00d160, 0x0000029afa00df90,
0x0000029afa030550, 0x0000029afa0d8330, 0x0000029afa289ab0, 0x0000029afa3857d0,
0x0000029afa5a8920
}

Java Threads: ( => current thread )
=>0x0000029a9a439990 JavaThread "main"                              [_thread_in_vm, id=12048, stack(0x000000cc8ee00000,0x000000cc8ef00000) (1024K)]
  0x0000029afa004090 JavaThread "Reference Handler"          daemon [_thread_blocked, id=12444, stack(0x000000cc8f200000,0x000000cc8f300000) (1024K)]
  0x0000029afa0057e0 JavaThread "Finalizer"                  daemon [_thread_blocked, id=11632, stack(0x000000cc8f300000,0x000000cc8f400000) (1024K)]
  0x0000029afa006a80 JavaThread "Signal Dispatcher"          daemon [_thread_blocked, id=2324, stack(0x000000cc8f400000,0x000000cc8f500000) (1024K)]
  0x0000029afa0081d0 JavaThread "Attach Listener"            daemon [_thread_blocked, id=2860, stack(0x000000cc8f500000,0x000000cc8f600000) (1024K)]
  0x0000029afa009340 JavaThread "Service Thread"             daemon [_thread_blocked, id=19780, stack(0x000000cc8f600000,0x000000cc8f700000) (1024K)]
  0x0000029afa00d160 JavaThread "Monitor Deflation Thread"   daemon [_thread_blocked, id=23848, stack(0x000000cc8f700000,0x000000cc8f800000) (1024K)]
  0x0000029afa00df90 JavaThread "C2 CompilerThread0"         daemon [_thread_blocked, id=7644, stack(0x000000cc8f800000,0x000000cc8f900000) (1024K)]
  0x0000029afa030550 JavaThread "C1 CompilerThread0"         daemon [_thread_blocked, id=10912, stack(0x000000cc8f900000,0x000000cc8fa00000) (1024K)]
  0x0000029afa0d8330 JavaThread "Common-Cleaner"             daemon [_thread_blocked, id=3696, stack(0x000000cc8fa00000,0x000000cc8fb00000) (1024K)]
  0x0000029afa289ab0 JavaThread "Notification Thread"        daemon [_thread_blocked, id=8880, stack(0x000000cc8fb00000,0x000000cc8fc00000) (1024K)]
  0x0000029afa3857d0 JavaThread "C2 CompilerThread1"         daemon [_thread_blocked, id=6100, stack(0x000000cc8fc00000,0x000000cc8fd00000) (1024K)]
  0x0000029afa5a8920 JavaThread "C2 CompilerThread2"         daemon [_thread_in_native, id=13036, stack(0x000000cc8fd00000,0x000000cc8fe00000) (1024K)]
Total: 13

Other Threads:
  0x0000029a9c6e7970 VMThread "VM Thread"                           [id=15944, stack(0x000000cc8f100000,0x000000cc8f200000) (1024K)]
  0x0000029a9c7bbc50 WatcherThread "VM Periodic Task Thread"        [id=14764, stack(0x000000cc8f000000,0x000000cc8f100000) (1024K)]
  0x0000029a9c76f570 WorkerThread "GC Thread#0"                     [id=3604, stack(0x000000cc8ef00000,0x000000cc8f000000) (1024K)]
Total: 3

Threads with active compile tasks:
C2 CompilerThread2  753  668       4       lombok.patcher.PatchScript::classMatches (41 bytes)
Total: 1

VM state: not at safepoint (normal execution)

VM Mutex/Monitor currently owned by a thread:  ([mutex/lock_event])
[0x00007ffdad423458] Metaspace_lock - owner thread: 0x0000029a9a439990

Heap address: 0x0000000080000000, size: 2048 MB, Compressed Oops mode: 32-bit

CDS archive(s) mapped at: [0x0000029ab3000000-0x0000029ab3ba0000-0x0000029ab3ba0000), size 12189696, SharedBaseAddress: 0x0000029ab3000000, ArchiveRelocationMode: 1.
Compressed class space mapped at: 0x0000029ab4000000-0x0000029af4000000, reserved size: 1073741824
Narrow klass base: 0x0000029ab3000000, Narrow klass shift: 0, Narrow klass range: 0x100000000

GC Precious Log:
 CardTable entry size: 512
 CPUs: 12 total, 12 available
 Memory: 16022M
 Large Page Support: Disabled
 NUMA Support: Disabled
 Compressed Oops: Enabled (32-bit)
 Alignments: Space 512K, Generation 512K, Heap 2M
 Heap Min Capacity: 100M
 Heap Initial Capacity: 100M
 Heap Max Capacity: 2G
 Pre-touch: Disabled
 Parallel Workers: 10

Heap:
 PSYoungGen      total 29696K, used 13841K [0x00000000d5580000, 0x00000000d7680000, 0x0000000100000000)
  eden space 25600K, 54% used [0x00000000d5580000,0x00000000d63046e0,0x00000000d6e80000)
  from space 4096K, 0% used [0x00000000d7280000,0x00000000d7280000,0x00000000d7680000)
  to   space 4096K, 0% used [0x00000000d6e80000,0x00000000d6e80000,0x00000000d7280000)
 ParOldGen       total 68608K, used 0K [0x0000000080000000, 0x0000000084300000, 0x00000000d5580000)
  object space 68608K, 0% used [0x0000000080000000,0x0000000080000000,0x0000000084300000)
 Metaspace       used 2556K, committed 2752K, reserved 1114112K
  class space    used 262K, committed 384K, reserved 1048576K

Card table byte_map: [0x0000029a9c0f0000,0x0000029a9c500000] _byte_map_base: 0x0000029a9bcf0000

Marking Bits: (ParMarkBitMap*) 0x00007ffdad42a340
 Begin Bits: [0x0000029aaebf0000, 0x0000029ab0bf0000)
 End Bits:   [0x0000029ab0bf0000, 0x0000029ab2bf0000)

Polling page: 0x0000029a9a570000

Metaspace:

Usage:
  Non-class:      2.24 MB used.
      Class:    262.37 KB used.
       Both:      2.50 MB used.

Virtual space:
  Non-class space:       64.00 MB reserved,       2.31 MB (  4%) committed,  1 nodes.
      Class space:        1.00 GB reserved,     384.00 KB ( <1%) committed,  1 nodes.
             Both:        1.06 GB reserved,       2.69 MB ( <1%) committed. 

Chunk freelists:
   Non-Class:  11.65 MB
       Class:  15.67 MB
        Both:  27.32 MB

MaxMetaspaceSize: unlimited
CompressedClassSpaceSize: 1.00 GB
Initial GC threshold: 21.00 MB
Current GC threshold: 21.00 MB
CDS: on
 - commit_granule_bytes: 65536.
 - commit_granule_words: 8192.
 - virtual_space_node_default_size: 8388608.
 - enlarge_chunks_in_place: 1.
 - use_allocation_guard: 0.


Internal statistics:

num_allocs_failed_limit: 0.
num_arena_births: 80.
num_arena_deaths: 0.
num_vsnodes_births: 2.
num_vsnodes_deaths: 0.
num_space_committed: 43.
num_space_uncommitted: 0.
num_chunks_returned_to_freelist: 0.
num_chunks_taken_from_freelist: 102.
num_chunk_merges: 0.
num_chunk_splits: 72.
num_chunks_enlarged: 46.
num_inconsistent_stats: 0.

CodeHeap 'non-profiled nmethods': size=120000Kb used=259Kb max_used=259Kb free=119740Kb
 bounds [0x0000029aa7410000, 0x0000029aa7680000, 0x0000029aae940000]
CodeHeap 'profiled nmethods': size=120000Kb used=999Kb max_used=999Kb free=119001Kb
 bounds [0x0000029a9f940000, 0x0000029a9fbb0000, 0x0000029aa6e70000]
CodeHeap 'non-nmethods': size=5760Kb used=1190Kb max_used=1211Kb free=4569Kb
 bounds [0x0000029aa6e70000, 0x0000029aa70e0000, 0x0000029aa7410000]
CodeCache: size=245760Kb, used=2448Kb, max_used=2469Kb, free=243310Kb
 total_blobs=1115, nmethods=678, adapters=344, full_count=0
Compilation: enabled, stopped_count=0, restarted_count=0

Compilation events (20 events):
Event: 0.657 Thread 0x0000029afa5a8920 nmethod 658 0x0000029aa744be90 code [0x0000029aa744c020, 0x0000029aa744c300]
Event: 0.660 Thread 0x0000029afa5a8920  668       4       lombok.patcher.PatchScript::classMatches (41 bytes)
Event: 0.660 Thread 0x0000029afa3857d0  669       4       java.util.Collections$UnmodifiableCollection::iterator (9 bytes)
Event: 0.661 Thread 0x0000029afa030550  670       3       sun.security.util.DerInputStream::available (10 bytes)
Event: 0.661 Thread 0x0000029afa030550 nmethod 670 0x0000029a9fa36710 code [0x0000029a9fa368a0, 0x0000029a9fa369b0]
Event: 0.664 Thread 0x0000029afa030550  671       3       java.util.jar.Manifest$FastInputStream::readLine (296 bytes)
Event: 0.665 Thread 0x0000029afa030550 nmethod 671 0x0000029a9fa36a10 code [0x0000029a9fa36c40, 0x0000029a9fa374a8]
Event: 0.667 Thread 0x0000029afa030550  672       3       java.util.Objects::checkFromIndexSize (8 bytes)
Event: 0.667 Thread 0x0000029afa030550 nmethod 672 0x0000029a9fa37810 code [0x0000029a9fa379c0, 0x0000029a9fa37bc8]
Event: 0.667 Thread 0x0000029afa030550  673  s    3       java.io.ByteArrayOutputStream::write (32 bytes)
Event: 0.667 Thread 0x0000029afa030550 nmethod 673 0x0000029a9fa37d10 code [0x0000029a9fa37ec0, 0x0000029a9fa38110]
Event: 0.673 Thread 0x0000029afa030550  675   !   3       java.lang.invoke.MemberName::clone (14 bytes)
Event: 0.673 Thread 0x0000029afa030550 nmethod 675 0x0000029a9fa38210 code [0x0000029a9fa383e0, 0x0000029a9fa38738]
Event: 0.673 Thread 0x0000029afa030550  677       3       java.lang.Integer::rotateRight (9 bytes)
Event: 0.673 Thread 0x0000029afa030550 nmethod 677 0x0000029a9fa38890 code [0x0000029a9fa38a20, 0x0000029a9fa38b20]
Event: 0.673 Thread 0x0000029afa030550  678       3       sun.invoke.util.Wrapper::forPrimitiveType (122 bytes)
Event: 0.674 Thread 0x0000029afa030550 nmethod 678 0x0000029a9fa38b90 code [0x0000029a9fa38e60, 0x0000029a9fa39940]
Event: 0.676 Thread 0x0000029afa3857d0 nmethod 669 0x0000029aa744ce90 code [0x0000029aa744d0a0, 0x0000029aa744d7e0]
Event: 0.692 Thread 0x0000029afa3857d0  680       4       java.util.concurrent.ConcurrentHashMap::get (162 bytes)
Event: 0.697 Thread 0x0000029afa3857d0 nmethod 680 0x0000029aa744dc90 code [0x0000029aa744de40, 0x0000029aa744e178]

GC Heap History (0 events):
No events

Dll operation events (8 events):
Event: 0.015 Loaded shared library c:\Users\ratho\.trae\extensions\redhat.java-1.44.0-win32-x64\jre\21.0.8-win32-x86_64\bin\java.dll
Event: 0.142 Loaded shared library c:\Users\ratho\.trae\extensions\redhat.java-1.44.0-win32-x64\jre\21.0.8-win32-x86_64\bin\zip.dll
Event: 0.181 Loaded shared library C:\Users\ratho\.trae\extensions\redhat.java-1.44.0-win32-x64\jre\21.0.8-win32-x86_64\bin\instrument.dll
Event: 0.187 Loaded shared library C:\Users\ratho\.trae\extensions\redhat.java-1.44.0-win32-x64\jre\21.0.8-win32-x86_64\bin\net.dll
Event: 0.190 Loaded shared library C:\Users\ratho\.trae\extensions\redhat.java-1.44.0-win32-x64\jre\21.0.8-win32-x86_64\bin\nio.dll
Event: 0.194 Loaded shared library C:\Users\ratho\.trae\extensions\redhat.java-1.44.0-win32-x64\jre\21.0.8-win32-x86_64\bin\zip.dll
Event: 0.224 Loaded shared library C:\Users\ratho\.trae\extensions\redhat.java-1.44.0-win32-x64\jre\21.0.8-win32-x86_64\bin\jimage.dll
Event: 0.353 Loaded shared library c:\Users\ratho\.trae\extensions\redhat.java-1.44.0-win32-x64\jre\21.0.8-win32-x86_64\bin\verify.dll

Deoptimization events (20 events):
Event: 0.530 Thread 0x0000029a9a439990 DEOPT PACKING pc=0x0000029a9f9828d8 sp=0x000000cc8eefac70
Event: 0.530 Thread 0x0000029a9a439990 DEOPT UNPACKING pc=0x0000029aa6ec78e2 sp=0x000000cc8eefa130 mode 0
Event: 0.531 Thread 0x0000029a9a439990 DEOPT PACKING pc=0x0000029a9f9828d8 sp=0x000000cc8eefc040
Event: 0.531 Thread 0x0000029a9a439990 DEOPT UNPACKING pc=0x0000029aa6ec78e2 sp=0x000000cc8eefb500 mode 0
Event: 0.534 Thread 0x0000029a9a439990 DEOPT PACKING pc=0x0000029a9f9828d8 sp=0x000000cc8eefbce0
Event: 0.534 Thread 0x0000029a9a439990 DEOPT UNPACKING pc=0x0000029aa6ec78e2 sp=0x000000cc8eefb1a0 mode 0
Event: 0.535 Thread 0x0000029a9a439990 DEOPT PACKING pc=0x0000029a9f9828d8 sp=0x000000cc8eefc270
Event: 0.535 Thread 0x0000029a9a439990 DEOPT UNPACKING pc=0x0000029aa6ec78e2 sp=0x000000cc8eefb730 mode 0
Event: 0.576 Thread 0x0000029a9a439990 Uncommon trap: trap_request=0xffffff45 fr.pc=0x0000029aa741fd3c relative=0x00000000000007fc
Event: 0.576 Thread 0x0000029a9a439990 Uncommon trap: reason=unstable_if action=reinterpret pc=0x0000029aa741fd3c method=java.util.HashMap.putVal(ILjava/lang/Object;Ljava/lang/Object;ZZ)Ljava/lang/Object; @ 181 c2
Event: 0.576 Thread 0x0000029a9a439990 DEOPT PACKING pc=0x0000029aa741fd3c sp=0x000000cc8eefdb30
Event: 0.576 Thread 0x0000029a9a439990 DEOPT UNPACKING pc=0x0000029aa6ec6da2 sp=0x000000cc8eefdac0 mode 2
Event: 0.614 Thread 0x0000029a9a439990 Uncommon trap: trap_request=0xffffff45 fr.pc=0x0000029aa74410ec relative=0x000000000000014c
Event: 0.614 Thread 0x0000029a9a439990 Uncommon trap: reason=unstable_if action=reinterpret pc=0x0000029aa74410ec method=jdk.internal.util.ArraysSupport.vectorizedHashCode(Ljava/lang/Object;IIII)I @ 2 c2
Event: 0.614 Thread 0x0000029a9a439990 DEOPT PACKING pc=0x0000029aa74410ec sp=0x000000cc8eefcb40
Event: 0.614 Thread 0x0000029a9a439990 DEOPT UNPACKING pc=0x0000029aa6ec6da2 sp=0x000000cc8eefcaf0 mode 2
Event: 0.625 Thread 0x0000029a9a439990 Uncommon trap: trap_request=0xffffff45 fr.pc=0x0000029aa74322f4 relative=0x00000000000000d4
Event: 0.625 Thread 0x0000029a9a439990 Uncommon trap: reason=unstable_if action=reinterpret pc=0x0000029aa74322f4 method=java.net.URI.match(CJJ)Z @ 45 c2
Event: 0.625 Thread 0x0000029a9a439990 DEOPT PACKING pc=0x0000029aa74322f4 sp=0x000000cc8eefcde0
Event: 0.625 Thread 0x0000029a9a439990 DEOPT UNPACKING pc=0x0000029aa6ec6da2 sp=0x000000cc8eefcd48 mode 2

Classes loaded (20 events):
Event: 0.712 Loading class jdk/internal/icu/text/NormalizerBase$NFKDModeImpl done
Event: 0.712 Loading class jdk/internal/icu/text/NormalizerBase$ModeImpl
Event: 0.712 Loading class jdk/internal/icu/text/NormalizerBase$ModeImpl done
Event: 0.712 Loading class jdk/internal/icu/text/Normalizer2
Event: 0.713 Loading class jdk/internal/icu/text/Normalizer2 done
Event: 0.713 Loading class jdk/internal/icu/impl/Norm2AllModes
Event: 0.713 Loading class jdk/internal/icu/impl/Norm2AllModes done
Event: 0.713 Loading class jdk/internal/icu/impl/Norm2AllModes$NoopNormalizer2
Event: 0.713 Loading class jdk/internal/icu/impl/Norm2AllModes$NoopNormalizer2 done
Event: 0.713 Loading class jdk/internal/icu/impl/Norm2AllModes$NFKCSingleton
Event: 0.713 Loading class jdk/internal/icu/impl/Norm2AllModes$NFKCSingleton done
Event: 0.713 Loading class jdk/internal/icu/impl/Norm2AllModes$Norm2AllModesSingleton
Event: 0.713 Loading class jdk/internal/icu/impl/Norm2AllModes$Norm2AllModesSingleton done
Event: 0.713 Loading class jdk/internal/icu/impl/NormalizerImpl
Event: 0.714 Loading class jdk/internal/icu/impl/NormalizerImpl done
Event: 0.714 Loading class jdk/internal/icu/impl/NormalizerImpl$IsAcceptable
Event: 0.714 Loading class jdk/internal/icu/impl/ICUBinary$Authenticate
Event: 0.714 Loading class jdk/internal/icu/impl/ICUBinary$Authenticate done
Event: 0.714 Loading class jdk/internal/icu/impl/NormalizerImpl$IsAcceptable done
Event: 0.714 Loading class jdk/internal/icu/impl/ICUBinary

Classes unloaded (0 events):
No events

Classes redefined (0 events):
No events

Internal exceptions (12 events):
Event: 0.137 Thread 0x0000029a9a439990 Exception <a 'java/lang/NoSuchMethodError'{0x00000000d57aa2c8}: 'void java.lang.invoke.DirectMethodHandle$Holder.invokeStatic(java.lang.Object, java.lang.Object, java.lang.Object)'> (0x00000000d57aa2c8) 
thrown [s\src\hotspot\share\interpreter\linkResolver.cpp, line 773]
Event: 0.214 Thread 0x0000029a9a439990 Exception <a 'java/lang/NoSuchMethodError'{0x00000000d5912a30}: 'java.lang.Object java.lang.invoke.Invokers$Holder.invokeExact_MT(java.lang.Object, java.lang.Object, java.lang.Object, java.lang.Object, java.lang.Object)'> (0x00000000d5912a30) 
thrown [s\src\hotspot\share\interpreter\linkResolver.cpp, line 773]
Event: 0.270 Thread 0x0000029a9a439990 Exception <a 'java/lang/NoSuchMethodError'{0x00000000d59cbc18}: 'int java.lang.invoke.DirectMethodHandle$Holder.invokeSpecial(java.lang.Object, java.lang.Object, java.lang.Object, int)'> (0x00000000d59cbc18) 
thrown [s\src\hotspot\share\interpreter\linkResolver.cpp, line 773]
Event: 0.273 Thread 0x0000029a9a439990 Exception <a 'java/lang/NoSuchMethodError'{0x00000000d59de600}: 'java.lang.Object java.lang.invoke.DirectMethodHandle$Holder.invokeStatic(java.lang.Object, java.lang.Object, java.lang.Object, java.lang.Object, int)'> (0x00000000d59de600) 
thrown [s\src\hotspot\share\interpreter\linkResolver.cpp, line 773]
Event: 0.276 Thread 0x0000029a9a439990 Exception <a 'java/lang/NoSuchMethodError'{0x00000000d59e9a40}: 'void java.lang.invoke.DelegatingMethodHandle$Holder.reinvoke_L(java.lang.Object, java.lang.Object, java.lang.Object, int, java.lang.Object)'> (0x00000000d59e9a40) 
thrown [s\src\hotspot\share\interpreter\linkResolver.cpp, line 773]
Event: 0.285 Thread 0x0000029a9a439990 Exception <a 'java/lang/NoSuchMethodError'{0x00000000d59fa538}: 'int java.lang.invoke.DirectMethodHandle$Holder.invokeSpecial(java.lang.Object, java.lang.Object, java.lang.Object)'> (0x00000000d59fa538) 
thrown [s\src\hotspot\share\interpreter\linkResolver.cpp, line 773]
Event: 0.291 Thread 0x0000029a9a439990 Exception <a 'java/lang/NoSuchMethodError'{0x00000000d5a061f8}: 'java.lang.Object java.lang.invoke.DirectMethodHandle$Holder.invokeStatic(java.lang.Object, java.lang.Object, int)'> (0x00000000d5a061f8) 
thrown [s\src\hotspot\share\interpreter\linkResolver.cpp, line 773]
Event: 0.292 Thread 0x0000029a9a439990 Exception <a 'java/lang/NoSuchMethodError'{0x00000000d5a0ab48}: 'void java.lang.invoke.DirectMethodHandle$Holder.invokeStatic(java.lang.Object, java.lang.Object, int, java.lang.Object)'> (0x00000000d5a0ab48) 
thrown [s\src\hotspot\share\interpreter\linkResolver.cpp, line 773]
Event: 0.292 Thread 0x0000029a9a439990 Exception <a 'java/lang/NoSuchMethodError'{0x00000000d5a0e6d8}: 'void java.lang.invoke.DirectMethodHandle$Holder.invokeSpecial(java.lang.Object, java.lang.Object, java.lang.Object, int, java.lang.Object)'> (0x00000000d5a0e6d8) 
thrown [s\src\hotspot\share\interpreter\linkResolver.cpp, line 773]
Event: 0.293 Thread 0x0000029a9a439990 Exception <a 'java/lang/NoSuchMethodError'{0x00000000d5a11b48}: 'void java.lang.invoke.DelegatingMethodHandle$Holder.delegate(java.lang.Object, java.lang.Object, int, java.lang.Object)'> (0x00000000d5a11b48) 
thrown [s\src\hotspot\share\interpreter\linkResolver.cpp, line 773]
Event: 0.400 Thread 0x0000029a9a439990 Exception <a 'java/lang/NoSuchMethodError'{0x00000000d5bd1d10}: 'void java.lang.invoke.DelegatingMethodHandle$Holder.reinvoke_L(java.lang.Object, java.lang.Object, java.lang.Object, int)'> (0x00000000d5bd1d10) 
thrown [s\src\hotspot\share\interpreter\linkResolver.cpp, line 773]
Event: 0.604 Thread 0x0000029a9a439990 Exception <a 'java/lang/NoSuchMethodError'{0x00000000d605d3a0}: 'void java.lang.invoke.DirectMethodHandle$Holder.invokeVirtual(java.lang.Object, java.lang.Object)'> (0x00000000d605d3a0) 
thrown [s\src\hotspot\share\interpreter\linkResolver.cpp, line 773]

ZGC Phase Switch (0 events):
No events

VM Operations (2 events):
Event: 0.242 Executing VM operation: HandshakeAllThreads (Deoptimize)
Event: 0.242 Executing VM operation: HandshakeAllThreads (Deoptimize) done

Memory protections (0 events):
No events

Nmethod flushes (0 events):
No events

Events (13 events):
Event: 0.035 Thread 0x0000029a9a439990 Thread added: 0x0000029a9a439990
Event: 0.071 Thread 0x0000029a9a439990 Thread added: 0x0000029afa004090
Event: 0.071 Thread 0x0000029a9a439990 Thread added: 0x0000029afa0057e0
Event: 0.071 Thread 0x0000029a9a439990 Thread added: 0x0000029afa006a80
Event: 0.071 Thread 0x0000029a9a439990 Thread added: 0x0000029afa0081d0
Event: 0.072 Thread 0x0000029a9a439990 Thread added: 0x0000029afa009340
Event: 0.072 Thread 0x0000029a9a439990 Thread added: 0x0000029afa00d160
Event: 0.072 Thread 0x0000029a9a439990 Thread added: 0x0000029afa00df90
Event: 0.073 Thread 0x0000029a9a439990 Thread added: 0x0000029afa030550
Event: 0.115 Thread 0x0000029a9a439990 Thread added: 0x0000029afa0d8330
Event: 0.512 Thread 0x0000029a9a439990 Thread added: 0x0000029afa289ab0
Event: 0.515 Thread 0x0000029afa030550 Thread added: 0x0000029afa3857d0
Event: 0.646 Thread 0x0000029afa030550 Thread added: 0x0000029afa5a8920


Dynamic libraries:
0x00007ff786860000 - 0x00007ff78686e000 	c:\Users\ratho\.trae\extensions\redhat.java-1.44.0-win32-x64\jre\21.0.8-win32-x86_64\bin\java.exe
0x00007ffe89bd0000 - 0x00007ffe89de7000 	C:\windows\SYSTEM32\ntdll.dll
0x00007ffe88330000 - 0x00007ffe883f4000 	C:\windows\System32\KERNEL32.DLL
0x00007ffe87480000 - 0x00007ffe87852000 	C:\windows\System32\KERNELBASE.dll
0x00007ffe872e0000 - 0x00007ffe873f1000 	C:\windows\System32\ucrtbase.dll
0x00007ffe46600000 - 0x00007ffe46618000 	c:\Users\ratho\.trae\extensions\redhat.java-1.44.0-win32-x64\jre\21.0.8-win32-x86_64\bin\jli.dll
0x00007ffe87e90000 - 0x00007ffe88041000 	C:\windows\System32\USER32.dll
0x00007ffe86d40000 - 0x00007ffe86d66000 	C:\windows\System32\win32u.dll
0x00007ffe87860000 - 0x00007ffe87889000 	C:\windows\System32\GDI32.dll
0x00007ffe86fa0000 - 0x00007ffe870c3000 	C:\windows\System32\gdi32full.dll
0x00007ffe870d0000 - 0x00007ffe8716a000 	C:\windows\System32\msvcp_win.dll
0x00007ffe681a0000 - 0x00007ffe6843b000 	C:\windows\WinSxS\amd64_microsoft.windows.common-controls_6595b64144ccf1df_6.0.22621.5547_none_27104afb73855772\COMCTL32.dll
0x00007ffe46690000 - 0x00007ffe466ae000 	c:\Users\ratho\.trae\extensions\redhat.java-1.44.0-win32-x64\jre\21.0.8-win32-x86_64\bin\VCRUNTIME140.dll
0x00007ffe88090000 - 0x00007ffe88137000 	C:\windows\System32\msvcrt.dll
0x00007ffe88050000 - 0x00007ffe88081000 	C:\windows\System32\IMM32.DLL
0x00007ffe71a00000 - 0x00007ffe71a0c000 	c:\Users\ratho\.trae\extensions\redhat.java-1.44.0-win32-x64\jre\21.0.8-win32-x86_64\bin\vcruntime140_1.dll
0x00007ffe0f0f0000 - 0x00007ffe0f17d000 	c:\Users\ratho\.trae\extensions\redhat.java-1.44.0-win32-x64\jre\21.0.8-win32-x86_64\bin\msvcp140.dll
0x00007ffdac770000 - 0x00007ffdad507000 	c:\Users\ratho\.trae\extensions\redhat.java-1.44.0-win32-x64\jre\21.0.8-win32-x86_64\bin\server\jvm.dll
0x00007ffe88160000 - 0x00007ffe88211000 	C:\windows\System32\ADVAPI32.dll
0x00007ffe89ae0000 - 0x00007ffe89b88000 	C:\windows\System32\sechost.dll
0x00007ffe86d70000 - 0x00007ffe86d98000 	C:\windows\System32\bcrypt.dll
0x00007ffe884c0000 - 0x00007ffe885d4000 	C:\windows\System32\RPCRT4.dll
0x00007ffe885e0000 - 0x00007ffe88651000 	C:\windows\System32\WS2_32.dll
0x00007ffe85b40000 - 0x00007ffe85b8d000 	C:\windows\SYSTEM32\POWRPROF.dll
0x00007ffe7fca0000 - 0x00007ffe7fcd4000 	C:\windows\SYSTEM32\WINMM.dll
0x00007ffe82890000 - 0x00007ffe8289a000 	C:\windows\SYSTEM32\VERSION.dll
0x00007ffe85b20000 - 0x00007ffe85b33000 	C:\windows\SYSTEM32\UMPDC.dll
0x00007ffe85d40000 - 0x00007ffe85d58000 	C:\windows\SYSTEM32\kernel.appcore.dll
0x00007ffe719f0000 - 0x00007ffe719fa000 	c:\Users\ratho\.trae\extensions\redhat.java-1.44.0-win32-x64\jre\21.0.8-win32-x86_64\bin\jimage.dll
0x00007ffe84340000 - 0x00007ffe84573000 	C:\windows\SYSTEM32\DBGHELP.DLL
0x00007ffe88ca0000 - 0x00007ffe89033000 	C:\windows\System32\combase.dll
0x00007ffe87890000 - 0x00007ffe87967000 	C:\windows\System32\OLEAUT32.dll
0x00007ffe62550000 - 0x00007ffe62582000 	C:\windows\SYSTEM32\dbgcore.DLL
0x00007ffe87400000 - 0x00007ffe8747b000 	C:\windows\System32\bcryptPrimitives.dll
0x00007ffe40bc0000 - 0x00007ffe40bcf000 	c:\Users\ratho\.trae\extensions\redhat.java-1.44.0-win32-x64\jre\21.0.8-win32-x86_64\bin\instrument.dll
0x00007ffe466b0000 - 0x00007ffe466cf000 	c:\Users\ratho\.trae\extensions\redhat.java-1.44.0-win32-x64\jre\21.0.8-win32-x86_64\bin\java.dll
0x00007ffe89230000 - 0x00007ffe89ad2000 	C:\windows\System32\SHELL32.dll
0x00007ffe86da0000 - 0x00007ffe86edf000 	C:\windows\System32\wintypes.dll
0x00007ffe84ba0000 - 0x00007ffe854bd000 	C:\windows\SYSTEM32\windows.storage.dll
0x00007ffe88220000 - 0x00007ffe8832c000 	C:\windows\System32\SHCORE.dll
0x00007ffe88660000 - 0x00007ffe886c9000 	C:\windows\System32\shlwapi.dll
0x00007ffe86bf0000 - 0x00007ffe86c1b000 	C:\windows\SYSTEM32\profapi.dll
0x00007ffe41460000 - 0x00007ffe41478000 	c:\Users\ratho\.trae\extensions\redhat.java-1.44.0-win32-x64\jre\21.0.8-win32-x86_64\bin\zip.dll
0x00007ffe669d0000 - 0x00007ffe669e0000 	C:\Users\ratho\.trae\extensions\redhat.java-1.44.0-win32-x64\jre\21.0.8-win32-x86_64\bin\net.dll
0x00007ffe80170000 - 0x00007ffe8029c000 	C:\windows\SYSTEM32\WINHTTP.dll
0x00007ffe86260000 - 0x00007ffe862c9000 	C:\windows\system32\mswsock.dll
0x00007ffe3f8f0000 - 0x00007ffe3f906000 	C:\Users\ratho\.trae\extensions\redhat.java-1.44.0-win32-x64\jre\21.0.8-win32-x86_64\bin\nio.dll
0x00007ffe3f7e0000 - 0x00007ffe3f7f0000 	c:\Users\ratho\.trae\extensions\redhat.java-1.44.0-win32-x64\jre\21.0.8-win32-x86_64\bin\verify.dll

JVMTI agents:
c:\Users\ratho\.trae\extensions\redhat.java-1.44.0-win32-x64\lombok\lombok-1.18.39-4050.jar path:c:\Users\ratho\.trae\extensions\redhat.java-1.44.0-win32-x64\jre\21.0.8-win32-x86_64\bin\instrument.dll, loaded, initialized, instrumentlib options:none

dbghelp: loaded successfully - version: 4.0.5 - missing functions: none
symbol engine: initialized successfully - sym options: 0x614 - pdb path: .;c:\Users\ratho\.trae\extensions\redhat.java-1.44.0-win32-x64\jre\21.0.8-win32-x86_64\bin;C:\windows\SYSTEM32;C:\windows\WinSxS\amd64_microsoft.windows.common-controls_6595b64144ccf1df_6.0.22621.5547_none_27104afb73855772;c:\Users\ratho\.trae\extensions\redhat.java-1.44.0-win32-x64\jre\21.0.8-win32-x86_64\bin\server

VM Arguments:
jvm_args: --add-modules=ALL-SYSTEM --add-opens=java.base/java.util=ALL-UNNAMED --add-opens=java.base/java.lang=ALL-UNNAMED --add-opens=java.base/sun.nio.fs=ALL-UNNAMED -Declipse.application=org.eclipse.jdt.ls.core.id1 -Dosgi.bundles.defaultStartLevel=4 -Declipse.product=org.eclipse.jdt.ls.core.product -Djava.import.generatesMetadataFilesAtProjectRoot=false -DDetectVMInstallationsJob.disabled=true -Dfile.encoding=utf8 -XX:+UseParallelGC -XX:GCTimeRatio=4 -XX:AdaptiveSizePolicyWeight=90 -Dsun.zip.disableMemoryMapping=true -Xmx2G -Xms100m -Xlog:disable -javaagent:c:\Users\ratho\.trae\extensions\redhat.java-1.44.0-win32-x64\lombok\lombok-1.18.39-4050.jar -XX:+HeapDumpOnOutOfMemoryError -XX:HeapDumpPath=c:\Users\ratho\AppData\Roaming\Trae\User\workspaceStorage\ca1282124533c9d819150dd867cfa723\redhat.java -Daether.dependencyCollector.impl=bf 
java_command: c:\Users\ratho\.trae\extensions\redhat.java-1.44.0-win32-x64\server\plugins\org.eclipse.equinox.launcher_1.7.0.v20250519-0528.jar -configuration c:\Users\ratho\AppData\Roaming\Trae\User\globalStorage\redhat.java\1.44.0\config_win -data c:\Users\ratho\AppData\Roaming\Trae\User\workspaceStorage\ca1282124533c9d819150dd867cfa723\redhat.java\jdt_ws --pipe=\\.\pipe\lsp-730f6e6e7cc9c182c00961ecfa8cc590-sock
java_class_path (initial): c:\Users\ratho\.trae\extensions\redhat.java-1.44.0-win32-x64\server\plugins\org.eclipse.equinox.launcher_1.7.0.v20250519-0528.jar
Launcher Type: SUN_STANDARD

[Global flags]
    uintx AdaptiveSizePolicyWeight                 = 90                                        {product} {command line}
     intx CICompilerCount                          = 4                                         {product} {ergonomic}
    uintx GCTimeRatio                              = 4                                         {product} {command line}
     bool HeapDumpOnOutOfMemoryError               = true                                   {manageable} {command line}
    ccstr HeapDumpPath                             = c:\Users\ratho\AppData\Roaming\Trae\User\workspaceStorage\ca1282124533c9d819150dd867cfa723\redhat.java         {manageable} {command line}
   size_t InitialHeapSize                          = 104857600                                 {product} {command line}
   size_t MaxHeapSize                              = 2147483648                                {product} {command line}
   size_t MaxNewSize                               = 715653120                                 {product} {ergonomic}
   size_t MinHeapDeltaBytes                        = 524288                                    {product} {ergonomic}
   size_t MinHeapSize                              = 104857600                                 {product} {command line}
   size_t NewSize                                  = 34603008                                  {product} {ergonomic}
    uintx NonNMethodCodeHeapSize                   = 5839372                                {pd product} {ergonomic}
    uintx NonProfiledCodeHeapSize                  = 122909434                              {pd product} {ergonomic}
   size_t OldSize                                  = 70254592                                  {product} {ergonomic}
    uintx ProfiledCodeHeapSize                     = 122909434                              {pd product} {ergonomic}
    uintx ReservedCodeCacheSize                    = 251658240                              {pd product} {ergonomic}
     bool SegmentedCodeCache                       = true                                      {product} {ergonomic}
   size_t SoftMaxHeapSize                          = 2147483648                             {manageable} {ergonomic}
     bool UseCompressedOops                        = true                           {product lp64_product} {ergonomic}
     bool UseLargePagesIndividualAllocation        = false                                  {pd product} {ergonomic}
     bool UseParallelGC                            = true                                      {product} {command line}

Logging:
Log output configuration:
 #0: stdout all=off uptime,level,tags foldmultilines=false
 #1: stderr all=off uptime,level,tags foldmultilines=false

Environment Variables:
JAVA_HOME=C:\Users\ratho\AppData\Local\Programs\Eclipse Adoptium\jdk-17.0.11.9-hotspot\
PATH=C:\windows\system32;C:\windows;C:\windows\System32\Wbem;C:\windows\System32\WindowsPowerShell\v1.0\;C:\windows\System32\OpenSSH\;C:\Program Files (x86)\NVIDIA Corporation\PhysX\Common;C:\Program Files\NVIDIA Corporation\NVIDIA NvDLISR;C:\Program Files\MySQL\MySQL Server 8.0\bin;C:\Program Files\nodejs\;C:\Program Files\Git\cmd;C:\Program Files\Tesseract-OCR;;C:\Program Files\Docker\Docker\resources\bin;C:\Users\ratho\AppData\Local\Programs\Python\Python313\Scripts\;C:\Users\ratho\AppData\Local\Programs\Python\Python313\;C:\Users\ratho\AppData\Local\Programs\Python\Launcher\;d:\Trae\bin;C:\Program Files\MySQL\MySQL Shell 8.0\bin\;C:\Users\ratho\AppData\Local\Programs\Eclipse Adoptium\jdk-17.0.11.9-hotspot\bin;C:\Users\ratho\AppData\Local\Microsoft\WindowsApps;C:\Users\ratho\AppData\Local\Programs\Microsoft VS Code\bin;C:\Users\ratho\AppData\Roaming\npm;C:\Users\ratho\AppData\Local\Programs\cursor\resources\app\bin;C:\Users\ratho\AppData\Local\MongoDBCompass\MongoDBCompass.exe;C:\Users\ratho\OneDrive\Desktop\gradle-9.0.0\bin;C:\Users\ratho\OneDrive\Desktop\Gradle\gradle-9.0.0\bin;;d:\Trae\resources\app\bin\lib
USERNAME=ratho
OS=Windows_NT
PROCESSOR_IDENTIFIER=Intel64 Family 6 Model 141 Stepping 1, GenuineIntel
TMP=C:\Users\ratho\AppData\Local\Temp
TEMP=C:\Users\ratho\AppData\Local\Temp




Periodic native trim disabled

---------------  S Y S T E M  ---------------

OS:
 Windows 11 , 64 bit Build 22621 (10.0.22621.5415)
OS uptime: 0 days 3:26 hours
Hyper-V role detected

CPU: total 12 (initial active 12) (6 cores per cpu, 2 threads per core) family 6 model 141 stepping 1 microcode 0x4e, cx8, cmov, fxsr, ht, mmx, 3dnowpref, sse, sse2, sse3, ssse3, sse4.1, sse4.2, popcnt, lzcnt, tsc, tscinvbit, avx, avx2, aes, erms, clmul, bmi1, bmi2, adx, avx512f, avx512dq, avx512cd, avx512bw, avx512vl, sha, fma, vzeroupper, avx512_vpopcntdq, avx512_vpclmulqdq, avx512_vaes, avx512_vnni, clflush, clflushopt, clwb, avx512_vbmi2, avx512_vbmi, hv, rdtscp, rdpid, fsrm, gfni, avx512_bitalg, f16c, cet_ibt, cet_ss, avx512_ifma
Processor Information for the first 12 processors :
  Max Mhz: 2688, Current Mhz: 2688, Mhz Limit: 2688

Memory: 4k page, system-wide physical 16022M (2396M free)
TotalPageFile size 17811M (AvailPageFile size 105M)
current process WorkingSet (physical memory assigned to process): 58M, peak: 59M
current process commit charge ("private bytes"): 236M, peak: 238M

vm_info: OpenJDK 64-Bit Server VM (21.0.8+9-LTS) for windows-amd64 JRE (21.0.8+9-LTS), built on 2025-07-15T00:00:00Z by "admin" with MS VC++ 17.7 (VS2022)

END.
