#
# There is insufficient memory for the Java Runtime Environment to continue.
# Native memory allocation (malloc) failed to allocate 1048576 bytes. Error detail: AllocateHeap
# Possible reasons:
#   The system is out of physical RAM or swap space
#   This process is running with CompressedOops enabled, and the Java Heap may be blocking the growth of the native heap
# Possible solutions:
#   Reduce memory load on the system
#   Increase physical memory or swap space
#   Check if swap backing store is full
#   Decrease Java heap size (-Xmx/-Xms)
#   Decrease number of Java threads
#   Decrease Java thread stack sizes (-Xss)
#   Set larger code cache with -XX:ReservedCodeCacheSize=
#   JVM is running with Unscaled Compressed Oops mode in which the Java heap is
#     placed in the first 4GB address space. The Java Heap base address is the
#     maximum limit for the native heap growth. Please use -XX:HeapBaseMinAddress
#     to set the Java Heap base and to place the Java Heap above 4GB virtual address.
# This output file may be truncated or incomplete.
#
#  Out of Memory Error (allocation.cpp:44), pid=21092, tid=24396
#
# JRE version:  (21.0.8+9) (build )
# Java VM: OpenJDK 64-Bit Server VM (21.0.8+9-LTS, mixed mode, sharing, tiered, compressed oops, compressed class ptrs, parallel gc, windows-amd64)
# No core dump will be written. Minidumps are not enabled by default on client versions of Windows
#

---------------  S U M M A R Y ------------

Command Line: --add-modules=ALL-SYSTEM --add-opens=java.base/java.util=ALL-UNNAMED --add-opens=java.base/java.lang=ALL-UNNAMED --add-opens=java.base/sun.nio.fs=ALL-UNNAMED -Declipse.application=org.eclipse.jdt.ls.core.id1 -Dosgi.bundles.defaultStartLevel=4 -Declipse.product=org.eclipse.jdt.ls.core.product -Djava.import.generatesMetadataFilesAtProjectRoot=false -DDetectVMInstallationsJob.disabled=true -Dfile.encoding=utf8 -XX:+UseParallelGC -XX:GCTimeRatio=4 -XX:AdaptiveSizePolicyWeight=90 -Dsun.zip.disableMemoryMapping=true -Xmx2G -Xms100m -Xlog:disable -javaagent:c:\Users\ratho\.trae\extensions\redhat.java-1.44.0-win32-x64\lombok\lombok-1.18.39-4050.jar c:\Users\ratho\.trae\extensions\redhat.java-1.44.0-win32-x64\server\plugins\org.eclipse.equinox.launcher_1.7.0.v20250519-0528.jar -configuration c:\Users\ratho\AppData\Roaming\Trae\User\globalStorage\redhat.java\1.44.0\config_ss_win -data c:\Users\ratho\AppData\Roaming\Trae\User\workspaceStorage\ca1282124533c9d819150dd867cfa723\redhat.java\ss_ws --pipe=\\.\pipe\lsp-91fd338e8233d1f2090a1a40b528e418-sock

Host: 11th Gen Intel(R) Core(TM) i5-11400H @ 2.70GHz, 12 cores, 15G,  Windows 11 , 64 bit Build 22621 (10.0.22621.5415)
Time: Sun Aug 24 17:36:53 2025 India Standard Time elapsed time: 0.033304 seconds (0d 0h 0m 0s)

---------------  T H R E A D  ---------------

Current thread (0x000001fad8a53f80):  JavaThread "Unknown thread" [_thread_in_vm, id=24396, stack(0x00000004cab00000,0x00000004cac00000) (1024K)]

Stack: [0x00000004cab00000,0x00000004cac00000]
Native frames: (J=compiled Java code, j=interpreted, Vv=VM code, C=native code)
V  [jvm.dll+0x6d2449]
V  [jvm.dll+0x8ae341]
V  [jvm.dll+0x8b08be]
V  [jvm.dll+0x8b0fa3]
V  [jvm.dll+0x280c96]
V  [jvm.dll+0xc0347]
V  [jvm.dll+0x70fa0d]
V  [jvm.dll+0x7100cc]
V  [jvm.dll+0x6e0f48]
V  [jvm.dll+0x877c7c]
V  [jvm.dll+0x3becec]
V  [jvm.dll+0x8606d8]
V  [jvm.dll+0x4530ee]
V  [jvm.dll+0x454d31]
C  [jli.dll+0x5278]
C  [ucrtbase.dll+0x29333]
C  [KERNEL32.DLL+0x1259d]
C  [ntdll.dll+0x5af78]


---------------  P R O C E S S  ---------------

Threads class SMR info:
_java_thread_list=0x000001fad8ac1bc0, length=1, elements={
0x000001fad8a53f80
}

Java Threads: ( => current thread )
=>0x000001fad8a53f80 JavaThread "Unknown thread"             [_thread_in_vm, id=24396, stack(0x00000004cab00000,0x00000004cac00000) (1024K)]
Total: 1

Other Threads:
  0x000001fad8ac2b60 WatcherThread "VM Periodic Task Thread"        [id=7092, stack(0x00000004cad00000,0x00000004cae00000) (1024K)]
  0x000001fad8a74900 WorkerThread "GC Thread#0"                     [id=21124, stack(0x00000004cac00000,0x00000004cad00000) (1024K)]
Total: 2

Threads with active compile tasks:
Total: 0

VM state: not at safepoint (normal execution)

VM Mutex/Monitor currently owned by a thread: None

Heap address: 0x0000000080000000, size: 2048 MB, Compressed Oops mode: 32-bit

CDS archive(s) mapped at: [0x000001fa80000000-0x000001fa80ba0000-0x000001fa80ba0000), size 12189696, SharedBaseAddress: 0x000001fa80000000, ArchiveRelocationMode: 1.
Compressed class space mapped at: 0x000001fa81000000-0x000001fac1000000, reserved size: 1073741824
Narrow klass base: 0x000001fa80000000, Narrow klass shift: 0, Narrow klass range: 0x100000000

GC Precious Log:
 CardTable entry size: 512
 CPUs: 12 total, 12 available
 Memory: 16022M
 Large Page Support: Disabled
 NUMA Support: Disabled
 Compressed Oops: Enabled (32-bit)
 Alignments: Space 512K, Generation 512K, Heap 2M
 Heap Min Capacity: 100M
 Heap Initial Capacity: 100M
 Heap Max Capacity: 2G
 Pre-touch: Disabled
 Parallel Workers: 10

Heap:
 PSYoungGen      total 29696K, used 512K [0x00000000d5580000, 0x00000000d7680000, 0x0000000100000000)
  eden space 25600K, 2% used [0x00000000d5580000,0x00000000d5600020,0x00000000d6e80000)
  from space 4096K, 0% used [0x00000000d7280000,0x00000000d7280000,0x00000000d7680000)
  to   space 4096K, 0% used [0x00000000d6e80000,0x00000000d6e80000,0x00000000d7280000)
 ParOldGen       total 68608K, used 0K [0x0000000080000000, 0x0000000084300000, 0x00000000d5580000)
  object space 68608K, 0% used [0x0000000080000000,0x0000000080000000,0x0000000084300000)
 Metaspace       used 0K, committed 0K, reserved 1048576K
  class space    used 0K, committed 0K, reserved 1048576K

Card table byte_map: [0x000001fad83f0000,0x000001fad8800000] _byte_map_base: 0x000001fad7ff0000

Marking Bits: (ParMarkBitMap*) 0x00007ffdad42a340
 Begin Bits: [0x000001faeaef0000, 0x000001faecef0000)
 End Bits:   [0x000001faecef0000, 0x000001faeeef0000)

Polling page: 0x000001fad68f0000

Metaspace:

Usage:
  Non-class:      0 bytes used.
      Class:      0 bytes used.
       Both:      0 bytes used.

Virtual space:
  Non-class space:        0 bytes reserved,       0 bytes (  ?%) committed,  0 nodes.
      Class space:        1.00 GB reserved,       0 bytes (  0%) committed,  1 nodes.
             Both:        1.00 GB reserved,       0 bytes (  0%) committed. 

Chunk freelists:
   Non-Class:  0 bytes
       Class:  16.00 MB
        Both:  16.00 MB

MaxMetaspaceSize: unlimited
CompressedClassSpaceSize: 1.00 GB
Initial GC threshold: 21.00 MB
Current GC threshold: 17179869184.00 GB
CDS: on
 - commit_granule_bytes: 65536.
 - commit_granule_words: 8192.
 - virtual_space_node_default_size: 8388608.
 - enlarge_chunks_in_place: 1.
 - use_allocation_guard: 0.


Internal statistics:

num_allocs_failed_limit: 0.
num_arena_births: 0.
num_arena_deaths: 0.
num_vsnodes_births: 1.
num_vsnodes_deaths: 0.
num_space_committed: 0.
num_space_uncommitted: 0.
num_chunks_returned_to_freelist: 0.
num_chunks_taken_from_freelist: 1.
num_chunk_merges: 0.
num_chunk_splits: 1.
num_chunks_enlarged: 0.
num_inconsistent_stats: 0.

CodeHeap 'non-profiled nmethods': size=120000Kb used=0Kb max_used=0Kb free=120000Kb
 bounds [0x000001fae3710000, 0x000001fae3980000, 0x000001faeac40000]
CodeHeap 'profiled nmethods': size=120000Kb used=0Kb max_used=0Kb free=120000Kb
 bounds [0x000001fadbc40000, 0x000001fadbeb0000, 0x000001fae3170000]
CodeHeap 'non-nmethods': size=5760Kb used=199Kb max_used=348Kb free=5560Kb
 bounds [0x000001fae3170000, 0x000001fae33e0000, 0x000001fae3710000]
CodeCache: size=245760Kb, used=199Kb, max_used=348Kb, free=245560Kb
 total_blobs=70, nmethods=0, adapters=48, full_count=0
Compilation: enabled, stopped_count=0, restarted_count=0

Compilation events (0 events):
No events

GC Heap History (0 events):
No events

Dll operation events (1 events):
Event: 0.009 Loaded shared library c:\Users\ratho\.trae\extensions\redhat.java-1.44.0-win32-x64\jre\21.0.8-win32-x86_64\bin\java.dll

Deoptimization events (0 events):
No events

Classes loaded (0 events):
No events

Classes unloaded (0 events):
No events

Classes redefined (0 events):
No events

Internal exceptions (0 events):
No events

ZGC Phase Switch (0 events):
No events

VM Operations (0 events):
No events

Memory protections (0 events):
No events

Nmethod flushes (0 events):
No events

Events (1 events):
Event: 0.027 Thread 0x000001fad8a53f80 Thread added: 0x000001fad8a53f80


Dynamic libraries:
0x00007ff786860000 - 0x00007ff78686e000 	c:\Users\ratho\.trae\extensions\redhat.java-1.44.0-win32-x64\jre\21.0.8-win32-x86_64\bin\java.exe
0x00007ffe89bd0000 - 0x00007ffe89de7000 	C:\windows\SYSTEM32\ntdll.dll
0x00007ffe88330000 - 0x00007ffe883f4000 	C:\windows\System32\KERNEL32.DLL
0x00007ffe87480000 - 0x00007ffe87852000 	C:\windows\System32\KERNELBASE.dll
0x00007ffe872e0000 - 0x00007ffe873f1000 	C:\windows\System32\ucrtbase.dll
0x00007ffe46600000 - 0x00007ffe46618000 	c:\Users\ratho\.trae\extensions\redhat.java-1.44.0-win32-x64\jre\21.0.8-win32-x86_64\bin\jli.dll
0x00007ffe46690000 - 0x00007ffe466ae000 	c:\Users\ratho\.trae\extensions\redhat.java-1.44.0-win32-x64\jre\21.0.8-win32-x86_64\bin\VCRUNTIME140.dll
0x00007ffe87e90000 - 0x00007ffe88041000 	C:\windows\System32\USER32.dll
0x00007ffe86d40000 - 0x00007ffe86d66000 	C:\windows\System32\win32u.dll
0x00007ffe681a0000 - 0x00007ffe6843b000 	C:\windows\WinSxS\amd64_microsoft.windows.common-controls_6595b64144ccf1df_6.0.22621.5547_none_27104afb73855772\COMCTL32.dll
0x00007ffe87860000 - 0x00007ffe87889000 	C:\windows\System32\GDI32.dll
0x00007ffe88090000 - 0x00007ffe88137000 	C:\windows\System32\msvcrt.dll
0x00007ffe86fa0000 - 0x00007ffe870c3000 	C:\windows\System32\gdi32full.dll
0x00007ffe870d0000 - 0x00007ffe8716a000 	C:\windows\System32\msvcp_win.dll
0x00007ffe88050000 - 0x00007ffe88081000 	C:\windows\System32\IMM32.DLL
0x00007ffe71a00000 - 0x00007ffe71a0c000 	c:\Users\ratho\.trae\extensions\redhat.java-1.44.0-win32-x64\jre\21.0.8-win32-x86_64\bin\vcruntime140_1.dll
0x00007ffe0f0f0000 - 0x00007ffe0f17d000 	c:\Users\ratho\.trae\extensions\redhat.java-1.44.0-win32-x64\jre\21.0.8-win32-x86_64\bin\msvcp140.dll
0x00007ffdac770000 - 0x00007ffdad507000 	c:\Users\ratho\.trae\extensions\redhat.java-1.44.0-win32-x64\jre\21.0.8-win32-x86_64\bin\server\jvm.dll
0x00007ffe88160000 - 0x00007ffe88211000 	C:\windows\System32\ADVAPI32.dll
0x00007ffe89ae0000 - 0x00007ffe89b88000 	C:\windows\System32\sechost.dll
0x00007ffe86d70000 - 0x00007ffe86d98000 	C:\windows\System32\bcrypt.dll
0x00007ffe884c0000 - 0x00007ffe885d4000 	C:\windows\System32\RPCRT4.dll
0x00007ffe885e0000 - 0x00007ffe88651000 	C:\windows\System32\WS2_32.dll
0x00007ffe85b40000 - 0x00007ffe85b8d000 	C:\windows\SYSTEM32\POWRPROF.dll
0x00007ffe7fca0000 - 0x00007ffe7fcd4000 	C:\windows\SYSTEM32\WINMM.dll
0x00007ffe82890000 - 0x00007ffe8289a000 	C:\windows\SYSTEM32\VERSION.dll
0x00007ffe85b20000 - 0x00007ffe85b33000 	C:\windows\SYSTEM32\UMPDC.dll
0x00007ffe85d40000 - 0x00007ffe85d58000 	C:\windows\SYSTEM32\kernel.appcore.dll
0x00007ffe719f0000 - 0x00007ffe719fa000 	c:\Users\ratho\.trae\extensions\redhat.java-1.44.0-win32-x64\jre\21.0.8-win32-x86_64\bin\jimage.dll
0x00007ffe84340000 - 0x00007ffe84573000 	C:\windows\SYSTEM32\DBGHELP.DLL
0x00007ffe88ca0000 - 0x00007ffe89033000 	C:\windows\System32\combase.dll
0x00007ffe87890000 - 0x00007ffe87967000 	C:\windows\System32\OLEAUT32.dll
0x00007ffe62550000 - 0x00007ffe62582000 	C:\windows\SYSTEM32\dbgcore.DLL
0x00007ffe87400000 - 0x00007ffe8747b000 	C:\windows\System32\bcryptPrimitives.dll
0x00007ffe6a400000 - 0x00007ffe6a40f000 	c:\Users\ratho\.trae\extensions\redhat.java-1.44.0-win32-x64\jre\21.0.8-win32-x86_64\bin\instrument.dll
0x00007ffe466b0000 - 0x00007ffe466cf000 	c:\Users\ratho\.trae\extensions\redhat.java-1.44.0-win32-x64\jre\21.0.8-win32-x86_64\bin\java.dll

JVMTI agents:
c:\Users\ratho\.trae\extensions\redhat.java-1.44.0-win32-x64\lombok\lombok-1.18.39-4050.jar path:none, loaded, not initialized, instrumentlib options:none

dbghelp: loaded successfully - version: 4.0.5 - missing functions: none
symbol engine: initialized successfully - sym options: 0x614 - pdb path: .;c:\Users\ratho\.trae\extensions\redhat.java-1.44.0-win32-x64\jre\21.0.8-win32-x86_64\bin;C:\windows\SYSTEM32;C:\windows\WinSxS\amd64_microsoft.windows.common-controls_6595b64144ccf1df_6.0.22621.5547_none_27104afb73855772;c:\Users\ratho\.trae\extensions\redhat.java-1.44.0-win32-x64\jre\21.0.8-win32-x86_64\bin\server

VM Arguments:
jvm_args: --add-modules=ALL-SYSTEM --add-opens=java.base/java.util=ALL-UNNAMED --add-opens=java.base/java.lang=ALL-UNNAMED --add-opens=java.base/sun.nio.fs=ALL-UNNAMED -Declipse.application=org.eclipse.jdt.ls.core.id1 -Dosgi.bundles.defaultStartLevel=4 -Declipse.product=org.eclipse.jdt.ls.core.product -Djava.import.generatesMetadataFilesAtProjectRoot=false -DDetectVMInstallationsJob.disabled=true -Dfile.encoding=utf8 -XX:+UseParallelGC -XX:GCTimeRatio=4 -XX:AdaptiveSizePolicyWeight=90 -Dsun.zip.disableMemoryMapping=true -Xmx2G -Xms100m -Xlog:disable -javaagent:c:\Users\ratho\.trae\extensions\redhat.java-1.44.0-win32-x64\lombok\lombok-1.18.39-4050.jar 
java_command: c:\Users\ratho\.trae\extensions\redhat.java-1.44.0-win32-x64\server\plugins\org.eclipse.equinox.launcher_1.7.0.v20250519-0528.jar -configuration c:\Users\ratho\AppData\Roaming\Trae\User\globalStorage\redhat.java\1.44.0\config_ss_win -data c:\Users\ratho\AppData\Roaming\Trae\User\workspaceStorage\ca1282124533c9d819150dd867cfa723\redhat.java\ss_ws --pipe=\\.\pipe\lsp-91fd338e8233d1f2090a1a40b528e418-sock
java_class_path (initial): c:\Users\ratho\.trae\extensions\redhat.java-1.44.0-win32-x64\server\plugins\org.eclipse.equinox.launcher_1.7.0.v20250519-0528.jar
Launcher Type: SUN_STANDARD

[Global flags]
    uintx AdaptiveSizePolicyWeight                 = 90                                        {product} {command line}
     intx CICompilerCount                          = 4                                         {product} {ergonomic}
    uintx GCTimeRatio                              = 4                                         {product} {command line}
   size_t InitialHeapSize                          = 104857600                                 {product} {command line}
   size_t MaxHeapSize                              = 2147483648                                {product} {command line}
   size_t MaxNewSize                               = 715653120                                 {product} {ergonomic}
   size_t MinHeapDeltaBytes                        = 524288                                    {product} {ergonomic}
   size_t MinHeapSize                              = 104857600                                 {product} {command line}
   size_t NewSize                                  = 34603008                                  {product} {ergonomic}
    uintx NonNMethodCodeHeapSize                   = 5839372                                {pd product} {ergonomic}
    uintx NonProfiledCodeHeapSize                  = 122909434                              {pd product} {ergonomic}
   size_t OldSize                                  = 70254592                                  {product} {ergonomic}
    uintx ProfiledCodeHeapSize                     = 122909434                              {pd product} {ergonomic}
    uintx ReservedCodeCacheSize                    = 251658240                              {pd product} {ergonomic}
     bool SegmentedCodeCache                       = true                                      {product} {ergonomic}
   size_t SoftMaxHeapSize                          = 2147483648                             {manageable} {ergonomic}
     bool UseCompressedOops                        = true                           {product lp64_product} {ergonomic}
     bool UseLargePagesIndividualAllocation        = false                                  {pd product} {ergonomic}
     bool UseParallelGC                            = true                                      {product} {command line}

Logging:
Log output configuration:
 #0: stdout all=off uptime,level,tags foldmultilines=false
 #1: stderr all=off uptime,level,tags foldmultilines=false

Environment Variables:
JAVA_HOME=C:\Users\ratho\AppData\Local\Programs\Eclipse Adoptium\jdk-17.0.11.9-hotspot\
PATH=C:\windows\system32;C:\windows;C:\windows\System32\Wbem;C:\windows\System32\WindowsPowerShell\v1.0\;C:\windows\System32\OpenSSH\;C:\Program Files (x86)\NVIDIA Corporation\PhysX\Common;C:\Program Files\NVIDIA Corporation\NVIDIA NvDLISR;C:\Program Files\MySQL\MySQL Server 8.0\bin;C:\Program Files\nodejs\;C:\Program Files\Git\cmd;C:\Program Files\Tesseract-OCR;;C:\Program Files\Docker\Docker\resources\bin;C:\Users\ratho\AppData\Local\Programs\Python\Python313\Scripts\;C:\Users\ratho\AppData\Local\Programs\Python\Python313\;C:\Users\ratho\AppData\Local\Programs\Python\Launcher\;d:\Trae\bin;C:\Program Files\MySQL\MySQL Shell 8.0\bin\;C:\Users\ratho\AppData\Local\Programs\Eclipse Adoptium\jdk-17.0.11.9-hotspot\bin;C:\Users\ratho\AppData\Local\Microsoft\WindowsApps;C:\Users\ratho\AppData\Local\Programs\Microsoft VS Code\bin;C:\Users\ratho\AppData\Roaming\npm;C:\Users\ratho\AppData\Local\Programs\cursor\resources\app\bin;C:\Users\ratho\AppData\Local\MongoDBCompass\MongoDBCompass.exe;C:\Users\ratho\OneDrive\Desktop\gradle-9.0.0\bin;C:\Users\ratho\OneDrive\Desktop\Gradle\gradle-9.0.0\bin;;d:\Trae\resources\app\bin\lib
USERNAME=ratho
OS=Windows_NT
PROCESSOR_IDENTIFIER=Intel64 Family 6 Model 141 Stepping 1, GenuineIntel
TMP=C:\Users\ratho\AppData\Local\Temp
TEMP=C:\Users\ratho\AppData\Local\Temp




Periodic native trim disabled

---------------  S Y S T E M  ---------------

OS:
 Windows 11 , 64 bit Build 22621 (10.0.22621.5415)
OS uptime: 0 days 3:37 hours
Hyper-V role detected

CPU: total 12 (initial active 12) (6 cores per cpu, 2 threads per core) family 6 model 141 stepping 1 microcode 0x4e, cx8, cmov, fxsr, ht, mmx, 3dnowpref, sse, sse2, sse3, ssse3, sse4.1, sse4.2, popcnt, lzcnt, tsc, tscinvbit, avx, avx2, aes, erms, clmul, bmi1, bmi2, adx, avx512f, avx512dq, avx512cd, avx512bw, avx512vl, sha, fma, vzeroupper, avx512_vpopcntdq, avx512_vpclmulqdq, avx512_vaes, avx512_vnni, clflush, clflushopt, clwb, avx512_vbmi2, avx512_vbmi, hv, rdtscp, rdpid, fsrm, gfni, avx512_bitalg, f16c, cet_ibt, cet_ss, avx512_ifma
Processor Information for the first 12 processors :
  Max Mhz: 2688, Current Mhz: 2688, Mhz Limit: 2688

Memory: 4k page, system-wide physical 16022M (3571M free)
TotalPageFile size 17811M (AvailPageFile size 11M)
current process WorkingSet (physical memory assigned to process): 25M, peak: 25M
current process commit charge ("private bytes"): 214M, peak: 215M

vm_info: OpenJDK 64-Bit Server VM (21.0.8+9-LTS) for windows-amd64 JRE (21.0.8+9-LTS), built on 2025-07-15T00:00:00Z by "admin" with MS VC++ 17.7 (VS2022)

END.
