#
# There is insufficient memory for the Java Runtime Environment to continue.
# Native memory allocation (malloc) failed to allocate 816656 bytes. Error detail: Chunk::new
# Possible reasons:
#   The system is out of physical RAM or swap space
#   This process is running with CompressedOops enabled, and the Java Heap may be blocking the growth of the native heap
# Possible solutions:
#   Reduce memory load on the system
#   Increase physical memory or swap space
#   Check if swap backing store is full
#   Decrease Java heap size (-Xmx/-Xms)
#   Decrease number of Java threads
#   Decrease Java thread stack sizes (-Xss)
#   Set larger code cache with -XX:ReservedCodeCacheSize=
#   JVM is running with Unscaled Compressed Oops mode in which the Java heap is
#     placed in the first 4GB address space. The Java Heap base address is the
#     maximum limit for the native heap growth. Please use -XX:HeapBaseMinAddress
#     to set the Java Heap base and to place the Java Heap above 4GB virtual address.
# This output file may be truncated or incomplete.
#
#  Out of Memory Error (arena.cpp:168), pid=5364, tid=3672
#
# JRE version: OpenJDK Runtime Environment Temurin-21.0.8+9 (21.0.8+9) (build 21.0.8+9-LTS)
# Java VM: OpenJDK 64-Bit Server VM Temurin-21.0.8+9 (21.0.8+9-LTS, mixed mode, sharing, tiered, compressed oops, compressed class ptrs, parallel gc, windows-amd64)
# No core dump will be written. Minidumps are not enabled by default on client versions of Windows
#

---------------  S U M M A R Y ------------

Command Line: --add-modules=ALL-SYSTEM --add-opens=java.base/java.util=ALL-UNNAMED --add-opens=java.base/java.lang=ALL-UNNAMED --add-opens=java.base/sun.nio.fs=ALL-UNNAMED -Declipse.application=org.eclipse.jdt.ls.core.id1 -Dosgi.bundles.defaultStartLevel=4 -Declipse.product=org.eclipse.jdt.ls.core.product -Djava.import.generatesMetadataFilesAtProjectRoot=false -DDetectVMInstallationsJob.disabled=true -Dfile.encoding=utf8 -XX:+UseParallelGC -XX:GCTimeRatio=4 -XX:AdaptiveSizePolicyWeight=90 -Dsun.zip.disableMemoryMapping=true -Xmx2G -Xms100m -Xlog:disable -javaagent:c:\Users\ratho\.vscode\extensions\redhat.java-1.45.0-win32-x64\lombok\lombok-1.18.39-4050.jar -XX:+HeapDumpOnOutOfMemoryError -XX:HeapDumpPath=c:\Users\ratho\AppData\Roaming\Code\User\workspaceStorage\589f9a12d44c020ea7088061edc9ccd4\redhat.java -Daether.dependencyCollector.impl=bf c:\Users\ratho\.vscode\extensions\redhat.java-1.45.0-win32-x64\server\plugins\org.eclipse.equinox.launcher_1.7.0.v20250519-0528.jar -configuration c:\Users\ratho\AppData\Roaming\Code\User\globalStorage\redhat.java\1.45.0\config_win -data c:\Users\ratho\AppData\Roaming\Code\User\workspaceStorage\589f9a12d44c020ea7088061edc9ccd4\redhat.java\jdt_ws --pipe=\\.\pipe\lsp-845b914ca54e85bd9ed16a9e51e6007b-sock

Host: 11th Gen Intel(R) Core(TM) i5-11400H @ 2.70GHz, 12 cores, 15G,  Windows 11 , 64 bit Build 22621 (10.0.22621.5415)
Time: Wed Sep 24 21:40:06 2025 India Standard Time elapsed time: 8.037871 seconds (0d 0h 0m 8s)

---------------  T H R E A D  ---------------

Current thread (0x000001fd75bff940):  JavaThread "C2 CompilerThread0" daemon [_thread_in_native, id=3672, stack(0x000000e381400000,0x000000e381500000) (1024K)]


Current CompileTask:
C2:8037 6516   !   4       java.net.URL::<init> (543 bytes)

Stack: [0x000000e381400000,0x000000e381500000]
Native frames: (J=compiled Java code, j=interpreted, Vv=VM code, C=native code)
V  [jvm.dll+0x6d2449]
V  [jvm.dll+0x8ae341]
V  [jvm.dll+0x8b08be]
V  [jvm.dll+0x8b0fa3]
V  [jvm.dll+0x280c96]
V  [jvm.dll+0xc581d]
V  [jvm.dll+0xc5d53]
V  [jvm.dll+0x3b9162]
V  [jvm.dll+0x385315]
V  [jvm.dll+0x38477a]
V  [jvm.dll+0x248ed0]
V  [jvm.dll+0x2484af]
V  [jvm.dll+0x1c89ee]
V  [jvm.dll+0x257d4d]
V  [jvm.dll+0x2562ea]
V  [jvm.dll+0x3f2d16]
V  [jvm.dll+0x857e6b]
V  [jvm.dll+0x6d0b0d]
C  [ucrtbase.dll+0x29333]
C  [KERNEL32.DLL+0x1259d]
C  [ntdll.dll+0x5af78]


---------------  P R O C E S S  ---------------

Threads class SMR info:
_java_thread_list=0x000001fd7befb5a0, length=48, elements={
0x000001fd5d23fb40, 0x000001fd73cde8f0, 0x000001fd75bf5230, 0x000001fd75bf74d0,
0x000001fd75bf83e0, 0x000001fd75bfc0b0, 0x000001fd75bfcb00, 0x000001fd75bff940,
0x000001fd75c0bae0, 0x000001fd75cf7ef0, 0x000001fd75ea3400, 0x000001fd7a6c2260,
0x000001fd7aa43fd0, 0x000001fd7a994930, 0x000001fd7a996fa0, 0x000001fd7b140a00,
0x000001fd7afa0ad0, 0x000001fd7af47db0, 0x000001fd7af47720, 0x000001fd7af47090,
0x000001fd7af48440, 0x000001fd7af49e80, 0x000001fd7af49160, 0x000001fd7af497f0,
0x000001fd7af4a510, 0x000001fd7d0c2610, 0x000001fd7d0c18f0, 0x000001fd7d0be470,
0x000001fd7d0bf190, 0x000001fd7d0bca30, 0x000001fd7d0c3330, 0x000001fd7d0bf820,
0x000001fd7d0bdde0, 0x000001fd7d0c1f80, 0x000001fd7d0c2ca0, 0x000001fd7d0bd0c0,
0x000001fd7d0beb00, 0x000001fd7d0bfeb0, 0x000001fd7d0bd750, 0x000001fd7d0c39c0,
0x000001fd7d0c4050, 0x000001fd7d0c0540, 0x000001fd7d0c0bd0, 0x000001fd7d0ee220,
0x000001fd7d0ed500, 0x000001fd7d0ee8b0, 0x000001fd7d0f02f0, 0x000001fd7d0efc60
}

Java Threads: ( => current thread )
  0x000001fd5d23fb40 JavaThread "main"                              [_thread_blocked, id=19896, stack(0x000000e380a00000,0x000000e380b00000) (1024K)]
  0x000001fd73cde8f0 JavaThread "Reference Handler"          daemon [_thread_blocked, id=16500, stack(0x000000e380e00000,0x000000e380f00000) (1024K)]
  0x000001fd75bf5230 JavaThread "Finalizer"                  daemon [_thread_blocked, id=20760, stack(0x000000e380f00000,0x000000e381000000) (1024K)]
  0x000001fd75bf74d0 JavaThread "Signal Dispatcher"          daemon [_thread_blocked, id=14220, stack(0x000000e381000000,0x000000e381100000) (1024K)]
  0x000001fd75bf83e0 JavaThread "Attach Listener"            daemon [_thread_blocked, id=13136, stack(0x000000e381100000,0x000000e381200000) (1024K)]
  0x000001fd75bfc0b0 JavaThread "Service Thread"             daemon [_thread_blocked, id=21132, stack(0x000000e381200000,0x000000e381300000) (1024K)]
  0x000001fd75bfcb00 JavaThread "Monitor Deflation Thread"   daemon [_thread_blocked, id=17156, stack(0x000000e381300000,0x000000e381400000) (1024K)]
=>0x000001fd75bff940 JavaThread "C2 CompilerThread0"         daemon [_thread_in_native, id=3672, stack(0x000000e381400000,0x000000e381500000) (1024K)]
  0x000001fd75c0bae0 JavaThread "C1 CompilerThread0"         daemon [_thread_blocked, id=33960, stack(0x000000e381500000,0x000000e381600000) (1024K)]
  0x000001fd75cf7ef0 JavaThread "Common-Cleaner"             daemon [_thread_blocked, id=6920, stack(0x000000e381600000,0x000000e381700000) (1024K)]
  0x000001fd75ea3400 JavaThread "Notification Thread"        daemon [_thread_blocked, id=2892, stack(0x000000e381800000,0x000000e381900000) (1024K)]
  0x000001fd7a6c2260 JavaThread "Active Thread: Equinox Container: e6b982c4-8ab7-44b3-b79c-a2e346d544fe"        [_thread_blocked, id=32508, stack(0x000000e382000000,0x000000e382100000) (1024K)]
  0x000001fd7aa43fd0 JavaThread "Refresh Thread: Equinox Container: e6b982c4-8ab7-44b3-b79c-a2e346d544fe" daemon [_thread_blocked, id=20772, stack(0x000000e382100000,0x000000e382200000) (1024K)]
  0x000001fd7a994930 JavaThread "Framework Event Dispatcher: Equinox Container: e6b982c4-8ab7-44b3-b79c-a2e346d544fe" daemon [_thread_blocked, id=12724, stack(0x000000e382300000,0x000000e382400000) (1024K)]
  0x000001fd7a996fa0 JavaThread "Start Level: Equinox Container: e6b982c4-8ab7-44b3-b79c-a2e346d544fe" daemon [_thread_blocked, id=34060, stack(0x000000e382400000,0x000000e382500000) (1024K)]
  0x000001fd7b140a00 JavaThread "Bundle File Closer"         daemon [_thread_blocked, id=20608, stack(0x000000e382700000,0x000000e382800000) (1024K)]
  0x000001fd7afa0ad0 JavaThread "SCR Component Actor"        daemon [_thread_blocked, id=21228, stack(0x000000e382800000,0x000000e382900000) (1024K)]
  0x000001fd7af47db0 JavaThread "SCR Component Registry"     daemon [_thread_blocked, id=16568, stack(0x000000e382900000,0x000000e382a00000) (1024K)]
  0x000001fd7af47720 JavaThread "Worker-JM"                         [_thread_blocked, id=28144, stack(0x000000e381900000,0x000000e381a00000) (1024K)]
  0x000001fd7af47090 JavaThread "JNA Cleaner"                daemon [_thread_blocked, id=19012, stack(0x000000e382a00000,0x000000e382b00000) (1024K)]
  0x000001fd7af48440 JavaThread "Worker-0"                          [_thread_blocked, id=1040, stack(0x000000e382b00000,0x000000e382c00000) (1024K)]
  0x000001fd7af49e80 JavaThread "Worker-1"                          [_thread_blocked, id=17384, stack(0x000000e382c00000,0x000000e382d00000) (1024K)]
  0x000001fd7af49160 JavaThread "Worker-2"                          [_thread_blocked, id=34756, stack(0x000000e382d00000,0x000000e382e00000) (1024K)]
  0x000001fd7af497f0 JavaThread "Java indexing"              daemon [_thread_blocked, id=1004, stack(0x000000e382e00000,0x000000e382f00000) (1024K)]
  0x000001fd7af4a510 JavaThread "Worker-3"                          [_thread_blocked, id=30240, stack(0x000000e382f00000,0x000000e383000000) (1024K)]
  0x000001fd7d0c2610 JavaThread "Worker-4: Initialize Workspace"        [_thread_blocked, id=9708, stack(0x000000e383100000,0x000000e383200000) (1024K)]
  0x000001fd7d0c18f0 JavaThread "Worker-5: Synchronize Gradle projects with workspace"        [_thread_blocked, id=10188, stack(0x000000e383200000,0x000000e383300000) (1024K)]
  0x000001fd7d0be470 JavaThread "Thread-2"                   daemon [_thread_in_native, id=7516, stack(0x000000e383300000,0x000000e383400000) (1024K)]
  0x000001fd7d0bf190 JavaThread "Thread-3"                   daemon [_thread_in_native, id=32144, stack(0x000000e383400000,0x000000e383500000) (1024K)]
  0x000001fd7d0bca30 JavaThread "Thread-4"                   daemon [_thread_in_native, id=21596, stack(0x000000e383500000,0x000000e383600000) (1024K)]
  0x000001fd7d0c3330 JavaThread "Thread-5"                   daemon [_thread_in_native, id=15392, stack(0x000000e383600000,0x000000e383700000) (1024K)]
  0x000001fd7d0bf820 JavaThread "Thread-6"                   daemon [_thread_in_native, id=5428, stack(0x000000e383700000,0x000000e383800000) (1024K)]
  0x000001fd7d0bdde0 JavaThread "Thread-7"                   daemon [_thread_in_native, id=28572, stack(0x000000e383800000,0x000000e383900000) (1024K)]
  0x000001fd7d0c1f80 JavaThread "Thread-8"                   daemon [_thread_in_native, id=28172, stack(0x000000e383900000,0x000000e383a00000) (1024K)]
  0x000001fd7d0c2ca0 JavaThread "Thread-9"                   daemon [_thread_in_native, id=24848, stack(0x000000e383a00000,0x000000e383b00000) (1024K)]
  0x000001fd7d0bd0c0 JavaThread "Thread-10"                  daemon [_thread_in_native, id=2088, stack(0x000000e383b00000,0x000000e383c00000) (1024K)]
  0x000001fd7d0beb00 JavaThread "Thread-11"                  daemon [_thread_in_native, id=11588, stack(0x000000e383c00000,0x000000e383d00000) (1024K)]
  0x000001fd7d0bfeb0 JavaThread "Thread-12"                  daemon [_thread_in_native, id=7656, stack(0x000000e383d00000,0x000000e383e00000) (1024K)]
  0x000001fd7d0bd750 JavaThread "Thread-13"                  daemon [_thread_in_native, id=1036, stack(0x000000e383e00000,0x000000e383f00000) (1024K)]
  0x000001fd7d0c39c0 JavaThread "Thread-14"                  daemon [_thread_in_native, id=31824, stack(0x000000e383f00000,0x000000e384000000) (1024K)]
  0x000001fd7d0c4050 JavaThread "pool-2-thread-1"                   [_thread_blocked, id=29108, stack(0x000000e384000000,0x000000e384100000) (1024K)]
  0x000001fd7d0c0540 JavaThread "Timer-0"                           [_thread_blocked, id=26944, stack(0x000000e384100000,0x000000e384200000) (1024K)]
  0x000001fd7d0c0bd0 JavaThread "Timer-1"                           [_thread_blocked, id=28676, stack(0x000000e384200000,0x000000e384300000) (1024K)]
  0x000001fd7d0ee220 JavaThread "Connection worker"                 [_thread_blocked, id=32212, stack(0x000000e384300000,0x000000e384400000) (1024K)]
  0x000001fd7d0ed500 JavaThread "WorkspaceEventsHandler"            [_thread_blocked, id=33220, stack(0x000000e384400000,0x000000e384500000) (1024K)]
  0x000001fd7d0ee8b0 JavaThread "pool-1-thread-1"                   [_thread_blocked, id=23652, stack(0x000000e384500000,0x000000e384600000) (1024K)]
  0x000001fd7d0f02f0 JavaThread "Timer-2"                           [_thread_blocked, id=30276, stack(0x000000e384600000,0x000000e384700000) (1024K)]
  0x000001fd7d0efc60 JavaThread "Connection worker"                 [_thread_in_Java, id=32920, stack(0x000000e384700000,0x000000e384800000) (1024K)]
Total: 48

Other Threads:
  0x000001fd5d2fe750 VMThread "VM Thread"                           [id=29748, stack(0x000000e380d00000,0x000000e380e00000) (1024K)]
  0x000001fd5d2a9310 WatcherThread "VM Periodic Task Thread"        [id=7036, stack(0x000000e380c00000,0x000000e380d00000) (1024K)]
  0x000001fd5d25cfa0 WorkerThread "GC Thread#0"                     [id=31916, stack(0x000000e380b00000,0x000000e380c00000) (1024K)]
  0x000001fd7a753990 WorkerThread "GC Thread#1"                     [id=19720, stack(0x000000e381a00000,0x000000e381b00000) (1024K)]
  0x000001fd7a88dbb0 WorkerThread "GC Thread#2"                     [id=34828, stack(0x000000e381b00000,0x000000e381c00000) (1024K)]
  0x000001fd7a88df50 WorkerThread "GC Thread#3"                     [id=3504, stack(0x000000e381c00000,0x000000e381d00000) (1024K)]
  0x000001fd7a88e2f0 WorkerThread "GC Thread#4"                     [id=31808, stack(0x000000e381d00000,0x000000e381e00000) (1024K)]
  0x000001fd7a88e690 WorkerThread "GC Thread#5"                     [id=34784, stack(0x000000e381e00000,0x000000e381f00000) (1024K)]
  0x000001fd7a88ea30 WorkerThread "GC Thread#6"                     [id=30304, stack(0x000000e381f00000,0x000000e382000000) (1024K)]
  0x000001fd7a7421b0 WorkerThread "GC Thread#7"                     [id=25676, stack(0x000000e382200000,0x000000e382300000) (1024K)]
  0x000001fd7a7ba840 WorkerThread "GC Thread#8"                     [id=11228, stack(0x000000e382500000,0x000000e382600000) (1024K)]
  0x000001fd7af4ba60 WorkerThread "GC Thread#9"                     [id=31392, stack(0x000000e382600000,0x000000e382700000) (1024K)]
Total: 12

Threads with active compile tasks:
C2 CompilerThread0  8058 6516   !   4       java.net.URL::<init> (543 bytes)
Total: 1

VM state: not at safepoint (normal execution)

VM Mutex/Monitor currently owned by a thread: None

Heap address: 0x0000000080000000, size: 2048 MB, Compressed Oops mode: 32-bit

CDS archive(s) mapped at: [0x000001fd00000000-0x000001fd00ba0000-0x000001fd00ba0000), size 12189696, SharedBaseAddress: 0x000001fd00000000, ArchiveRelocationMode: 1.
Compressed class space mapped at: 0x000001fd01000000-0x000001fd41000000, reserved size: 1073741824
Narrow klass base: 0x000001fd00000000, Narrow klass shift: 0, Narrow klass range: 0x100000000

GC Precious Log:
 CardTable entry size: 512
 CPUs: 12 total, 12 available
 Memory: 16022M
 Large Page Support: Disabled
 NUMA Support: Disabled
 Compressed Oops: Enabled (32-bit)
 Alignments: Space 512K, Generation 512K, Heap 2M
 Heap Min Capacity: 100M
 Heap Initial Capacity: 100M
 Heap Max Capacity: 2G
 Pre-touch: Disabled
 Parallel Workers: 10

Heap:
 PSYoungGen      total 22016K, used 8107K [0x00000000d5580000, 0x00000000d7200000, 0x0000000100000000)
  eden space 20992K, 34% used [0x00000000d5580000,0x00000000d5c9ed48,0x00000000d6a00000)
  from space 1024K, 79% used [0x00000000d7100000,0x00000000d71cc020,0x00000000d7200000)
  to   space 2560K, 0% used [0x00000000d6d00000,0x00000000d6d00000,0x00000000d6f80000)
 ParOldGen       total 68608K, used 38006K [0x0000000080000000, 0x0000000084300000, 0x00000000d5580000)
  object space 68608K, 55% used [0x0000000080000000,0x000000008251d800,0x0000000084300000)
 Metaspace       used 53445K, committed 54720K, reserved 1114112K
  class space    used 6355K, committed 6912K, reserved 1048576K

Card table byte_map: [0x000001fd5cbe0000,0x000001fd5cff0000] _byte_map_base: 0x000001fd5c7e0000

Marking Bits: (ParMarkBitMap*) 0x00007ff9945ea340
 Begin Bits: [0x000001fd6f6e0000, 0x000001fd716e0000)
 End Bits:   [0x000001fd716e0000, 0x000001fd736e0000)

Polling page: 0x000001fd5b0a0000

Metaspace:

Usage:
  Non-class:     45.99 MB used.
      Class:      6.21 MB used.
       Both:     52.19 MB used.

Virtual space:
  Non-class space:       64.00 MB reserved,      46.69 MB ( 73%) committed,  1 nodes.
      Class space:        1.00 GB reserved,       6.75 MB ( <1%) committed,  1 nodes.
             Both:        1.06 GB reserved,      53.44 MB (  5%) committed. 

Chunk freelists:
   Non-Class:  1.33 MB
       Class:  9.06 MB
        Both:  10.39 MB

MaxMetaspaceSize: unlimited
CompressedClassSpaceSize: 1.00 GB
Initial GC threshold: 21.00 MB
Current GC threshold: 58.38 MB
CDS: on
 - commit_granule_bytes: 65536.
 - commit_granule_words: 8192.
 - virtual_space_node_default_size: 8388608.
 - enlarge_chunks_in_place: 1.
 - use_allocation_guard: 0.


Internal statistics:

num_allocs_failed_limit: 6.
num_arena_births: 966.
num_arena_deaths: 14.
num_vsnodes_births: 2.
num_vsnodes_deaths: 0.
num_space_committed: 855.
num_space_uncommitted: 0.
num_chunks_returned_to_freelist: 20.
num_chunks_taken_from_freelist: 3462.
num_chunk_merges: 7.
num_chunk_splits: 2115.
num_chunks_enlarged: 1173.
num_inconsistent_stats: 0.

CodeHeap 'non-profiled nmethods': size=120000Kb used=3467Kb max_used=3467Kb free=116532Kb
 bounds [0x000001fd67f00000, 0x000001fd68270000, 0x000001fd6f430000]
CodeHeap 'profiled nmethods': size=120000Kb used=12223Kb max_used=12223Kb free=107776Kb
 bounds [0x000001fd60430000, 0x000001fd61020000, 0x000001fd67960000]
CodeHeap 'non-nmethods': size=5760Kb used=1383Kb max_used=1448Kb free=4376Kb
 bounds [0x000001fd67960000, 0x000001fd67bd0000, 0x000001fd67f00000]
CodeCache: size=245760Kb, used=17073Kb, max_used=17138Kb, free=228684Kb
 total_blobs=6610, nmethods=5937, adapters=579, full_count=0
Compilation: enabled, stopped_count=0, restarted_count=0

Compilation events (20 events):
Event: 7.953 Thread 0x000001fd75bff940 nmethod 6506 0x000001fd6825f490 code [0x000001fd6825f6e0, 0x000001fd682604c0]
Event: 7.953 Thread 0x000001fd75bff940 6495       4       jdk.internal.org.objectweb.asm.Frame::push (59 bytes)
Event: 7.965 Thread 0x000001fd75bff940 nmethod 6495 0x000001fd68260b90 code [0x000001fd68260e00, 0x000001fd68261a70]
Event: 7.969 Thread 0x000001fd75c0bae0 6511       3       java.io.File::compareTo (9 bytes)
Event: 7.969 Thread 0x000001fd75c0bae0 nmethod 6511 0x000001fd61014410 code [0x000001fd61014600, 0x000001fd61014a20]
Event: 7.969 Thread 0x000001fd75c0bae0 6512       3       org.gradle.internal.classpath.DefaultClassPath$ImmutableUniqueList$Builder::add (57 bytes)
Event: 7.969 Thread 0x000001fd75c0bae0 nmethod 6512 0x000001fd61014c10 code [0x000001fd61014e00, 0x000001fd610152b8]
Event: 7.969 Thread 0x000001fd75c0bae0 6513       3       org.gradle.internal.classpath.DefaultClassPath$ImmutableUniqueList::get (57 bytes)
Event: 7.970 Thread 0x000001fd75c0bae0 nmethod 6513 0x000001fd61015490 code [0x000001fd61015700, 0x000001fd61015ee0]
Event: 7.970 Thread 0x000001fd75c0bae0 6514       3       org.gradle.internal.Cast::uncheckedNonnullCast (2 bytes)
Event: 7.970 Thread 0x000001fd75c0bae0 nmethod 6514 0x000001fd61016290 code [0x000001fd61016420, 0x000001fd61016510]
Event: 7.972 Thread 0x000001fd75c0bae0 6515       3       java.util.concurrent.ConcurrentLinkedQueue::add (6 bytes)
Event: 7.972 Thread 0x000001fd75c0bae0 nmethod 6515 0x000001fd61016590 code [0x000001fd61016740, 0x000001fd61016898]
Event: 7.985 Thread 0x000001fd75bff940 6516   !   4       java.net.URL::<init> (543 bytes)
Event: 7.990 Thread 0x000001fd75c0bae0 6517       1       java.util.Collections$EmptySet::contains (2 bytes)
Event: 7.990 Thread 0x000001fd75c0bae0 nmethod 6517 0x000001fd68262310 code [0x000001fd682624a0, 0x000001fd68262568]
Event: 8.014 Thread 0x000001fd75c0bae0 6519       3       java.util.Locale::getLanguage (8 bytes)
Event: 8.014 Thread 0x000001fd75c0bae0 nmethod 6519 0x000001fd61016990 code [0x000001fd61016b20, 0x000001fd61016c50]
Event: 8.021 Thread 0x000001fd75c0bae0 6520   !   2       java.util.concurrent.ConcurrentHashMap::putVal (432 bytes)
Event: 8.023 Thread 0x000001fd75c0bae0 nmethod 6520 0x000001fd61016d10 code [0x000001fd61016fe0, 0x000001fd61017d70]

GC Heap History (20 events):
Event: 5.739 GC heap before
{Heap before GC invocations=17 (full 2):
 PSYoungGen      total 23552K, used 23552K [0x00000000d5580000, 0x00000000d7100000, 0x0000000100000000)
  eden space 22016K, 100% used [0x00000000d5580000,0x00000000d6b00000,0x00000000d6b00000)
  from space 1536K, 100% used [0x00000000d6f80000,0x00000000d7100000,0x00000000d7100000)
  to   space 2048K, 0% used [0x00000000d6d00000,0x00000000d6d00000,0x00000000d6f00000)
 ParOldGen       total 68608K, used 17885K [0x0000000080000000, 0x0000000084300000, 0x00000000d5580000)
  object space 68608K, 26% used [0x0000000080000000,0x00000000811776e0,0x0000000084300000)
 Metaspace       used 39322K, committed 40448K, reserved 1114112K
  class space    used 4292K, committed 4736K, reserved 1048576K
}
Event: 5.741 GC heap after
{Heap after GC invocations=17 (full 2):
 PSYoungGen      total 23040K, used 992K [0x00000000d5580000, 0x00000000d7000000, 0x0000000100000000)
  eden space 22016K, 0% used [0x00000000d5580000,0x00000000d5580000,0x00000000d6b00000)
  from space 1024K, 96% used [0x00000000d6d00000,0x00000000d6df8000,0x00000000d6e00000)
  to   space 1536K, 0% used [0x00000000d6e80000,0x00000000d6e80000,0x00000000d7000000)
 ParOldGen       total 68608K, used 19373K [0x0000000080000000, 0x0000000084300000, 0x00000000d5580000)
  object space 68608K, 28% used [0x0000000080000000,0x00000000812eb6e0,0x0000000084300000)
 Metaspace       used 39322K, committed 40448K, reserved 1114112K
  class space    used 4292K, committed 4736K, reserved 1048576K
}
Event: 5.938 GC heap before
{Heap before GC invocations=18 (full 2):
 PSYoungGen      total 23040K, used 23008K [0x00000000d5580000, 0x00000000d7000000, 0x0000000100000000)
  eden space 22016K, 100% used [0x00000000d5580000,0x00000000d6b00000,0x00000000d6b00000)
  from space 1024K, 96% used [0x00000000d6d00000,0x00000000d6df8000,0x00000000d6e00000)
  to   space 1536K, 0% used [0x00000000d6e80000,0x00000000d6e80000,0x00000000d7000000)
 ParOldGen       total 68608K, used 19373K [0x0000000080000000, 0x0000000084300000, 0x00000000d5580000)
  object space 68608K, 28% used [0x0000000080000000,0x00000000812eb6e0,0x0000000084300000)
 Metaspace       used 41221K, committed 42304K, reserved 1114112K
  class space    used 4534K, committed 4992K, reserved 1048576K
}
Event: 5.940 GC heap after
{Heap after GC invocations=18 (full 2):
 PSYoungGen      total 22528K, used 1526K [0x00000000d5580000, 0x00000000d7400000, 0x0000000100000000)
  eden space 20992K, 0% used [0x00000000d5580000,0x00000000d5580000,0x00000000d6a00000)
  from space 1536K, 99% used [0x00000000d6e80000,0x00000000d6ffd9f8,0x00000000d7000000)
  to   space 4608K, 0% used [0x00000000d6a00000,0x00000000d6a00000,0x00000000d6e80000)
 ParOldGen       total 68608K, used 21663K [0x0000000080000000, 0x0000000084300000, 0x00000000d5580000)
  object space 68608K, 31% used [0x0000000080000000,0x0000000081527cd8,0x0000000084300000)
 Metaspace       used 41221K, committed 42304K, reserved 1114112K
  class space    used 4534K, committed 4992K, reserved 1048576K
}
Event: 6.093 GC heap before
{Heap before GC invocations=19 (full 2):
 PSYoungGen      total 22528K, used 22518K [0x00000000d5580000, 0x00000000d7400000, 0x0000000100000000)
  eden space 20992K, 100% used [0x00000000d5580000,0x00000000d6a00000,0x00000000d6a00000)
  from space 1536K, 99% used [0x00000000d6e80000,0x00000000d6ffd9f8,0x00000000d7000000)
  to   space 4608K, 0% used [0x00000000d6a00000,0x00000000d6a00000,0x00000000d6e80000)
 ParOldGen       total 68608K, used 21663K [0x0000000080000000, 0x0000000084300000, 0x00000000d5580000)
  object space 68608K, 31% used [0x0000000080000000,0x0000000081527cd8,0x0000000084300000)
 Metaspace       used 42787K, committed 43904K, reserved 1114112K
  class space    used 4751K, committed 5248K, reserved 1048576K
}
Event: 6.095 GC heap after
{Heap after GC invocations=19 (full 2):
 PSYoungGen      total 25600K, used 4594K [0x00000000d5580000, 0x00000000d7c00000, 0x0000000100000000)
  eden space 20992K, 0% used [0x00000000d5580000,0x00000000d5580000,0x00000000d6a00000)
  from space 4608K, 99% used [0x00000000d6a00000,0x00000000d6e7ca10,0x00000000d6e80000)
  to   space 9216K, 0% used [0x00000000d7300000,0x00000000d7300000,0x00000000d7c00000)
 ParOldGen       total 68608K, used 25048K [0x0000000080000000, 0x0000000084300000, 0x00000000d5580000)
  object space 68608K, 36% used [0x0000000080000000,0x0000000081876170,0x0000000084300000)
 Metaspace       used 42787K, committed 43904K, reserved 1114112K
  class space    used 4751K, committed 5248K, reserved 1048576K
}
Event: 6.290 GC heap before
{Heap before GC invocations=20 (full 2):
 PSYoungGen      total 25600K, used 25586K [0x00000000d5580000, 0x00000000d7c00000, 0x0000000100000000)
  eden space 20992K, 100% used [0x00000000d5580000,0x00000000d6a00000,0x00000000d6a00000)
  from space 4608K, 99% used [0x00000000d6a00000,0x00000000d6e7ca10,0x00000000d6e80000)
  to   space 9216K, 0% used [0x00000000d7300000,0x00000000d7300000,0x00000000d7c00000)
 ParOldGen       total 68608K, used 25048K [0x0000000080000000, 0x0000000084300000, 0x00000000d5580000)
  object space 68608K, 36% used [0x0000000080000000,0x0000000081876170,0x0000000084300000)
 Metaspace       used 44920K, committed 46080K, reserved 1114112K
  class space    used 5085K, committed 5632K, reserved 1048576K
}
Event: 6.293 GC heap after
{Heap after GC invocations=20 (full 2):
 PSYoungGen      total 22528K, used 1056K [0x00000000d5580000, 0x00000000d7480000, 0x0000000100000000)
  eden space 20992K, 0% used [0x00000000d5580000,0x00000000d5580000,0x00000000d6a00000)
  from space 1536K, 68% used [0x00000000d7300000,0x00000000d7408000,0x00000000d7480000)
  to   space 3584K, 0% used [0x00000000d6d80000,0x00000000d6d80000,0x00000000d7100000)
 ParOldGen       total 68608K, used 29617K [0x0000000080000000, 0x0000000084300000, 0x00000000d5580000)
  object space 68608K, 43% used [0x0000000080000000,0x0000000081cec438,0x0000000084300000)
 Metaspace       used 44920K, committed 46080K, reserved 1114112K
  class space    used 5085K, committed 5632K, reserved 1048576K
}
Event: 6.585 GC heap before
{Heap before GC invocations=21 (full 2):
 PSYoungGen      total 22528K, used 22042K [0x00000000d5580000, 0x00000000d7480000, 0x0000000100000000)
  eden space 20992K, 99% used [0x00000000d5580000,0x00000000d69fe9f8,0x00000000d6a00000)
  from space 1536K, 68% used [0x00000000d7300000,0x00000000d7408000,0x00000000d7480000)
  to   space 3584K, 0% used [0x00000000d6d80000,0x00000000d6d80000,0x00000000d7100000)
 ParOldGen       total 68608K, used 29617K [0x0000000080000000, 0x0000000084300000, 0x00000000d5580000)
  object space 68608K, 43% used [0x0000000080000000,0x0000000081cec438,0x0000000084300000)
 Metaspace       used 46850K, committed 48064K, reserved 1114112K
  class space    used 5381K, committed 5952K, reserved 1048576K
}
Event: 6.587 GC heap after
{Heap after GC invocations=21 (full 2):
 PSYoungGen      total 24576K, used 1202K [0x00000000d5580000, 0x00000000d7380000, 0x0000000100000000)
  eden space 20992K, 0% used [0x00000000d5580000,0x00000000d5580000,0x00000000d6a00000)
  from space 3584K, 33% used [0x00000000d6d80000,0x00000000d6eacb80,0x00000000d7100000)
  to   space 2048K, 0% used [0x00000000d7180000,0x00000000d7180000,0x00000000d7380000)
 ParOldGen       total 68608K, used 30433K [0x0000000080000000, 0x0000000084300000, 0x00000000d5580000)
  object space 68608K, 44% used [0x0000000080000000,0x0000000081db8458,0x0000000084300000)
 Metaspace       used 46850K, committed 48064K, reserved 1114112K
  class space    used 5381K, committed 5952K, reserved 1048576K
}
Event: 6.828 GC heap before
{Heap before GC invocations=22 (full 2):
 PSYoungGen      total 24576K, used 22194K [0x00000000d5580000, 0x00000000d7380000, 0x0000000100000000)
  eden space 20992K, 100% used [0x00000000d5580000,0x00000000d6a00000,0x00000000d6a00000)
  from space 3584K, 33% used [0x00000000d6d80000,0x00000000d6eacb80,0x00000000d7100000)
  to   space 2048K, 0% used [0x00000000d7180000,0x00000000d7180000,0x00000000d7380000)
 ParOldGen       total 68608K, used 30433K [0x0000000080000000, 0x0000000084300000, 0x00000000d5580000)
  object space 68608K, 44% used [0x0000000080000000,0x0000000081db8458,0x0000000084300000)
 Metaspace       used 47945K, committed 49152K, reserved 1114112K
  class space    used 5511K, committed 6080K, reserved 1048576K
}
Event: 6.831 GC heap after
{Heap after GC invocations=22 (full 2):
 PSYoungGen      total 22528K, used 1120K [0x00000000d5580000, 0x00000000d7300000, 0x0000000100000000)
  eden space 20992K, 0% used [0x00000000d5580000,0x00000000d5580000,0x00000000d6a00000)
  from space 1536K, 72% used [0x00000000d7180000,0x00000000d7298000,0x00000000d7300000)
  to   space 1536K, 0% used [0x00000000d7000000,0x00000000d7000000,0x00000000d7180000)
 ParOldGen       total 68608K, used 31441K [0x0000000080000000, 0x0000000084300000, 0x00000000d5580000)
  object space 68608K, 45% used [0x0000000080000000,0x0000000081eb4468,0x0000000084300000)
 Metaspace       used 47945K, committed 49152K, reserved 1114112K
  class space    used 5511K, committed 6080K, reserved 1048576K
}
Event: 7.078 GC heap before
{Heap before GC invocations=23 (full 2):
 PSYoungGen      total 22528K, used 22112K [0x00000000d5580000, 0x00000000d7300000, 0x0000000100000000)
  eden space 20992K, 100% used [0x00000000d5580000,0x00000000d6a00000,0x00000000d6a00000)
  from space 1536K, 72% used [0x00000000d7180000,0x00000000d7298000,0x00000000d7300000)
  to   space 1536K, 0% used [0x00000000d7000000,0x00000000d7000000,0x00000000d7180000)
 ParOldGen       total 68608K, used 31441K [0x0000000080000000, 0x0000000084300000, 0x00000000d5580000)
  object space 68608K, 45% used [0x0000000080000000,0x0000000081eb4468,0x0000000084300000)
 Metaspace       used 49254K, committed 50368K, reserved 1114112K
  class space    used 5655K, committed 6144K, reserved 1048576K
}
Event: 7.080 GC heap after
{Heap after GC invocations=23 (full 2):
 PSYoungGen      total 22016K, used 944K [0x00000000d5580000, 0x00000000d7200000, 0x0000000100000000)
  eden space 20992K, 0% used [0x00000000d5580000,0x00000000d5580000,0x00000000d6a00000)
  from space 1024K, 92% used [0x00000000d7000000,0x00000000d70ec010,0x00000000d7100000)
  to   space 1024K, 0% used [0x00000000d7100000,0x00000000d7100000,0x00000000d7200000)
 ParOldGen       total 68608K, used 32324K [0x0000000080000000, 0x0000000084300000, 0x00000000d5580000)
  object space 68608K, 47% used [0x0000000080000000,0x0000000081f911f0,0x0000000084300000)
 Metaspace       used 49254K, committed 50368K, reserved 1114112K
  class space    used 5655K, committed 6144K, reserved 1048576K
}
Event: 7.363 GC heap before
{Heap before GC invocations=24 (full 2):
 PSYoungGen      total 22016K, used 21918K [0x00000000d5580000, 0x00000000d7200000, 0x0000000100000000)
  eden space 20992K, 99% used [0x00000000d5580000,0x00000000d69fb8c8,0x00000000d6a00000)
  from space 1024K, 92% used [0x00000000d7000000,0x00000000d70ec010,0x00000000d7100000)
  to   space 1024K, 0% used [0x00000000d7100000,0x00000000d7100000,0x00000000d7200000)
 ParOldGen       total 68608K, used 32324K [0x0000000080000000, 0x0000000084300000, 0x00000000d5580000)
  object space 68608K, 47% used [0x0000000080000000,0x0000000081f911f0,0x0000000084300000)
 Metaspace       used 49850K, committed 51072K, reserved 1114112K
  class space    used 5716K, committed 6208K, reserved 1048576K
}
Event: 7.364 GC heap after
{Heap after GC invocations=24 (full 2):
 PSYoungGen      total 22016K, used 928K [0x00000000d5580000, 0x00000000d7200000, 0x0000000100000000)
  eden space 20992K, 0% used [0x00000000d5580000,0x00000000d5580000,0x00000000d6a00000)
  from space 1024K, 90% used [0x00000000d7100000,0x00000000d71e8000,0x00000000d7200000)
  to   space 1024K, 0% used [0x00000000d7000000,0x00000000d7000000,0x00000000d7100000)
 ParOldGen       total 68608K, used 33082K [0x0000000080000000, 0x0000000084300000, 0x00000000d5580000)
  object space 68608K, 48% used [0x0000000080000000,0x000000008204eba8,0x0000000084300000)
 Metaspace       used 49850K, committed 51072K, reserved 1114112K
  class space    used 5716K, committed 6208K, reserved 1048576K
}
Event: 7.597 GC heap before
{Heap before GC invocations=25 (full 2):
 PSYoungGen      total 22016K, used 21920K [0x00000000d5580000, 0x00000000d7200000, 0x0000000100000000)
  eden space 20992K, 100% used [0x00000000d5580000,0x00000000d6a00000,0x00000000d6a00000)
  from space 1024K, 90% used [0x00000000d7100000,0x00000000d71e8000,0x00000000d7200000)
  to   space 1024K, 0% used [0x00000000d7000000,0x00000000d7000000,0x00000000d7100000)
 ParOldGen       total 68608K, used 33082K [0x0000000080000000, 0x0000000084300000, 0x00000000d5580000)
  object space 68608K, 48% used [0x0000000080000000,0x000000008204eba8,0x0000000084300000)
 Metaspace       used 50357K, committed 51584K, reserved 1114112K
  class space    used 5828K, committed 6336K, reserved 1048576K
}
Event: 7.599 GC heap after
{Heap after GC invocations=25 (full 2):
 PSYoungGen      total 22016K, used 1012K [0x00000000d5580000, 0x00000000d7500000, 0x0000000100000000)
  eden space 20992K, 0% used [0x00000000d5580000,0x00000000d5580000,0x00000000d6a00000)
  from space 1024K, 98% used [0x00000000d7000000,0x00000000d70fd0d0,0x00000000d7100000)
  to   space 4096K, 0% used [0x00000000d7100000,0x00000000d7100000,0x00000000d7500000)
 ParOldGen       total 68608K, used 36989K [0x0000000080000000, 0x0000000084300000, 0x00000000d5580000)
  object space 68608K, 53% used [0x0000000080000000,0x000000008241f568,0x0000000084300000)
 Metaspace       used 50357K, committed 51584K, reserved 1114112K
  class space    used 5828K, committed 6336K, reserved 1048576K
}
Event: 7.956 GC heap before
{Heap before GC invocations=26 (full 2):
 PSYoungGen      total 22016K, used 22004K [0x00000000d5580000, 0x00000000d7500000, 0x0000000100000000)
  eden space 20992K, 100% used [0x00000000d5580000,0x00000000d6a00000,0x00000000d6a00000)
  from space 1024K, 98% used [0x00000000d7000000,0x00000000d70fd0d0,0x00000000d7100000)
  to   space 4096K, 0% used [0x00000000d7100000,0x00000000d7100000,0x00000000d7500000)
 ParOldGen       total 68608K, used 36989K [0x0000000080000000, 0x0000000084300000, 0x00000000d5580000)
  object space 68608K, 53% used [0x0000000080000000,0x000000008241f568,0x0000000084300000)
 Metaspace       used 52648K, committed 54016K, reserved 1114112K
  class space    used 6210K, committed 6784K, reserved 1048576K
}
Event: 7.959 GC heap after
{Heap after GC invocations=26 (full 2):
 PSYoungGen      total 22016K, used 816K [0x00000000d5580000, 0x00000000d7200000, 0x0000000100000000)
  eden space 20992K, 0% used [0x00000000d5580000,0x00000000d5580000,0x00000000d6a00000)
  from space 1024K, 79% used [0x00000000d7100000,0x00000000d71cc020,0x00000000d7200000)
  to   space 2560K, 0% used [0x00000000d6d00000,0x00000000d6d00000,0x00000000d6f80000)
 ParOldGen       total 68608K, used 38006K [0x0000000080000000, 0x0000000084300000, 0x00000000d5580000)
  object space 68608K, 55% used [0x0000000080000000,0x000000008251d800,0x0000000084300000)
 Metaspace       used 52648K, committed 54016K, reserved 1114112K
  class space    used 6210K, committed 6784K, reserved 1048576K
}

Dll operation events (13 events):
Event: 0.009 Loaded shared library c:\Users\ratho\.vscode\extensions\redhat.java-1.45.0-win32-x64\jre\21.0.8-win32-x86_64\bin\java.dll
Event: 0.079 Loaded shared library c:\Users\ratho\.vscode\extensions\redhat.java-1.45.0-win32-x64\jre\21.0.8-win32-x86_64\bin\zip.dll
Event: 0.100 Loaded shared library C:\Users\ratho\.vscode\extensions\redhat.java-1.45.0-win32-x64\jre\21.0.8-win32-x86_64\bin\instrument.dll
Event: 0.105 Loaded shared library C:\Users\ratho\.vscode\extensions\redhat.java-1.45.0-win32-x64\jre\21.0.8-win32-x86_64\bin\net.dll
Event: 0.107 Loaded shared library C:\Users\ratho\.vscode\extensions\redhat.java-1.45.0-win32-x64\jre\21.0.8-win32-x86_64\bin\nio.dll
Event: 0.111 Loaded shared library C:\Users\ratho\.vscode\extensions\redhat.java-1.45.0-win32-x64\jre\21.0.8-win32-x86_64\bin\zip.dll
Event: 0.135 Loaded shared library C:\Users\ratho\.vscode\extensions\redhat.java-1.45.0-win32-x64\jre\21.0.8-win32-x86_64\bin\jimage.dll
Event: 0.222 Loaded shared library c:\Users\ratho\.vscode\extensions\redhat.java-1.45.0-win32-x64\jre\21.0.8-win32-x86_64\bin\verify.dll
Event: 1.362 Loaded shared library C:\Users\ratho\AppData\Roaming\Code\User\globalStorage\redhat.java\1.45.0\config_win\org.eclipse.equinox.launcher\org.eclipse.equinox.launcher.win32.win32.x86_64_1.2.1400.v20250801-0854\eclipse_11916.dll
Event: 2.809 Loaded shared library C:\Users\ratho\AppData\Local\Temp\jna-108285932\jna4656761201857565674.dll
Event: 6.206 Loaded shared library C:\Users\ratho\.gradle\native\1def1411415f61bf3af743bc5b6707747c0891f09f0c88961ee8f79bc544acac\windows-amd64\native-platform.dll
Event: 7.998 Loaded shared library C:\Users\ratho\.vscode\extensions\redhat.java-1.45.0-win32-x64\jre\21.0.8-win32-x86_64\bin\management.dll
Event: 8.004 Loaded shared library C:\Users\ratho\.vscode\extensions\redhat.java-1.45.0-win32-x64\jre\21.0.8-win32-x86_64\bin\management_ext.dll

Deoptimization events (20 events):
Event: 7.986 Thread 0x000001fd7d0efc60 Uncommon trap: trap_request=0xffffff45 fr.pc=0x000001fd68146b14 relative=0x0000000000000134
Event: 7.986 Thread 0x000001fd7d0efc60 Uncommon trap: reason=unstable_if action=reinterpret pc=0x000001fd68146b14 method=java.util.concurrent.locks.AbstractQueuedSynchronizer.acquireShared(I)V @ 5 c2
Event: 7.986 Thread 0x000001fd7d0efc60 DEOPT PACKING pc=0x000001fd68146b14 sp=0x000000e3847fe600
Event: 7.986 Thread 0x000001fd7d0efc60 DEOPT UNPACKING pc=0x000001fd679b6da2 sp=0x000000e3847fe548 mode 2
Event: 7.986 Thread 0x000001fd7d0ee220 Uncommon trap: trap_request=0xffffff45 fr.pc=0x000001fd68148908 relative=0x0000000000000068
Event: 7.986 Thread 0x000001fd7d0ee220 Uncommon trap: reason=unstable_if action=reinterpret pc=0x000001fd68148908 method=java.util.concurrent.locks.AbstractQueuedSynchronizer.apparentlyFirstQueuedIsExclusive()Z @ 6 c2
Event: 7.986 Thread 0x000001fd7d0ee220 DEOPT PACKING pc=0x000001fd68148908 sp=0x000000e3843fe2a0
Event: 7.986 Thread 0x000001fd7d0ee220 DEOPT UNPACKING pc=0x000001fd679b6da2 sp=0x000000e3843fe1c8 mode 2
Event: 8.011 Thread 0x000001fd7d0ee220 Uncommon trap: trap_request=0xffffff45 fr.pc=0x000001fd681f12c4 relative=0x00000000000004a4
Event: 8.011 Thread 0x000001fd7d0ee220 Uncommon trap: reason=unstable_if action=reinterpret pc=0x000001fd681f12c4 method=java.util.HashMap.putVal(ILjava/lang/Object;Ljava/lang/Object;ZZ)Ljava/lang/Object; @ 236 c2
Event: 8.011 Thread 0x000001fd7d0ee220 DEOPT PACKING pc=0x000001fd681f12c4 sp=0x000000e3843fd9a0
Event: 8.011 Thread 0x000001fd7d0ee220 DEOPT UNPACKING pc=0x000001fd679b6da2 sp=0x000000e3843fd908 mode 2
Event: 8.012 Thread 0x000001fd7d0efc60 Uncommon trap: trap_request=0xffffffde fr.pc=0x000001fd68256548 relative=0x0000000000000ae8
Event: 8.012 Thread 0x000001fd7d0efc60 Uncommon trap: reason=class_check action=maybe_recompile pc=0x000001fd68256548 method=java.util.concurrent.ConcurrentHashMap.putVal(Ljava/lang/Object;Ljava/lang/Object;Z)Ljava/lang/Object; @ 159 c2
Event: 8.012 Thread 0x000001fd7d0efc60 DEOPT PACKING pc=0x000001fd68256548 sp=0x000000e3847fd8d0
Event: 8.012 Thread 0x000001fd7d0efc60 DEOPT UNPACKING pc=0x000001fd679b6da2 sp=0x000000e3847fd850 mode 2
Event: 8.016 Thread 0x000001fd7d0ee220 Uncommon trap: trap_request=0xffffffde fr.pc=0x000001fd68256548 relative=0x0000000000000ae8
Event: 8.016 Thread 0x000001fd7d0ee220 Uncommon trap: reason=class_check action=maybe_recompile pc=0x000001fd68256548 method=java.util.concurrent.ConcurrentHashMap.putVal(Ljava/lang/Object;Ljava/lang/Object;Z)Ljava/lang/Object; @ 159 c2
Event: 8.016 Thread 0x000001fd7d0ee220 DEOPT PACKING pc=0x000001fd68256548 sp=0x000000e3843fda50
Event: 8.016 Thread 0x000001fd7d0ee220 DEOPT UNPACKING pc=0x000001fd679b6da2 sp=0x000000e3843fd9d0 mode 2

Classes loaded (20 events):
Event: 8.010 Loading class sun/management/ManagementFactoryHelper$LoggingMXBeanAccess
Event: 8.010 Loading class sun/management/ManagementFactoryHelper$LoggingMXBeanAccess done
Event: 8.010 Loading class sun/management/ManagementFactoryHelper$LoggingMXBeanAccess$1
Event: 8.010 Loading class sun/management/ManagementFactoryHelper$LoggingMXBeanAccess$1 done
Event: 8.010 Loading class java/lang/management/DefaultPlatformMBeanProvider$9
Event: 8.010 Loading class java/lang/management/DefaultPlatformMBeanProvider$9 done
Event: 8.011 Loading class java/lang/management/DefaultPlatformMBeanProvider$10
Event: 8.011 Loading class java/lang/management/DefaultPlatformMBeanProvider$10 done
Event: 8.011 Loading class java/lang/management/DefaultPlatformMBeanProvider$11
Event: 8.011 Loading class java/lang/management/DefaultPlatformMBeanProvider$11 done
Event: 8.011 Loading class jdk/management/jfr/FlightRecorderMXBean
Event: 8.011 Loading class jdk/management/jfr/FlightRecorderMXBean done
Event: 8.011 Loading class jdk/management/jfr/internal/FlightRecorderMXBeanProvider$SingleMBeanComponent
Event: 8.011 Loading class jdk/management/jfr/internal/FlightRecorderMXBeanProvider$SingleMBeanComponent done
Event: 8.012 Loading class sun/management/RuntimeImpl
Event: 8.012 Loading class sun/management/RuntimeImpl done
Event: 8.013 Loading class sun/management/Util
Event: 8.013 Loading class sun/management/Util done
Event: 8.013 Loading class java/lang/management/ManagementPermission
Event: 8.014 Loading class java/lang/management/ManagementPermission done

Classes unloaded (7 events):
Event: 3.418 Thread 0x000001fd5d2fe750 Unloading class 0x000001fd011aa800 'java/lang/invoke/LambdaForm$MH+0x000001fd011aa800'
Event: 3.418 Thread 0x000001fd5d2fe750 Unloading class 0x000001fd011aa400 'java/lang/invoke/LambdaForm$MH+0x000001fd011aa400'
Event: 3.418 Thread 0x000001fd5d2fe750 Unloading class 0x000001fd011aa000 'java/lang/invoke/LambdaForm$MH+0x000001fd011aa000'
Event: 3.418 Thread 0x000001fd5d2fe750 Unloading class 0x000001fd011a9c00 'java/lang/invoke/LambdaForm$MH+0x000001fd011a9c00'
Event: 3.418 Thread 0x000001fd5d2fe750 Unloading class 0x000001fd011a9800 'java/lang/invoke/LambdaForm$BMH+0x000001fd011a9800'
Event: 3.418 Thread 0x000001fd5d2fe750 Unloading class 0x000001fd011a9400 'java/lang/invoke/LambdaForm$DMH+0x000001fd011a9400'
Event: 3.418 Thread 0x000001fd5d2fe750 Unloading class 0x000001fd011a8000 'java/lang/invoke/LambdaForm$DMH+0x000001fd011a8000'

Classes redefined (0 events):
No events

Internal exceptions (20 events):
Event: 7.163 Thread 0x000001fd7d0c2610 Exception <a 'sun/nio/fs/WindowsException'{0x00000000d5d1bf60}> (0x00000000d5d1bf60) 
thrown [s\src\hotspot\share\prims\jni.cpp, line 520]
Event: 7.163 Thread 0x000001fd7d0c2610 Exception <a 'sun/nio/fs/WindowsException'{0x00000000d5d1c7b0}> (0x00000000d5d1c7b0) 
thrown [s\src\hotspot\share\prims\jni.cpp, line 520]
Event: 7.169 Thread 0x000001fd7d0c2610 Exception <a 'sun/nio/fs/WindowsException'{0x00000000d5dca458}> (0x00000000d5dca458) 
thrown [s\src\hotspot\share\prims\jni.cpp, line 520]
Event: 7.169 Thread 0x000001fd7d0c2610 Exception <a 'sun/nio/fs/WindowsException'{0x00000000d5dcaca8}> (0x00000000d5dcaca8) 
thrown [s\src\hotspot\share\prims\jni.cpp, line 520]
Event: 7.176 Thread 0x000001fd7d0c2610 Exception <a 'sun/nio/fs/WindowsException'{0x00000000d5e98cc0}> (0x00000000d5e98cc0) 
thrown [s\src\hotspot\share\prims\jni.cpp, line 520]
Event: 7.176 Thread 0x000001fd7d0c2610 Exception <a 'sun/nio/fs/WindowsException'{0x00000000d5e994c0}> (0x00000000d5e994c0) 
thrown [s\src\hotspot\share\prims\jni.cpp, line 520]
Event: 7.176 Thread 0x000001fd7d0c2610 Exception <a 'sun/nio/fs/WindowsException'{0x00000000d5e9a230}> (0x00000000d5e9a230) 
thrown [s\src\hotspot\share\prims\jni.cpp, line 520]
Event: 7.176 Thread 0x000001fd7d0c2610 Exception <a 'sun/nio/fs/WindowsException'{0x00000000d5e9aa30}> (0x00000000d5e9aa30) 
thrown [s\src\hotspot\share\prims\jni.cpp, line 520]
Event: 7.176 Thread 0x000001fd7d0c2610 Exception <a 'sun/nio/fs/WindowsException'{0x00000000d5e9ba50}> (0x00000000d5e9ba50) 
thrown [s\src\hotspot\share\prims\jni.cpp, line 520]
Event: 7.176 Thread 0x000001fd7d0c2610 Exception <a 'sun/nio/fs/WindowsException'{0x00000000d5e9c250}> (0x00000000d5e9c250) 
thrown [s\src\hotspot\share\prims\jni.cpp, line 520]
Event: 7.177 Thread 0x000001fd7d0c2610 Exception <a 'sun/nio/fs/WindowsException'{0x00000000d5e9e230}> (0x00000000d5e9e230) 
thrown [s\src\hotspot\share\prims\jni.cpp, line 520]
Event: 7.177 Thread 0x000001fd7d0c2610 Exception <a 'sun/nio/fs/WindowsException'{0x00000000d5e9ea30}> (0x00000000d5e9ea30) 
thrown [s\src\hotspot\share\prims\jni.cpp, line 520]
Event: 7.179 Thread 0x000001fd7d0c2610 Exception <a 'java/lang/NoSuchMethodError'{0x00000000d5ee6b98}: 'void java.lang.invoke.DirectMethodHandle$Holder.invokeVirtual(java.lang.Object, java.lang.Object, java.lang.Object, java.lang.Object)'> (0x00000000d5ee6b98) 
thrown [s\src\hotspot\share\interpreter\linkResolver.cpp, line 773]
Event: 7.186 Thread 0x000001fd7d0c2610 Exception <a 'sun/nio/fs/WindowsException'{0x00000000d5f33590}> (0x00000000d5f33590) 
thrown [s\src\hotspot\share\prims\jni.cpp, line 520]
Event: 7.707 Thread 0x000001fd7d0ee220 Exception <a 'java/lang/NoSuchMethodError'{0x00000000d5a4ad70}: 'java.lang.Object java.lang.invoke.DirectMethodHandle$Holder.invokeVirtual(java.lang.Object, java.lang.Object, java.lang.Object, java.lang.Object, java.lang.Object, java.lang.Object)'> (0x00000000d5a4ad70) 
thrown [s\src\hotspot\share\interpreter\linkResolver.cpp, line 773]
Event: 7.790 Thread 0x000001fd7d0ee220 Exception <a 'java/lang/NoSuchMethodError'{0x00000000d5f260b8}: 'java.lang.Object java.lang.invoke.DirectMethodHandle$Holder.invokeVirtual(java.lang.Object, java.lang.Object, java.lang.Object, java.lang.Object, java.lang.Object, java.lang.Object, java.lang.Object)'> (0x00000000d5f260b8) 
thrown [s\src\hotspot\share\interpreter\linkResolver.cpp, line 773]
Event: 7.879 Thread 0x000001fd7d0ee220 Exception <a 'java/lang/NoSuchMethodError'{0x00000000d6458598}: 'java.lang.Object java.lang.invoke.DirectMethodHandle$Holder.invokeVirtual(java.lang.Object, java.lang.Object, java.lang.Object, java.lang.Object, java.lang.Object, java.lang.Object, java.lang.Object, java.lang.Object)'> (0x00000000d6458598) 
thrown [s\src\hotspot\share\interpreter\linkResolver.cpp, line 773]
Event: 7.928 Thread 0x000001fd7d0ee220 Exception <a 'java/lang/NoSuchMethodError'{0x00000000d67d0a28}: 'java.lang.Object java.lang.invoke.DirectMethodHandle$Holder.invokeVirtual(java.lang.Object, java.lang.Object, java.lang.Object, java.lang.Object, java.lang.Object, java.lang.Object, java.lang.Object, java.lang.Object, java.lang.Object, java.lang.Object, java.lang.Object, java.lang.Object)'> (0x00000000d67d0a28) 
thrown [s\src\hotspot\share\interpreter\linkResolver.cpp, line 773]
Event: 7.933 Thread 0x000001fd7d0ee220 Exception <a 'java/lang/NoSuchMethodError'{0x00000000d681ec68}: 'java.lang.Object java.lang.invoke.DirectMethodHandle$Holder.invokeStatic(java.lang.Object, java.lang.Object, java.lang.Object, java.lang.Object, java.lang.Object, java.lang.Object, java.lang.Object, java.lang.Object, java.lang.Object, java.lang.Object, java.lang.Object, java.lang.Object, java.lang.Object)'> (0x00000000d681ec68) 
thrown [s\src\hotspot\share\interpreter\linkResolver.cpp, line 773]
Event: 7.935 Thread 0x000001fd7d0ee220 Exception <a 'java/lang/NoSuchMethodError'{0x00000000d684e2f0}: 'java.lang.Object java.lang.invoke.DirectMethodHandle$Holder.invokeStatic(java.lang.Object, java.lang.Object, java.lang.Object, java.lang.Object, java.lang.Object, java.lang.Object, java.lang.Object, java.lang.Object, java.lang.Object, java.lang.Object, java.lang.Object, java.lang.Object, java.lang.Object, java.lang.Object)'> (0x00000000d684e2f0) 
thrown [s\src\hotspot\share\interpreter\linkResolver.cpp, line 773]

ZGC Phase Switch (0 events):
No events

VM Operations (20 events):
Event: 6.290 Executing VM operation: ParallelGCFailedAllocation (Allocation Failure)
Event: 6.293 Executing VM operation: ParallelGCFailedAllocation (Allocation Failure) done
Event: 6.585 Executing VM operation: ParallelGCFailedAllocation (Allocation Failure)
Event: 6.587 Executing VM operation: ParallelGCFailedAllocation (Allocation Failure) done
Event: 6.825 Executing VM operation: ParallelGCFailedAllocation (Allocation Failure)
Event: 6.831 Executing VM operation: ParallelGCFailedAllocation (Allocation Failure) done
Event: 6.918 Executing VM operation: HandshakeAllThreads (Deoptimize)
Event: 6.918 Executing VM operation: HandshakeAllThreads (Deoptimize) done
Event: 7.078 Executing VM operation: ParallelGCFailedAllocation (Allocation Failure)
Event: 7.081 Executing VM operation: ParallelGCFailedAllocation (Allocation Failure) done
Event: 7.363 Executing VM operation: ParallelGCFailedAllocation (Allocation Failure)
Event: 7.364 Executing VM operation: ParallelGCFailedAllocation (Allocation Failure) done
Event: 7.597 Executing VM operation: ParallelGCFailedAllocation (Allocation Failure)
Event: 7.599 Executing VM operation: ParallelGCFailedAllocation (Allocation Failure) done
Event: 7.690 Executing VM operation: HandshakeAllThreads (Deoptimize)
Event: 7.690 Executing VM operation: HandshakeAllThreads (Deoptimize) done
Event: 7.956 Executing VM operation: ParallelGCFailedAllocation (Allocation Failure)
Event: 7.959 Executing VM operation: ParallelGCFailedAllocation (Allocation Failure) done
Event: 7.971 Executing VM operation: HandshakeAllThreads (Deoptimize)
Event: 7.971 Executing VM operation: HandshakeAllThreads (Deoptimize) done

Memory protections (0 events):
No events

Nmethod flushes (20 events):
Event: 5.323 Thread 0x000001fd5d2fe750 flushing  nmethod 0x000001fd60abc510
Event: 5.323 Thread 0x000001fd5d2fe750 flushing  nmethod 0x000001fd60abd710
Event: 5.323 Thread 0x000001fd5d2fe750 flushing  nmethod 0x000001fd60abe310
Event: 5.323 Thread 0x000001fd5d2fe750 flushing  nmethod 0x000001fd60abea90
Event: 5.323 Thread 0x000001fd5d2fe750 flushing  nmethod 0x000001fd60abf410
Event: 5.323 Thread 0x000001fd5d2fe750 flushing  nmethod 0x000001fd60abfd10
Event: 5.323 Thread 0x000001fd5d2fe750 flushing  nmethod 0x000001fd60ac0890
Event: 5.323 Thread 0x000001fd5d2fe750 flushing  nmethod 0x000001fd60ac1190
Event: 5.323 Thread 0x000001fd5d2fe750 flushing  nmethod 0x000001fd60ac2690
Event: 5.323 Thread 0x000001fd5d2fe750 flushing  nmethod 0x000001fd60ac3090
Event: 5.323 Thread 0x000001fd5d2fe750 flushing  nmethod 0x000001fd60ace090
Event: 5.323 Thread 0x000001fd5d2fe750 flushing  nmethod 0x000001fd60ae8910
Event: 5.323 Thread 0x000001fd5d2fe750 flushing  nmethod 0x000001fd60aee410
Event: 5.323 Thread 0x000001fd5d2fe750 flushing  nmethod 0x000001fd60afe190
Event: 5.323 Thread 0x000001fd5d2fe750 flushing  nmethod 0x000001fd60b02710
Event: 5.323 Thread 0x000001fd5d2fe750 flushing  nmethod 0x000001fd60b0ab90
Event: 5.323 Thread 0x000001fd5d2fe750 flushing  nmethod 0x000001fd60b4cd90
Event: 5.323 Thread 0x000001fd5d2fe750 flushing  nmethod 0x000001fd60b81f90
Event: 5.323 Thread 0x000001fd5d2fe750 flushing  nmethod 0x000001fd60b94590
Event: 5.323 Thread 0x000001fd5d2fe750 flushing  nmethod 0x000001fd60b95b10

Events (20 events):
Event: 5.408 Thread 0x000001fd5d23fb40 Thread added: 0x000001fd7d0c3330
Event: 5.408 Thread 0x000001fd5d23fb40 Thread added: 0x000001fd7d0bf820
Event: 5.408 Thread 0x000001fd5d23fb40 Thread added: 0x000001fd7d0bdde0
Event: 5.408 Thread 0x000001fd5d23fb40 Thread added: 0x000001fd7d0c1f80
Event: 5.408 Thread 0x000001fd5d23fb40 Thread added: 0x000001fd7d0c2ca0
Event: 5.408 Thread 0x000001fd5d23fb40 Thread added: 0x000001fd7d0bd0c0
Event: 5.408 Thread 0x000001fd5d23fb40 Thread added: 0x000001fd7d0beb00
Event: 5.408 Thread 0x000001fd5d23fb40 Thread added: 0x000001fd7d0bfeb0
Event: 5.408 Thread 0x000001fd5d23fb40 Thread added: 0x000001fd7d0bd750
Event: 5.408 Thread 0x000001fd5d23fb40 Thread added: 0x000001fd7d0c39c0
Event: 5.479 Thread 0x000001fd5d23fb40 Thread added: 0x000001fd7d0c4050
Event: 5.512 Thread 0x000001fd7d0c18f0 Thread added: 0x000001fd7d0c0540
Event: 5.543 Thread 0x000001fd7d0c18f0 Thread added: 0x000001fd7d0c0bd0
Event: 5.695 Thread 0x000001fd7d0c18f0 Thread added: 0x000001fd7d0ee220
Event: 5.755 Thread 0x000001fd5d23fb40 Thread added: 0x000001fd7d0ed500
Event: 5.755 Thread 0x000001fd5d23fb40 Thread added: 0x000001fd7d0ee8b0
Event: 7.194 Thread 0x000001fd7d0c2610 Thread added: 0x000001fd7d0f02f0
Event: 7.194 Thread 0x000001fd7d0c2610 Thread added: 0x000001fd7d0efc60
Event: 7.663 Thread 0x000001fd7b178780 Thread exited: 0x000001fd7b178780
Event: 7.709 Thread 0x000001fd7b57b590 Thread exited: 0x000001fd7b57b590


Dynamic libraries:
0x00007ff716c30000 - 0x00007ff716c3e000 	c:\Users\ratho\.vscode\extensions\redhat.java-1.45.0-win32-x64\jre\21.0.8-win32-x86_64\bin\java.exe
0x00007ffa36d50000 - 0x00007ffa36f67000 	C:\windows\SYSTEM32\ntdll.dll
0x00007ffa36380000 - 0x00007ffa36444000 	C:\windows\System32\KERNEL32.DLL
0x00007ffa33e40000 - 0x00007ffa34212000 	C:\windows\System32\KERNELBASE.dll
0x00007ffa344e0000 - 0x00007ffa345f1000 	C:\windows\System32\ucrtbase.dll
0x00007ffa10110000 - 0x00007ffa1012e000 	c:\Users\ratho\.vscode\extensions\redhat.java-1.45.0-win32-x64\jre\21.0.8-win32-x86_64\bin\VCRUNTIME140.dll
0x00007ffa17400000 - 0x00007ffa17418000 	c:\Users\ratho\.vscode\extensions\redhat.java-1.45.0-win32-x64\jre\21.0.8-win32-x86_64\bin\jli.dll
0x00007ffa36990000 - 0x00007ffa36b41000 	C:\windows\System32\USER32.dll
0x00007ffa15870000 - 0x00007ffa15b0b000 	C:\windows\WinSxS\amd64_microsoft.windows.common-controls_6595b64144ccf1df_6.0.22621.5547_none_27104afb73855772\COMCTL32.dll
0x00007ffa34430000 - 0x00007ffa34456000 	C:\windows\System32\win32u.dll
0x00007ffa366b0000 - 0x00007ffa36757000 	C:\windows\System32\msvcrt.dll
0x00007ffa36860000 - 0x00007ffa36889000 	C:\windows\System32\GDI32.dll
0x00007ffa348b0000 - 0x00007ffa349d3000 	C:\windows\System32\gdi32full.dll
0x00007ffa34220000 - 0x00007ffa342ba000 	C:\windows\System32\msvcp_win.dll
0x00007ffa352a0000 - 0x00007ffa352d1000 	C:\windows\System32\IMM32.DLL
0x00007ffa28840000 - 0x00007ffa2884c000 	c:\Users\ratho\.vscode\extensions\redhat.java-1.45.0-win32-x64\jre\21.0.8-win32-x86_64\bin\vcruntime140_1.dll
0x00007ff9ed4e0000 - 0x00007ff9ed56d000 	c:\Users\ratho\.vscode\extensions\redhat.java-1.45.0-win32-x64\jre\21.0.8-win32-x86_64\bin\msvcp140.dll
0x00007ff993930000 - 0x00007ff9946c7000 	c:\Users\ratho\.vscode\extensions\redhat.java-1.45.0-win32-x64\jre\21.0.8-win32-x86_64\bin\server\jvm.dll
0x00007ffa35ee0000 - 0x00007ffa35f91000 	C:\windows\System32\ADVAPI32.dll
0x00007ffa365e0000 - 0x00007ffa36688000 	C:\windows\System32\sechost.dll
0x00007ffa347c0000 - 0x00007ffa347e8000 	C:\windows\System32\bcrypt.dll
0x00007ffa35500000 - 0x00007ffa35614000 	C:\windows\System32\RPCRT4.dll
0x00007ffa36560000 - 0x00007ffa365d1000 	C:\windows\System32\WS2_32.dll
0x00007ffa32cc0000 - 0x00007ffa32d0d000 	C:\windows\SYSTEM32\POWRPROF.dll
0x00007ffa2b5e0000 - 0x00007ffa2b614000 	C:\windows\SYSTEM32\WINMM.dll
0x00007ffa2b940000 - 0x00007ffa2b94a000 	C:\windows\SYSTEM32\VERSION.dll
0x00007ffa32ca0000 - 0x00007ffa32cb3000 	C:\windows\SYSTEM32\UMPDC.dll
0x00007ffa32ec0000 - 0x00007ffa32ed8000 	C:\windows\SYSTEM32\kernel.appcore.dll
0x00007ffa00260000 - 0x00007ffa0026a000 	c:\Users\ratho\.vscode\extensions\redhat.java-1.45.0-win32-x64\jre\21.0.8-win32-x86_64\bin\jimage.dll
0x00007ffa31860000 - 0x00007ffa31a93000 	C:\windows\SYSTEM32\DBGHELP.DLL
0x00007ffa34f00000 - 0x00007ffa35293000 	C:\windows\System32\combase.dll
0x00007ffa362a0000 - 0x00007ffa36377000 	C:\windows\System32\OLEAUT32.dll
0x00007ffa10dc0000 - 0x00007ffa10df2000 	C:\windows\SYSTEM32\dbgcore.DLL
0x00007ffa34460000 - 0x00007ffa344db000 	C:\windows\System32\bcryptPrimitives.dll
0x00007ff9fd5e0000 - 0x00007ff9fd5ef000 	c:\Users\ratho\.vscode\extensions\redhat.java-1.45.0-win32-x64\jre\21.0.8-win32-x86_64\bin\instrument.dll
0x00007ff9ed4c0000 - 0x00007ff9ed4df000 	c:\Users\ratho\.vscode\extensions\redhat.java-1.45.0-win32-x64\jre\21.0.8-win32-x86_64\bin\java.dll
0x00007ffa35620000 - 0x00007ffa35ec2000 	C:\windows\System32\SHELL32.dll
0x00007ffa34680000 - 0x00007ffa347bf000 	C:\windows\System32\wintypes.dll
0x00007ffa31d20000 - 0x00007ffa3263d000 	C:\windows\SYSTEM32\windows.storage.dll
0x00007ffa35fa0000 - 0x00007ffa360ac000 	C:\windows\System32\SHCORE.dll
0x00007ffa36890000 - 0x00007ffa368f9000 	C:\windows\System32\shlwapi.dll
0x00007ffa33d70000 - 0x00007ffa33d9b000 	C:\windows\SYSTEM32\profapi.dll
0x00007ff9ed4a0000 - 0x00007ff9ed4b8000 	c:\Users\ratho\.vscode\extensions\redhat.java-1.45.0-win32-x64\jre\21.0.8-win32-x86_64\bin\zip.dll
0x00007ff9ffb50000 - 0x00007ff9ffb60000 	C:\Users\ratho\.vscode\extensions\redhat.java-1.45.0-win32-x64\jre\21.0.8-win32-x86_64\bin\net.dll
0x00007ffa2b810000 - 0x00007ffa2b93c000 	C:\windows\SYSTEM32\WINHTTP.dll
0x00007ffa333e0000 - 0x00007ffa33449000 	C:\windows\system32\mswsock.dll
0x00007ff9ed480000 - 0x00007ff9ed496000 	C:\Users\ratho\.vscode\extensions\redhat.java-1.45.0-win32-x64\jre\21.0.8-win32-x86_64\bin\nio.dll
0x00007ff9fde00000 - 0x00007ff9fde10000 	c:\Users\ratho\.vscode\extensions\redhat.java-1.45.0-win32-x64\jre\21.0.8-win32-x86_64\bin\verify.dll
0x00007ff9d7880000 - 0x00007ff9d78c4000 	C:\Users\ratho\AppData\Roaming\Code\User\globalStorage\redhat.java\1.45.0\config_win\org.eclipse.equinox.launcher\org.eclipse.equinox.launcher.win32.win32.x86_64_1.2.1400.v20250801-0854\eclipse_11916.dll
0x00007ffa35360000 - 0x00007ffa35500000 	C:\windows\System32\ole32.dll
0x00007ffa33630000 - 0x00007ffa3364b000 	C:\windows\SYSTEM32\CRYPTSP.dll
0x00007ffa32ee0000 - 0x00007ffa32f17000 	C:\windows\system32\rsaenh.dll
0x00007ffa334d0000 - 0x00007ffa334f8000 	C:\windows\SYSTEM32\USERENV.dll
0x00007ffa33650000 - 0x00007ffa3365c000 	C:\windows\SYSTEM32\CRYPTBASE.dll
0x00007ffa32920000 - 0x00007ffa3294d000 	C:\windows\SYSTEM32\IPHLPAPI.DLL
0x00007ffa36280000 - 0x00007ffa36289000 	C:\windows\System32\NSI.dll
0x00007ff9d77a0000 - 0x00007ff9d77e9000 	C:\Users\ratho\AppData\Local\Temp\jna-108285932\jna4656761201857565674.dll
0x00007ffa35ed0000 - 0x00007ffa35ed8000 	C:\windows\System32\PSAPI.DLL
0x00007ffa2b960000 - 0x00007ffa2b979000 	C:\windows\SYSTEM32\dhcpcsvc6.DLL
0x00007ffa2b5c0000 - 0x00007ffa2b5df000 	C:\windows\SYSTEM32\dhcpcsvc.DLL
0x00007ff9da800000 - 0x00007ff9da827000 	C:\Users\ratho\.gradle\native\1def1411415f61bf3af743bc5b6707747c0891f09f0c88961ee8f79bc544acac\windows-amd64\native-platform.dll
0x00007ff9fec10000 - 0x00007ff9fec1a000 	C:\Users\ratho\.vscode\extensions\redhat.java-1.45.0-win32-x64\jre\21.0.8-win32-x86_64\bin\management.dll
0x00007ff9febe0000 - 0x00007ff9febeb000 	C:\Users\ratho\.vscode\extensions\redhat.java-1.45.0-win32-x64\jre\21.0.8-win32-x86_64\bin\management_ext.dll

JVMTI agents:
c:\Users\ratho\.vscode\extensions\redhat.java-1.45.0-win32-x64\lombok\lombok-1.18.39-4050.jar path:c:\Users\ratho\.vscode\extensions\redhat.java-1.45.0-win32-x64\jre\21.0.8-win32-x86_64\bin\instrument.dll, loaded, initialized, instrumentlib options:none

dbghelp: loaded successfully - version: 4.0.5 - missing functions: none
symbol engine: initialized successfully - sym options: 0x614 - pdb path: .;c:\Users\ratho\.vscode\extensions\redhat.java-1.45.0-win32-x64\jre\21.0.8-win32-x86_64\bin;C:\windows\SYSTEM32;C:\windows\WinSxS\amd64_microsoft.windows.common-controls_6595b64144ccf1df_6.0.22621.5547_none_27104afb73855772;c:\Users\ratho\.vscode\extensions\redhat.java-1.45.0-win32-x64\jre\21.0.8-win32-x86_64\bin\server;C:\Users\ratho\AppData\Roaming\Code\User\globalStorage\redhat.java\1.45.0\config_win\org.eclipse.equinox.launcher\org.eclipse.equinox.launcher.win32.win32.x86_64_1.2.1400.v20250801-0854;C:\Users\ratho\AppData\Local\Temp\jna-108285932;C:\Users\ratho\.gradle\native\1def1411415f61bf3af743bc5b6707747c0891f09f0c88961ee8f79bc544acac\windows-amd64

VM Arguments:
jvm_args: --add-modules=ALL-SYSTEM --add-opens=java.base/java.util=ALL-UNNAMED --add-opens=java.base/java.lang=ALL-UNNAMED --add-opens=java.base/sun.nio.fs=ALL-UNNAMED -Declipse.application=org.eclipse.jdt.ls.core.id1 -Dosgi.bundles.defaultStartLevel=4 -Declipse.product=org.eclipse.jdt.ls.core.product -Djava.import.generatesMetadataFilesAtProjectRoot=false -DDetectVMInstallationsJob.disabled=true -Dfile.encoding=utf8 -XX:+UseParallelGC -XX:GCTimeRatio=4 -XX:AdaptiveSizePolicyWeight=90 -Dsun.zip.disableMemoryMapping=true -Xmx2G -Xms100m -Xlog:disable -javaagent:c:\Users\ratho\.vscode\extensions\redhat.java-1.45.0-win32-x64\lombok\lombok-1.18.39-4050.jar -XX:+HeapDumpOnOutOfMemoryError -XX:HeapDumpPath=c:\Users\ratho\AppData\Roaming\Code\User\workspaceStorage\589f9a12d44c020ea7088061edc9ccd4\redhat.java -Daether.dependencyCollector.impl=bf 
java_command: c:\Users\ratho\.vscode\extensions\redhat.java-1.45.0-win32-x64\server\plugins\org.eclipse.equinox.launcher_1.7.0.v20250519-0528.jar -configuration c:\Users\ratho\AppData\Roaming\Code\User\globalStorage\redhat.java\1.45.0\config_win -data c:\Users\ratho\AppData\Roaming\Code\User\workspaceStorage\589f9a12d44c020ea7088061edc9ccd4\redhat.java\jdt_ws --pipe=\\.\pipe\lsp-845b914ca54e85bd9ed16a9e51e6007b-sock
java_class_path (initial): c:\Users\ratho\.vscode\extensions\redhat.java-1.45.0-win32-x64\server\plugins\org.eclipse.equinox.launcher_1.7.0.v20250519-0528.jar
Launcher Type: SUN_STANDARD

[Global flags]
    uintx AdaptiveSizePolicyWeight                 = 90                                        {product} {command line}
     intx CICompilerCount                          = 4                                         {product} {ergonomic}
    uintx GCTimeRatio                              = 4                                         {product} {command line}
     bool HeapDumpOnOutOfMemoryError               = true                                   {manageable} {command line}
    ccstr HeapDumpPath                             = c:\Users\ratho\AppData\Roaming\Code\User\workspaceStorage\589f9a12d44c020ea7088061edc9ccd4\redhat.java         {manageable} {command line}
   size_t InitialHeapSize                          = 104857600                                 {product} {command line}
   size_t MaxHeapSize                              = 2147483648                                {product} {command line}
   size_t MaxNewSize                               = 715653120                                 {product} {ergonomic}
   size_t MinHeapDeltaBytes                        = 524288                                    {product} {ergonomic}
   size_t MinHeapSize                              = 104857600                                 {product} {command line}
   size_t NewSize                                  = 34603008                                  {product} {ergonomic}
    uintx NonNMethodCodeHeapSize                   = 5839372                                {pd product} {ergonomic}
    uintx NonProfiledCodeHeapSize                  = 122909434                              {pd product} {ergonomic}
   size_t OldSize                                  = 70254592                                  {product} {ergonomic}
    uintx ProfiledCodeHeapSize                     = 122909434                              {pd product} {ergonomic}
    uintx ReservedCodeCacheSize                    = 251658240                              {pd product} {ergonomic}
     bool SegmentedCodeCache                       = true                                      {product} {ergonomic}
   size_t SoftMaxHeapSize                          = 2147483648                             {manageable} {ergonomic}
     bool UseCompressedOops                        = true                           {product lp64_product} {ergonomic}
     bool UseLargePagesIndividualAllocation        = false                                  {pd product} {ergonomic}
     bool UseParallelGC                            = true                                      {product} {command line}

Logging:
Log output configuration:
 #0: stdout all=off uptime,level,tags foldmultilines=false
 #1: stderr all=off uptime,level,tags foldmultilines=false

Environment Variables:
JAVA_HOME=C:\Users\ratho\AppData\Local\Programs\Eclipse Adoptium\jdk-17.0.11.9-hotspot\
PATH=C:\windows\system32;C:\windows;C:\windows\System32\Wbem;C:\windows\System32\WindowsPowerShell\v1.0\;C:\windows\System32\OpenSSH\;C:\Program Files (x86)\NVIDIA Corporation\PhysX\Common;C:\Program Files\NVIDIA Corporation\NVIDIA NvDLISR;C:\Program Files\MySQL\MySQL Server 8.0\bin;C:\Program Files\nodejs\;C:\Program Files\Git\cmd;C:\Program Files\Tesseract-OCR;C:\Program Files\Rust stable MSVC 1.90\bin;D:\cursor\resources\app\bin;C:\Users\ratho\AppData\Local\Programs\Python\Python313\Scripts\;C:\Users\ratho\AppData\Local\Programs\Python\Python313\;C:\Users\ratho\AppData\Local\Programs\Python\Launcher\;d:\Trae\bin;C:\Program Files\MySQL\MySQL Shell 8.0\bin\;C:\Users\ratho\AppData\Local\Programs\Eclipse Adoptium\jdk-17.0.11.9-hotspot\bin;C:\Users\ratho\AppData\Local\Microsoft\WindowsApps;D:\Microsoft VS Code\bin;C:\Users\ratho\AppData\Roaming\npm;C:\Users\ratho\AppData\Local\MongoDBCompass\MongoDBCompass.exe;C:\Users\ratho\OneDrive\Desktop\gradle-9.0.0\bin;C:\Users\ratho\OneDrive\Desktop\Gradle\gradle-9.0.0\bin;D:\Windsurf\bin;D:\npm-global\bin;C:\Users\ratho\AppData\Local\Programs\Microsoft VS Code\bin
USERNAME=ratho
OS=Windows_NT
PROCESSOR_IDENTIFIER=Intel64 Family 6 Model 141 Stepping 1, GenuineIntel
TMP=C:\Users\ratho\AppData\Local\Temp
TEMP=C:\Users\ratho\AppData\Local\Temp




Periodic native trim disabled

---------------  S Y S T E M  ---------------

OS:
 Windows 11 , 64 bit Build 22621 (10.0.22621.5415)
OS uptime: 6 days 1:09 hours
Hyper-V role detected

CPU: total 12 (initial active 12) (6 cores per cpu, 2 threads per core) family 6 model 141 stepping 1 microcode 0x4e, cx8, cmov, fxsr, ht, mmx, 3dnowpref, sse, sse2, sse3, ssse3, sse4.1, sse4.2, popcnt, lzcnt, tsc, tscinvbit, avx, avx2, aes, erms, clmul, bmi1, bmi2, adx, avx512f, avx512dq, avx512cd, avx512bw, avx512vl, sha, fma, vzeroupper, avx512_vpopcntdq, avx512_vpclmulqdq, avx512_vaes, avx512_vnni, clflush, clflushopt, clwb, avx512_vbmi2, avx512_vbmi, hv, rdtscp, rdpid, fsrm, gfni, avx512_bitalg, f16c, cet_ibt, cet_ss, avx512_ifma
Processor Information for the first 12 processors :
  Max Mhz: 2688, Current Mhz: 2688, Mhz Limit: 2688

Memory: 4k page, system-wide physical 16022M (708M free)
TotalPageFile size 23721M (AvailPageFile size 70M)
current process WorkingSet (physical memory assigned to process): 255M, peak: 255M
current process commit charge ("private bytes"): 369M, peak: 372M

vm_info: OpenJDK 64-Bit Server VM (21.0.8+9-LTS) for windows-amd64 JRE (21.0.8+9-LTS), built on 2025-07-15T00:00:00Z by "admin" with MS VC++ 17.7 (VS2022)

END.
