#
# There is insufficient memory for the Java Runtime Environment to continue.
# Native memory allocation (malloc) failed to allocate 32744 bytes. Error detail: Chunk::new
# Possible reasons:
#   The system is out of physical RAM or swap space
#   This process is running with CompressedOops enabled, and the Java Heap may be blocking the growth of the native heap
# Possible solutions:
#   Reduce memory load on the system
#   Increase physical memory or swap space
#   Check if swap backing store is full
#   Decrease Java heap size (-Xmx/-Xms)
#   Decrease number of Java threads
#   Decrease Java thread stack sizes (-Xss)
#   Set larger code cache with -XX:ReservedCodeCacheSize=
#   JVM is running with Unscaled Compressed Oops mode in which the Java heap is
#     placed in the first 4GB address space. The Java Heap base address is the
#     maximum limit for the native heap growth. Please use -XX:HeapBaseMinAddress
#     to set the Java Heap base and to place the Java Heap above 4GB virtual address.
# This output file may be truncated or incomplete.
#
#  Out of Memory Error (arena.cpp:168), pid=35688, tid=19488
#
# JRE version: OpenJDK Runtime Environment Temurin-21.0.8+9 (21.0.8+9) (build 21.0.8+9-LTS)
# Java VM: OpenJDK 64-Bit Server VM Temurin-21.0.8+9 (21.0.8+9-LTS, mixed mode, sharing, tiered, compressed oops, compressed class ptrs, parallel gc, windows-amd64)
# No core dump will be written. Minidumps are not enabled by default on client versions of Windows
#

---------------  S U M M A R Y ------------

Command Line: --add-modules=ALL-SYSTEM --add-opens=java.base/java.util=ALL-UNNAMED --add-opens=java.base/java.lang=ALL-UNNAMED --add-opens=java.base/sun.nio.fs=ALL-UNNAMED -Declipse.application=org.eclipse.jdt.ls.core.id1 -Dosgi.bundles.defaultStartLevel=4 -Declipse.product=org.eclipse.jdt.ls.core.product -Djava.import.generatesMetadataFilesAtProjectRoot=false -DDetectVMInstallationsJob.disabled=true -Dfile.encoding=utf8 -XX:+UseParallelGC -XX:GCTimeRatio=4 -XX:AdaptiveSizePolicyWeight=90 -Dsun.zip.disableMemoryMapping=true -Xmx2G -Xms100m -Xlog:disable -javaagent:c:\Users\ratho\.vscode\extensions\redhat.java-1.45.0-win32-x64\lombok\lombok-1.18.39-4050.jar -XX:+HeapDumpOnOutOfMemoryError -XX:HeapDumpPath=c:\Users\ratho\AppData\Roaming\Code\User\workspaceStorage\589f9a12d44c020ea7088061edc9ccd4\redhat.java -Daether.dependencyCollector.impl=bf c:\Users\ratho\.vscode\extensions\redhat.java-1.45.0-win32-x64\server\plugins\org.eclipse.equinox.launcher_1.7.0.v20250519-0528.jar -configuration c:\Users\ratho\AppData\Roaming\Code\User\globalStorage\redhat.java\1.45.0\config_win -data c:\Users\ratho\AppData\Roaming\Code\User\workspaceStorage\589f9a12d44c020ea7088061edc9ccd4\redhat.java\jdt_ws --pipe=\\.\pipe\lsp-a69fc837bda419adb168ef8242c2931b-sock

Host: 11th Gen Intel(R) Core(TM) i5-11400H @ 2.70GHz, 12 cores, 15G,  Windows 11 , 64 bit Build 22621 (10.0.22621.5415)
Time: Tue Sep 23 20:59:18 2025 India Standard Time elapsed time: 12.471601 seconds (0d 0h 0m 12s)

---------------  T H R E A D  ---------------

Current thread (0x0000023666011c40):  JavaThread "C2 CompilerThread0" daemon [_thread_in_native, id=19488, stack(0x000000f9c6700000,0x000000f9c6800000) (1024K)]


Current CompileTask:
C2:12471 7113       4       java.util.regex.Matcher::reset (128 bytes)

Stack: [0x000000f9c6700000,0x000000f9c6800000]
Native frames: (J=compiled Java code, j=interpreted, Vv=VM code, C=native code)
V  [jvm.dll+0x6d2449]
V  [jvm.dll+0x8ae341]
V  [jvm.dll+0x8b08be]
V  [jvm.dll+0x8b0fa3]
V  [jvm.dll+0x280c96]
V  [jvm.dll+0xc581d]
V  [jvm.dll+0xc5d53]
V  [jvm.dll+0x6fdcaa]
V  [jvm.dll+0x1e14d6]
V  [jvm.dll+0x249022]
V  [jvm.dll+0x2484af]
V  [jvm.dll+0x1c89ee]
V  [jvm.dll+0x257d4d]
V  [jvm.dll+0x2562ea]
V  [jvm.dll+0x3f2d16]
V  [jvm.dll+0x857e6b]
V  [jvm.dll+0x6d0b0d]
C  [ucrtbase.dll+0x29333]
C  [KERNEL32.DLL+0x1259d]
C  [ntdll.dll+0x5af78]


---------------  P R O C E S S  ---------------

Threads class SMR info:
_java_thread_list=0x000002366a9a9700, length=54, elements={
0x000002360842e490, 0x00000236660044b0, 0x000002361eecd760, 0x00000236660079a0,
0x0000023666008a30, 0x000002366600b190, 0x000002366600f670, 0x0000023666011c40,
0x0000023666020c00, 0x00000236660f6950, 0x000002366646f2e0, 0x00000236664370e0,
0x0000023666f05e30, 0x0000023666b9d5b0, 0x0000023666b9dfe0, 0x0000023667280e30,
0x0000023666dffdf0, 0x0000023666fb83f0, 0x0000023666fb7d60, 0x0000023666fbb1e0,
0x0000023666fb8a80, 0x0000023666fb9110, 0x0000023666fb97a0, 0x0000023666fb9e30,
0x00000236692f7160, 0x00000236692f8ba0, 0x00000236692f3650, 0x00000236692f3ce0,
0x00000236692f2fc0, 0x00000236692f4370, 0x00000236692f77f0, 0x00000236692f98c0,
0x00000236692f7e80, 0x00000236692f5db0, 0x00000236692f4a00, 0x00000236692f2930,
0x00000236692f5090, 0x00000236692f5720, 0x00000236692f6440, 0x00000236692f6ad0,
0x00000236692f8510, 0x00000236692f9230, 0x0000023669929570, 0x000002366992d710,
0x0000023669929c00, 0x000002366992f150, 0x0000023669928850, 0x000002366992dda0,
0x000002366992eac0, 0x000002366992d080, 0x000002366992c9f0, 0x000002366992c360,
0x00000236699281c0, 0x000002366992f7e0
}

Java Threads: ( => current thread )
  0x000002360842e490 JavaThread "main"                              [_thread_blocked, id=12652, stack(0x000000f9c5c00000,0x000000f9c5d00000) (1024K)]
  0x00000236660044b0 JavaThread "Reference Handler"          daemon [_thread_blocked, id=22652, stack(0x000000f9c6100000,0x000000f9c6200000) (1024K)]
  0x000002361eecd760 JavaThread "Finalizer"                  daemon [_thread_blocked, id=14488, stack(0x000000f9c6200000,0x000000f9c6300000) (1024K)]
  0x00000236660079a0 JavaThread "Signal Dispatcher"          daemon [_thread_blocked, id=10288, stack(0x000000f9c6300000,0x000000f9c6400000) (1024K)]
  0x0000023666008a30 JavaThread "Attach Listener"            daemon [_thread_blocked, id=34736, stack(0x000000f9c6400000,0x000000f9c6500000) (1024K)]
  0x000002366600b190 JavaThread "Service Thread"             daemon [_thread_blocked, id=27828, stack(0x000000f9c6500000,0x000000f9c6600000) (1024K)]
  0x000002366600f670 JavaThread "Monitor Deflation Thread"   daemon [_thread_blocked, id=12724, stack(0x000000f9c6600000,0x000000f9c6700000) (1024K)]
=>0x0000023666011c40 JavaThread "C2 CompilerThread0"         daemon [_thread_in_native, id=19488, stack(0x000000f9c6700000,0x000000f9c6800000) (1024K)]
  0x0000023666020c00 JavaThread "C1 CompilerThread0"         daemon [_thread_blocked, id=28676, stack(0x000000f9c6800000,0x000000f9c6900000) (1024K)]
  0x00000236660f6950 JavaThread "Common-Cleaner"             daemon [_thread_blocked, id=13480, stack(0x000000f9c6900000,0x000000f9c6a00000) (1024K)]
  0x000002366646f2e0 JavaThread "Notification Thread"        daemon [_thread_blocked, id=35776, stack(0x000000f9c6b00000,0x000000f9c6c00000) (1024K)]
  0x00000236664370e0 JavaThread "Active Thread: Equinox Container: 52279a69-0e0a-44eb-9049-159d0bc29a24"        [_thread_blocked, id=22188, stack(0x000000f9c7300000,0x000000f9c7400000) (1024K)]
  0x0000023666f05e30 JavaThread "Refresh Thread: Equinox Container: 52279a69-0e0a-44eb-9049-159d0bc29a24" daemon [_thread_blocked, id=1064, stack(0x000000f9c7400000,0x000000f9c7500000) (1024K)]
  0x0000023666b9d5b0 JavaThread "Framework Event Dispatcher: Equinox Container: 52279a69-0e0a-44eb-9049-159d0bc29a24" daemon [_thread_blocked, id=2372, stack(0x000000f9c7600000,0x000000f9c7700000) (1024K)]
  0x0000023666b9dfe0 JavaThread "Start Level: Equinox Container: 52279a69-0e0a-44eb-9049-159d0bc29a24" daemon [_thread_blocked, id=19444, stack(0x000000f9c7700000,0x000000f9c7800000) (1024K)]
  0x0000023667280e30 JavaThread "Bundle File Closer"         daemon [_thread_blocked, id=6788, stack(0x000000f9c7a00000,0x000000f9c7b00000) (1024K)]
  0x0000023666dffdf0 JavaThread "SCR Component Actor"        daemon [_thread_blocked, id=19036, stack(0x000000f9c7b00000,0x000000f9c7c00000) (1024K)]
  0x0000023666fb83f0 JavaThread "Worker-JM"                         [_thread_blocked, id=22420, stack(0x000000f9c7c00000,0x000000f9c7d00000) (1024K)]
  0x0000023666fb7d60 JavaThread "JNA Cleaner"                daemon [_thread_blocked, id=30748, stack(0x000000f9c7d00000,0x000000f9c7e00000) (1024K)]
  0x0000023666fbb1e0 JavaThread "Worker-0"                          [_thread_blocked, id=16176, stack(0x000000f9c7e00000,0x000000f9c7f00000) (1024K)]
  0x0000023666fb8a80 JavaThread "Worker-1"                          [_thread_blocked, id=8800, stack(0x000000f9c7f00000,0x000000f9c8000000) (1024K)]
  0x0000023666fb9110 JavaThread "Java indexing"              daemon [_thread_blocked, id=32780, stack(0x000000f9c8100000,0x000000f9c8200000) (1024K)]
  0x0000023666fb97a0 JavaThread "Worker-2"                          [_thread_blocked, id=10560, stack(0x000000f9c8200000,0x000000f9c8300000) (1024K)]
  0x0000023666fb9e30 JavaThread "Worker-3"                          [_thread_blocked, id=20600, stack(0x000000f9c8300000,0x000000f9c8400000) (1024K)]
  0x00000236692f7160 JavaThread "Worker-4"                          [_thread_blocked, id=34440, stack(0x000000f9c8400000,0x000000f9c8500000) (1024K)]
  0x00000236692f8ba0 JavaThread "Worker-5: Synchronize Gradle projects with workspace"        [_thread_blocked, id=33160, stack(0x000000f9c8500000,0x000000f9c8600000) (1024K)]
  0x00000236692f3650 JavaThread "Thread-2"                   daemon [_thread_in_native, id=34748, stack(0x000000f9c8600000,0x000000f9c8700000) (1024K)]
  0x00000236692f3ce0 JavaThread "Thread-3"                   daemon [_thread_in_native, id=27048, stack(0x000000f9c8700000,0x000000f9c8800000) (1024K)]
  0x00000236692f2fc0 JavaThread "Thread-4"                   daemon [_thread_in_native, id=24736, stack(0x000000f9c8800000,0x000000f9c8900000) (1024K)]
  0x00000236692f4370 JavaThread "Thread-5"                   daemon [_thread_in_native, id=18092, stack(0x000000f9c8900000,0x000000f9c8a00000) (1024K)]
  0x00000236692f77f0 JavaThread "Thread-6"                   daemon [_thread_in_native, id=20856, stack(0x000000f9c8a00000,0x000000f9c8b00000) (1024K)]
  0x00000236692f98c0 JavaThread "Thread-7"                   daemon [_thread_in_native, id=20152, stack(0x000000f9c8b00000,0x000000f9c8c00000) (1024K)]
  0x00000236692f7e80 JavaThread "Thread-8"                   daemon [_thread_in_native, id=21012, stack(0x000000f9c8c00000,0x000000f9c8d00000) (1024K)]
  0x00000236692f5db0 JavaThread "Thread-9"                   daemon [_thread_in_native, id=25912, stack(0x000000f9c8d00000,0x000000f9c8e00000) (1024K)]
  0x00000236692f4a00 JavaThread "Thread-10"                  daemon [_thread_in_native, id=4144, stack(0x000000f9c8e00000,0x000000f9c8f00000) (1024K)]
  0x00000236692f2930 JavaThread "Thread-11"                  daemon [_thread_in_native, id=17240, stack(0x000000f9c8f00000,0x000000f9c9000000) (1024K)]
  0x00000236692f5090 JavaThread "Thread-12"                  daemon [_thread_in_native, id=7972, stack(0x000000f9c9000000,0x000000f9c9100000) (1024K)]
  0x00000236692f5720 JavaThread "Thread-13"                  daemon [_thread_in_native, id=29996, stack(0x000000f9c9100000,0x000000f9c9200000) (1024K)]
  0x00000236692f6440 JavaThread "Thread-14"                  daemon [_thread_in_native, id=12520, stack(0x000000f9c9200000,0x000000f9c9300000) (1024K)]
  0x00000236692f6ad0 JavaThread "pool-2-thread-1"                   [_thread_blocked, id=19272, stack(0x000000f9c9300000,0x000000f9c9400000) (1024K)]
  0x00000236692f8510 JavaThread "Timer-0"                           [_thread_blocked, id=6912, stack(0x000000f9c9400000,0x000000f9c9500000) (1024K)]
  0x00000236692f9230 JavaThread "Timer-1"                           [_thread_blocked, id=11864, stack(0x000000f9c9500000,0x000000f9c9600000) (1024K)]
  0x0000023669929570 JavaThread "WorkspaceEventsHandler"            [_thread_blocked, id=22060, stack(0x000000f9c9700000,0x000000f9c9800000) (1024K)]
  0x000002366992d710 JavaThread "pool-1-thread-1"                   [_thread_blocked, id=33756, stack(0x000000f9c9800000,0x000000f9c9900000) (1024K)]
  0x0000023669929c00 JavaThread "Worker-6: Initialize Workspace"        [_thread_in_vm, id=20956, stack(0x000000f9c9900000,0x000000f9c9a00000) (1024K)]
  0x000002366992f150 JavaThread "Timer-2"                           [_thread_blocked, id=32484, stack(0x000000f9c9a00000,0x000000f9c9b00000) (1024K)]
  0x0000023669928850 JavaThread "Timer-3"                           [_thread_blocked, id=18348, stack(0x000000f9c9600000,0x000000f9c9700000) (1024K)]
  0x000002366992dda0 JavaThread "Timer-4"                           [_thread_blocked, id=28012, stack(0x000000f9c9b00000,0x000000f9c9c00000) (1024K)]
  0x000002366992eac0 JavaThread "Timer-5"                           [_thread_blocked, id=18752, stack(0x000000f9c9c00000,0x000000f9c9d00000) (1024K)]
  0x000002366992d080 JavaThread "Timer-6"                           [_thread_blocked, id=28864, stack(0x000000f9c9d00000,0x000000f9c9e00000) (1024K)]
  0x000002366992c9f0 JavaThread "Timer-7"                           [_thread_blocked, id=26256, stack(0x000000f9c9e00000,0x000000f9c9f00000) (1024K)]
  0x000002366992c360 JavaThread "Exec process"                      [_thread_blocked, id=30244, stack(0x000000f9c6c00000,0x000000f9c6d00000) (1024K)]
  0x00000236699281c0 JavaThread "Exec process Thread 2"             [_thread_blocked, id=10820, stack(0x000000f9c8000000,0x000000f9c8100000) (1024K)]
  0x000002366992f7e0 JavaThread "Exec process Thread 3"             [_thread_blocked, id=9712, stack(0x000000f9ca000000,0x000000f9ca100000) (1024K)]
Total: 54

Other Threads:
  0x00000236084ee060 VMThread "VM Thread"                           [id=30064, stack(0x000000f9c6000000,0x000000f9c6100000) (1024K)]
  0x0000023608499ff0 WatcherThread "VM Periodic Task Thread"        [id=28184, stack(0x000000f9c5f00000,0x000000f9c6000000) (1024K)]
  0x000002360844c8c0 WorkerThread "GC Thread#0"                     [id=31120, stack(0x000000f9c5e00000,0x000000f9c5f00000) (1024K)]
  0x00000236669c9170 WorkerThread "GC Thread#1"                     [id=23264, stack(0x000000f9c6d00000,0x000000f9c6e00000) (1024K)]
  0x00000236669e2810 WorkerThread "GC Thread#2"                     [id=12104, stack(0x000000f9c6e00000,0x000000f9c6f00000) (1024K)]
  0x00000236669e2bb0 WorkerThread "GC Thread#3"                     [id=10092, stack(0x000000f9c6f00000,0x000000f9c7000000) (1024K)]
  0x00000236669e2f50 WorkerThread "GC Thread#4"                     [id=9396, stack(0x000000f9c7000000,0x000000f9c7100000) (1024K)]
  0x00000236669e32f0 WorkerThread "GC Thread#5"                     [id=30056, stack(0x000000f9c7100000,0x000000f9c7200000) (1024K)]
  0x00000236669e3ea0 WorkerThread "GC Thread#6"                     [id=23700, stack(0x000000f9c7200000,0x000000f9c7300000) (1024K)]
  0x0000023666ee6e80 WorkerThread "GC Thread#7"                     [id=24020, stack(0x000000f9c7500000,0x000000f9c7600000) (1024K)]
  0x000002366718d2e0 WorkerThread "GC Thread#8"                     [id=13532, stack(0x000000f9c7800000,0x000000f9c7900000) (1024K)]
  0x000002366720d3b0 WorkerThread "GC Thread#9"                     [id=2792, stack(0x000000f9c7900000,0x000000f9c7a00000) (1024K)]
Total: 12

Threads with active compile tasks:
C2 CompilerThread0  12489 7113       4       java.util.regex.Matcher::reset (128 bytes)
Total: 1

VM state: not at safepoint (normal execution)

VM Mutex/Monitor currently owned by a thread: None

Heap address: 0x0000000080000000, size: 2048 MB, Compressed Oops mode: 32-bit

CDS archive(s) mapped at: [0x000002361f000000-0x000002361fba0000-0x000002361fba0000), size 12189696, SharedBaseAddress: 0x000002361f000000, ArchiveRelocationMode: 1.
Compressed class space mapped at: 0x0000023620000000-0x0000023660000000, reserved size: 1073741824
Narrow klass base: 0x000002361f000000, Narrow klass shift: 0, Narrow klass range: 0x100000000

GC Precious Log:
 CardTable entry size: 512
 CPUs: 12 total, 12 available
 Memory: 16022M
 Large Page Support: Disabled
 NUMA Support: Disabled
 Compressed Oops: Enabled (32-bit)
 Alignments: Space 512K, Generation 512K, Heap 2M
 Heap Min Capacity: 100M
 Heap Initial Capacity: 100M
 Heap Max Capacity: 2G
 Pre-touch: Disabled
 Parallel Workers: 10

Heap:
 PSYoungGen      total 21504K, used 7960K [0x00000000d5580000, 0x00000000d6d00000, 0x0000000100000000)
  eden space 20992K, 35% used [0x00000000d5580000,0x00000000d5cce2b0,0x00000000d6a00000)
  from space 512K, 93% used [0x00000000d6b00000,0x00000000d6b78010,0x00000000d6b80000)
  to   space 1536K, 0% used [0x00000000d6b80000,0x00000000d6b80000,0x00000000d6d00000)
 ParOldGen       total 68608K, used 39567K [0x0000000080000000, 0x0000000084300000, 0x00000000d5580000)
  object space 68608K, 57% used [0x0000000080000000,0x00000000826a3f90,0x0000000084300000)
 Metaspace       used 63012K, committed 64384K, reserved 1114112K
  class space    used 8024K, committed 8640K, reserved 1048576K

Card table byte_map: [0x0000023607e00000,0x0000023608210000] _byte_map_base: 0x0000023607a00000

Marking Bits: (ParMarkBitMap*) 0x00007ff9cdd4a340
 Begin Bits: [0x000002361a8d0000, 0x000002361c8d0000)
 End Bits:   [0x000002361c8d0000, 0x000002361e8d0000)

Polling page: 0x0000023607bf0000

Metaspace:

Usage:
  Non-class:     53.70 MB used.
      Class:      7.84 MB used.
       Both:     61.54 MB used.

Virtual space:
  Non-class space:       64.00 MB reserved,      54.44 MB ( 85%) committed,  1 nodes.
      Class space:        1.00 GB reserved,       8.44 MB ( <1%) committed,  1 nodes.
             Both:        1.06 GB reserved,      62.88 MB (  6%) committed. 

Chunk freelists:
   Non-Class:  9.52 MB
       Class:  7.38 MB
        Both:  16.89 MB

MaxMetaspaceSize: unlimited
CompressedClassSpaceSize: 1.00 GB
Initial GC threshold: 21.00 MB
Current GC threshold: 97.31 MB
CDS: on
 - commit_granule_bytes: 65536.
 - commit_granule_words: 8192.
 - virtual_space_node_default_size: 8388608.
 - enlarge_chunks_in_place: 1.
 - use_allocation_guard: 0.


Internal statistics:

num_allocs_failed_limit: 11.
num_arena_births: 1122.
num_arena_deaths: 24.
num_vsnodes_births: 2.
num_vsnodes_deaths: 0.
num_space_committed: 1006.
num_space_uncommitted: 0.
num_chunks_returned_to_freelist: 40.
num_chunks_taken_from_freelist: 3961.
num_chunk_merges: 14.
num_chunk_splits: 2479.
num_chunks_enlarged: 1507.
num_inconsistent_stats: 0.

CodeHeap 'non-profiled nmethods': size=120000Kb used=4269Kb max_used=4269Kb free=115730Kb
 bounds [0x00000236130f0000, 0x0000023613520000, 0x000002361a620000]
CodeHeap 'profiled nmethods': size=120000Kb used=12592Kb max_used=12775Kb free=107407Kb
 bounds [0x000002360b620000, 0x000002360c2a0000, 0x0000023612b50000]
CodeHeap 'non-nmethods': size=5760Kb used=1392Kb max_used=1451Kb free=4368Kb
 bounds [0x0000023612b50000, 0x0000023612dc0000, 0x00000236130f0000]
CodeCache: size=245760Kb, used=18253Kb, max_used=18495Kb, free=227505Kb
 total_blobs=7044, nmethods=6357, adapters=592, full_count=0
Compilation: enabled, stopped_count=0, restarted_count=0

Compilation events (20 events):
Event: 12.366 Thread 0x0000023666020c00 nmethod 7106 0x000002360ba15590 code [0x000002360ba15800, 0x000002360ba16228]
Event: 12.430 Thread 0x0000023666020c00 7107       3       java.lang.String::codePointAt (50 bytes)
Event: 12.431 Thread 0x0000023666020c00 nmethod 7107 0x000002360ba14d10 code [0x000002360ba14f00, 0x000002360ba15358]
Event: 12.431 Thread 0x0000023666011c40 7108       4       jdk.internal.util.Preconditions::checkIndex (18 bytes)
Event: 12.431 Thread 0x0000023666020c00 7109       3       java.lang.Character::codePointAt (51 bytes)
Event: 12.431 Thread 0x0000023666020c00 nmethod 7109 0x000002360ba14310 code [0x000002360ba14520, 0x000002360ba14b60]
Event: 12.431 Thread 0x0000023666020c00 7110       3       java.util.regex.Pattern$$Lambda/0x0000023620067ff0::is (5 bytes)
Event: 12.431 Thread 0x0000023666011c40 nmethod 7108 0x000002361351b390 code [0x000002361351b520, 0x000002361351b5d0]
Event: 12.431 Thread 0x0000023666020c00 nmethod 7110 0x000002360ba13e10 code [0x000002360ba13fc0, 0x000002360ba14218]
Event: 12.432 Thread 0x0000023666020c00 7111       3       java.nio.Buffer::checkIndex (16 bytes)
Event: 12.432 Thread 0x0000023666020c00 nmethod 7111 0x000002360ba13790 code [0x000002360ba13940, 0x000002360ba13aa0]
Event: 12.432 Thread 0x0000023666020c00 7112       3       java.nio.CharBuffer::charAt (16 bytes)
Event: 12.432 Thread 0x0000023666020c00 nmethod 7112 0x000002360bb96310 code [0x000002360bb964c0, 0x000002360bb96760]
Event: 12.467 Thread 0x0000023666011c40 7113       4       java.util.regex.Matcher::reset (128 bytes)
Event: 12.467 Thread 0x0000023666020c00 7114       3       java.util.Objects::checkFromToIndex (8 bytes)
Event: 12.467 Thread 0x0000023666020c00 nmethod 7114 0x000002360bb95e10 code [0x000002360bb95fc0, 0x000002360bb961e8]
Event: 12.467 Thread 0x0000023666020c00 7115       3       java.nio.HeapCharBuffer::get (15 bytes)
Event: 12.468 Thread 0x0000023666020c00 nmethod 7115 0x000002360bb95890 code [0x000002360bb95a40, 0x000002360bb95ca0]
Event: 12.468 Thread 0x0000023666020c00 7116       3       java.nio.HeapCharBuffer::ix (7 bytes)
Event: 12.468 Thread 0x0000023666020c00 nmethod 7116 0x000002360bdfa790 code [0x000002360bdfa920, 0x000002360bdfaa30]

GC Heap History (20 events):
Event: 7.382 GC heap before
{Heap before GC invocations=33 (full 3):
 PSYoungGen      total 21504K, used 20992K [0x00000000d5580000, 0x00000000d6d00000, 0x0000000100000000)
  eden space 20992K, 100% used [0x00000000d5580000,0x00000000d6a00000,0x00000000d6a00000)
  from space 512K, 0% used [0x00000000d6b80000,0x00000000d6b80000,0x00000000d6c00000)
  to   space 1024K, 0% used [0x00000000d6c00000,0x00000000d6c00000,0x00000000d6d00000)
 ParOldGen       total 68608K, used 38121K [0x0000000080000000, 0x0000000084300000, 0x00000000d5580000)
  object space 68608K, 55% used [0x0000000080000000,0x000000008253a7d8,0x0000000084300000)
 Metaspace       used 59735K, committed 61056K, reserved 1114112K
  class space    used 7565K, committed 8192K, reserved 1048576K
}
Event: 7.382 GC heap after
{Heap after GC invocations=33 (full 3):
 PSYoungGen      total 22016K, used 576K [0x00000000d5580000, 0x00000000d6d00000, 0x0000000100000000)
  eden space 20992K, 0% used [0x00000000d5580000,0x00000000d5580000,0x00000000d6a00000)
  from space 1024K, 56% used [0x00000000d6c00000,0x00000000d6c90000,0x00000000d6d00000)
  to   space 1024K, 0% used [0x00000000d6b00000,0x00000000d6b00000,0x00000000d6c00000)
 ParOldGen       total 68608K, used 38121K [0x0000000080000000, 0x0000000084300000, 0x00000000d5580000)
  object space 68608K, 55% used [0x0000000080000000,0x000000008253a7d8,0x0000000084300000)
 Metaspace       used 59735K, committed 61056K, reserved 1114112K
  class space    used 7565K, committed 8192K, reserved 1048576K
}
Event: 7.521 GC heap before
{Heap before GC invocations=34 (full 3):
 PSYoungGen      total 22016K, used 21568K [0x00000000d5580000, 0x00000000d6d00000, 0x0000000100000000)
  eden space 20992K, 100% used [0x00000000d5580000,0x00000000d6a00000,0x00000000d6a00000)
  from space 1024K, 56% used [0x00000000d6c00000,0x00000000d6c90000,0x00000000d6d00000)
  to   space 1024K, 0% used [0x00000000d6b00000,0x00000000d6b00000,0x00000000d6c00000)
 ParOldGen       total 68608K, used 38121K [0x0000000080000000, 0x0000000084300000, 0x00000000d5580000)
  object space 68608K, 55% used [0x0000000080000000,0x000000008253a7d8,0x0000000084300000)
 Metaspace       used 59963K, committed 61312K, reserved 1114112K
  class space    used 7599K, committed 8192K, reserved 1048576K
}
Event: 7.522 GC heap after
{Heap after GC invocations=34 (full 3):
 PSYoungGen      total 22016K, used 1007K [0x00000000d5580000, 0x00000000d6e00000, 0x0000000100000000)
  eden space 20992K, 0% used [0x00000000d5580000,0x00000000d5580000,0x00000000d6a00000)
  from space 1024K, 98% used [0x00000000d6b00000,0x00000000d6bfbc10,0x00000000d6c00000)
  to   space 2048K, 0% used [0x00000000d6c00000,0x00000000d6c00000,0x00000000d6e00000)
 ParOldGen       total 68608K, used 38632K [0x0000000080000000, 0x0000000084300000, 0x00000000d5580000)
  object space 68608K, 56% used [0x0000000080000000,0x00000000825ba1d8,0x0000000084300000)
 Metaspace       used 59963K, committed 61312K, reserved 1114112K
  class space    used 7599K, committed 8192K, reserved 1048576K
}
Event: 7.655 GC heap before
{Heap before GC invocations=35 (full 3):
 PSYoungGen      total 22016K, used 21999K [0x00000000d5580000, 0x00000000d6e00000, 0x0000000100000000)
  eden space 20992K, 100% used [0x00000000d5580000,0x00000000d6a00000,0x00000000d6a00000)
  from space 1024K, 98% used [0x00000000d6b00000,0x00000000d6bfbc10,0x00000000d6c00000)
  to   space 2048K, 0% used [0x00000000d6c00000,0x00000000d6c00000,0x00000000d6e00000)
 ParOldGen       total 68608K, used 38632K [0x0000000080000000, 0x0000000084300000, 0x00000000d5580000)
  object space 68608K, 56% used [0x0000000080000000,0x00000000825ba1d8,0x0000000084300000)
 Metaspace       used 59963K, committed 61312K, reserved 1114112K
  class space    used 7599K, committed 8192K, reserved 1048576K
}
Event: 7.656 GC heap after
{Heap after GC invocations=35 (full 3):
 PSYoungGen      total 22528K, used 1193K [0x00000000d5580000, 0x00000000d6d80000, 0x0000000100000000)
  eden space 20992K, 0% used [0x00000000d5580000,0x00000000d5580000,0x00000000d6a00000)
  from space 1536K, 77% used [0x00000000d6c00000,0x00000000d6d2a708,0x00000000d6d80000)
  to   space 1536K, 0% used [0x00000000d6a80000,0x00000000d6a80000,0x00000000d6c00000)
 ParOldGen       total 68608K, used 38784K [0x0000000080000000, 0x0000000084300000, 0x00000000d5580000)
  object space 68608K, 56% used [0x0000000080000000,0x00000000825e01d8,0x0000000084300000)
 Metaspace       used 59963K, committed 61312K, reserved 1114112K
  class space    used 7599K, committed 8192K, reserved 1048576K
}
Event: 7.822 GC heap before
{Heap before GC invocations=36 (full 3):
 PSYoungGen      total 22528K, used 22185K [0x00000000d5580000, 0x00000000d6d80000, 0x0000000100000000)
  eden space 20992K, 100% used [0x00000000d5580000,0x00000000d6a00000,0x00000000d6a00000)
  from space 1536K, 77% used [0x00000000d6c00000,0x00000000d6d2a708,0x00000000d6d80000)
  to   space 1536K, 0% used [0x00000000d6a80000,0x00000000d6a80000,0x00000000d6c00000)
 ParOldGen       total 68608K, used 38784K [0x0000000080000000, 0x0000000084300000, 0x00000000d5580000)
  object space 68608K, 56% used [0x0000000080000000,0x00000000825e01d8,0x0000000084300000)
 Metaspace       used 59963K, committed 61312K, reserved 1114112K
  class space    used 7599K, committed 8192K, reserved 1048576K
}
Event: 7.823 GC heap after
{Heap after GC invocations=36 (full 3):
 PSYoungGen      total 22016K, used 990K [0x00000000d5580000, 0x00000000d6d00000, 0x0000000100000000)
  eden space 20992K, 0% used [0x00000000d5580000,0x00000000d5580000,0x00000000d6a00000)
  from space 1024K, 96% used [0x00000000d6a80000,0x00000000d6b77808,0x00000000d6b80000)
  to   space 1536K, 0% used [0x00000000d6b80000,0x00000000d6b80000,0x00000000d6d00000)
 ParOldGen       total 68608K, used 38848K [0x0000000080000000, 0x0000000084300000, 0x00000000d5580000)
  object space 68608K, 56% used [0x0000000080000000,0x00000000825f01d8,0x0000000084300000)
 Metaspace       used 59963K, committed 61312K, reserved 1114112K
  class space    used 7599K, committed 8192K, reserved 1048576K
}
Event: 7.959 GC heap before
{Heap before GC invocations=37 (full 3):
 PSYoungGen      total 22016K, used 21982K [0x00000000d5580000, 0x00000000d6d00000, 0x0000000100000000)
  eden space 20992K, 100% used [0x00000000d5580000,0x00000000d6a00000,0x00000000d6a00000)
  from space 1024K, 96% used [0x00000000d6a80000,0x00000000d6b77808,0x00000000d6b80000)
  to   space 1536K, 0% used [0x00000000d6b80000,0x00000000d6b80000,0x00000000d6d00000)
 ParOldGen       total 68608K, used 38848K [0x0000000080000000, 0x0000000084300000, 0x00000000d5580000)
  object space 68608K, 56% used [0x0000000080000000,0x00000000825f01d8,0x0000000084300000)
 Metaspace       used 59963K, committed 61312K, reserved 1114112K
  class space    used 7599K, committed 8192K, reserved 1048576K
}
Event: 7.959 GC heap after
{Heap after GC invocations=37 (full 3):
 PSYoungGen      total 22016K, used 944K [0x00000000d5580000, 0x00000000d6c80000, 0x0000000100000000)
  eden space 20992K, 0% used [0x00000000d5580000,0x00000000d5580000,0x00000000d6a00000)
  from space 1024K, 92% used [0x00000000d6b80000,0x00000000d6c6c2d8,0x00000000d6c80000)
  to   space 1024K, 0% used [0x00000000d6a80000,0x00000000d6a80000,0x00000000d6b80000)
 ParOldGen       total 68608K, used 38880K [0x0000000080000000, 0x0000000084300000, 0x00000000d5580000)
  object space 68608K, 56% used [0x0000000080000000,0x00000000825f81d8,0x0000000084300000)
 Metaspace       used 59963K, committed 61312K, reserved 1114112K
  class space    used 7599K, committed 8192K, reserved 1048576K
}
Event: 8.168 GC heap before
{Heap before GC invocations=38 (full 3):
 PSYoungGen      total 22016K, used 21936K [0x00000000d5580000, 0x00000000d6c80000, 0x0000000100000000)
  eden space 20992K, 100% used [0x00000000d5580000,0x00000000d6a00000,0x00000000d6a00000)
  from space 1024K, 92% used [0x00000000d6b80000,0x00000000d6c6c2d8,0x00000000d6c80000)
  to   space 1024K, 0% used [0x00000000d6a80000,0x00000000d6a80000,0x00000000d6b80000)
 ParOldGen       total 68608K, used 38880K [0x0000000080000000, 0x0000000084300000, 0x00000000d5580000)
  object space 68608K, 56% used [0x0000000080000000,0x00000000825f81d8,0x0000000084300000)
 Metaspace       used 59963K, committed 61312K, reserved 1114112K
  class space    used 7599K, committed 8192K, reserved 1048576K
}
Event: 8.169 GC heap after
{Heap after GC invocations=38 (full 3):
 PSYoungGen      total 22016K, used 668K [0x00000000d5580000, 0x00000000d6c00000, 0x0000000100000000)
  eden space 20992K, 0% used [0x00000000d5580000,0x00000000d5580000,0x00000000d6a00000)
  from space 1024K, 65% used [0x00000000d6a80000,0x00000000d6b27228,0x00000000d6b80000)
  to   space 512K, 0% used [0x00000000d6b80000,0x00000000d6b80000,0x00000000d6c00000)
 ParOldGen       total 68608K, used 38912K [0x0000000080000000, 0x0000000084300000, 0x00000000d5580000)
  object space 68608K, 56% used [0x0000000080000000,0x00000000826001d8,0x0000000084300000)
 Metaspace       used 59963K, committed 61312K, reserved 1114112K
  class space    used 7599K, committed 8192K, reserved 1048576K
}
Event: 8.347 GC heap before
{Heap before GC invocations=39 (full 3):
 PSYoungGen      total 22016K, used 21660K [0x00000000d5580000, 0x00000000d6c00000, 0x0000000100000000)
  eden space 20992K, 100% used [0x00000000d5580000,0x00000000d6a00000,0x00000000d6a00000)
  from space 1024K, 65% used [0x00000000d6a80000,0x00000000d6b27228,0x00000000d6b80000)
  to   space 512K, 0% used [0x00000000d6b80000,0x00000000d6b80000,0x00000000d6c00000)
 ParOldGen       total 68608K, used 38912K [0x0000000080000000, 0x0000000084300000, 0x00000000d5580000)
  object space 68608K, 56% used [0x0000000080000000,0x00000000826001d8,0x0000000084300000)
 Metaspace       used 59963K, committed 61312K, reserved 1114112K
  class space    used 7599K, committed 8192K, reserved 1048576K
}
Event: 8.347 GC heap after
{Heap after GC invocations=39 (full 3):
 PSYoungGen      total 21504K, used 256K [0x00000000d5580000, 0x00000000d6c00000, 0x0000000100000000)
  eden space 20992K, 0% used [0x00000000d5580000,0x00000000d5580000,0x00000000d6a00000)
  from space 512K, 50% used [0x00000000d6b80000,0x00000000d6bc0000,0x00000000d6c00000)
  to   space 512K, 0% used [0x00000000d6b00000,0x00000000d6b00000,0x00000000d6b80000)
 ParOldGen       total 68608K, used 38944K [0x0000000080000000, 0x0000000084300000, 0x00000000d5580000)
  object space 68608K, 56% used [0x0000000080000000,0x00000000826081d8,0x0000000084300000)
 Metaspace       used 59963K, committed 61312K, reserved 1114112K
  class space    used 7599K, committed 8192K, reserved 1048576K
}
Event: 8.530 GC heap before
{Heap before GC invocations=40 (full 3):
 PSYoungGen      total 21504K, used 21226K [0x00000000d5580000, 0x00000000d6c00000, 0x0000000100000000)
  eden space 20992K, 99% used [0x00000000d5580000,0x00000000d69fa928,0x00000000d6a00000)
  from space 512K, 50% used [0x00000000d6b80000,0x00000000d6bc0000,0x00000000d6c00000)
  to   space 512K, 0% used [0x00000000d6b00000,0x00000000d6b00000,0x00000000d6b80000)
 ParOldGen       total 68608K, used 38944K [0x0000000080000000, 0x0000000084300000, 0x00000000d5580000)
  object space 68608K, 56% used [0x0000000080000000,0x00000000826081d8,0x0000000084300000)
 Metaspace       used 59963K, committed 61312K, reserved 1114112K
  class space    used 7599K, committed 8192K, reserved 1048576K
}
Event: 8.531 GC heap after
{Heap after GC invocations=40 (full 3):
 PSYoungGen      total 21504K, used 261K [0x00000000d5580000, 0x00000000d6c00000, 0x0000000100000000)
  eden space 20992K, 0% used [0x00000000d5580000,0x00000000d5580000,0x00000000d6a00000)
  from space 512K, 51% used [0x00000000d6b00000,0x00000000d6b414d8,0x00000000d6b80000)
  to   space 512K, 0% used [0x00000000d6b80000,0x00000000d6b80000,0x00000000d6c00000)
 ParOldGen       total 68608K, used 38976K [0x0000000080000000, 0x0000000084300000, 0x00000000d5580000)
  object space 68608K, 56% used [0x0000000080000000,0x00000000826101d8,0x0000000084300000)
 Metaspace       used 59963K, committed 61312K, reserved 1114112K
  class space    used 7599K, committed 8192K, reserved 1048576K
}
Event: 8.668 GC heap before
{Heap before GC invocations=41 (full 3):
 PSYoungGen      total 21504K, used 21253K [0x00000000d5580000, 0x00000000d6c00000, 0x0000000100000000)
  eden space 20992K, 100% used [0x00000000d5580000,0x00000000d6a00000,0x00000000d6a00000)
  from space 512K, 51% used [0x00000000d6b00000,0x00000000d6b414d8,0x00000000d6b80000)
  to   space 512K, 0% used [0x00000000d6b80000,0x00000000d6b80000,0x00000000d6c00000)
 ParOldGen       total 68608K, used 38976K [0x0000000080000000, 0x0000000084300000, 0x00000000d5580000)
  object space 68608K, 56% used [0x0000000080000000,0x00000000826101d8,0x0000000084300000)
 Metaspace       used 59963K, committed 61312K, reserved 1114112K
  class space    used 7599K, committed 8192K, reserved 1048576K
}
Event: 8.668 GC heap after
{Heap after GC invocations=41 (full 3):
 PSYoungGen      total 21504K, used 288K [0x00000000d5580000, 0x00000000d6c00000, 0x0000000100000000)
  eden space 20992K, 0% used [0x00000000d5580000,0x00000000d5580000,0x00000000d6a00000)
  from space 512K, 56% used [0x00000000d6b80000,0x00000000d6bc8000,0x00000000d6c00000)
  to   space 512K, 0% used [0x00000000d6b00000,0x00000000d6b00000,0x00000000d6b80000)
 ParOldGen       total 68608K, used 39068K [0x0000000080000000, 0x0000000084300000, 0x00000000d5580000)
  object space 68608K, 56% used [0x0000000080000000,0x00000000826272a8,0x0000000084300000)
 Metaspace       used 59963K, committed 61312K, reserved 1114112K
  class space    used 7599K, committed 8192K, reserved 1048576K
}
Event: 9.061 GC heap before
{Heap before GC invocations=42 (full 3):
 PSYoungGen      total 21504K, used 21280K [0x00000000d5580000, 0x00000000d6c00000, 0x0000000100000000)
  eden space 20992K, 100% used [0x00000000d5580000,0x00000000d6a00000,0x00000000d6a00000)
  from space 512K, 56% used [0x00000000d6b80000,0x00000000d6bc8000,0x00000000d6c00000)
  to   space 512K, 0% used [0x00000000d6b00000,0x00000000d6b00000,0x00000000d6b80000)
 ParOldGen       total 68608K, used 39068K [0x0000000080000000, 0x0000000084300000, 0x00000000d5580000)
  object space 68608K, 56% used [0x0000000080000000,0x00000000826272a8,0x0000000084300000)
 Metaspace       used 62564K, committed 64000K, reserved 1114112K
  class space    used 7967K, committed 8640K, reserved 1048576K
}
Event: 9.063 GC heap after
{Heap after GC invocations=42 (full 3):
 PSYoungGen      total 21504K, used 480K [0x00000000d5580000, 0x00000000d6d00000, 0x0000000100000000)
  eden space 20992K, 0% used [0x00000000d5580000,0x00000000d5580000,0x00000000d6a00000)
  from space 512K, 93% used [0x00000000d6b00000,0x00000000d6b78010,0x00000000d6b80000)
  to   space 1536K, 0% used [0x00000000d6b80000,0x00000000d6b80000,0x00000000d6d00000)
 ParOldGen       total 68608K, used 39567K [0x0000000080000000, 0x0000000084300000, 0x00000000d5580000)
  object space 68608K, 57% used [0x0000000080000000,0x00000000826a3f90,0x0000000084300000)
 Metaspace       used 62564K, committed 64000K, reserved 1114112K
  class space    used 7967K, committed 8640K, reserved 1048576K
}

Dll operation events (14 events):
Event: 0.008 Loaded shared library c:\Users\ratho\.vscode\extensions\redhat.java-1.45.0-win32-x64\jre\21.0.8-win32-x86_64\bin\java.dll
Event: 0.064 Loaded shared library c:\Users\ratho\.vscode\extensions\redhat.java-1.45.0-win32-x64\jre\21.0.8-win32-x86_64\bin\zip.dll
Event: 0.081 Loaded shared library C:\Users\ratho\.vscode\extensions\redhat.java-1.45.0-win32-x64\jre\21.0.8-win32-x86_64\bin\instrument.dll
Event: 0.085 Loaded shared library C:\Users\ratho\.vscode\extensions\redhat.java-1.45.0-win32-x64\jre\21.0.8-win32-x86_64\bin\net.dll
Event: 0.088 Loaded shared library C:\Users\ratho\.vscode\extensions\redhat.java-1.45.0-win32-x64\jre\21.0.8-win32-x86_64\bin\nio.dll
Event: 0.091 Loaded shared library C:\Users\ratho\.vscode\extensions\redhat.java-1.45.0-win32-x64\jre\21.0.8-win32-x86_64\bin\zip.dll
Event: 0.105 Loaded shared library C:\Users\ratho\.vscode\extensions\redhat.java-1.45.0-win32-x64\jre\21.0.8-win32-x86_64\bin\jimage.dll
Event: 0.179 Loaded shared library c:\Users\ratho\.vscode\extensions\redhat.java-1.45.0-win32-x64\jre\21.0.8-win32-x86_64\bin\verify.dll
Event: 1.108 Loaded shared library C:\Users\ratho\AppData\Roaming\Code\User\globalStorage\redhat.java\1.45.0\config_win\org.eclipse.equinox.launcher\org.eclipse.equinox.launcher.win32.win32.x86_64_1.2.1400.v20250801-0854\eclipse_11916.dll
Event: 2.167 Loaded shared library C:\Users\ratho\AppData\Local\Temp\jna-108285932\jna4824620817909617563.dll
Event: 4.587 Loaded shared library C:\Users\ratho\.gradle\native\1def1411415f61bf3af743bc5b6707747c0891f09f0c88961ee8f79bc544acac\windows-amd64\native-platform.dll
Event: 6.410 Loaded shared library C:\Users\ratho\.vscode\extensions\redhat.java-1.45.0-win32-x64\jre\21.0.8-win32-x86_64\bin\management.dll
Event: 6.412 Loaded shared library C:\Users\ratho\.vscode\extensions\redhat.java-1.45.0-win32-x64\jre\21.0.8-win32-x86_64\bin\management_ext.dll
Event: 8.761 Loaded shared library C:\Users\ratho\.vscode\extensions\redhat.java-1.45.0-win32-x64\jre\21.0.8-win32-x86_64\bin\extnet.dll

Deoptimization events (20 events):
Event: 12.431 Thread 0x0000023666fbab50 Uncommon trap: trap_request=0xffffffc6 fr.pc=0x00000236134a6550 relative=0x0000000000000110
Event: 12.431 Thread 0x0000023666fbab50 Uncommon trap: reason=bimorphic_or_optimized_type_check action=maybe_recompile pc=0x00000236134a6550 method=java.util.regex.Pattern.lambda$union$3(Ljava/util/regex/Pattern$CharPredicate;Ljava/util/regex/Pattern$CharPredicate;I)Z @ 12 c2
Event: 12.431 Thread 0x0000023666fbab50 DEOPT PACKING pc=0x00000236134a6550 sp=0x000000f9ca1fec10
Event: 12.431 Thread 0x0000023666fbab50 DEOPT UNPACKING pc=0x0000023612ba6da2 sp=0x000000f9ca1feb28 mode 2
Event: 12.431 Thread 0x0000023666fbab50 Uncommon trap: trap_request=0xffffff45 fr.pc=0x0000023613131b24 relative=0x00000000000006c4
Event: 12.431 Thread 0x0000023666fbab50 Uncommon trap: reason=unstable_if action=reinterpret pc=0x0000023613131b24 method=sun.nio.cs.StreamDecoder.implRead([CII)I @ 36 c2
Event: 12.431 Thread 0x0000023666fbab50 DEOPT PACKING pc=0x0000023613131b24 sp=0x000000f9ca1fece0
Event: 12.431 Thread 0x0000023666fbab50 DEOPT UNPACKING pc=0x0000023612ba6da2 sp=0x000000f9ca1fec80 mode 2
Event: 12.431 Thread 0x0000023666fbab50 Uncommon trap: trap_request=0xffffffbe fr.pc=0x0000023613397cd8 relative=0x0000000000000378
Event: 12.431 Thread 0x0000023666fbab50 Uncommon trap: reason=profile_predicate action=maybe_recompile pc=0x0000023613397cd8 method=java.util.regex.Pattern$Slice.match(Ljava/util/regex/Matcher;ILjava/lang/CharSequence;)Z @ 18 c2
Event: 12.431 Thread 0x0000023666fbab50 DEOPT PACKING pc=0x0000023613397cd8 sp=0x000000f9ca1feca0
Event: 12.431 Thread 0x0000023666fbab50 DEOPT UNPACKING pc=0x0000023612ba6da2 sp=0x000000f9ca1fec30 mode 2
Event: 12.431 Thread 0x0000023666fbab50 Uncommon trap: trap_request=0xffffffc6 fr.pc=0x00000236134420e4 relative=0x0000000000000284
Event: 12.431 Thread 0x0000023666fbab50 Uncommon trap: reason=bimorphic_or_optimized_type_check action=maybe_recompile pc=0x00000236134420e4 method=java.util.regex.Pattern$BmpCharProperty.match(Ljava/util/regex/Matcher;ILjava/lang/CharSequence;)Z @ 14 c2
Event: 12.431 Thread 0x0000023666fbab50 DEOPT PACKING pc=0x00000236134420e4 sp=0x000000f9ca1fecb0
Event: 12.431 Thread 0x0000023666fbab50 DEOPT UNPACKING pc=0x0000023612ba6da2 sp=0x000000f9ca1fec40 mode 2
Event: 12.431 Thread 0x0000023666fbab50 Uncommon trap: trap_request=0xffffffc6 fr.pc=0x00000236134a6550 relative=0x0000000000000110
Event: 12.431 Thread 0x0000023666fbab50 Uncommon trap: reason=bimorphic_or_optimized_type_check action=maybe_recompile pc=0x00000236134a6550 method=java.util.regex.Pattern.lambda$union$3(Ljava/util/regex/Pattern$CharPredicate;Ljava/util/regex/Pattern$CharPredicate;I)Z @ 12 c2
Event: 12.431 Thread 0x0000023666fbab50 DEOPT PACKING pc=0x00000236134a6550 sp=0x000000f9ca1fec10
Event: 12.431 Thread 0x0000023666fbab50 DEOPT UNPACKING pc=0x0000023612ba6da2 sp=0x000000f9ca1feb28 mode 2

Classes loaded (20 events):
Event: 9.059 Loading class java/lang/Process$PipeInputStream
Event: 9.059 Loading class java/lang/Process$PipeInputStream done
Event: 9.059 Loading class jdk/internal/event/ProcessStartEvent
Event: 9.059 Loading class jdk/internal/event/ProcessStartEvent done
Event: 9.321 Loading class java/util/EnumMap$EntrySet
Event: 9.321 Loading class java/util/EnumMap$EntrySet done
Event: 9.321 Loading class java/util/EnumMap$EntryIterator
Event: 9.321 Loading class java/util/EnumMap$EnumMapIterator
Event: 9.321 Loading class java/util/EnumMap$EnumMapIterator done
Event: 9.321 Loading class java/util/EnumMap$EntryIterator done
Event: 9.321 Loading class java/util/EnumMap$EntryIterator$Entry
Event: 9.321 Loading class java/util/EnumMap$EntryIterator$Entry done
Event: 9.470 Loading class java/lang/ProcessBuilder$NullInputStream
Event: 9.470 Loading class java/lang/ProcessBuilder$NullInputStream done
Event: 9.472 Loading class java/util/Scanner
Event: 9.473 Loading class java/util/Scanner done
Event: 9.474 Loading class java/util/Scanner$PatternLRUCache
Event: 9.474 Loading class java/util/Scanner$PatternLRUCache done
Event: 12.430 Loading class java/util/regex/Matcher$ImmutableMatchResult
Event: 12.431 Loading class java/util/regex/Matcher$ImmutableMatchResult done

Classes unloaded (12 events):
Event: 2.639 Thread 0x00000236084ee060 Unloading class 0x00000236201ad000 'java/lang/invoke/LambdaForm$MH+0x00000236201ad000'
Event: 2.639 Thread 0x00000236084ee060 Unloading class 0x00000236201acc00 'java/lang/invoke/LambdaForm$MH+0x00000236201acc00'
Event: 2.639 Thread 0x00000236084ee060 Unloading class 0x00000236201ac800 'java/lang/invoke/LambdaForm$MH+0x00000236201ac800'
Event: 2.639 Thread 0x00000236084ee060 Unloading class 0x00000236201ac400 'java/lang/invoke/LambdaForm$MH+0x00000236201ac400'
Event: 2.639 Thread 0x00000236084ee060 Unloading class 0x00000236201ac000 'java/lang/invoke/LambdaForm$BMH+0x00000236201ac000'
Event: 2.639 Thread 0x00000236084ee060 Unloading class 0x00000236201abc00 'java/lang/invoke/LambdaForm$DMH+0x00000236201abc00'
Event: 2.639 Thread 0x00000236084ee060 Unloading class 0x00000236201aa800 'java/lang/invoke/LambdaForm$DMH+0x00000236201aa800'
Event: 3.885 Thread 0x00000236084ee060 Unloading class 0x00000236203b8000 'java/lang/invoke/LambdaForm$MH+0x00000236203b8000'
Event: 3.885 Thread 0x00000236084ee060 Unloading class 0x00000236203b3400 'java/lang/invoke/LambdaForm$MH+0x00000236203b3400'
Event: 3.885 Thread 0x00000236084ee060 Unloading class 0x00000236203b2c00 'java/lang/invoke/LambdaForm$MH+0x00000236203b2c00'
Event: 3.885 Thread 0x00000236084ee060 Unloading class 0x00000236203b2400 'java/lang/invoke/LambdaForm$MH+0x00000236203b2400'
Event: 3.885 Thread 0x00000236084ee060 Unloading class 0x00000236203b2000 'java/lang/invoke/LambdaForm$DMH+0x00000236203b2000'

Classes redefined (0 events):
No events

Internal exceptions (20 events):
Event: 5.971 Thread 0x0000023669929c00 Exception <a 'sun/nio/fs/WindowsException'{0x00000000d5773868}> (0x00000000d5773868) 
thrown [s\src\hotspot\share\prims\jni.cpp, line 520]
Event: 5.971 Thread 0x0000023669929c00 Exception <a 'sun/nio/fs/WindowsException'{0x00000000d5774068}> (0x00000000d5774068) 
thrown [s\src\hotspot\share\prims\jni.cpp, line 520]
Event: 5.979 Thread 0x0000023669929c00 Exception <a 'sun/nio/fs/WindowsException'{0x00000000d5809100}> (0x00000000d5809100) 
thrown [s\src\hotspot\share\prims\jni.cpp, line 520]
Event: 6.103 Thread 0x000002366992dda0 Exception <a 'java/lang/NoSuchMethodError'{0x00000000d5fdc160}: 'java.lang.Object java.lang.invoke.DirectMethodHandle$Holder.invokeVirtual(java.lang.Object, java.lang.Object, java.lang.Object, java.lang.Object, java.lang.Object, java.lang.Object)'> (0x00000000d5fdc160) 
thrown [s\src\hotspot\share\interpreter\linkResolver.cpp, line 773]
Event: 6.214 Thread 0x000002366992dda0 Exception <a 'java/lang/NoSuchMethodError'{0x00000000d64bb8c0}: 'java.lang.Object java.lang.invoke.DirectMethodHandle$Holder.invokeVirtual(java.lang.Object, java.lang.Object, java.lang.Object, java.lang.Object, java.lang.Object, java.lang.Object, java.lang.Object)'> (0x00000000d64bb8c0) 
thrown [s\src\hotspot\share\interpreter\linkResolver.cpp, line 773]
Event: 6.312 Thread 0x000002366992dda0 Exception <a 'java/lang/NoSuchMethodError'{0x00000000d5587fc8}: 'java.lang.Object java.lang.invoke.DirectMethodHandle$Holder.invokeVirtual(java.lang.Object, java.lang.Object, java.lang.Object, java.lang.Object, java.lang.Object, java.lang.Object, java.lang.Object, java.lang.Object)'> (0x00000000d5587fc8) 
thrown [s\src\hotspot\share\interpreter\linkResolver.cpp, line 773]
Event: 6.350 Thread 0x000002366992dda0 Exception <a 'java/lang/NoSuchMethodError'{0x00000000d5900288}: 'java.lang.Object java.lang.invoke.DirectMethodHandle$Holder.invokeVirtual(java.lang.Object, java.lang.Object, java.lang.Object, java.lang.Object, java.lang.Object, java.lang.Object, java.lang.Object, java.lang.Object, java.lang.Object, java.lang.Object, java.lang.Object, java.lang.Object)'> (0x00000000d5900288) 
thrown [s\src\hotspot\share\interpreter\linkResolver.cpp, line 773]
Event: 6.356 Thread 0x000002366992dda0 Exception <a 'java/lang/NoSuchMethodError'{0x00000000d594e4c0}: 'java.lang.Object java.lang.invoke.DirectMethodHandle$Holder.invokeStatic(java.lang.Object, java.lang.Object, java.lang.Object, java.lang.Object, java.lang.Object, java.lang.Object, java.lang.Object, java.lang.Object, java.lang.Object, java.lang.Object, java.lang.Object, java.lang.Object, java.lang.Object)'> (0x00000000d594e4c0) 
thrown [s\src\hotspot\share\interpreter\linkResolver.cpp, line 773]
Event: 6.357 Thread 0x000002366992dda0 Exception <a 'java/lang/NoSuchMethodError'{0x00000000d59718a0}: 'java.lang.Object java.lang.invoke.DirectMethodHandle$Holder.invokeStatic(java.lang.Object, java.lang.Object, java.lang.Object, java.lang.Object, java.lang.Object, java.lang.Object, java.lang.Object, java.lang.Object, java.lang.Object, java.lang.Object, java.lang.Object, java.lang.Object, java.lang.Object, java.lang.Object)'> (0x00000000d59718a0) 
thrown [s\src\hotspot\share\interpreter\linkResolver.cpp, line 773]
Event: 6.517 Thread 0x0000023669929c00 Exception <a 'sun/nio/fs/WindowsException'{0x00000000d64d2218}> (0x00000000d64d2218) 
thrown [s\src\hotspot\share\prims\jni.cpp, line 520]
Event: 7.135 Thread 0x00000236692f7160 Exception <a 'java/io/FileNotFoundException'{0x00000000d60afed0}> (0x00000000d60afed0) 
thrown [s\src\hotspot\share\prims\jni.cpp, line 520]
Event: 7.136 Thread 0x00000236692f7160 Exception <a 'java/io/FileNotFoundException'{0x00000000d60b0ed0}> (0x00000000d60b0ed0) 
thrown [s\src\hotspot\share\prims\jni.cpp, line 520]
Event: 7.136 Thread 0x00000236692f7160 Exception <a 'java/io/FileNotFoundException'{0x00000000d60b1c28}> (0x00000000d60b1c28) 
thrown [s\src\hotspot\share\prims\jni.cpp, line 520]
Event: 8.852 Thread 0x000002366992b640 Exception <a 'java/lang/NoSuchMethodError'{0x00000000d5dc95d0}: 'java.lang.Object java.lang.invoke.DirectMethodHandle$Holder.invokeVirtual(java.lang.Object, java.lang.Object, java.lang.Object, java.lang.Object, java.lang.Object, java.lang.Object, java.lang.Object, java.lang.Object, java.lang.Object)'> (0x00000000d5dc95d0) 
thrown [s\src\hotspot\share\interpreter\linkResolver.cpp, line 773]
Event: 8.905 Thread 0x000002366992b640 Exception <a 'java/lang/NoSuchMethodError'{0x00000000d61fd750}: 'long java.lang.invoke.DirectMethodHandle$Holder.invokeVirtual(java.lang.Object, java.lang.Object)'> (0x00000000d61fd750) 
thrown [s\src\hotspot\share\interpreter\linkResolver.cpp, line 773]
Event: 8.906 Thread 0x000002366992b640 Exception <a 'java/lang/NoSuchMethodError'{0x00000000d6200b50}: 'long java.lang.invoke.DelegatingMethodHandle$Holder.reinvoke_L(java.lang.Object, java.lang.Object)'> (0x00000000d6200b50) 
thrown [s\src\hotspot\share\interpreter\linkResolver.cpp, line 773]
Event: 9.058 Thread 0x000002366992c360 Exception <a 'java/lang/NoSuchMethodError'{0x00000000d6995930}: 'void java.lang.invoke.DirectMethodHandle$Holder.invokeStatic(java.lang.Object, long)'> (0x00000000d6995930) 
thrown [s\src\hotspot\share\interpreter\linkResolver.cpp, line 773]
Event: 9.313 Thread 0x000002366992c360 Exception <a 'java/lang/NoSuchMethodError'{0x00000000d55fba88}: 'void java.lang.invoke.DirectMethodHandle$Holder.invokeSpecial(java.lang.Object, java.lang.Object, int)'> (0x00000000d55fba88) 
thrown [s\src\hotspot\share\interpreter\linkResolver.cpp, line 773]
Event: 9.315 Thread 0x000002366992c360 Exception <a 'java/lang/NoSuchMethodError'{0x00000000d5600eb0}: 'java.lang.Object java.lang.invoke.DirectMethodHandle$Holder.newInvokeSpecial(java.lang.Object, java.lang.Object, int)'> (0x00000000d5600eb0) 
thrown [s\src\hotspot\share\interpreter\linkResolver.cpp, line 773]
Event: 9.450 Thread 0x000002366992d710 Exception <a 'java/lang/IncompatibleClassChangeError'{0x00000000d55dfac0}: Found class java.lang.Object, but interface was expected> (0x00000000d55dfac0) 
thrown [s\src\hotspot\share\interpreter\linkResolver.cpp, line 840]

ZGC Phase Switch (0 events):
No events

VM Operations (20 events):
Event: 7.822 Executing VM operation: ParallelGCFailedAllocation (Allocation Failure)
Event: 7.823 Executing VM operation: ParallelGCFailedAllocation (Allocation Failure) done
Event: 7.959 Executing VM operation: ParallelGCFailedAllocation (Allocation Failure)
Event: 7.959 Executing VM operation: ParallelGCFailedAllocation (Allocation Failure) done
Event: 8.168 Executing VM operation: ParallelGCFailedAllocation (Allocation Failure)
Event: 8.169 Executing VM operation: ParallelGCFailedAllocation (Allocation Failure) done
Event: 8.347 Executing VM operation: ParallelGCFailedAllocation (Allocation Failure)
Event: 8.347 Executing VM operation: ParallelGCFailedAllocation (Allocation Failure) done
Event: 8.530 Executing VM operation: ParallelGCFailedAllocation (Allocation Failure)
Event: 8.531 Executing VM operation: ParallelGCFailedAllocation (Allocation Failure) done
Event: 8.668 Executing VM operation: ParallelGCFailedAllocation (Allocation Failure)
Event: 8.668 Executing VM operation: ParallelGCFailedAllocation (Allocation Failure) done
Event: 8.880 Executing VM operation: HandshakeAllThreads (Deoptimize)
Event: 8.880 Executing VM operation: HandshakeAllThreads (Deoptimize) done
Event: 9.061 Executing VM operation: ParallelGCFailedAllocation (Allocation Failure)
Event: 9.063 Executing VM operation: ParallelGCFailedAllocation (Allocation Failure) done
Event: 10.064 Executing VM operation: Cleanup
Event: 10.064 Executing VM operation: Cleanup done
Event: 11.064 Executing VM operation: Cleanup
Event: 11.064 Executing VM operation: Cleanup done

Memory protections (0 events):
No events

Nmethod flushes (20 events):
Event: 7.233 Thread 0x00000236084ee060 flushing  nmethod 0x000002360bea3b10
Event: 7.233 Thread 0x00000236084ee060 flushing  nmethod 0x000002360bea8310
Event: 7.233 Thread 0x00000236084ee060 flushing  nmethod 0x000002360beaa890
Event: 7.233 Thread 0x00000236084ee060 flushing  nmethod 0x000002360beb4510
Event: 7.233 Thread 0x00000236084ee060 flushing  nmethod 0x000002360beccb90
Event: 7.233 Thread 0x00000236084ee060 flushing  nmethod 0x000002360becea90
Event: 7.233 Thread 0x00000236084ee060 flushing  nmethod 0x000002360bedcc90
Event: 7.233 Thread 0x00000236084ee060 flushing  nmethod 0x000002360bee7710
Event: 7.233 Thread 0x00000236084ee060 flushing  nmethod 0x000002360bef1590
Event: 7.233 Thread 0x00000236084ee060 flushing  nmethod 0x000002360beff810
Event: 7.233 Thread 0x00000236084ee060 flushing  nmethod 0x000002360befff10
Event: 7.233 Thread 0x00000236084ee060 flushing  nmethod 0x000002360bf2ea10
Event: 7.233 Thread 0x00000236084ee060 flushing  nmethod 0x000002360bf31f90
Event: 7.233 Thread 0x00000236084ee060 flushing  nmethod 0x000002360bf34710
Event: 7.233 Thread 0x00000236084ee060 flushing  nmethod 0x000002360bf34b90
Event: 7.233 Thread 0x00000236084ee060 flushing  nmethod 0x000002360bf35590
Event: 7.233 Thread 0x00000236084ee060 flushing  nmethod 0x000002360bf35910
Event: 7.233 Thread 0x00000236084ee060 flushing  nmethod 0x000002360bf37910
Event: 7.233 Thread 0x00000236084ee060 flushing  nmethod 0x000002360bf42f10
Event: 7.233 Thread 0x00000236084ee060 flushing  nmethod 0x000002360bf51590

Events (20 events):
Event: 6.520 Thread 0x0000023669929c00 Thread added: 0x000002366992dda0
Event: 6.522 Thread 0x0000023669929c00 Thread added: 0x000002366992b640
Event: 6.544 Thread 0x000002366992b640 Thread exited: 0x000002366992b640
Event: 6.545 Thread 0x0000023669929c00 Thread added: 0x000002366992eac0
Event: 6.623 Thread 0x0000023669929c00 Thread added: 0x000002366992d080
Event: 6.624 Thread 0x0000023669929c00 Thread added: 0x00000236699281c0
Event: 6.644 Thread 0x00000236699281c0 Thread exited: 0x00000236699281c0
Event: 6.648 Thread 0x0000023669929c00 Thread added: 0x000002366992c9f0
Event: 6.650 Thread 0x0000023669929c00 Thread added: 0x000002366992b640
Event: 7.079 Thread 0x0000023668b78780 Thread exited: 0x0000023668b78780
Event: 7.636 Thread 0x0000023666fbab50 Thread exited: 0x0000023666fbab50
Event: 8.239 Thread 0x0000023668b37f50 Thread exited: 0x0000023668b37f50
Event: 8.920 Thread 0x000002366992b640 Thread added: 0x000002366992afb0
Event: 9.045 Thread 0x000002366992b640 Thread added: 0x000002366992c360
Event: 9.060 Thread 0x000002366992c360 Thread added: 0x00000236699281c0
Event: 9.061 Thread 0x000002366992c360 Thread added: 0x000002366992f7e0
Event: 9.461 Thread 0x000002366992b640 Thread added: 0x0000023666fbab50
Event: 9.472 Thread 0x0000023666fbab50 Thread added: 0x00000236696b2a50
Event: 9.472 Thread 0x0000023666fbab50 Thread added: 0x00000236696b30e0
Event: 9.473 Thread 0x00000236696b2a50 Thread exited: 0x00000236696b2a50


Dynamic libraries:
0x00007ff620ad0000 - 0x00007ff620ade000 	c:\Users\ratho\.vscode\extensions\redhat.java-1.45.0-win32-x64\jre\21.0.8-win32-x86_64\bin\java.exe
0x00007ffa36d50000 - 0x00007ffa36f67000 	C:\windows\SYSTEM32\ntdll.dll
0x00007ffa36380000 - 0x00007ffa36444000 	C:\windows\System32\KERNEL32.DLL
0x00007ffa33e40000 - 0x00007ffa34212000 	C:\windows\System32\KERNELBASE.dll
0x00007ffa344e0000 - 0x00007ffa345f1000 	C:\windows\System32\ucrtbase.dll
0x00007ff9fefe0000 - 0x00007ff9feff8000 	c:\Users\ratho\.vscode\extensions\redhat.java-1.45.0-win32-x64\jre\21.0.8-win32-x86_64\bin\jli.dll
0x00007ffa36990000 - 0x00007ffa36b41000 	C:\windows\System32\USER32.dll
0x00007ffa34430000 - 0x00007ffa34456000 	C:\windows\System32\win32u.dll
0x00007ffa36860000 - 0x00007ffa36889000 	C:\windows\System32\GDI32.dll
0x00007ffa348b0000 - 0x00007ffa349d3000 	C:\windows\System32\gdi32full.dll
0x00007ffa34220000 - 0x00007ffa342ba000 	C:\windows\System32\msvcp_win.dll
0x00007ffa0ff90000 - 0x00007ffa0ffae000 	c:\Users\ratho\.vscode\extensions\redhat.java-1.45.0-win32-x64\jre\21.0.8-win32-x86_64\bin\VCRUNTIME140.dll
0x00007ffa15870000 - 0x00007ffa15b0b000 	C:\windows\WinSxS\amd64_microsoft.windows.common-controls_6595b64144ccf1df_6.0.22621.5547_none_27104afb73855772\COMCTL32.dll
0x00007ffa366b0000 - 0x00007ffa36757000 	C:\windows\System32\msvcrt.dll
0x00007ffa352a0000 - 0x00007ffa352d1000 	C:\windows\System32\IMM32.DLL
0x00007ffa18360000 - 0x00007ffa1836c000 	c:\Users\ratho\.vscode\extensions\redhat.java-1.45.0-win32-x64\jre\21.0.8-win32-x86_64\bin\vcruntime140_1.dll
0x00007ff9dab80000 - 0x00007ff9dac0d000 	c:\Users\ratho\.vscode\extensions\redhat.java-1.45.0-win32-x64\jre\21.0.8-win32-x86_64\bin\msvcp140.dll
0x00007ff9cd090000 - 0x00007ff9cde27000 	c:\Users\ratho\.vscode\extensions\redhat.java-1.45.0-win32-x64\jre\21.0.8-win32-x86_64\bin\server\jvm.dll
0x00007ffa35ee0000 - 0x00007ffa35f91000 	C:\windows\System32\ADVAPI32.dll
0x00007ffa365e0000 - 0x00007ffa36688000 	C:\windows\System32\sechost.dll
0x00007ffa347c0000 - 0x00007ffa347e8000 	C:\windows\System32\bcrypt.dll
0x00007ffa35500000 - 0x00007ffa35614000 	C:\windows\System32\RPCRT4.dll
0x00007ffa36560000 - 0x00007ffa365d1000 	C:\windows\System32\WS2_32.dll
0x00007ffa32cc0000 - 0x00007ffa32d0d000 	C:\windows\SYSTEM32\POWRPROF.dll
0x00007ffa2b5e0000 - 0x00007ffa2b614000 	C:\windows\SYSTEM32\WINMM.dll
0x00007ffa2b940000 - 0x00007ffa2b94a000 	C:\windows\SYSTEM32\VERSION.dll
0x00007ffa32ca0000 - 0x00007ffa32cb3000 	C:\windows\SYSTEM32\UMPDC.dll
0x00007ffa32ec0000 - 0x00007ffa32ed8000 	C:\windows\SYSTEM32\kernel.appcore.dll
0x00007ffa15b10000 - 0x00007ffa15b1a000 	c:\Users\ratho\.vscode\extensions\redhat.java-1.45.0-win32-x64\jre\21.0.8-win32-x86_64\bin\jimage.dll
0x00007ffa31860000 - 0x00007ffa31a93000 	C:\windows\SYSTEM32\DBGHELP.DLL
0x00007ffa34f00000 - 0x00007ffa35293000 	C:\windows\System32\combase.dll
0x00007ffa362a0000 - 0x00007ffa36377000 	C:\windows\System32\OLEAUT32.dll
0x00007ffa10dc0000 - 0x00007ffa10df2000 	C:\windows\SYSTEM32\dbgcore.DLL
0x00007ffa34460000 - 0x00007ffa344db000 	C:\windows\System32\bcryptPrimitives.dll
0x00007ffa02630000 - 0x00007ffa0263f000 	c:\Users\ratho\.vscode\extensions\redhat.java-1.45.0-win32-x64\jre\21.0.8-win32-x86_64\bin\instrument.dll
0x00007ff9fce10000 - 0x00007ff9fce2f000 	c:\Users\ratho\.vscode\extensions\redhat.java-1.45.0-win32-x64\jre\21.0.8-win32-x86_64\bin\java.dll
0x00007ffa35620000 - 0x00007ffa35ec2000 	C:\windows\System32\SHELL32.dll
0x00007ffa34680000 - 0x00007ffa347bf000 	C:\windows\System32\wintypes.dll
0x00007ffa31d20000 - 0x00007ffa3263d000 	C:\windows\SYSTEM32\windows.storage.dll
0x00007ffa35fa0000 - 0x00007ffa360ac000 	C:\windows\System32\SHCORE.dll
0x00007ffa36890000 - 0x00007ffa368f9000 	C:\windows\System32\shlwapi.dll
0x00007ffa33d70000 - 0x00007ffa33d9b000 	C:\windows\SYSTEM32\profapi.dll
0x00007ff9fda10000 - 0x00007ff9fda28000 	c:\Users\ratho\.vscode\extensions\redhat.java-1.45.0-win32-x64\jre\21.0.8-win32-x86_64\bin\zip.dll
0x00007ffa14250000 - 0x00007ffa14260000 	C:\Users\ratho\.vscode\extensions\redhat.java-1.45.0-win32-x64\jre\21.0.8-win32-x86_64\bin\net.dll
0x00007ffa2b810000 - 0x00007ffa2b93c000 	C:\windows\SYSTEM32\WINHTTP.dll
0x00007ffa333e0000 - 0x00007ffa33449000 	C:\windows\system32\mswsock.dll
0x00007ff9f2610000 - 0x00007ff9f2626000 	C:\Users\ratho\.vscode\extensions\redhat.java-1.45.0-win32-x64\jre\21.0.8-win32-x86_64\bin\nio.dll
0x00007ffa02100000 - 0x00007ffa02110000 	c:\Users\ratho\.vscode\extensions\redhat.java-1.45.0-win32-x64\jre\21.0.8-win32-x86_64\bin\verify.dll
0x00007ff9e7930000 - 0x00007ff9e7974000 	C:\Users\ratho\AppData\Roaming\Code\User\globalStorage\redhat.java\1.45.0\config_win\org.eclipse.equinox.launcher\org.eclipse.equinox.launcher.win32.win32.x86_64_1.2.1400.v20250801-0854\eclipse_11916.dll
0x00007ffa35360000 - 0x00007ffa35500000 	C:\windows\System32\ole32.dll
0x00007ffa33630000 - 0x00007ffa3364b000 	C:\windows\SYSTEM32\CRYPTSP.dll
0x00007ffa32ee0000 - 0x00007ffa32f17000 	C:\windows\system32\rsaenh.dll
0x00007ffa334d0000 - 0x00007ffa334f8000 	C:\windows\SYSTEM32\USERENV.dll
0x00007ffa33650000 - 0x00007ffa3365c000 	C:\windows\SYSTEM32\CRYPTBASE.dll
0x00007ffa32920000 - 0x00007ffa3294d000 	C:\windows\SYSTEM32\IPHLPAPI.DLL
0x00007ffa36280000 - 0x00007ffa36289000 	C:\windows\System32\NSI.dll
0x00007ff9e05b0000 - 0x00007ff9e05f9000 	C:\Users\ratho\AppData\Local\Temp\jna-108285932\jna4824620817909617563.dll
0x00007ffa35ed0000 - 0x00007ffa35ed8000 	C:\windows\System32\PSAPI.DLL
0x00007ffa2b960000 - 0x00007ffa2b979000 	C:\windows\SYSTEM32\dhcpcsvc6.DLL
0x00007ffa2b5c0000 - 0x00007ffa2b5df000 	C:\windows\SYSTEM32\dhcpcsvc.DLL
0x00007ff9edcd0000 - 0x00007ff9edcf7000 	C:\Users\ratho\.gradle\native\1def1411415f61bf3af743bc5b6707747c0891f09f0c88961ee8f79bc544acac\windows-amd64\native-platform.dll
0x00007ffa107d0000 - 0x00007ffa107da000 	C:\Users\ratho\.vscode\extensions\redhat.java-1.45.0-win32-x64\jre\21.0.8-win32-x86_64\bin\management.dll
0x00007ffa0e470000 - 0x00007ffa0e47b000 	C:\Users\ratho\.vscode\extensions\redhat.java-1.45.0-win32-x64\jre\21.0.8-win32-x86_64\bin\management_ext.dll
0x00007ffa02fd0000 - 0x00007ffa02fd9000 	C:\Users\ratho\.vscode\extensions\redhat.java-1.45.0-win32-x64\jre\21.0.8-win32-x86_64\bin\extnet.dll

JVMTI agents:
c:\Users\ratho\.vscode\extensions\redhat.java-1.45.0-win32-x64\lombok\lombok-1.18.39-4050.jar path:c:\Users\ratho\.vscode\extensions\redhat.java-1.45.0-win32-x64\jre\21.0.8-win32-x86_64\bin\instrument.dll, loaded, initialized, instrumentlib options:none

dbghelp: loaded successfully - version: 4.0.5 - missing functions: none
symbol engine: initialized successfully - sym options: 0x614 - pdb path: .;c:\Users\ratho\.vscode\extensions\redhat.java-1.45.0-win32-x64\jre\21.0.8-win32-x86_64\bin;C:\windows\SYSTEM32;C:\windows\WinSxS\amd64_microsoft.windows.common-controls_6595b64144ccf1df_6.0.22621.5547_none_27104afb73855772;c:\Users\ratho\.vscode\extensions\redhat.java-1.45.0-win32-x64\jre\21.0.8-win32-x86_64\bin\server;C:\Users\ratho\AppData\Roaming\Code\User\globalStorage\redhat.java\1.45.0\config_win\org.eclipse.equinox.launcher\org.eclipse.equinox.launcher.win32.win32.x86_64_1.2.1400.v20250801-0854;C:\Users\ratho\AppData\Local\Temp\jna-108285932;C:\Users\ratho\.gradle\native\1def1411415f61bf3af743bc5b6707747c0891f09f0c88961ee8f79bc544acac\windows-amd64

VM Arguments:
jvm_args: --add-modules=ALL-SYSTEM --add-opens=java.base/java.util=ALL-UNNAMED --add-opens=java.base/java.lang=ALL-UNNAMED --add-opens=java.base/sun.nio.fs=ALL-UNNAMED -Declipse.application=org.eclipse.jdt.ls.core.id1 -Dosgi.bundles.defaultStartLevel=4 -Declipse.product=org.eclipse.jdt.ls.core.product -Djava.import.generatesMetadataFilesAtProjectRoot=false -DDetectVMInstallationsJob.disabled=true -Dfile.encoding=utf8 -XX:+UseParallelGC -XX:GCTimeRatio=4 -XX:AdaptiveSizePolicyWeight=90 -Dsun.zip.disableMemoryMapping=true -Xmx2G -Xms100m -Xlog:disable -javaagent:c:\Users\ratho\.vscode\extensions\redhat.java-1.45.0-win32-x64\lombok\lombok-1.18.39-4050.jar -XX:+HeapDumpOnOutOfMemoryError -XX:HeapDumpPath=c:\Users\ratho\AppData\Roaming\Code\User\workspaceStorage\589f9a12d44c020ea7088061edc9ccd4\redhat.java -Daether.dependencyCollector.impl=bf 
java_command: c:\Users\ratho\.vscode\extensions\redhat.java-1.45.0-win32-x64\server\plugins\org.eclipse.equinox.launcher_1.7.0.v20250519-0528.jar -configuration c:\Users\ratho\AppData\Roaming\Code\User\globalStorage\redhat.java\1.45.0\config_win -data c:\Users\ratho\AppData\Roaming\Code\User\workspaceStorage\589f9a12d44c020ea7088061edc9ccd4\redhat.java\jdt_ws --pipe=\\.\pipe\lsp-a69fc837bda419adb168ef8242c2931b-sock
java_class_path (initial): c:\Users\ratho\.vscode\extensions\redhat.java-1.45.0-win32-x64\server\plugins\org.eclipse.equinox.launcher_1.7.0.v20250519-0528.jar
Launcher Type: SUN_STANDARD

[Global flags]
    uintx AdaptiveSizePolicyWeight                 = 90                                        {product} {command line}
     intx CICompilerCount                          = 4                                         {product} {ergonomic}
    uintx GCTimeRatio                              = 4                                         {product} {command line}
     bool HeapDumpOnOutOfMemoryError               = true                                   {manageable} {command line}
    ccstr HeapDumpPath                             = c:\Users\ratho\AppData\Roaming\Code\User\workspaceStorage\589f9a12d44c020ea7088061edc9ccd4\redhat.java         {manageable} {command line}
   size_t InitialHeapSize                          = 104857600                                 {product} {command line}
   size_t MaxHeapSize                              = 2147483648                                {product} {command line}
   size_t MaxNewSize                               = 715653120                                 {product} {ergonomic}
   size_t MinHeapDeltaBytes                        = 524288                                    {product} {ergonomic}
   size_t MinHeapSize                              = 104857600                                 {product} {command line}
   size_t NewSize                                  = 34603008                                  {product} {ergonomic}
    uintx NonNMethodCodeHeapSize                   = 5839372                                {pd product} {ergonomic}
    uintx NonProfiledCodeHeapSize                  = 122909434                              {pd product} {ergonomic}
   size_t OldSize                                  = 70254592                                  {product} {ergonomic}
    uintx ProfiledCodeHeapSize                     = 122909434                              {pd product} {ergonomic}
    uintx ReservedCodeCacheSize                    = 251658240                              {pd product} {ergonomic}
     bool SegmentedCodeCache                       = true                                      {product} {ergonomic}
   size_t SoftMaxHeapSize                          = 2147483648                             {manageable} {ergonomic}
     bool UseCompressedOops                        = true                           {product lp64_product} {ergonomic}
     bool UseLargePagesIndividualAllocation        = false                                  {pd product} {ergonomic}
     bool UseParallelGC                            = true                                      {product} {command line}

Logging:
Log output configuration:
 #0: stdout all=off uptime,level,tags foldmultilines=false
 #1: stderr all=off uptime,level,tags foldmultilines=false

Environment Variables:
JAVA_HOME=C:\Users\ratho\AppData\Local\Programs\Eclipse Adoptium\jdk-17.0.11.9-hotspot\
PATH=C:\windows\system32;C:\windows;C:\windows\System32\Wbem;C:\windows\System32\WindowsPowerShell\v1.0\;C:\windows\System32\OpenSSH\;C:\Program Files (x86)\NVIDIA Corporation\PhysX\Common;C:\Program Files\NVIDIA Corporation\NVIDIA NvDLISR;C:\Program Files\MySQL\MySQL Server 8.0\bin;C:\Program Files\nodejs\;C:\Program Files\Git\cmd;C:\Program Files\Tesseract-OCR;C:\Program Files\Rust stable MSVC 1.90\bin;C:\Users\ratho\AppData\Local\Programs\Python\Python313\Scripts\;C:\Users\ratho\AppData\Local\Programs\Python\Python313\;C:\Users\ratho\AppData\Local\Programs\Python\Launcher\;d:\Trae\bin;C:\Program Files\MySQL\MySQL Shell 8.0\bin\;C:\Users\ratho\AppData\Local\Programs\Eclipse Adoptium\jdk-17.0.11.9-hotspot\bin;C:\Users\ratho\AppData\Local\Microsoft\WindowsApps;D:\Microsoft VS Code\bin;C:\Users\ratho\AppData\Roaming\npm;C:\Users\ratho\AppData\Local\Programs\cursor\resources\app\bin;C:\Users\ratho\AppData\Local\MongoDBCompass\MongoDBCompass.exe;C:\Users\ratho\OneDrive\Desktop\gradle-9.0.0\bin;C:\Users\ratho\OneDrive\Desktop\Gradle\gradle-9.0.0\bin;D:\Windsurf\bin;D:\npm-global\bin;C:\Users\ratho\AppData\Local\Programs\Microsoft VS Code\bin
USERNAME=ratho
OS=Windows_NT
PROCESSOR_IDENTIFIER=Intel64 Family 6 Model 141 Stepping 1, GenuineIntel
TMP=C:\Users\ratho\AppData\Local\Temp
TEMP=C:\Users\ratho\AppData\Local\Temp




Periodic native trim disabled

---------------  S Y S T E M  ---------------

OS:
 Windows 11 , 64 bit Build 22621 (10.0.22621.5415)
OS uptime: 5 days 0:28 hours
Hyper-V role detected

CPU: total 12 (initial active 12) (6 cores per cpu, 2 threads per core) family 6 model 141 stepping 1 microcode 0x4e, cx8, cmov, fxsr, ht, mmx, 3dnowpref, sse, sse2, sse3, ssse3, sse4.1, sse4.2, popcnt, lzcnt, tsc, tscinvbit, avx, avx2, aes, erms, clmul, bmi1, bmi2, adx, avx512f, avx512dq, avx512cd, avx512bw, avx512vl, sha, fma, vzeroupper, avx512_vpopcntdq, avx512_vpclmulqdq, avx512_vaes, avx512_vnni, clflush, clflushopt, clwb, avx512_vbmi2, avx512_vbmi, hv, rdtscp, rdpid, fsrm, gfni, avx512_bitalg, f16c, cet_ibt, cet_ss, avx512_ifma
Processor Information for the first 12 processors :
  Max Mhz: 2688, Current Mhz: 2688, Mhz Limit: 2688

Memory: 4k page, system-wide physical 16022M (1570M free)
TotalPageFile size 21671M (AvailPageFile size 153M)
current process WorkingSet (physical memory assigned to process): 243M, peak: 271M
current process commit charge ("private bytes"): 361M, peak: 381M

vm_info: OpenJDK 64-Bit Server VM (21.0.8+9-LTS) for windows-amd64 JRE (21.0.8+9-LTS), built on 2025-07-15T00:00:00Z by "admin" with MS VC++ 17.7 (VS2022)

END.
