#
# There is insufficient memory for the Java Runtime Environment to continue.
# Native memory allocation (malloc) failed to allocate 1965936 bytes. Error detail: Chunk::new
# Possible reasons:
#   The system is out of physical RAM or swap space
#   This process is running with CompressedOops enabled, and the Java Heap may be blocking the growth of the native heap
# Possible solutions:
#   Reduce memory load on the system
#   Increase physical memory or swap space
#   Check if swap backing store is full
#   Decrease Java heap size (-Xmx/-Xms)
#   Decrease number of Java threads
#   Decrease Java thread stack sizes (-Xss)
#   Set larger code cache with -XX:ReservedCodeCacheSize=
#   JVM is running with Unscaled Compressed Oops mode in which the Java heap is
#     placed in the first 4GB address space. The Java Heap base address is the
#     maximum limit for the native heap growth. Please use -XX:HeapBaseMinAddress
#     to set the Java Heap base and to place the Java Heap above 4GB virtual address.
# This output file may be truncated or incomplete.
#
#  Out of Memory Error (arena.cpp:191), pid=8880, tid=26600
#
# JRE version: OpenJDK Runtime Environment Temurin-17.0.11+9 (17.0.11+9) (build 17.0.11+9)
# Java VM: OpenJDK 64-Bit Server VM Temurin-17.0.11+9 (17.0.11+9, mixed mode, sharing, tiered, compressed oops, compressed class ptrs, g1 gc, windows-amd64)
# No core dump will be written. Minidumps are not enabled by default on client versions of Windows
#

---------------  S U M M A R Y ------------

Command Line: --add-opens=java.base/java.lang=ALL-UNNAMED --add-opens=java.base/java.lang.invoke=ALL-UNNAMED --add-opens=java.base/java.util=ALL-UNNAMED --add-opens=java.prefs/java.util.prefs=ALL-UNNAMED --add-exports=jdk.compiler/com.sun.tools.javac.api=ALL-UNNAMED --add-exports=jdk.compiler/com.sun.tools.javac.util=ALL-UNNAMED --add-opens=java.base/java.util=ALL-UNNAMED --add-opens=java.prefs/java.util.prefs=ALL-UNNAMED --add-opens=java.base/java.nio.charset=ALL-UNNAMED --add-opens=java.base/java.net=ALL-UNNAMED --add-opens=java.base/java.util.concurrent=ALL-UNNAMED --add-opens=java.base/java.util.concurrent.atomic=ALL-UNNAMED --add-opens=java.xml/javax.xml.namespace=ALL-UNNAMED -XX:MaxMetaspaceSize=384m -XX:+HeapDumpOnOutOfMemoryError -Xms256m -Xmx512m -Dfile.encoding=UTF-8 -Duser.country=IN -Duser.language=en -Duser.variant -javaagent:C:\Users\ratho\OneDrive\Desktop\Gradle\gradle-9.0.0\lib\agents\gradle-instrumentation-agent-9.0.0.jar org.gradle.launcher.daemon.bootstrap.GradleDaemon 9.0.0

Host: 11th Gen Intel(R) Core(TM) i5-11400H @ 2.70GHz, 12 cores, 15G,  Windows 11 , 64 bit Build 22621 (10.0.22621.5415)
Time: Wed Sep 24 21:13:17 2025 India Standard Time elapsed time: 9.478651 seconds (0d 0h 0m 9s)

---------------  T H R E A D  ---------------

Current thread (0x00000176ec3dd010):  JavaThread "C2 CompilerThread1" daemon [_thread_in_native, id=26600, stack(0x0000006a02100000,0x0000006a02200000)]


Current CompileTask:
C2:   9478 5140       4       org.objectweb.asm.Frame::execute (2303 bytes)

Stack: [0x0000006a02100000,0x0000006a02200000]
Native frames: (J=compiled Java code, j=interpreted, Vv=VM code, C=native code)
V  [jvm.dll+0x67d429]
V  [jvm.dll+0x834b7a]
V  [jvm.dll+0x83663e]
V  [jvm.dll+0x836ca3]
V  [jvm.dll+0x247dbf]
V  [jvm.dll+0xac534]
V  [jvm.dll+0xacb7c]
V  [jvm.dll+0x3665f2]
V  [jvm.dll+0x330bba]
V  [jvm.dll+0x33005a]
V  [jvm.dll+0x21a471]
V  [jvm.dll+0x2198b1]
V  [jvm.dll+0x1a534d]
V  [jvm.dll+0x2295cd]
V  [jvm.dll+0x22779c]
V  [jvm.dll+0x7e9d07]
V  [jvm.dll+0x7e410a]
V  [jvm.dll+0x67c315]
C  [ucrtbase.dll+0x29333]
C  [KERNEL32.DLL+0x1259d]
C  [ntdll.dll+0x5af78]


---------------  P R O C E S S  ---------------

Threads class SMR info:
_java_thread_list=0x00000176eddab8c0, length=48, elements={
0x00000176b5420430, 0x00000176d03e24b0, 0x00000176d03e3070, 0x00000176d03f6c00,
0x00000176d03f77c0, 0x00000176d03fa390, 0x00000176d03fcd60, 0x00000176d03fea20,
0x00000176d04028e0, 0x00000176d040b200, 0x00000176d0618b40, 0x00000176d0781240,
0x00000176eb012a30, 0x00000176ebd05420, 0x00000176ebe72c30, 0x00000176ebe4be90,
0x00000176ead59650, 0x00000176ead5a580, 0x00000176ead5aa90, 0x00000176ead59b60,
0x00000176ead5b4b0, 0x00000176ead5afa0, 0x00000176ead58210, 0x00000176ead58720,
0x00000176ead59140, 0x00000176ec3dd010, 0x00000176ebd73010, 0x00000176ebd711b0,
0x00000176ebd6fd70, 0x00000176ebd720e0, 0x00000176ebd725f0, 0x00000176ebd72b00,
0x00000176ebd6f860, 0x00000176ec0afc60, 0x00000176ec0b5780, 0x00000176ec0b4850,
0x00000176ec0b0b90, 0x00000176ec0b0170, 0x00000176ec0b10a0, 0x00000176edd7a6b0,
0x00000176edd79c90, 0x00000176edd7b5e0, 0x00000176ef719aa0, 0x00000176ef719590,
0x00000176ef33c580, 0x00000176ef718150, 0x00000176ef718660, 0x00000176ef718b70
}

Java Threads: ( => current thread )
  0x00000176b5420430 JavaThread "main" [_thread_blocked, id=17712, stack(0x0000006a7fa00000,0x0000006a7fb00000)]
  0x00000176d03e24b0 JavaThread "Reference Handler" daemon [_thread_blocked, id=24888, stack(0x0000006a00100000,0x0000006a00200000)]
  0x00000176d03e3070 JavaThread "Finalizer" daemon [_thread_blocked, id=20392, stack(0x0000006a00200000,0x0000006a00300000)]
  0x00000176d03f6c00 JavaThread "Signal Dispatcher" daemon [_thread_blocked, id=13092, stack(0x0000006a00300000,0x0000006a00400000)]
  0x00000176d03f77c0 JavaThread "Attach Listener" daemon [_thread_blocked, id=35580, stack(0x0000006a00400000,0x0000006a00500000)]
  0x00000176d03fa390 JavaThread "Service Thread" daemon [_thread_blocked, id=34308, stack(0x0000006a00500000,0x0000006a00600000)]
  0x00000176d03fcd60 JavaThread "Monitor Deflation Thread" daemon [_thread_blocked, id=16896, stack(0x0000006a00600000,0x0000006a00700000)]
  0x00000176d03fea20 JavaThread "C2 CompilerThread0" daemon [_thread_in_native, id=3484, stack(0x0000006a00700000,0x0000006a00800000)]
  0x00000176d04028e0 JavaThread "C1 CompilerThread0" daemon [_thread_blocked, id=844, stack(0x0000006a00800000,0x0000006a00900000)]
  0x00000176d040b200 JavaThread "Sweeper thread" daemon [_thread_blocked, id=13116, stack(0x0000006a00900000,0x0000006a00a00000)]
  0x00000176d0618b40 JavaThread "Common-Cleaner" daemon [_thread_blocked, id=23940, stack(0x0000006a00a00000,0x0000006a00b00000)]
  0x00000176d0781240 JavaThread "Notification Thread" daemon [_thread_blocked, id=22312, stack(0x0000006a00b00000,0x0000006a00c00000)]
  0x00000176eb012a30 JavaThread "Daemon health stats" [_thread_blocked, id=14200, stack(0x0000006a01500000,0x0000006a01600000)]
  0x00000176ebd05420 JavaThread "Incoming local TCP Connector on port 62720" [_thread_in_native, id=28640, stack(0x0000006a00d00000,0x0000006a00e00000)]
  0x00000176ebe72c30 JavaThread "Daemon periodic checks" [_thread_blocked, id=11016, stack(0x0000006a01600000,0x0000006a01700000)]
  0x00000176ebe4be90 JavaThread "Daemon" [_thread_blocked, id=17732, stack(0x0000006a01700000,0x0000006a01800000)]
  0x00000176ead59650 JavaThread "Handler for socket connection from /127.0.0.1:62720 to /127.0.0.1:62721" [_thread_in_native, id=31468, stack(0x0000006a01800000,0x0000006a01900000)]
  0x00000176ead5a580 JavaThread "Cancel handler" [_thread_blocked, id=13448, stack(0x0000006a01900000,0x0000006a01a00000)]
  0x00000176ead5aa90 JavaThread "Daemon worker" [_thread_in_Java, id=19176, stack(0x0000006a01a00000,0x0000006a01b00000)]
  0x00000176ead59b60 JavaThread "Asynchronous log dispatcher for DefaultDaemonConnection: socket connection from /127.0.0.1:62720 to /127.0.0.1:62721" [_thread_blocked, id=17368, stack(0x0000006a01b00000,0x0000006a01c00000)]
  0x00000176ead5b4b0 JavaThread "Stdin handler" [_thread_blocked, id=14972, stack(0x0000006a01c00000,0x0000006a01d00000)]
  0x00000176ead5afa0 JavaThread "Daemon client event forwarder" [_thread_blocked, id=28904, stack(0x0000006a01d00000,0x0000006a01e00000)]
  0x00000176ead58210 JavaThread "Cache worker for journal cache (C:\Users\ratho\.gradle\caches\journal-1)" [_thread_blocked, id=35460, stack(0x0000006a01e00000,0x0000006a01f00000)]
  0x00000176ead58720 JavaThread "File lock request listener" [_thread_in_native, id=25568, stack(0x0000006a01f00000,0x0000006a02000000)]
  0x00000176ead59140 JavaThread "Cache worker for file hash cache (C:\Users\ratho\.gradle\caches\9.0.0\fileHashes)" [_thread_blocked, id=32584, stack(0x0000006a02000000,0x0000006a02100000)]
=>0x00000176ec3dd010 JavaThread "C2 CompilerThread1" daemon [_thread_in_native, id=26600, stack(0x0000006a02100000,0x0000006a02200000)]
  0x00000176ebd73010 JavaThread "Cache worker for file hash cache (D:\Project__smart-mobile-docter-main\.gradle\9.0.0\fileHashes)" [_thread_blocked, id=28252, stack(0x0000006a02700000,0x0000006a02800000)]
  0x00000176ebd711b0 JavaThread "Cache worker for Build Output Cleanup Cache (D:\Project__smart-mobile-docter-main\.gradle\buildOutputCleanup)" [_thread_blocked, id=3568, stack(0x0000006a02800000,0x0000006a02900000)]
  0x00000176ebd6fd70 JavaThread "File watcher server" daemon [_thread_in_native, id=11192, stack(0x0000006a02900000,0x0000006a02a00000)]
  0x00000176ebd720e0 JavaThread "File watcher consumer" daemon [_thread_blocked, id=33588, stack(0x0000006a02a00000,0x0000006a02b00000)]
  0x00000176ebd725f0 JavaThread "jar transforms" [_thread_blocked, id=16272, stack(0x0000006a02b00000,0x0000006a02c00000)]
  0x00000176ebd72b00 JavaThread "jar transforms Thread 2" [_thread_blocked, id=26092, stack(0x0000006a02c00000,0x0000006a02d00000)]
  0x00000176ebd6f860 JavaThread "jar transforms Thread 3" [_thread_blocked, id=14220, stack(0x0000006a02d00000,0x0000006a02e00000)]
  0x00000176ec0afc60 JavaThread "Cache worker for checksums cache (D:\Project__smart-mobile-docter-main\.gradle\9.0.0\checksums)" [_thread_blocked, id=7204, stack(0x0000006a02600000,0x0000006a02700000)]
  0x00000176ec0b5780 JavaThread "Cache worker for file content cache (C:\Users\ratho\.gradle\caches\9.0.0\fileContent)" [_thread_blocked, id=1040, stack(0x0000006a02e00000,0x0000006a02f00000)]
  0x00000176ec0b4850 JavaThread "Cache worker for cache directory md-supplier (C:\Users\ratho\.gradle\caches\9.0.0\md-supplier)" [_thread_blocked, id=29640, stack(0x0000006a03000000,0x0000006a03100000)]
  0x00000176ec0b0b90 JavaThread "Cache worker for cache directory md-rule (C:\Users\ratho\.gradle\caches\9.0.0\md-rule)" [_thread_blocked, id=9228, stack(0x0000006a03100000,0x0000006a03200000)]
  0x00000176ec0b0170 JavaThread "jar transforms Thread 4" [_thread_blocked, id=9220, stack(0x0000006a03200000,0x0000006a03300000)]
  0x00000176ec0b10a0 JavaThread "jar transforms Thread 5" [_thread_blocked, id=27124, stack(0x0000006a03300000,0x0000006a03400000)]
  0x00000176edd7a6b0 JavaThread "jar transforms Thread 6" [_thread_blocked, id=29296, stack(0x0000006a02f00000,0x0000006a03000000)]
  0x00000176edd79c90 JavaThread "jar transforms Thread 7" [_thread_blocked, id=12800, stack(0x0000006a03500000,0x0000006a03600000)]
  0x00000176edd7b5e0 JavaThread "jar transforms Thread 8" [_thread_blocked, id=3912, stack(0x0000006a03600000,0x0000006a03700000)]
  0x00000176ef719aa0 JavaThread "jar transforms Thread 9" [_thread_blocked, id=31476, stack(0x0000006a03700000,0x0000006a03800000)]
  0x00000176ef719590 JavaThread "jar transforms Thread 10" [_thread_blocked, id=21476, stack(0x0000006a03800000,0x0000006a03900000)]
  0x00000176ef33c580 JavaThread "C2 CompilerThread2" daemon [_thread_blocked, id=16212, stack(0x0000006a03900000,0x0000006a03a00000)]
  0x00000176ef718150 JavaThread "jar transforms Thread 11" [_thread_blocked, id=10424, stack(0x0000006a03a00000,0x0000006a03b00000)]
  0x00000176ef718660 JavaThread "Problems report writer" [_thread_blocked, id=29920, stack(0x0000006a03b00000,0x0000006a03c00000)]
  0x00000176ef718b70 JavaThread "jar transforms Thread 12" [_thread_blocked, id=25020, stack(0x0000006a03c00000,0x0000006a03d00000)]

Other Threads:
  0x00000176d03dce40 VMThread "VM Thread" [stack: 0x0000006a00000000,0x0000006a00100000] [id=21832]
  0x00000176d0781930 WatcherThread [stack: 0x0000006a00c00000,0x0000006a00d00000] [id=22500]
  0x00000176b544f390 GCTaskThread "GC Thread#0" [stack: 0x0000006a7fb00000,0x0000006a7fc00000] [id=12580]
  0x00000176ea8524d0 GCTaskThread "GC Thread#1" [stack: 0x0000006a00f00000,0x0000006a01000000] [id=35172]
  0x00000176ea852790 GCTaskThread "GC Thread#2" [stack: 0x0000006a01000000,0x0000006a01100000] [id=30272]
  0x00000176ea644430 GCTaskThread "GC Thread#3" [stack: 0x0000006a01100000,0x0000006a01200000] [id=17012]
  0x00000176ea6446f0 GCTaskThread "GC Thread#4" [stack: 0x0000006a01200000,0x0000006a01300000] [id=23536]
  0x00000176ea1a1e80 GCTaskThread "GC Thread#5" [stack: 0x0000006a01300000,0x0000006a01400000] [id=27604]
  0x00000176ebd258b0 GCTaskThread "GC Thread#6" [stack: 0x0000006a00e00000,0x0000006a00f00000] [id=30912]
  0x00000176ebd25b70 GCTaskThread "GC Thread#7" [stack: 0x0000006a01400000,0x0000006a01500000] [id=9864]
  0x00000176ea3f0bd0 GCTaskThread "GC Thread#8" [stack: 0x0000006a02200000,0x0000006a02300000] [id=25348]
  0x00000176ebdea450 GCTaskThread "GC Thread#9" [stack: 0x0000006a02300000,0x0000006a02400000] [id=35092]
  0x00000176b54542e0 ConcurrentGCThread "G1 Main Marker" [stack: 0x0000006a7fc00000,0x0000006a7fd00000] [id=2520]
  0x00000176b5454d00 ConcurrentGCThread "G1 Conc#0" [stack: 0x0000006a7fd00000,0x0000006a7fe00000] [id=26028]
  0x00000176ee16bb90 ConcurrentGCThread "G1 Conc#1" [stack: 0x0000006a02400000,0x0000006a02500000] [id=25120]
  0x00000176ecaadaa0 ConcurrentGCThread "G1 Conc#2" [stack: 0x0000006a02500000,0x0000006a02600000] [id=9332]
  0x00000176b54cd570 ConcurrentGCThread "G1 Refine#0" [stack: 0x0000006a7fe00000,0x0000006a7ff00000] [id=5628]
  0x00000176ecf36b80 ConcurrentGCThread "G1 Refine#1" [stack: 0x0000006a03400000,0x0000006a03500000] [id=16856]
  0x00000176b54cdfa0 ConcurrentGCThread "G1 Service" [stack: 0x0000006a7ff00000,0x0000006a80000000] [id=4348]

Threads with active compile tasks:
C2 CompilerThread0     9511 5148   !   4       java.lang.ClassLoader::loadClass (121 bytes)
C2 CompilerThread1     9511 5140       4       org.objectweb.asm.Frame::execute (2303 bytes)

VM state: not at safepoint (normal execution)

VM Mutex/Monitor currently owned by a thread: None

Heap address: 0x00000000e0000000, size: 512 MB, Compressed Oops mode: 32-bit

CDS archive(s) mapped at: [0x00000176d1000000-0x00000176d1bb0000-0x00000176d1bb0000), size 12255232, SharedBaseAddress: 0x00000176d1000000, ArchiveRelocationMode: 1.
Compressed class space mapped at: 0x00000176d2000000-0x00000176e6000000, reserved size: 335544320
Narrow klass base: 0x00000176d1000000, Narrow klass shift: 0, Narrow klass range: 0x100000000

GC Precious Log:
 CPUs: 12 total, 12 available
 Memory: 16022M
 Large Page Support: Disabled
 NUMA Support: Disabled
 Compressed Oops: Enabled (32-bit)
 Heap Region Size: 1M
 Heap Min Capacity: 256M
 Heap Initial Capacity: 256M
 Heap Max Capacity: 512M
 Pre-touch: Disabled
 Parallel Workers: 10
 Concurrent Workers: 3
 Concurrent Refinement Workers: 10
 Periodic GC: Disabled

Heap:
 garbage-first heap   total 262144K, used 139552K [0x00000000e0000000, 0x0000000100000000)
  region size 1024K, 109 young (111616K), 1 survivors (1024K)
 Metaspace       used 45513K, committed 46144K, reserved 393216K
  class space    used 6436K, committed 6720K, reserved 327680K

Heap Regions: E=young(eden), S=young(survivor), O=old, HS=humongous(starts), HC=humongous(continues), CS=collection set, F=free, OA=open archive, CA=closed archive, TAMS=top-at-mark-start (previous, next)
|   0|0x00000000e0000000, 0x00000000e0100000, 0x00000000e0100000|100%| O|  |TAMS 0x00000000e0100000, 0x00000000e0000000| Untracked 
|   1|0x00000000e0100000, 0x00000000e0100000, 0x00000000e0200000|  0%| F|  |TAMS 0x00000000e0100000, 0x00000000e0100000| Untracked 
|   2|0x00000000e0200000, 0x00000000e0300000, 0x00000000e0300000|100%|HS|  |TAMS 0x00000000e0300000, 0x00000000e0200000| Complete 
|   3|0x00000000e0300000, 0x00000000e0400000, 0x00000000e0400000|100%|HC|  |TAMS 0x00000000e0400000, 0x00000000e0300000| Complete 
|   4|0x00000000e0400000, 0x00000000e0500000, 0x00000000e0500000|100%|HC|  |TAMS 0x00000000e0500000, 0x00000000e0400000| Complete 
|   5|0x00000000e0500000, 0x00000000e0600000, 0x00000000e0600000|100%| O|  |TAMS 0x00000000e0600000, 0x00000000e0500000| Untracked 
|   6|0x00000000e0600000, 0x00000000e0700000, 0x00000000e0700000|100%| O|  |TAMS 0x00000000e0700000, 0x00000000e0600000| Untracked 
|   7|0x00000000e0700000, 0x00000000e0800000, 0x00000000e0800000|100%| O|  |TAMS 0x00000000e0800000, 0x00000000e0700000| Untracked 
|   8|0x00000000e0800000, 0x00000000e0900000, 0x00000000e0900000|100%|HS|  |TAMS 0x00000000e0900000, 0x00000000e0800000| Complete 
|   9|0x00000000e0900000, 0x00000000e0a00000, 0x00000000e0a00000|100%| O|  |TAMS 0x00000000e0a00000, 0x00000000e0900000| Untracked 
|  10|0x00000000e0a00000, 0x00000000e0b00000, 0x00000000e0b00000|100%| O|  |TAMS 0x00000000e0b00000, 0x00000000e0a00000| Untracked 
|  11|0x00000000e0b00000, 0x00000000e0c00000, 0x00000000e0c00000|100%| O|  |TAMS 0x00000000e0c00000, 0x00000000e0b00000| Untracked 
|  12|0x00000000e0c00000, 0x00000000e0d00000, 0x00000000e0d00000|100%| O|  |TAMS 0x00000000e0d00000, 0x00000000e0c00000| Untracked 
|  13|0x00000000e0d00000, 0x00000000e0e00000, 0x00000000e0e00000|100%| O|  |TAMS 0x00000000e0e00000, 0x00000000e0d00000| Untracked 
|  14|0x00000000e0e00000, 0x00000000e0f00000, 0x00000000e0f00000|100%| O|  |TAMS 0x00000000e0f00000, 0x00000000e0e00000| Untracked 
|  15|0x00000000e0f00000, 0x00000000e1000000, 0x00000000e1000000|100%| O|  |TAMS 0x00000000e1000000, 0x00000000e0f00000| Untracked 
|  16|0x00000000e1000000, 0x00000000e1100000, 0x00000000e1100000|100%| O|  |TAMS 0x00000000e1100000, 0x00000000e1000000| Untracked 
|  17|0x00000000e1100000, 0x00000000e1200000, 0x00000000e1200000|100%| O|  |TAMS 0x00000000e1200000, 0x00000000e1100000| Untracked 
|  18|0x00000000e1200000, 0x00000000e1300000, 0x00000000e1300000|100%| O|  |TAMS 0x00000000e1300000, 0x00000000e1200000| Untracked 
|  19|0x00000000e1300000, 0x00000000e1400000, 0x00000000e1400000|100%| O|  |TAMS 0x00000000e1400000, 0x00000000e1300000| Untracked 
|  20|0x00000000e1400000, 0x00000000e1500000, 0x00000000e1500000|100%| O|  |TAMS 0x00000000e1500000, 0x00000000e1400000| Untracked 
|  21|0x00000000e1500000, 0x00000000e1600000, 0x00000000e1600000|100%| O|  |TAMS 0x00000000e1600000, 0x00000000e1500000| Untracked 
|  22|0x00000000e1600000, 0x00000000e1700000, 0x00000000e1700000|100%| O|  |TAMS 0x00000000e1700000, 0x00000000e1600000| Untracked 
|  23|0x00000000e1700000, 0x00000000e1800000, 0x00000000e1800000|100%| O|  |TAMS 0x00000000e1800000, 0x00000000e1700000| Untracked 
|  24|0x00000000e1800000, 0x00000000e1900000, 0x00000000e1900000|100%| O|  |TAMS 0x00000000e1900000, 0x00000000e1800000| Untracked 
|  25|0x00000000e1900000, 0x00000000e1a00000, 0x00000000e1a00000|100%| O|  |TAMS 0x00000000e1a00000, 0x00000000e1900000| Untracked 
|  26|0x00000000e1a00000, 0x00000000e1b00000, 0x00000000e1b00000|100%| O|  |TAMS 0x00000000e1b00000, 0x00000000e1a00000| Untracked 
|  27|0x00000000e1b00000, 0x00000000e1c00000, 0x00000000e1c00000|100%| O|  |TAMS 0x00000000e1c00000, 0x00000000e1b00000| Untracked 
|  28|0x00000000e1c00000, 0x00000000e1d00000, 0x00000000e1d00000|100%| O|  |TAMS 0x00000000e1d00000, 0x00000000e1c00000| Untracked 
|  29|0x00000000e1d00000, 0x00000000e1e00000, 0x00000000e1e00000|100%| O|  |TAMS 0x00000000e1e00000, 0x00000000e1d00000| Untracked 
|  30|0x00000000e1e00000, 0x00000000e1ebf600, 0x00000000e1f00000| 74%| O|  |TAMS 0x00000000e1ebf600, 0x00000000e1e00000| Untracked 
|  31|0x00000000e1f00000, 0x00000000e1f00000, 0x00000000e2000000|  0%| F|  |TAMS 0x00000000e1f00000, 0x00000000e1f00000| Untracked 
|  32|0x00000000e2000000, 0x00000000e2000000, 0x00000000e2100000|  0%| F|  |TAMS 0x00000000e2000000, 0x00000000e2000000| Untracked 
|  33|0x00000000e2100000, 0x00000000e2100000, 0x00000000e2200000|  0%| F|  |TAMS 0x00000000e2100000, 0x00000000e2100000| Untracked 
|  34|0x00000000e2200000, 0x00000000e2200000, 0x00000000e2300000|  0%| F|  |TAMS 0x00000000e2200000, 0x00000000e2200000| Untracked 
|  35|0x00000000e2300000, 0x00000000e2300000, 0x00000000e2400000|  0%| F|  |TAMS 0x00000000e2300000, 0x00000000e2300000| Untracked 
|  36|0x00000000e2400000, 0x00000000e2400000, 0x00000000e2500000|  0%| F|  |TAMS 0x00000000e2400000, 0x00000000e2400000| Untracked 
|  37|0x00000000e2500000, 0x00000000e2500000, 0x00000000e2600000|  0%| F|  |TAMS 0x00000000e2500000, 0x00000000e2500000| Untracked 
|  38|0x00000000e2600000, 0x00000000e2600000, 0x00000000e2700000|  0%| F|  |TAMS 0x00000000e2600000, 0x00000000e2600000| Untracked 
|  39|0x00000000e2700000, 0x00000000e2700000, 0x00000000e2800000|  0%| F|  |TAMS 0x00000000e2700000, 0x00000000e2700000| Untracked 
|  40|0x00000000e2800000, 0x00000000e2800000, 0x00000000e2900000|  0%| F|  |TAMS 0x00000000e2800000, 0x00000000e2800000| Untracked 
|  41|0x00000000e2900000, 0x00000000e2900000, 0x00000000e2a00000|  0%| F|  |TAMS 0x00000000e2900000, 0x00000000e2900000| Untracked 
|  42|0x00000000e2a00000, 0x00000000e2a00000, 0x00000000e2b00000|  0%| F|  |TAMS 0x00000000e2a00000, 0x00000000e2a00000| Untracked 
|  43|0x00000000e2b00000, 0x00000000e2b00000, 0x00000000e2c00000|  0%| F|  |TAMS 0x00000000e2b00000, 0x00000000e2b00000| Untracked 
|  44|0x00000000e2c00000, 0x00000000e2c00000, 0x00000000e2d00000|  0%| F|  |TAMS 0x00000000e2c00000, 0x00000000e2c00000| Untracked 
|  45|0x00000000e2d00000, 0x00000000e2d00000, 0x00000000e2e00000|  0%| F|  |TAMS 0x00000000e2d00000, 0x00000000e2d00000| Untracked 
|  46|0x00000000e2e00000, 0x00000000e2e00000, 0x00000000e2f00000|  0%| F|  |TAMS 0x00000000e2e00000, 0x00000000e2e00000| Untracked 
|  47|0x00000000e2f00000, 0x00000000e2f00000, 0x00000000e3000000|  0%| F|  |TAMS 0x00000000e2f00000, 0x00000000e2f00000| Untracked 
|  48|0x00000000e3000000, 0x00000000e3000000, 0x00000000e3100000|  0%| F|  |TAMS 0x00000000e3000000, 0x00000000e3000000| Untracked 
|  49|0x00000000e3100000, 0x00000000e3100000, 0x00000000e3200000|  0%| F|  |TAMS 0x00000000e3100000, 0x00000000e3100000| Untracked 
|  50|0x00000000e3200000, 0x00000000e3200000, 0x00000000e3300000|  0%| F|  |TAMS 0x00000000e3200000, 0x00000000e3200000| Untracked 
|  51|0x00000000e3300000, 0x00000000e3300000, 0x00000000e3400000|  0%| F|  |TAMS 0x00000000e3300000, 0x00000000e3300000| Untracked 
|  52|0x00000000e3400000, 0x00000000e3400000, 0x00000000e3500000|  0%| F|  |TAMS 0x00000000e3400000, 0x00000000e3400000| Untracked 
|  53|0x00000000e3500000, 0x00000000e3500000, 0x00000000e3600000|  0%| F|  |TAMS 0x00000000e3500000, 0x00000000e3500000| Untracked 
|  54|0x00000000e3600000, 0x00000000e3600000, 0x00000000e3700000|  0%| F|  |TAMS 0x00000000e3600000, 0x00000000e3600000| Untracked 
|  55|0x00000000e3700000, 0x00000000e3700000, 0x00000000e3800000|  0%| F|  |TAMS 0x00000000e3700000, 0x00000000e3700000| Untracked 
|  56|0x00000000e3800000, 0x00000000e3800000, 0x00000000e3900000|  0%| F|  |TAMS 0x00000000e3800000, 0x00000000e3800000| Untracked 
|  57|0x00000000e3900000, 0x00000000e3900000, 0x00000000e3a00000|  0%| F|  |TAMS 0x00000000e3900000, 0x00000000e3900000| Untracked 
|  58|0x00000000e3a00000, 0x00000000e3a00000, 0x00000000e3b00000|  0%| F|  |TAMS 0x00000000e3a00000, 0x00000000e3a00000| Untracked 
|  59|0x00000000e3b00000, 0x00000000e3b00000, 0x00000000e3c00000|  0%| F|  |TAMS 0x00000000e3b00000, 0x00000000e3b00000| Untracked 
|  60|0x00000000e3c00000, 0x00000000e3c00000, 0x00000000e3d00000|  0%| F|  |TAMS 0x00000000e3c00000, 0x00000000e3c00000| Untracked 
|  61|0x00000000e3d00000, 0x00000000e3d00000, 0x00000000e3e00000|  0%| F|  |TAMS 0x00000000e3d00000, 0x00000000e3d00000| Untracked 
|  62|0x00000000e3e00000, 0x00000000e3e00000, 0x00000000e3f00000|  0%| F|  |TAMS 0x00000000e3e00000, 0x00000000e3e00000| Untracked 
|  63|0x00000000e3f00000, 0x00000000e3f00000, 0x00000000e4000000|  0%| F|  |TAMS 0x00000000e3f00000, 0x00000000e3f00000| Untracked 
|  64|0x00000000e4000000, 0x00000000e4000000, 0x00000000e4100000|  0%| F|  |TAMS 0x00000000e4000000, 0x00000000e4000000| Untracked 
|  65|0x00000000e4100000, 0x00000000e4100000, 0x00000000e4200000|  0%| F|  |TAMS 0x00000000e4100000, 0x00000000e4100000| Untracked 
|  66|0x00000000e4200000, 0x00000000e4200000, 0x00000000e4300000|  0%| F|  |TAMS 0x00000000e4200000, 0x00000000e4200000| Untracked 
|  67|0x00000000e4300000, 0x00000000e4300000, 0x00000000e4400000|  0%| F|  |TAMS 0x00000000e4300000, 0x00000000e4300000| Untracked 
|  68|0x00000000e4400000, 0x00000000e4400000, 0x00000000e4500000|  0%| F|  |TAMS 0x00000000e4400000, 0x00000000e4400000| Untracked 
|  69|0x00000000e4500000, 0x00000000e4500000, 0x00000000e4600000|  0%| F|  |TAMS 0x00000000e4500000, 0x00000000e4500000| Untracked 
|  70|0x00000000e4600000, 0x00000000e4600000, 0x00000000e4700000|  0%| F|  |TAMS 0x00000000e4600000, 0x00000000e4600000| Untracked 
|  71|0x00000000e4700000, 0x00000000e4700000, 0x00000000e4800000|  0%| F|  |TAMS 0x00000000e4700000, 0x00000000e4700000| Untracked 
|  72|0x00000000e4800000, 0x00000000e4800000, 0x00000000e4900000|  0%| F|  |TAMS 0x00000000e4800000, 0x00000000e4800000| Untracked 
|  73|0x00000000e4900000, 0x00000000e4900000, 0x00000000e4a00000|  0%| F|  |TAMS 0x00000000e4900000, 0x00000000e4900000| Untracked 
|  74|0x00000000e4a00000, 0x00000000e4a00000, 0x00000000e4b00000|  0%| F|  |TAMS 0x00000000e4a00000, 0x00000000e4a00000| Untracked 
|  75|0x00000000e4b00000, 0x00000000e4b00000, 0x00000000e4c00000|  0%| F|  |TAMS 0x00000000e4b00000, 0x00000000e4b00000| Untracked 
|  76|0x00000000e4c00000, 0x00000000e4c00000, 0x00000000e4d00000|  0%| F|  |TAMS 0x00000000e4c00000, 0x00000000e4c00000| Untracked 
|  77|0x00000000e4d00000, 0x00000000e4d00000, 0x00000000e4e00000|  0%| F|  |TAMS 0x00000000e4d00000, 0x00000000e4d00000| Untracked 
|  78|0x00000000e4e00000, 0x00000000e4e00000, 0x00000000e4f00000|  0%| F|  |TAMS 0x00000000e4e00000, 0x00000000e4e00000| Untracked 
|  79|0x00000000e4f00000, 0x00000000e4f00000, 0x00000000e5000000|  0%| F|  |TAMS 0x00000000e4f00000, 0x00000000e4f00000| Untracked 
|  80|0x00000000e5000000, 0x00000000e5000000, 0x00000000e5100000|  0%| F|  |TAMS 0x00000000e5000000, 0x00000000e5000000| Untracked 
|  81|0x00000000e5100000, 0x00000000e5100000, 0x00000000e5200000|  0%| F|  |TAMS 0x00000000e5100000, 0x00000000e5100000| Untracked 
|  82|0x00000000e5200000, 0x00000000e5200000, 0x00000000e5300000|  0%| F|  |TAMS 0x00000000e5200000, 0x00000000e5200000| Untracked 
|  83|0x00000000e5300000, 0x00000000e5300000, 0x00000000e5400000|  0%| F|  |TAMS 0x00000000e5300000, 0x00000000e5300000| Untracked 
|  84|0x00000000e5400000, 0x00000000e5400000, 0x00000000e5500000|  0%| F|  |TAMS 0x00000000e5400000, 0x00000000e5400000| Untracked 
|  85|0x00000000e5500000, 0x00000000e5500000, 0x00000000e5600000|  0%| F|  |TAMS 0x00000000e5500000, 0x00000000e5500000| Untracked 
|  86|0x00000000e5600000, 0x00000000e5600000, 0x00000000e5700000|  0%| F|  |TAMS 0x00000000e5600000, 0x00000000e5600000| Untracked 
|  87|0x00000000e5700000, 0x00000000e5700000, 0x00000000e5800000|  0%| F|  |TAMS 0x00000000e5700000, 0x00000000e5700000| Untracked 
|  88|0x00000000e5800000, 0x00000000e5800000, 0x00000000e5900000|  0%| F|  |TAMS 0x00000000e5800000, 0x00000000e5800000| Untracked 
|  89|0x00000000e5900000, 0x00000000e5900000, 0x00000000e5a00000|  0%| F|  |TAMS 0x00000000e5900000, 0x00000000e5900000| Untracked 
|  90|0x00000000e5a00000, 0x00000000e5a00000, 0x00000000e5b00000|  0%| F|  |TAMS 0x00000000e5a00000, 0x00000000e5a00000| Untracked 
|  91|0x00000000e5b00000, 0x00000000e5b00000, 0x00000000e5c00000|  0%| F|  |TAMS 0x00000000e5b00000, 0x00000000e5b00000| Untracked 
|  92|0x00000000e5c00000, 0x00000000e5c00000, 0x00000000e5d00000|  0%| F|  |TAMS 0x00000000e5c00000, 0x00000000e5c00000| Untracked 
|  93|0x00000000e5d00000, 0x00000000e5d00000, 0x00000000e5e00000|  0%| F|  |TAMS 0x00000000e5d00000, 0x00000000e5d00000| Untracked 
|  94|0x00000000e5e00000, 0x00000000e5e00000, 0x00000000e5f00000|  0%| F|  |TAMS 0x00000000e5e00000, 0x00000000e5e00000| Untracked 
|  95|0x00000000e5f00000, 0x00000000e5f00000, 0x00000000e6000000|  0%| F|  |TAMS 0x00000000e5f00000, 0x00000000e5f00000| Untracked 
|  96|0x00000000e6000000, 0x00000000e6000000, 0x00000000e6100000|  0%| F|  |TAMS 0x00000000e6000000, 0x00000000e6000000| Untracked 
|  97|0x00000000e6100000, 0x00000000e6100000, 0x00000000e6200000|  0%| F|  |TAMS 0x00000000e6100000, 0x00000000e6100000| Untracked 
|  98|0x00000000e6200000, 0x00000000e6200000, 0x00000000e6300000|  0%| F|  |TAMS 0x00000000e6200000, 0x00000000e6200000| Untracked 
|  99|0x00000000e6300000, 0x00000000e6300000, 0x00000000e6400000|  0%| F|  |TAMS 0x00000000e6300000, 0x00000000e6300000| Untracked 
| 100|0x00000000e6400000, 0x00000000e6400000, 0x00000000e6500000|  0%| F|  |TAMS 0x00000000e6400000, 0x00000000e6400000| Untracked 
| 101|0x00000000e6500000, 0x00000000e6500000, 0x00000000e6600000|  0%| F|  |TAMS 0x00000000e6500000, 0x00000000e6500000| Untracked 
| 102|0x00000000e6600000, 0x00000000e6600000, 0x00000000e6700000|  0%| F|  |TAMS 0x00000000e6600000, 0x00000000e6600000| Untracked 
| 103|0x00000000e6700000, 0x00000000e6700000, 0x00000000e6800000|  0%| F|  |TAMS 0x00000000e6700000, 0x00000000e6700000| Untracked 
| 104|0x00000000e6800000, 0x00000000e6800000, 0x00000000e6900000|  0%| F|  |TAMS 0x00000000e6800000, 0x00000000e6800000| Untracked 
| 105|0x00000000e6900000, 0x00000000e6900000, 0x00000000e6a00000|  0%| F|  |TAMS 0x00000000e6900000, 0x00000000e6900000| Untracked 
| 106|0x00000000e6a00000, 0x00000000e6a00000, 0x00000000e6b00000|  0%| F|  |TAMS 0x00000000e6a00000, 0x00000000e6a00000| Untracked 
| 107|0x00000000e6b00000, 0x00000000e6b00000, 0x00000000e6c00000|  0%| F|  |TAMS 0x00000000e6b00000, 0x00000000e6b00000| Untracked 
| 108|0x00000000e6c00000, 0x00000000e6c00000, 0x00000000e6d00000|  0%| F|  |TAMS 0x00000000e6c00000, 0x00000000e6c00000| Untracked 
| 109|0x00000000e6d00000, 0x00000000e6d00000, 0x00000000e6e00000|  0%| F|  |TAMS 0x00000000e6d00000, 0x00000000e6d00000| Untracked 
| 110|0x00000000e6e00000, 0x00000000e6e00000, 0x00000000e6f00000|  0%| F|  |TAMS 0x00000000e6e00000, 0x00000000e6e00000| Untracked 
| 111|0x00000000e6f00000, 0x00000000e6f00000, 0x00000000e7000000|  0%| F|  |TAMS 0x00000000e6f00000, 0x00000000e6f00000| Untracked 
| 112|0x00000000e7000000, 0x00000000e7000000, 0x00000000e7100000|  0%| F|  |TAMS 0x00000000e7000000, 0x00000000e7000000| Untracked 
| 113|0x00000000e7100000, 0x00000000e7100000, 0x00000000e7200000|  0%| F|  |TAMS 0x00000000e7100000, 0x00000000e7100000| Untracked 
| 114|0x00000000e7200000, 0x00000000e7200000, 0x00000000e7300000|  0%| F|  |TAMS 0x00000000e7200000, 0x00000000e7200000| Untracked 
| 115|0x00000000e7300000, 0x00000000e7300000, 0x00000000e7400000|  0%| F|  |TAMS 0x00000000e7300000, 0x00000000e7300000| Untracked 
| 116|0x00000000e7400000, 0x00000000e7400000, 0x00000000e7500000|  0%| F|  |TAMS 0x00000000e7400000, 0x00000000e7400000| Untracked 
| 117|0x00000000e7500000, 0x00000000e7500000, 0x00000000e7600000|  0%| F|  |TAMS 0x00000000e7500000, 0x00000000e7500000| Untracked 
| 118|0x00000000e7600000, 0x00000000e7600000, 0x00000000e7700000|  0%| F|  |TAMS 0x00000000e7600000, 0x00000000e7600000| Untracked 
| 119|0x00000000e7700000, 0x00000000e7700000, 0x00000000e7800000|  0%| F|  |TAMS 0x00000000e7700000, 0x00000000e7700000| Untracked 
| 120|0x00000000e7800000, 0x00000000e7800000, 0x00000000e7900000|  0%| F|  |TAMS 0x00000000e7800000, 0x00000000e7800000| Untracked 
| 121|0x00000000e7900000, 0x00000000e7900000, 0x00000000e7a00000|  0%| F|  |TAMS 0x00000000e7900000, 0x00000000e7900000| Untracked 
| 122|0x00000000e7a00000, 0x00000000e7a00000, 0x00000000e7b00000|  0%| F|  |TAMS 0x00000000e7a00000, 0x00000000e7a00000| Untracked 
| 123|0x00000000e7b00000, 0x00000000e7b00000, 0x00000000e7c00000|  0%| F|  |TAMS 0x00000000e7b00000, 0x00000000e7b00000| Untracked 
| 124|0x00000000e7c00000, 0x00000000e7c00000, 0x00000000e7d00000|  0%| F|  |TAMS 0x00000000e7c00000, 0x00000000e7c00000| Untracked 
| 125|0x00000000e7d00000, 0x00000000e7d00000, 0x00000000e7e00000|  0%| F|  |TAMS 0x00000000e7d00000, 0x00000000e7d00000| Untracked 
| 126|0x00000000e7e00000, 0x00000000e7e00000, 0x00000000e7f00000|  0%| F|  |TAMS 0x00000000e7e00000, 0x00000000e7e00000| Untracked 
| 127|0x00000000e7f00000, 0x00000000e7f00000, 0x00000000e8000000|  0%| F|  |TAMS 0x00000000e7f00000, 0x00000000e7f00000| Untracked 
| 128|0x00000000e8000000, 0x00000000e8000000, 0x00000000e8100000|  0%| F|  |TAMS 0x00000000e8000000, 0x00000000e8000000| Untracked 
| 129|0x00000000e8100000, 0x00000000e8100000, 0x00000000e8200000|  0%| F|  |TAMS 0x00000000e8100000, 0x00000000e8100000| Untracked 
| 130|0x00000000e8200000, 0x00000000e8200000, 0x00000000e8300000|  0%| F|  |TAMS 0x00000000e8200000, 0x00000000e8200000| Untracked 
| 131|0x00000000e8300000, 0x00000000e8300000, 0x00000000e8400000|  0%| F|  |TAMS 0x00000000e8300000, 0x00000000e8300000| Untracked 
| 132|0x00000000e8400000, 0x00000000e8400000, 0x00000000e8500000|  0%| F|  |TAMS 0x00000000e8400000, 0x00000000e8400000| Untracked 
| 133|0x00000000e8500000, 0x00000000e8500000, 0x00000000e8600000|  0%| F|  |TAMS 0x00000000e8500000, 0x00000000e8500000| Untracked 
| 134|0x00000000e8600000, 0x00000000e8600000, 0x00000000e8700000|  0%| F|  |TAMS 0x00000000e8600000, 0x00000000e8600000| Untracked 
| 135|0x00000000e8700000, 0x00000000e8700000, 0x00000000e8800000|  0%| F|  |TAMS 0x00000000e8700000, 0x00000000e8700000| Untracked 
| 136|0x00000000e8800000, 0x00000000e8800000, 0x00000000e8900000|  0%| F|  |TAMS 0x00000000e8800000, 0x00000000e8800000| Untracked 
| 137|0x00000000e8900000, 0x00000000e8900000, 0x00000000e8a00000|  0%| F|  |TAMS 0x00000000e8900000, 0x00000000e8900000| Untracked 
| 138|0x00000000e8a00000, 0x00000000e8a00000, 0x00000000e8b00000|  0%| F|  |TAMS 0x00000000e8a00000, 0x00000000e8a00000| Untracked 
| 139|0x00000000e8b00000, 0x00000000e8b00000, 0x00000000e8c00000|  0%| F|  |TAMS 0x00000000e8b00000, 0x00000000e8b00000| Untracked 
| 140|0x00000000e8c00000, 0x00000000e8c00000, 0x00000000e8d00000|  0%| F|  |TAMS 0x00000000e8c00000, 0x00000000e8c00000| Untracked 
| 141|0x00000000e8d00000, 0x00000000e8d00000, 0x00000000e8e00000|  0%| F|  |TAMS 0x00000000e8d00000, 0x00000000e8d00000| Untracked 
| 142|0x00000000e8e00000, 0x00000000e8e00000, 0x00000000e8f00000|  0%| F|  |TAMS 0x00000000e8e00000, 0x00000000e8e00000| Untracked 
| 143|0x00000000e8f00000, 0x00000000e8f00000, 0x00000000e9000000|  0%| F|  |TAMS 0x00000000e8f00000, 0x00000000e8f00000| Untracked 
| 144|0x00000000e9000000, 0x00000000e9000000, 0x00000000e9100000|  0%| F|  |TAMS 0x00000000e9000000, 0x00000000e9000000| Untracked 
| 145|0x00000000e9100000, 0x00000000e9100000, 0x00000000e9200000|  0%| F|  |TAMS 0x00000000e9100000, 0x00000000e9100000| Untracked 
| 146|0x00000000e9200000, 0x00000000e9200000, 0x00000000e9300000|  0%| F|  |TAMS 0x00000000e9200000, 0x00000000e9200000| Untracked 
| 147|0x00000000e9300000, 0x00000000e9400000, 0x00000000e9400000|100%| E|  |TAMS 0x00000000e9300000, 0x00000000e9300000| Complete 
| 148|0x00000000e9400000, 0x00000000e9500000, 0x00000000e9500000|100%| E|CS|TAMS 0x00000000e9400000, 0x00000000e9400000| Complete 
| 149|0x00000000e9500000, 0x00000000e9600000, 0x00000000e9600000|100%| E|CS|TAMS 0x00000000e9500000, 0x00000000e9500000| Complete 
| 150|0x00000000e9600000, 0x00000000e9700000, 0x00000000e9700000|100%| E|CS|TAMS 0x00000000e9600000, 0x00000000e9600000| Complete 
| 151|0x00000000e9700000, 0x00000000e9800000, 0x00000000e9800000|100%| E|CS|TAMS 0x00000000e9700000, 0x00000000e9700000| Complete 
| 152|0x00000000e9800000, 0x00000000e9900000, 0x00000000e9900000|100%| E|CS|TAMS 0x00000000e9800000, 0x00000000e9800000| Complete 
| 153|0x00000000e9900000, 0x00000000e9a00000, 0x00000000e9a00000|100%| E|CS|TAMS 0x00000000e9900000, 0x00000000e9900000| Complete 
| 154|0x00000000e9a00000, 0x00000000e9b00000, 0x00000000e9b00000|100%| E|CS|TAMS 0x00000000e9a00000, 0x00000000e9a00000| Complete 
| 155|0x00000000e9b00000, 0x00000000e9c00000, 0x00000000e9c00000|100%| E|CS|TAMS 0x00000000e9b00000, 0x00000000e9b00000| Complete 
| 156|0x00000000e9c00000, 0x00000000e9d00000, 0x00000000e9d00000|100%| E|CS|TAMS 0x00000000e9c00000, 0x00000000e9c00000| Complete 
| 157|0x00000000e9d00000, 0x00000000e9e00000, 0x00000000e9e00000|100%| E|CS|TAMS 0x00000000e9d00000, 0x00000000e9d00000| Complete 
| 158|0x00000000e9e00000, 0x00000000e9f00000, 0x00000000e9f00000|100%| E|CS|TAMS 0x00000000e9e00000, 0x00000000e9e00000| Complete 
| 159|0x00000000e9f00000, 0x00000000ea000000, 0x00000000ea000000|100%| E|CS|TAMS 0x00000000e9f00000, 0x00000000e9f00000| Complete 
| 160|0x00000000ea000000, 0x00000000ea100000, 0x00000000ea100000|100%| E|CS|TAMS 0x00000000ea000000, 0x00000000ea000000| Complete 
| 161|0x00000000ea100000, 0x00000000ea200000, 0x00000000ea200000|100%| E|CS|TAMS 0x00000000ea100000, 0x00000000ea100000| Complete 
| 162|0x00000000ea200000, 0x00000000ea300000, 0x00000000ea300000|100%| E|CS|TAMS 0x00000000ea200000, 0x00000000ea200000| Complete 
| 163|0x00000000ea300000, 0x00000000ea400000, 0x00000000ea400000|100%| E|CS|TAMS 0x00000000ea300000, 0x00000000ea300000| Complete 
| 164|0x00000000ea400000, 0x00000000ea500000, 0x00000000ea500000|100%| E|CS|TAMS 0x00000000ea400000, 0x00000000ea400000| Complete 
| 165|0x00000000ea500000, 0x00000000ea600000, 0x00000000ea600000|100%| E|CS|TAMS 0x00000000ea500000, 0x00000000ea500000| Complete 
| 166|0x00000000ea600000, 0x00000000ea700000, 0x00000000ea700000|100%| E|CS|TAMS 0x00000000ea600000, 0x00000000ea600000| Complete 
| 167|0x00000000ea700000, 0x00000000ea800000, 0x00000000ea800000|100%| E|CS|TAMS 0x00000000ea700000, 0x00000000ea700000| Complete 
| 168|0x00000000ea800000, 0x00000000ea900000, 0x00000000ea900000|100%| E|CS|TAMS 0x00000000ea800000, 0x00000000ea800000| Complete 
| 169|0x00000000ea900000, 0x00000000eaa00000, 0x00000000eaa00000|100%| E|CS|TAMS 0x00000000ea900000, 0x00000000ea900000| Complete 
| 170|0x00000000eaa00000, 0x00000000eab00000, 0x00000000eab00000|100%| E|CS|TAMS 0x00000000eaa00000, 0x00000000eaa00000| Complete 
| 171|0x00000000eab00000, 0x00000000eac00000, 0x00000000eac00000|100%| E|CS|TAMS 0x00000000eab00000, 0x00000000eab00000| Complete 
| 172|0x00000000eac00000, 0x00000000ead00000, 0x00000000ead00000|100%| E|CS|TAMS 0x00000000eac00000, 0x00000000eac00000| Complete 
| 173|0x00000000ead00000, 0x00000000eae00000, 0x00000000eae00000|100%| E|CS|TAMS 0x00000000ead00000, 0x00000000ead00000| Complete 
| 174|0x00000000eae00000, 0x00000000eaf00000, 0x00000000eaf00000|100%| E|CS|TAMS 0x00000000eae00000, 0x00000000eae00000| Complete 
| 175|0x00000000eaf00000, 0x00000000eb000000, 0x00000000eb000000|100%| E|CS|TAMS 0x00000000eaf00000, 0x00000000eaf00000| Complete 
| 176|0x00000000eb000000, 0x00000000eb100000, 0x00000000eb100000|100%| E|CS|TAMS 0x00000000eb000000, 0x00000000eb000000| Complete 
| 177|0x00000000eb100000, 0x00000000eb200000, 0x00000000eb200000|100%| E|CS|TAMS 0x00000000eb100000, 0x00000000eb100000| Complete 
| 178|0x00000000eb200000, 0x00000000eb300000, 0x00000000eb300000|100%| E|CS|TAMS 0x00000000eb200000, 0x00000000eb200000| Complete 
| 179|0x00000000eb300000, 0x00000000eb400000, 0x00000000eb400000|100%| E|CS|TAMS 0x00000000eb300000, 0x00000000eb300000| Complete 
| 180|0x00000000eb400000, 0x00000000eb500000, 0x00000000eb500000|100%| E|CS|TAMS 0x00000000eb400000, 0x00000000eb400000| Complete 
| 181|0x00000000eb500000, 0x00000000eb600000, 0x00000000eb600000|100%| E|CS|TAMS 0x00000000eb500000, 0x00000000eb500000| Complete 
| 182|0x00000000eb600000, 0x00000000eb700000, 0x00000000eb700000|100%| E|CS|TAMS 0x00000000eb600000, 0x00000000eb600000| Complete 
| 183|0x00000000eb700000, 0x00000000eb800000, 0x00000000eb800000|100%| E|CS|TAMS 0x00000000eb700000, 0x00000000eb700000| Complete 
| 184|0x00000000eb800000, 0x00000000eb900000, 0x00000000eb900000|100%| E|CS|TAMS 0x00000000eb800000, 0x00000000eb800000| Complete 
| 185|0x00000000eb900000, 0x00000000eba00000, 0x00000000eba00000|100%| E|CS|TAMS 0x00000000eb900000, 0x00000000eb900000| Complete 
| 186|0x00000000eba00000, 0x00000000ebb00000, 0x00000000ebb00000|100%| E|CS|TAMS 0x00000000eba00000, 0x00000000eba00000| Complete 
| 187|0x00000000ebb00000, 0x00000000ebc00000, 0x00000000ebc00000|100%| E|CS|TAMS 0x00000000ebb00000, 0x00000000ebb00000| Complete 
| 188|0x00000000ebc00000, 0x00000000ebd00000, 0x00000000ebd00000|100%| E|CS|TAMS 0x00000000ebc00000, 0x00000000ebc00000| Complete 
| 189|0x00000000ebd00000, 0x00000000ebe00000, 0x00000000ebe00000|100%| E|CS|TAMS 0x00000000ebd00000, 0x00000000ebd00000| Complete 
| 190|0x00000000ebe00000, 0x00000000ebf00000, 0x00000000ebf00000|100%| E|CS|TAMS 0x00000000ebe00000, 0x00000000ebe00000| Complete 
| 191|0x00000000ebf00000, 0x00000000ec000000, 0x00000000ec000000|100%| E|CS|TAMS 0x00000000ebf00000, 0x00000000ebf00000| Complete 
| 192|0x00000000ec000000, 0x00000000ec100000, 0x00000000ec100000|100%| E|CS|TAMS 0x00000000ec000000, 0x00000000ec000000| Complete 
| 193|0x00000000ec100000, 0x00000000ec200000, 0x00000000ec200000|100%| E|CS|TAMS 0x00000000ec100000, 0x00000000ec100000| Complete 
| 194|0x00000000ec200000, 0x00000000ec300000, 0x00000000ec300000|100%| E|CS|TAMS 0x00000000ec200000, 0x00000000ec200000| Complete 
| 195|0x00000000ec300000, 0x00000000ec400000, 0x00000000ec400000|100%| E|CS|TAMS 0x00000000ec300000, 0x00000000ec300000| Complete 
| 196|0x00000000ec400000, 0x00000000ec500000, 0x00000000ec500000|100%| E|CS|TAMS 0x00000000ec400000, 0x00000000ec400000| Complete 
| 197|0x00000000ec500000, 0x00000000ec600000, 0x00000000ec600000|100%| E|CS|TAMS 0x00000000ec500000, 0x00000000ec500000| Complete 
| 198|0x00000000ec600000, 0x00000000ec700000, 0x00000000ec700000|100%| E|CS|TAMS 0x00000000ec600000, 0x00000000ec600000| Complete 
| 199|0x00000000ec700000, 0x00000000ec800000, 0x00000000ec800000|100%| E|CS|TAMS 0x00000000ec700000, 0x00000000ec700000| Complete 
| 200|0x00000000ec800000, 0x00000000ec900000, 0x00000000ec900000|100%| E|CS|TAMS 0x00000000ec800000, 0x00000000ec800000| Complete 
| 201|0x00000000ec900000, 0x00000000eca00000, 0x00000000eca00000|100%| E|CS|TAMS 0x00000000ec900000, 0x00000000ec900000| Complete 
| 202|0x00000000eca00000, 0x00000000ecb00000, 0x00000000ecb00000|100%| E|CS|TAMS 0x00000000eca00000, 0x00000000eca00000| Complete 
| 203|0x00000000ecb00000, 0x00000000ecc00000, 0x00000000ecc00000|100%| E|CS|TAMS 0x00000000ecb00000, 0x00000000ecb00000| Complete 
| 204|0x00000000ecc00000, 0x00000000ecd00000, 0x00000000ecd00000|100%| E|CS|TAMS 0x00000000ecc00000, 0x00000000ecc00000| Complete 
| 205|0x00000000ecd00000, 0x00000000ece00000, 0x00000000ece00000|100%| E|CS|TAMS 0x00000000ecd00000, 0x00000000ecd00000| Complete 
| 206|0x00000000ece00000, 0x00000000ecf00000, 0x00000000ecf00000|100%| E|CS|TAMS 0x00000000ece00000, 0x00000000ece00000| Complete 
| 207|0x00000000ecf00000, 0x00000000ed000000, 0x00000000ed000000|100%| E|CS|TAMS 0x00000000ecf00000, 0x00000000ecf00000| Complete 
| 208|0x00000000ed000000, 0x00000000ed100000, 0x00000000ed100000|100%| E|CS|TAMS 0x00000000ed000000, 0x00000000ed000000| Complete 
| 209|0x00000000ed100000, 0x00000000ed200000, 0x00000000ed200000|100%| E|CS|TAMS 0x00000000ed100000, 0x00000000ed100000| Complete 
| 210|0x00000000ed200000, 0x00000000ed300000, 0x00000000ed300000|100%| E|CS|TAMS 0x00000000ed200000, 0x00000000ed200000| Complete 
| 211|0x00000000ed300000, 0x00000000ed400000, 0x00000000ed400000|100%| E|CS|TAMS 0x00000000ed300000, 0x00000000ed300000| Complete 
| 212|0x00000000ed400000, 0x00000000ed500000, 0x00000000ed500000|100%| E|CS|TAMS 0x00000000ed400000, 0x00000000ed400000| Complete 
| 213|0x00000000ed500000, 0x00000000ed600000, 0x00000000ed600000|100%| E|CS|TAMS 0x00000000ed500000, 0x00000000ed500000| Complete 
| 214|0x00000000ed600000, 0x00000000ed700000, 0x00000000ed700000|100%| E|CS|TAMS 0x00000000ed600000, 0x00000000ed600000| Complete 
| 215|0x00000000ed700000, 0x00000000ed800000, 0x00000000ed800000|100%| E|CS|TAMS 0x00000000ed700000, 0x00000000ed700000| Complete 
| 216|0x00000000ed800000, 0x00000000ed900000, 0x00000000ed900000|100%| E|CS|TAMS 0x00000000ed800000, 0x00000000ed800000| Complete 
| 217|0x00000000ed900000, 0x00000000eda00000, 0x00000000eda00000|100%| E|CS|TAMS 0x00000000ed900000, 0x00000000ed900000| Complete 
| 218|0x00000000eda00000, 0x00000000edb00000, 0x00000000edb00000|100%| E|CS|TAMS 0x00000000eda00000, 0x00000000eda00000| Complete 
| 219|0x00000000edb00000, 0x00000000edc00000, 0x00000000edc00000|100%| E|  |TAMS 0x00000000edb00000, 0x00000000edb00000| Complete 
| 220|0x00000000edc00000, 0x00000000edd00000, 0x00000000edd00000|100%| E|CS|TAMS 0x00000000edc00000, 0x00000000edc00000| Complete 
| 221|0x00000000edd00000, 0x00000000ede00000, 0x00000000ede00000|100%| E|CS|TAMS 0x00000000edd00000, 0x00000000edd00000| Complete 
| 222|0x00000000ede00000, 0x00000000edf00000, 0x00000000edf00000|100%| E|CS|TAMS 0x00000000ede00000, 0x00000000ede00000| Complete 
| 223|0x00000000edf00000, 0x00000000ee000000, 0x00000000ee000000|100%| E|CS|TAMS 0x00000000edf00000, 0x00000000edf00000| Complete 
| 224|0x00000000ee000000, 0x00000000ee100000, 0x00000000ee100000|100%| E|CS|TAMS 0x00000000ee000000, 0x00000000ee000000| Complete 
| 225|0x00000000ee100000, 0x00000000ee200000, 0x00000000ee200000|100%| E|CS|TAMS 0x00000000ee100000, 0x00000000ee100000| Complete 
| 226|0x00000000ee200000, 0x00000000ee300000, 0x00000000ee300000|100%| E|CS|TAMS 0x00000000ee200000, 0x00000000ee200000| Complete 
| 227|0x00000000ee300000, 0x00000000ee400000, 0x00000000ee400000|100%| E|CS|TAMS 0x00000000ee300000, 0x00000000ee300000| Complete 
| 228|0x00000000ee400000, 0x00000000ee500000, 0x00000000ee500000|100%| E|CS|TAMS 0x00000000ee400000, 0x00000000ee400000| Complete 
| 229|0x00000000ee500000, 0x00000000ee600000, 0x00000000ee600000|100%| E|CS|TAMS 0x00000000ee500000, 0x00000000ee500000| Complete 
| 230|0x00000000ee600000, 0x00000000ee700000, 0x00000000ee700000|100%| E|CS|TAMS 0x00000000ee600000, 0x00000000ee600000| Complete 
| 231|0x00000000ee700000, 0x00000000ee800000, 0x00000000ee800000|100%| E|CS|TAMS 0x00000000ee700000, 0x00000000ee700000| Complete 
| 232|0x00000000ee800000, 0x00000000ee900000, 0x00000000ee900000|100%| E|CS|TAMS 0x00000000ee800000, 0x00000000ee800000| Complete 
| 233|0x00000000ee900000, 0x00000000eea00000, 0x00000000eea00000|100%| E|CS|TAMS 0x00000000ee900000, 0x00000000ee900000| Complete 
| 234|0x00000000eea00000, 0x00000000eeb00000, 0x00000000eeb00000|100%| E|CS|TAMS 0x00000000eea00000, 0x00000000eea00000| Complete 
| 235|0x00000000eeb00000, 0x00000000eec00000, 0x00000000eec00000|100%| E|CS|TAMS 0x00000000eeb00000, 0x00000000eeb00000| Complete 
| 236|0x00000000eec00000, 0x00000000eed00000, 0x00000000eed00000|100%| E|CS|TAMS 0x00000000eec00000, 0x00000000eec00000| Complete 
| 237|0x00000000eed00000, 0x00000000eee00000, 0x00000000eee00000|100%| E|CS|TAMS 0x00000000eed00000, 0x00000000eed00000| Complete 
| 238|0x00000000eee00000, 0x00000000eef00000, 0x00000000eef00000|100%| E|CS|TAMS 0x00000000eee00000, 0x00000000eee00000| Complete 
| 239|0x00000000eef00000, 0x00000000ef000000, 0x00000000ef000000|100%| E|CS|TAMS 0x00000000eef00000, 0x00000000eef00000| Complete 
| 240|0x00000000ef000000, 0x00000000ef100000, 0x00000000ef100000|100%| E|CS|TAMS 0x00000000ef000000, 0x00000000ef000000| Complete 
| 241|0x00000000ef100000, 0x00000000ef200000, 0x00000000ef200000|100%| E|CS|TAMS 0x00000000ef100000, 0x00000000ef100000| Complete 
| 242|0x00000000ef200000, 0x00000000ef300000, 0x00000000ef300000|100%| E|CS|TAMS 0x00000000ef200000, 0x00000000ef200000| Complete 
| 243|0x00000000ef300000, 0x00000000ef400000, 0x00000000ef400000|100%| E|CS|TAMS 0x00000000ef300000, 0x00000000ef300000| Complete 
| 244|0x00000000ef400000, 0x00000000ef500000, 0x00000000ef500000|100%| E|CS|TAMS 0x00000000ef400000, 0x00000000ef400000| Complete 
| 245|0x00000000ef500000, 0x00000000ef600000, 0x00000000ef600000|100%| E|CS|TAMS 0x00000000ef500000, 0x00000000ef500000| Complete 
| 246|0x00000000ef600000, 0x00000000ef700000, 0x00000000ef700000|100%| E|CS|TAMS 0x00000000ef600000, 0x00000000ef600000| Complete 
| 247|0x00000000ef700000, 0x00000000ef800000, 0x00000000ef800000|100%| E|CS|TAMS 0x00000000ef700000, 0x00000000ef700000| Complete 
| 248|0x00000000ef800000, 0x00000000ef900000, 0x00000000ef900000|100%| E|CS|TAMS 0x00000000ef800000, 0x00000000ef800000| Complete 
| 249|0x00000000ef900000, 0x00000000efa00000, 0x00000000efa00000|100%| E|CS|TAMS 0x00000000ef900000, 0x00000000ef900000| Complete 
| 250|0x00000000efa00000, 0x00000000efa88d00, 0x00000000efb00000| 53%| S|CS|TAMS 0x00000000efa00000, 0x00000000efa00000| Complete 
| 251|0x00000000efb00000, 0x00000000efc00000, 0x00000000efc00000|100%| E|CS|TAMS 0x00000000efb00000, 0x00000000efb00000| Complete 
| 252|0x00000000efc00000, 0x00000000efd00000, 0x00000000efd00000|100%| E|CS|TAMS 0x00000000efc00000, 0x00000000efc00000| Complete 
| 253|0x00000000efd00000, 0x00000000efe00000, 0x00000000efe00000|100%| E|CS|TAMS 0x00000000efd00000, 0x00000000efd00000| Complete 
| 254|0x00000000efe00000, 0x00000000eff00000, 0x00000000eff00000|100%| E|CS|TAMS 0x00000000efe00000, 0x00000000efe00000| Complete 
| 255|0x00000000eff00000, 0x00000000f0000000, 0x00000000f0000000|100%| E|CS|TAMS 0x00000000eff00000, 0x00000000eff00000| Complete 

Card table byte_map: [0x00000176cc590000,0x00000176cc690000] _byte_map_base: 0x00000176cbe90000

Marking Bits (Prev, Next): (CMBitMap*) 0x00000176b544f9b0, (CMBitMap*) 0x00000176b544f9f0
 Prev Bits: [0x00000176cc790000, 0x00000176ccf90000)
 Next Bits: [0x00000176ccf90000, 0x00000176cd790000)

Polling page: 0x00000176b3370000

Metaspace:

Usage:
  Non-class:     38.20 MB used.
      Class:      6.29 MB used.
       Both:     44.49 MB used.

Virtual space:
  Non-class space:       64.00 MB reserved,      38.56 MB ( 60%) committed,  1 nodes.
      Class space:      320.00 MB reserved,       6.62 MB (  2%) committed,  1 nodes.
             Both:      384.00 MB reserved,      45.19 MB ( 12%) committed. 

Chunk freelists:
   Non-Class:  8.98 MB
       Class:  9.44 MB
        Both:  18.42 MB

MaxMetaspaceSize: 384.00 MB
CompressedClassSpaceSize: 320.00 MB
Initial GC threshold: 21.00 MB
Current GC threshold: 59.38 MB
CDS: on
MetaspaceReclaimPolicy: balanced
 - commit_granule_bytes: 65536.
 - commit_granule_words: 8192.
 - virtual_space_node_default_size: 8388608.
 - enlarge_chunks_in_place: 1.
 - new_chunks_are_fully_committed: 0.
 - uncommit_free_chunks: 1.
 - use_allocation_guard: 0.
 - handle_deallocations: 1.


Internal statistics:

num_allocs_failed_limit: 9.
num_arena_births: 850.
num_arena_deaths: 0.
num_vsnodes_births: 2.
num_vsnodes_deaths: 0.
num_space_committed: 723.
num_space_uncommitted: 0.
num_chunks_returned_to_freelist: 9.
num_chunks_taken_from_freelist: 2744.
num_chunk_merges: 6.
num_chunk_splits: 1763.
num_chunks_enlarged: 1131.
num_inconsistent_stats: 0.

CodeHeap 'non-profiled nmethods': size=120000Kb used=2836Kb max_used=3087Kb free=117163Kb
 bounds [0x00000176c4a10000, 0x00000176c4d20000, 0x00000176cbf40000]
CodeHeap 'profiled nmethods': size=120000Kb used=9024Kb max_used=9652Kb free=110975Kb
 bounds [0x00000176bcf40000, 0x00000176bd8d0000, 0x00000176c4470000]
CodeHeap 'non-nmethods': size=5760Kb used=1647Kb max_used=1681Kb free=4112Kb
 bounds [0x00000176c4470000, 0x00000176c46e0000, 0x00000176c4a10000]
 total_blobs=5133 nmethods=4425 adapters=620
 compilation: enabled
              stopped_count=0, restarted_count=0
 full_count=0

Compilation events (20 events):
Event: 9.388 Thread 0x00000176d03fea20 nmethod 5144 0x00000176c4b84510 code [0x00000176c4b84680, 0x00000176c4b84718]
Event: 9.389 Thread 0x00000176d04028e0 nmethod 5145 0x00000176bd1b4490 code [0x00000176bd1b4840, 0x00000176bd1b62d8]
Event: 9.409 Thread 0x00000176d04028e0 5146       3       java.lang.invoke.MethodHandles::constant (88 bytes)
Event: 9.410 Thread 0x00000176d04028e0 nmethod 5146 0x00000176bd684010 code [0x00000176bd684300, 0x00000176bd685278]
Event: 9.435 Thread 0x00000176d03fea20 5147       4       java.lang.Throwable::<init> (39 bytes)
Event: 9.442 Thread 0x00000176d03fea20 nmethod 5147 0x00000176c4b83890 code [0x00000176c4b83a40, 0x00000176c4b841a8]
Event: 9.442 Thread 0x00000176d03fea20 5148   !   4       java.lang.ClassLoader::loadClass (121 bytes)
Event: 9.454 Thread 0x00000176ef33c580 nmethod 5109 0x00000176c4bb4790 code [0x00000176c4bb4bc0, 0x00000176c4bb9c10]
Event: 9.456 Thread 0x00000176ef33c580 5149       4       sun.invoke.util.VerifyAccess::isTypeVisible (118 bytes)
Event: 9.456 Thread 0x00000176d04028e0 5151       3       java.lang.invoke.DirectMethodHandle$Special::<init> (16 bytes)
Event: 9.456 Thread 0x00000176d04028e0 nmethod 5151 0x00000176bd683c10 code [0x00000176bd683dc0, 0x00000176bd683f68]
Event: 9.465 Thread 0x00000176ef33c580 nmethod 5149 0x00000176c4bd0810 code [0x00000176c4bd09e0, 0x00000176c4bd0d68]
Event: 9.465 Thread 0x00000176ef33c580 5150       4       java.lang.Class::forName (47 bytes)
Event: 9.466 Thread 0x00000176ef33c580 nmethod 5150 0x00000176c4bd0510 code [0x00000176c4bd06a0, 0x00000176c4bd0748]
Event: 9.476 Thread 0x00000176d04028e0 5152       1       org.gradle.api.attributes.Attribute::getName (5 bytes)
Event: 9.476 Thread 0x00000176ef33c580 5154       4       org.gradle.internal.Cast::uncheckedCast (2 bytes)
Event: 9.476 Thread 0x00000176d04028e0 nmethod 5152 0x00000176c4bd0210 code [0x00000176c4bd03a0, 0x00000176c4bd0478]
Event: 9.476 Thread 0x00000176d04028e0 5153       3       com.google.common.collect.ImmutableList::asImmutableList (7 bytes)
Event: 9.476 Thread 0x00000176d04028e0 nmethod 5153 0x00000176bcffbe90 code [0x00000176bcffc020, 0x00000176bcffc148]
Event: 9.477 Thread 0x00000176ef33c580 nmethod 5154 0x00000176c4bcff10 code [0x00000176c4bd0080, 0x00000176c4bd00d8]

GC Heap History (14 events):
Event: 0.664 GC heap before
{Heap before GC invocations=0 (full 0):
 garbage-first heap   total 262144K, used 22528K [0x00000000e0000000, 0x0000000100000000)
  region size 1024K, 23 young (23552K), 0 survivors (0K)
 Metaspace       used 1119K, committed 1280K, reserved 393216K
  class space    used 73K, committed 128K, reserved 327680K
}
Event: 0.668 GC heap after
{Heap after GC invocations=1 (full 0):
 garbage-first heap   total 262144K, used 4682K [0x00000000e0000000, 0x0000000100000000)
  region size 1024K, 3 young (3072K), 3 survivors (3072K)
 Metaspace       used 1119K, committed 1280K, reserved 393216K
  class space    used 73K, committed 128K, reserved 327680K
}
Event: 1.421 GC heap before
{Heap before GC invocations=1 (full 0):
 garbage-first heap   total 262144K, used 40522K [0x00000000e0000000, 0x0000000100000000)
  region size 1024K, 35 young (35840K), 3 survivors (3072K)
 Metaspace       used 4541K, committed 4736K, reserved 393216K
  class space    used 572K, committed 640K, reserved 327680K
}
Event: 1.425 GC heap after
{Heap after GC invocations=2 (full 0):
 garbage-first heap   total 262144K, used 11096K [0x00000000e0000000, 0x0000000100000000)
  region size 1024K, 4 young (4096K), 4 survivors (4096K)
 Metaspace       used 4541K, committed 4736K, reserved 393216K
  class space    used 572K, committed 640K, reserved 327680K
}
Event: 2.652 GC heap before
{Heap before GC invocations=2 (full 0):
 garbage-first heap   total 262144K, used 60248K [0x00000000e0000000, 0x0000000100000000)
  region size 1024K, 50 young (51200K), 4 survivors (4096K)
 Metaspace       used 6191K, committed 6464K, reserved 393216K
  class space    used 826K, committed 960K, reserved 327680K
}
Event: 2.657 GC heap after
{Heap after GC invocations=3 (full 0):
 garbage-first heap   total 262144K, used 17786K [0x00000000e0000000, 0x0000000100000000)
  region size 1024K, 7 young (7168K), 7 survivors (7168K)
 Metaspace       used 6191K, committed 6464K, reserved 393216K
  class space    used 826K, committed 960K, reserved 327680K
}
Event: 5.125 GC heap before
{Heap before GC invocations=3 (full 0):
 garbage-first heap   total 262144K, used 108922K [0x00000000e0000000, 0x0000000100000000)
  region size 1024K, 96 young (98304K), 7 survivors (7168K)
 Metaspace       used 21226K, committed 21504K, reserved 393216K
  class space    used 2959K, committed 3072K, reserved 327680K
}
Event: 5.134 GC heap after
{Heap after GC invocations=4 (full 0):
 garbage-first heap   total 262144K, used 23483K [0x00000000e0000000, 0x0000000100000000)
  region size 1024K, 13 young (13312K), 13 survivors (13312K)
 Metaspace       used 21226K, committed 21504K, reserved 393216K
  class space    used 2959K, committed 3072K, reserved 327680K
}
Event: 7.390 GC heap before
{Heap before GC invocations=5 (full 0):
 garbage-first heap   total 262144K, used 138171K [0x00000000e0000000, 0x0000000100000000)
  region size 1024K, 127 young (130048K), 13 survivors (13312K)
 Metaspace       used 35494K, committed 35968K, reserved 393216K
  class space    used 4946K, committed 5120K, reserved 327680K
}
Event: 7.401 GC heap after
{Heap after GC invocations=6 (full 0):
 garbage-first heap   total 262144K, used 31816K [0x00000000e0000000, 0x0000000100000000)
  region size 1024K, 18 young (18432K), 18 survivors (18432K)
 Metaspace       used 35494K, committed 35968K, reserved 393216K
  class space    used 4946K, committed 5120K, reserved 327680K
}
Event: 7.418 GC heap before
{Heap before GC invocations=6 (full 0):
 garbage-first heap   total 262144K, used 32840K [0x00000000e0000000, 0x0000000100000000)
  region size 1024K, 19 young (19456K), 18 survivors (18432K)
 Metaspace       used 35651K, committed 36224K, reserved 393216K
  class space    used 4966K, committed 5248K, reserved 327680K
}
Event: 7.429 GC heap after
{Heap after GC invocations=7 (full 0):
 garbage-first heap   total 262144K, used 33046K [0x00000000e0000000, 0x0000000100000000)
  region size 1024K, 3 young (3072K), 3 survivors (3072K)
 Metaspace       used 35651K, committed 36224K, reserved 393216K
  class space    used 4966K, committed 5248K, reserved 327680K
}
Event: 7.454 GC heap before
{Heap before GC invocations=7 (full 0):
 garbage-first heap   total 262144K, used 34070K [0x00000000e0000000, 0x0000000100000000)
  region size 1024K, 5 young (5120K), 3 survivors (3072K)
 Metaspace       used 35825K, committed 36288K, reserved 393216K
  class space    used 5001K, committed 5248K, reserved 327680K
}
Event: 7.456 GC heap after
{Heap after GC invocations=8 (full 0):
 garbage-first heap   total 262144K, used 31008K [0x00000000e0000000, 0x0000000100000000)
  region size 1024K, 1 young (1024K), 1 survivors (1024K)
 Metaspace       used 35825K, committed 36288K, reserved 393216K
  class space    used 5001K, committed 5248K, reserved 327680K
}

Dll operation events (15 events):
Event: 0.011 Loaded shared library C:\Users\ratho\AppData\Local\Programs\Eclipse Adoptium\jdk-17.0.11.9-hotspot\bin\java.dll
Event: 0.034 Loaded shared library C:\Users\ratho\AppData\Local\Programs\Eclipse Adoptium\jdk-17.0.11.9-hotspot\bin\jsvml.dll
Event: 0.097 Loaded shared library C:\Users\ratho\AppData\Local\Programs\Eclipse Adoptium\jdk-17.0.11.9-hotspot\bin\zip.dll
Event: 0.102 Loaded shared library C:\Users\ratho\AppData\Local\Programs\Eclipse Adoptium\jdk-17.0.11.9-hotspot\bin\instrument.dll
Event: 0.109 Loaded shared library C:\Users\ratho\AppData\Local\Programs\Eclipse Adoptium\jdk-17.0.11.9-hotspot\bin\net.dll
Event: 0.112 Loaded shared library C:\Users\ratho\AppData\Local\Programs\Eclipse Adoptium\jdk-17.0.11.9-hotspot\bin\nio.dll
Event: 0.116 Loaded shared library C:\Users\ratho\AppData\Local\Programs\Eclipse Adoptium\jdk-17.0.11.9-hotspot\bin\zip.dll
Event: 0.521 Loaded shared library C:\Users\ratho\AppData\Local\Programs\Eclipse Adoptium\jdk-17.0.11.9-hotspot\bin\jimage.dll
Event: 0.855 Loaded shared library C:\Users\ratho\AppData\Local\Programs\Eclipse Adoptium\jdk-17.0.11.9-hotspot\bin\verify.dll
Event: 0.899 Loaded shared library C:\Users\ratho\.gradle\native\1def1411415f61bf3af743bc5b6707747c0891f09f0c88961ee8f79bc544acac\windows-amd64\native-platform.dll
Event: 0.912 Loaded shared library C:\Users\ratho\.gradle\native\0.2.8\x86_64-windows-gnu\gradle-fileevents.dll
Event: 2.638 Loaded shared library C:\Users\ratho\AppData\Local\Programs\Eclipse Adoptium\jdk-17.0.11.9-hotspot\bin\management.dll
Event: 2.643 Loaded shared library C:\Users\ratho\AppData\Local\Programs\Eclipse Adoptium\jdk-17.0.11.9-hotspot\bin\management_ext.dll
Event: 3.069 Loaded shared library C:\Users\ratho\AppData\Local\Programs\Eclipse Adoptium\jdk-17.0.11.9-hotspot\bin\extnet.dll
Event: 3.394 Loaded shared library C:\Users\ratho\AppData\Local\Programs\Eclipse Adoptium\jdk-17.0.11.9-hotspot\bin\sunmscapi.dll

Deoptimization events (20 events):
Event: 9.175 Thread 0x00000176ead5aa90 Uncommon trap: trap_request=0xffffff45 fr.pc=0x00000176c4a8fca0 relative=0x00000000000002e0
Event: 9.175 Thread 0x00000176ead5aa90 Uncommon trap: reason=unstable_if action=reinterpret pc=0x00000176c4a8fca0 method=org.gradle.internal.instantiation.generator.AbstractClassGenerator$InjectionAnnotationValidator.validateMethod(Ljava/lang/reflect/Method;Lorg/gradle/internal/reflect/Propert
Event: 9.175 Thread 0x00000176ead5aa90 DEOPT PACKING pc=0x00000176c4a8fca0 sp=0x0000006a01af4860
Event: 9.175 Thread 0x00000176ead5aa90 DEOPT UNPACKING pc=0x00000176c44ca1a3 sp=0x0000006a01af4810 mode 2
Event: 9.175 Thread 0x00000176ead5aa90 Uncommon trap: trap_request=0xffffffde fr.pc=0x00000176c4ba5b08 relative=0x0000000000000b68
Event: 9.175 Thread 0x00000176ead5aa90 Uncommon trap: reason=class_check action=maybe_recompile pc=0x00000176c4ba5b08 method=org.gradle.internal.instantiation.generator.AbstractClassGenerator$InjectionAnnotationValidator.validateMethod(Ljava/lang/reflect/Method;Lorg/gradle/internal/reflect/Pro
Event: 9.175 Thread 0x00000176ead5aa90 DEOPT PACKING pc=0x00000176c4ba5b08 sp=0x0000006a01af4760
Event: 9.175 Thread 0x00000176ead5aa90 DEOPT UNPACKING pc=0x00000176c44ca1a3 sp=0x0000006a01af4760 mode 2
Event: 9.198 Thread 0x00000176ead5aa90 Uncommon trap: trap_request=0xffffffde fr.pc=0x00000176c4ba5b08 relative=0x0000000000000b68
Event: 9.198 Thread 0x00000176ead5aa90 Uncommon trap: reason=class_check action=maybe_recompile pc=0x00000176c4ba5b08 method=org.gradle.internal.instantiation.generator.AbstractClassGenerator$InjectionAnnotationValidator.validateMethod(Ljava/lang/reflect/Method;Lorg/gradle/internal/reflect/Pro
Event: 9.198 Thread 0x00000176ead5aa90 DEOPT PACKING pc=0x00000176c4ba5b08 sp=0x0000006a01af4760
Event: 9.198 Thread 0x00000176ead5aa90 DEOPT UNPACKING pc=0x00000176c44ca1a3 sp=0x0000006a01af4760 mode 2
Event: 9.211 Thread 0x00000176ead5aa90 Uncommon trap: trap_request=0xffffffde fr.pc=0x00000176c4ba5b08 relative=0x0000000000000b68
Event: 9.211 Thread 0x00000176ead5aa90 Uncommon trap: reason=class_check action=maybe_recompile pc=0x00000176c4ba5b08 method=org.gradle.internal.instantiation.generator.AbstractClassGenerator$InjectionAnnotationValidator.validateMethod(Ljava/lang/reflect/Method;Lorg/gradle/internal/reflect/Pro
Event: 9.211 Thread 0x00000176ead5aa90 DEOPT PACKING pc=0x00000176c4ba5b08 sp=0x0000006a01af46c0
Event: 9.211 Thread 0x00000176ead5aa90 DEOPT UNPACKING pc=0x00000176c44ca1a3 sp=0x0000006a01af46c0 mode 2
Event: 9.221 Thread 0x00000176ead5aa90 Uncommon trap: trap_request=0xffffffde fr.pc=0x00000176c4ba5b08 relative=0x0000000000000b68
Event: 9.221 Thread 0x00000176ead5aa90 Uncommon trap: reason=class_check action=maybe_recompile pc=0x00000176c4ba5b08 method=org.gradle.internal.instantiation.generator.AbstractClassGenerator$InjectionAnnotationValidator.validateMethod(Ljava/lang/reflect/Method;Lorg/gradle/internal/reflect/Pro
Event: 9.221 Thread 0x00000176ead5aa90 DEOPT PACKING pc=0x00000176c4ba5b08 sp=0x0000006a01af46a0
Event: 9.222 Thread 0x00000176ead5aa90 DEOPT UNPACKING pc=0x00000176c44ca1a3 sp=0x0000006a01af4678 mode 2

Classes unloaded (0 events):
No events

Classes redefined (0 events):
No events

Internal exceptions (20 events):
Event: 8.861 Thread 0x00000176ead5aa90 Exception <a 'java/lang/ClassNotFoundException'{0x00000000eb4a3f28}: org/gradle/plugins/ide/eclipse/model/EclipseProject_DecoratedCustomizer> (0x00000000eb4a3f28) 
thrown [s\src\hotspot\share\classfile\systemDictionary.cpp, line 256]
Event: 8.866 Thread 0x00000176ead5aa90 Exception <a 'java/lang/NoSuchMethodError'{0x00000000eb4fcd38}: 'void java.lang.invoke.DirectMethodHandle$Holder.invokeSpecial(java.lang.Object, java.lang.Object, java.lang.Object, java.lang.Object, java.lang.Object, java.lang.Object)'> (0x00000000eb4fcd38) 
thrown [s\src\hotspot\share\interpreter\linkResolver.cpp, line 759]
Event: 8.892 Thread 0x00000176ead5afa0 Exception <a 'java/lang/NoSuchMethodError'{0x00000000ec120260}: static Lorg/gradle/internal/build/event/types/DefaultProjectConfigurationDescriptor;.<clinit>()V> (0x00000000ec120260) 
thrown [s\src\hotspot\share\prims\jni.cpp, line 1112]
Event: 9.012 Thread 0x00000176ead5aa90 Exception <a 'java/lang/ClassNotFoundException'{0x00000000eadeda88}: build_5klnmqw4agoj7e47sf4f84an5BeanInfo> (0x00000000eadeda88) 
thrown [s\src\hotspot\share\classfile\systemDictionary.cpp, line 256]
Event: 9.013 Thread 0x00000176ead5aa90 Exception <a 'java/lang/ClassNotFoundException'{0x00000000eadfa160}: org/gradle/api/internal/project/ProjectScriptBeanInfo> (0x00000000eadfa160) 
thrown [s\src\hotspot\share\classfile\systemDictionary.cpp, line 256]
Event: 9.013 Thread 0x00000176ead5aa90 Exception <a 'java/lang/ClassNotFoundException'{0x00000000eac06f70}: org/gradle/api/internal/project/ProjectScriptCustomizer> (0x00000000eac06f70) 
thrown [s\src\hotspot\share\classfile\systemDictionary.cpp, line 256]
Event: 9.014 Thread 0x00000176ead5aa90 Exception <a 'java/lang/ClassNotFoundException'{0x00000000eac1fb40}: build_5klnmqw4agoj7e47sf4f84an5Customizer> (0x00000000eac1fb40) 
thrown [s\src\hotspot\share\classfile\systemDictionary.cpp, line 256]
Event: 9.018 Thread 0x00000176ead5aa90 Implicit null exception at 0x00000176c4cb9178 to 0x00000176c4cb93b0
Event: 9.106 Thread 0x00000176ead5aa90 Exception <a 'java/lang/NoSuchMethodError'{0x00000000ea8dd510}: 'java.lang.Object java.lang.invoke.DirectMethodHandle$Holder.invokeSpecial(java.lang.Object, java.lang.Object, java.lang.Object, java.lang.Object, int, java.lang.Object)'> (0x00000000ea8dd510) 
thrown [s\src\hotspot\share\interpreter\linkResolver.cpp, line 759]
Event: 9.157 Thread 0x00000176ead5aa90 Exception <a 'java/lang/NoSuchMethodError'{0x00000000ea5281a8}: 'int java.lang.invoke.DirectMethodHandle$Holder.invokeInterface(java.lang.Object, java.lang.Object, java.lang.Object, java.lang.Object)'> (0x00000000ea5281a8) 
thrown [s\src\hotspot\share\interpreter\linkResolver.cpp, line 759]
Event: 9.195 Thread 0x00000176ead5aa90 Exception <a 'java/lang/NoSuchMethodError'{0x00000000ea4fab38}: 'java.lang.Object java.lang.invoke.DirectMethodHandle$Holder.invokeStatic(java.lang.Object, long, java.lang.Object)'> (0x00000000ea4fab38) 
thrown [s\src\hotspot\share\interpreter\linkResolver.cpp, line 759]
Event: 9.202 Thread 0x00000176ead5aa90 Exception <a 'java/lang/NoSuchMethodError'{0x00000000ea373158}: 'java.lang.Object java.lang.invoke.Invokers$Holder.linkToTargetMethod(java.lang.Object, java.lang.Object, java.lang.Object, java.lang.Object, long, java.lang.Object, java.lang.Object)'> (0x00000000ea373158) 
thrown [s\src\hotspot\share\interpreter\linkResolver.cpp, line 759]
Event: 9.207 Thread 0x00000176ead5aa90 Exception <a 'java/lang/NoSuchMethodError'{0x00000000ea3b8a60}: 'java.lang.Object java.lang.invoke.DirectMethodHandle$Holder.newInvokeSpecial(java.lang.Object, java.lang.Object, java.lang.Object, long, java.lang.Object)'> (0x00000000ea3b8a60) 
thrown [s\src\hotspot\share\interpreter\linkResolver.cpp, line 759]
Event: 9.208 Thread 0x00000176ead5aa90 Exception <a 'java/lang/NoSuchMethodError'{0x00000000ea3be0e0}: 'java.lang.Object java.lang.invoke.DirectMethodHandle$Holder.invokeSpecial(java.lang.Object, java.lang.Object, java.lang.Object, java.lang.Object, long, java.lang.Object)'> (0x00000000ea3be0e0) 
thrown [s\src\hotspot\share\interpreter\linkResolver.cpp, line 759]
Event: 9.208 Thread 0x00000176ead5aa90 Exception <a 'java/lang/NoSuchMethodError'{0x00000000ea3c2b70}: 'java.lang.Object java.lang.invoke.Invokers$Holder.linkToTargetMethod(java.lang.Object, java.lang.Object, long, java.lang.Object, java.lang.Object)'> (0x00000000ea3c2b70) 
thrown [s\src\hotspot\share\interpreter\linkResolver.cpp, line 759]
Event: 9.298 Thread 0x00000176ead5aa90 Exception <a 'java/lang/ClassNotFoundException'{0x00000000e9e27448}: org/gradle/api/internal/artifacts/dsl/dependencies/DefaultDependencyHandler_DecoratedBeanInfo> (0x00000000e9e27448) 
thrown [s\src\hotspot\share\classfile\systemDictionary.cpp, line 256]
Event: 9.299 Thread 0x00000176ead5aa90 Exception <a 'java/lang/ClassNotFoundException'{0x00000000e9e3f598}: org/gradle/api/internal/artifacts/dsl/dependencies/DefaultDependencyHandlerBeanInfo> (0x00000000e9e3f598) 
thrown [s\src\hotspot\share\classfile\systemDictionary.cpp, line 256]
Event: 9.300 Thread 0x00000176ead5aa90 Exception <a 'java/lang/ClassNotFoundException'{0x00000000e9e576a8}: org/gradle/api/internal/artifacts/dsl/dependencies/DefaultDependencyHandlerCustomizer> (0x00000000e9e576a8) 
thrown [s\src\hotspot\share\classfile\systemDictionary.cpp, line 256]
Event: 9.303 Thread 0x00000176ead5aa90 Exception <a 'java/lang/ClassNotFoundException'{0x00000000e9e975f8}: org/gradle/api/internal/artifacts/dsl/dependencies/DefaultDependencyHandler_DecoratedCustomizer> (0x00000000e9e975f8) 
thrown [s\src\hotspot\share\classfile\systemDictionary.cpp, line 256]
Event: 9.345 Thread 0x00000176ead5aa90 Exception <a 'java/lang/NoSuchMethodError'{0x00000000e9cce4e0}: 'java.lang.Object java.lang.invoke.DirectMethodHandle$Holder.newInvokeSpecial(java.lang.Object, int, java.lang.Object)'> (0x00000000e9cce4e0) 
thrown [s\src\hotspot\share\interpreter\linkResolver.cpp, line 759]

VM Operations (20 events):
Event: 8.419 Executing VM operation: HandshakeAllThreads
Event: 8.420 Executing VM operation: HandshakeAllThreads done
Event: 8.428 Executing VM operation: ICBufferFull
Event: 8.429 Executing VM operation: ICBufferFull done
Event: 8.432 Executing VM operation: HandshakeAllThreads
Event: 8.432 Executing VM operation: HandshakeAllThreads done
Event: 8.443 Executing VM operation: HandshakeAllThreads
Event: 8.443 Executing VM operation: HandshakeAllThreads done
Event: 8.589 Executing VM operation: HandshakeAllThreads
Event: 8.589 Executing VM operation: HandshakeAllThreads done
Event: 8.829 Executing VM operation: HandshakeAllThreads
Event: 8.829 Executing VM operation: HandshakeAllThreads done
Event: 8.874 Executing VM operation: HandshakeAllThreads
Event: 8.874 Executing VM operation: HandshakeAllThreads done
Event: 9.011 Executing VM operation: ICBufferFull
Event: 9.011 Executing VM operation: ICBufferFull done
Event: 9.155 Executing VM operation: HandshakeAllThreads
Event: 9.155 Executing VM operation: HandshakeAllThreads done
Event: 9.300 Executing VM operation: ICBufferFull
Event: 9.301 Executing VM operation: ICBufferFull done

Events (20 events):
Event: 8.694 loading class java/util/function/LongUnaryOperator done
Event: 8.818 loading class java/lang/StringBeanInfo
Event: 8.818 loading class java/lang/StringBeanInfo done
Event: 8.819 loading class java/lang/StringBeanInfo
Event: 8.819 loading class java/lang/StringBeanInfo done
Event: 8.819 loading class java/lang/StringCustomizer
Event: 8.819 loading class java/lang/StringCustomizer done
Event: 8.820 loading class java/lang/StringCustomizer
Event: 8.820 loading class java/lang/StringCustomizer done
Event: 8.825 loading class java/io/FileBeanInfo
Event: 8.825 loading class java/io/FileBeanInfo done
Event: 8.825 loading class java/io/FileBeanInfo
Event: 8.825 loading class java/io/FileBeanInfo done
Event: 8.825 loading class java/io/FileCustomizer
Event: 8.825 loading class java/io/FileCustomizer done
Event: 8.825 loading class java/io/FileCustomizer
Event: 8.825 loading class java/io/FileCustomizer done
Event: 8.873 loading class java/util/ArrayList$ListItr
Event: 8.873 loading class java/util/ArrayList$ListItr done
Event: 9.004 Thread 0x00000176ef718b70 Thread added: 0x00000176ef718b70


Dynamic libraries:
0x00007ff6788d0000 - 0x00007ff6788de000 	C:\Users\ratho\AppData\Local\Programs\Eclipse Adoptium\jdk-17.0.11.9-hotspot\bin\java.exe
0x00007ffa36d50000 - 0x00007ffa36f67000 	C:\windows\SYSTEM32\ntdll.dll
0x00007ffa36380000 - 0x00007ffa36444000 	C:\windows\System32\KERNEL32.DLL
0x00007ffa33e40000 - 0x00007ffa34212000 	C:\windows\System32\KERNELBASE.dll
0x00007ffa344e0000 - 0x00007ffa345f1000 	C:\windows\System32\ucrtbase.dll
0x00007ff9a7080000 - 0x00007ff9a7097000 	C:\Users\ratho\AppData\Local\Programs\Eclipse Adoptium\jdk-17.0.11.9-hotspot\bin\jli.dll
0x00007ff9a3840000 - 0x00007ff9a385b000 	C:\Users\ratho\AppData\Local\Programs\Eclipse Adoptium\jdk-17.0.11.9-hotspot\bin\VCRUNTIME140.dll
0x00007ffa36990000 - 0x00007ffa36b41000 	C:\windows\System32\USER32.dll
0x00007ffa34430000 - 0x00007ffa34456000 	C:\windows\System32\win32u.dll
0x00007ffa15870000 - 0x00007ffa15b0b000 	C:\windows\WinSxS\amd64_microsoft.windows.common-controls_6595b64144ccf1df_6.0.22621.5547_none_27104afb73855772\COMCTL32.dll
0x00007ffa36860000 - 0x00007ffa36889000 	C:\windows\System32\GDI32.dll
0x00007ffa348b0000 - 0x00007ffa349d3000 	C:\windows\System32\gdi32full.dll
0x00007ffa366b0000 - 0x00007ffa36757000 	C:\windows\System32\msvcrt.dll
0x00007ffa34220000 - 0x00007ffa342ba000 	C:\windows\System32\msvcp_win.dll
0x00007ffa352a0000 - 0x00007ffa352d1000 	C:\windows\System32\IMM32.DLL
0x00007ff9f0dc0000 - 0x00007ff9f0dcc000 	C:\Users\ratho\AppData\Local\Programs\Eclipse Adoptium\jdk-17.0.11.9-hotspot\bin\vcruntime140_1.dll
0x00007ff9a3700000 - 0x00007ff9a378d000 	C:\Users\ratho\AppData\Local\Programs\Eclipse Adoptium\jdk-17.0.11.9-hotspot\bin\msvcp140.dll
0x00007ff99a4d0000 - 0x00007ff99b132000 	C:\Users\ratho\AppData\Local\Programs\Eclipse Adoptium\jdk-17.0.11.9-hotspot\bin\server\jvm.dll
0x00007ffa35ee0000 - 0x00007ffa35f91000 	C:\windows\System32\ADVAPI32.dll
0x00007ffa365e0000 - 0x00007ffa36688000 	C:\windows\System32\sechost.dll
0x00007ffa347c0000 - 0x00007ffa347e8000 	C:\windows\System32\bcrypt.dll
0x00007ffa35500000 - 0x00007ffa35614000 	C:\windows\System32\RPCRT4.dll
0x00007ff9ce010000 - 0x00007ff9ce019000 	C:\windows\SYSTEM32\WSOCK32.dll
0x00007ffa32cc0000 - 0x00007ffa32d0d000 	C:\windows\SYSTEM32\POWRPROF.dll
0x00007ffa2b5e0000 - 0x00007ffa2b614000 	C:\windows\SYSTEM32\WINMM.dll
0x00007ffa36560000 - 0x00007ffa365d1000 	C:\windows\System32\WS2_32.dll
0x00007ffa2b940000 - 0x00007ffa2b94a000 	C:\windows\SYSTEM32\VERSION.dll
0x00007ffa32ca0000 - 0x00007ffa32cb3000 	C:\windows\SYSTEM32\UMPDC.dll
0x00007ffa32ec0000 - 0x00007ffa32ed8000 	C:\windows\SYSTEM32\kernel.appcore.dll
0x00007ff9f0910000 - 0x00007ff9f091a000 	C:\Users\ratho\AppData\Local\Programs\Eclipse Adoptium\jdk-17.0.11.9-hotspot\bin\jimage.dll
0x00007ffa31860000 - 0x00007ffa31a93000 	C:\windows\SYSTEM32\DBGHELP.DLL
0x00007ffa34f00000 - 0x00007ffa35293000 	C:\windows\System32\combase.dll
0x00007ffa362a0000 - 0x00007ffa36377000 	C:\windows\System32\OLEAUT32.dll
0x00007ffa10dc0000 - 0x00007ffa10df2000 	C:\windows\SYSTEM32\dbgcore.DLL
0x00007ffa34460000 - 0x00007ffa344db000 	C:\windows\System32\bcryptPrimitives.dll
0x00007ff9efcb0000 - 0x00007ff9efcbe000 	C:\Users\ratho\AppData\Local\Programs\Eclipse Adoptium\jdk-17.0.11.9-hotspot\bin\instrument.dll
0x00007ff9a3810000 - 0x00007ff9a3835000 	C:\Users\ratho\AppData\Local\Programs\Eclipse Adoptium\jdk-17.0.11.9-hotspot\bin\java.dll
0x00007ff9a1d30000 - 0x00007ff9a1e07000 	C:\Users\ratho\AppData\Local\Programs\Eclipse Adoptium\jdk-17.0.11.9-hotspot\bin\jsvml.dll
0x00007ffa35620000 - 0x00007ffa35ec2000 	C:\windows\System32\SHELL32.dll
0x00007ffa34680000 - 0x00007ffa347bf000 	C:\windows\System32\wintypes.dll
0x00007ffa31d20000 - 0x00007ffa3263d000 	C:\windows\SYSTEM32\windows.storage.dll
0x00007ffa35fa0000 - 0x00007ffa360ac000 	C:\windows\System32\SHCORE.dll
0x00007ffa36890000 - 0x00007ffa368f9000 	C:\windows\System32\shlwapi.dll
0x00007ffa33d70000 - 0x00007ffa33d9b000 	C:\windows\SYSTEM32\profapi.dll
0x00007ff9a37f0000 - 0x00007ff9a3808000 	C:\Users\ratho\AppData\Local\Programs\Eclipse Adoptium\jdk-17.0.11.9-hotspot\bin\zip.dll
0x00007ff9a37d0000 - 0x00007ff9a37e9000 	C:\Users\ratho\AppData\Local\Programs\Eclipse Adoptium\jdk-17.0.11.9-hotspot\bin\net.dll
0x00007ffa2b810000 - 0x00007ffa2b93c000 	C:\windows\SYSTEM32\WINHTTP.dll
0x00007ffa333e0000 - 0x00007ffa33449000 	C:\windows\system32\mswsock.dll
0x00007ff9a36e0000 - 0x00007ff9a36f6000 	C:\Users\ratho\AppData\Local\Programs\Eclipse Adoptium\jdk-17.0.11.9-hotspot\bin\nio.dll
0x00007ff9ed1b0000 - 0x00007ff9ed1c0000 	C:\Users\ratho\AppData\Local\Programs\Eclipse Adoptium\jdk-17.0.11.9-hotspot\bin\verify.dll
0x00007ff9b2bb0000 - 0x00007ff9b2bd7000 	C:\Users\ratho\.gradle\native\1def1411415f61bf3af743bc5b6707747c0891f09f0c88961ee8f79bc544acac\windows-amd64\native-platform.dll
0x00007ff9a6bc0000 - 0x00007ff9a6c37000 	C:\Users\ratho\.gradle\native\0.2.8\x86_64-windows-gnu\gradle-fileevents.dll
0x00007ff9ea130000 - 0x00007ff9ea139000 	C:\Users\ratho\AppData\Local\Programs\Eclipse Adoptium\jdk-17.0.11.9-hotspot\bin\management.dll
0x00007ff9e9790000 - 0x00007ff9e979b000 	C:\Users\ratho\AppData\Local\Programs\Eclipse Adoptium\jdk-17.0.11.9-hotspot\bin\management_ext.dll
0x00007ffa35ed0000 - 0x00007ffa35ed8000 	C:\windows\System32\PSAPI.DLL
0x00007ffa32920000 - 0x00007ffa3294d000 	C:\windows\SYSTEM32\IPHLPAPI.DLL
0x00007ffa36280000 - 0x00007ffa36289000 	C:\windows\System32\NSI.dll
0x00007ffa2b960000 - 0x00007ffa2b979000 	C:\windows\SYSTEM32\dhcpcsvc6.DLL
0x00007ffa2b5c0000 - 0x00007ffa2b5df000 	C:\windows\SYSTEM32\dhcpcsvc.DLL
0x00007ffa32950000 - 0x00007ffa32a48000 	C:\windows\SYSTEM32\DNSAPI.dll
0x00007ff9e9000000 - 0x00007ff9e9009000 	C:\Users\ratho\AppData\Local\Programs\Eclipse Adoptium\jdk-17.0.11.9-hotspot\bin\extnet.dll
0x00007ffa33630000 - 0x00007ffa3364b000 	C:\windows\SYSTEM32\CRYPTSP.dll
0x00007ffa32ee0000 - 0x00007ffa32f17000 	C:\windows\system32\rsaenh.dll
0x00007ffa334d0000 - 0x00007ffa334f8000 	C:\windows\SYSTEM32\USERENV.dll
0x00007ffa33650000 - 0x00007ffa3365c000 	C:\windows\SYSTEM32\CRYPTBASE.dll
0x00007ff9e7430000 - 0x00007ff9e743e000 	C:\Users\ratho\AppData\Local\Programs\Eclipse Adoptium\jdk-17.0.11.9-hotspot\bin\sunmscapi.dll
0x00007ffa342c0000 - 0x00007ffa34427000 	C:\windows\System32\CRYPT32.dll
0x00007ffa337f0000 - 0x00007ffa3381d000 	C:\windows\SYSTEM32\ncrypt.dll
0x00007ffa337b0000 - 0x00007ffa337e7000 	C:\windows\SYSTEM32\NTASN1.dll
0x00007ff9b9470000 - 0x00007ff9b9478000 	C:\windows\system32\wshunix.dll

dbghelp: loaded successfully - version: 4.0.5 - missing functions: none
symbol engine: initialized successfully - sym options: 0x614 - pdb path: .;C:\Users\ratho\AppData\Local\Programs\Eclipse Adoptium\jdk-17.0.11.9-hotspot\bin;C:\windows\SYSTEM32;C:\windows\WinSxS\amd64_microsoft.windows.common-controls_6595b64144ccf1df_6.0.22621.5547_none_27104afb73855772;C:\Users\ratho\AppData\Local\Programs\Eclipse Adoptium\jdk-17.0.11.9-hotspot\bin\server;C:\Users\ratho\.gradle\native\1def1411415f61bf3af743bc5b6707747c0891f09f0c88961ee8f79bc544acac\windows-amd64;C:\Users\ratho\.gradle\native\0.2.8\x86_64-windows-gnu

VM Arguments:
jvm_args: --add-opens=java.base/java.lang=ALL-UNNAMED --add-opens=java.base/java.lang.invoke=ALL-UNNAMED --add-opens=java.base/java.util=ALL-UNNAMED --add-opens=java.prefs/java.util.prefs=ALL-UNNAMED --add-exports=jdk.compiler/com.sun.tools.javac.api=ALL-UNNAMED --add-exports=jdk.compiler/com.sun.tools.javac.util=ALL-UNNAMED --add-opens=java.base/java.util=ALL-UNNAMED --add-opens=java.prefs/java.util.prefs=ALL-UNNAMED --add-opens=java.base/java.nio.charset=ALL-UNNAMED --add-opens=java.base/java.net=ALL-UNNAMED --add-opens=java.base/java.util.concurrent=ALL-UNNAMED --add-opens=java.base/java.util.concurrent.atomic=ALL-UNNAMED --add-opens=java.xml/javax.xml.namespace=ALL-UNNAMED -XX:MaxMetaspaceSize=384m -XX:+HeapDumpOnOutOfMemoryError -Xms256m -Xmx512m -Dfile.encoding=UTF-8 -Duser.country=IN -Duser.language=en -Duser.variant -javaagent:C:\Users\ratho\OneDrive\Desktop\Gradle\gradle-9.0.0\lib\agents\gradle-instrumentation-agent-9.0.0.jar 
java_command: org.gradle.launcher.daemon.bootstrap.GradleDaemon 9.0.0
java_class_path (initial): C:\Users\ratho\OneDrive\Desktop\Gradle\gradle-9.0.0\lib\gradle-daemon-main-9.0.0.jar
Launcher Type: SUN_STANDARD

[Global flags]
     intx CICompilerCount                          = 4                                         {product} {ergonomic}
   size_t CompressedClassSpaceSize                 = 335544320                                 {product} {ergonomic}
     uint ConcGCThreads                            = 3                                         {product} {ergonomic}
     uint G1ConcRefinementThreads                  = 10                                        {product} {ergonomic}
   size_t G1HeapRegionSize                         = 1048576                                   {product} {ergonomic}
    uintx GCDrainStackTargetSize                   = 64                                        {product} {ergonomic}
     bool HeapDumpOnOutOfMemoryError               = true                                   {manageable} {command line}
   size_t InitialHeapSize                          = 268435456                                 {product} {command line}
   size_t MarkStackSize                            = 4194304                                   {product} {ergonomic}
   size_t MaxHeapSize                              = 536870912                                 {product} {command line}
   size_t MaxMetaspaceSize                         = 402653184                                 {product} {command line}
   size_t MaxNewSize                               = 321912832                                 {product} {ergonomic}
   size_t MinHeapDeltaBytes                        = 1048576                                   {product} {ergonomic}
   size_t MinHeapSize                              = 268435456                                 {product} {command line}
    uintx NonNMethodCodeHeapSize                   = 5839372                                {pd product} {ergonomic}
    uintx NonProfiledCodeHeapSize                  = 122909434                              {pd product} {ergonomic}
    uintx ProfiledCodeHeapSize                     = 122909434                              {pd product} {ergonomic}
    uintx ReservedCodeCacheSize                    = 251658240                              {pd product} {ergonomic}
     bool SegmentedCodeCache                       = true                                      {product} {ergonomic}
   size_t SoftMaxHeapSize                          = 536870912                              {manageable} {ergonomic}
     bool UseCompressedClassPointers               = true                           {product lp64_product} {ergonomic}
     bool UseCompressedOops                        = true                           {product lp64_product} {ergonomic}
     bool UseG1GC                                  = true                                      {product} {ergonomic}
     bool UseLargePagesIndividualAllocation        = false                                  {pd product} {ergonomic}

Logging:
Log output configuration:
 #0: stdout all=warning uptime,level,tags
 #1: stderr all=off uptime,level,tags

Environment Variables:
JAVA_HOME=C:\Users\ratho\AppData\Local\Programs\Eclipse Adoptium\jdk-17.0.11.9-hotspot\
PATH=C:\windows\system32;C:\windows;C:\windows\System32\Wbem;C:\windows\System32\WindowsPowerShell\v1.0\;C:\windows\System32\OpenSSH\;C:\Program Files (x86)\NVIDIA Corporation\PhysX\Common;C:\Program Files\NVIDIA Corporation\NVIDIA NvDLISR;C:\Program Files\MySQL\MySQL Server 8.0\bin;C:\Program Files\nodejs\;C:\Program Files\Git\cmd;C:\Program Files\Tesseract-OCR;C:\Program Files\Rust stable MSVC 1.90\bin;D:\cursor\resources\app\bin;C:\Users\ratho\AppData\Local\Programs\Python\Python313\Scripts\;C:\Users\ratho\AppData\Local\Programs\Python\Python313\;C:\Users\ratho\AppData\Local\Programs\Python\Launcher\;d:\Trae\bin;C:\Program Files\MySQL\MySQL Shell 8.0\bin\;C:\Users\ratho\AppData\Local\Programs\Eclipse Adoptium\jdk-17.0.11.9-hotspot\bin;C:\Users\ratho\AppData\Local\Microsoft\WindowsApps;D:\Microsoft VS Code\bin;C:\Users\ratho\AppData\Roaming\npm;C:\Users\ratho\AppData\Local\MongoDBCompass\MongoDBCompass.exe;C:\Users\ratho\OneDrive\Desktop\gradle-9.0.0\bin;C:\Users\ratho\OneDrive\Desktop\Gradle\gradle-9.0.0\bin;D:\Windsurf\bin;D:\npm-global\bin;C:\Users\ratho\AppData\Local\Programs\Microsoft VS Code\bin
USERNAME=ratho
OS=Windows_NT
PROCESSOR_IDENTIFIER=Intel64 Family 6 Model 141 Stepping 1, GenuineIntel
TMP=C:\Users\ratho\AppData\Local\Temp
TEMP=C:\Users\ratho\AppData\Local\Temp



Periodic native trim disabled


---------------  S Y S T E M  ---------------

OS:
 Windows 11 , 64 bit Build 22621 (10.0.22621.5415)
OS uptime: 6 days 0:42 hours
Hyper-V role detected

CPU: total 12 (initial active 12) (6 cores per cpu, 2 threads per core) family 6 model 141 stepping 1 microcode 0x4e, cx8, cmov, fxsr, ht, mmx, 3dnowpref, sse, sse2, sse3, ssse3, sse4.1, sse4.2, popcnt, lzcnt, tsc, tscinvbit, avx, avx2, aes, erms, clmul, bmi1, bmi2, adx, avx512f, avx512dq, avx512cd, avx512bw, avx512vl, sha, fma, vzeroupper, avx512_vpopcntdq, avx512_vpclmulqdq, avx512_vaes, avx512_vnni, clflush, clflushopt, clwb, avx512_vbmi2, avx512_vbmi, hv
Processor Information for all 12 processors :
  Max Mhz: 2688, Current Mhz: 2688, Mhz Limit: 2688

Memory: 4k page, system-wide physical 16022M (697M free)
TotalPageFile size 22967M (AvailPageFile size 5M)
current process WorkingSet (physical memory assigned to process): 366M, peak: 367M
current process commit charge ("private bytes"): 492M, peak: 494M

vm_info: OpenJDK 64-Bit Server VM (17.0.11+9) for windows-amd64 JRE (17.0.11+9), built on Apr 17 2024 06:07:48 by "admin" with MS VC++ 16.10 / 16.11 (VS2019)

END.
