#
# There is insufficient memory for the Java Runtime Environment to continue.
# Native memory allocation (malloc) failed to allocate 710576 bytes. Error detail: Chunk::new
# Possible reasons:
#   The system is out of physical RAM or swap space
#   This process is running with CompressedOops enabled, and the Java Heap may be blocking the growth of the native heap
# Possible solutions:
#   Reduce memory load on the system
#   Increase physical memory or swap space
#   Check if swap backing store is full
#   Decrease Java heap size (-Xmx/-Xms)
#   Decrease number of Java threads
#   Decrease Java thread stack sizes (-Xss)
#   Set larger code cache with -XX:ReservedCodeCacheSize=
#   JVM is running with Unscaled Compressed Oops mode in which the Java heap is
#     placed in the first 4GB address space. The Java Heap base address is the
#     maximum limit for the native heap growth. Please use -XX:HeapBaseMinAddress
#     to set the Java Heap base and to place the Java Heap above 4GB virtual address.
# This output file may be truncated or incomplete.
#
#  Out of Memory Error (arena.cpp:191), pid=26392, tid=2144
#
# JRE version: OpenJDK Runtime Environment Temurin-17.0.11+9 (17.0.11+9) (build 17.0.11+9)
# Java VM: OpenJDK 64-Bit Server VM Temurin-17.0.11+9 (17.0.11+9, mixed mode, sharing, tiered, compressed oops, compressed class ptrs, g1 gc, windows-amd64)
# No core dump will be written. Minidumps are not enabled by default on client versions of Windows
#

---------------  S U M M A R Y ------------

Command Line: --add-opens=java.base/java.lang=ALL-UNNAMED --add-opens=java.base/java.lang.invoke=ALL-UNNAMED --add-opens=java.base/java.util=ALL-UNNAMED --add-opens=java.prefs/java.util.prefs=ALL-UNNAMED --add-exports=jdk.compiler/com.sun.tools.javac.api=ALL-UNNAMED --add-exports=jdk.compiler/com.sun.tools.javac.util=ALL-UNNAMED --add-opens=java.base/java.util=ALL-UNNAMED --add-opens=java.prefs/java.util.prefs=ALL-UNNAMED --add-opens=java.base/java.nio.charset=ALL-UNNAMED --add-opens=java.base/java.net=ALL-UNNAMED --add-opens=java.base/java.util.concurrent=ALL-UNNAMED --add-opens=java.base/java.util.concurrent.atomic=ALL-UNNAMED --add-opens=java.xml/javax.xml.namespace=ALL-UNNAMED -XX:MaxMetaspaceSize=384m -XX:+HeapDumpOnOutOfMemoryError -Xms256m -Xmx512m -Dfile.encoding=UTF-8 -Duser.country=IN -Duser.language=en -Duser.variant -javaagent:C:\Users\ratho\OneDrive\Desktop\Gradle\gradle-9.0.0\lib\agents\gradle-instrumentation-agent-9.0.0.jar org.gradle.launcher.daemon.bootstrap.GradleDaemon 9.0.0

Host: 11th Gen Intel(R) Core(TM) i5-11400H @ 2.70GHz, 12 cores, 15G,  Windows 11 , 64 bit Build 22621 (10.0.22621.5415)
Time: Sun Aug 24 17:47:13 2025 India Standard Time elapsed time: 8.124932 seconds (0d 0h 0m 8s)

---------------  T H R E A D  ---------------

Current thread (0x000001e91ad22a50):  JavaThread "C2 CompilerThread1" daemon [_thread_in_native, id=2144, stack(0x0000009273200000,0x0000009273300000)]


Current CompileTask:
C2:   8125 4439       4       sun.reflect.generics.parser.SignatureParser::parsePackageNameAndSimpleClassTypeSignature (119 bytes)

Stack: [0x0000009273200000,0x0000009273300000]
Native frames: (J=compiled Java code, j=interpreted, Vv=VM code, C=native code)
V  [jvm.dll+0x67d429]
V  [jvm.dll+0x834b7a]
V  [jvm.dll+0x83663e]
V  [jvm.dll+0x836ca3]
V  [jvm.dll+0x247dbf]
V  [jvm.dll+0xac534]
V  [jvm.dll+0xacb7c]
V  [jvm.dll+0x3665f2]
V  [jvm.dll+0x330bba]
V  [jvm.dll+0x33005a]
V  [jvm.dll+0x21a471]
V  [jvm.dll+0x2198b1]
V  [jvm.dll+0x1a534d]
V  [jvm.dll+0x2295cd]
V  [jvm.dll+0x22779c]
V  [jvm.dll+0x7e9d07]
V  [jvm.dll+0x7e410a]
V  [jvm.dll+0x67c315]
C  [ucrtbase.dll+0x29333]
C  [KERNEL32.DLL+0x1259d]
C  [ntdll.dll+0x5af78]


---------------  P R O C E S S  ---------------

Threads class SMR info:
_java_thread_list=0x000001e91d4cfd10, length=41, elements={
0x000001e9636624a0, 0x000001e97e6476c0, 0x000001e97e648280, 0x000001e97e655d80,
0x000001e97e656940, 0x000001e97e65b930, 0x000001e97e65c2f0, 0x000001e97e65f4b0,
0x000001e97e66b470, 0x000001e97e66cd90, 0x000001e97e630e00, 0x000001e97e9256c0,
0x000001e91a4cc440, 0x000001e919afc8c0, 0x000001e919b8d610, 0x000001e91a535fd0,
0x000001e91911d400, 0x000001e91961bd90, 0x000001e91957a540, 0x000001e91a5358e0,
0x000001e91a5b8160, 0x000001e919c1cd60, 0x000001e91aa03aa0, 0x000001e91a761830,
0x000001e91a8db4b0, 0x000001e91be2b5b0, 0x000001e91be2d410, 0x000001e91be2c4e0,
0x000001e91be2c9f0, 0x000001e91be2bac0, 0x000001e91be29c60, 0x000001e91be2cf00,
0x000001e91ad22a50, 0x000001e91be2bfd0, 0x000001e91be2a170, 0x000001e91b24bfc0,
0x000001e91be2a680, 0x000001e91be2ab90, 0x000001e91ae02b80, 0x000001e91ae035a0,
0x000001e91adfdf90
}

Java Threads: ( => current thread )
  0x000001e9636624a0 JavaThread "main" [_thread_blocked, id=12784, stack(0x0000009270000000,0x0000009270100000)]
  0x000001e97e6476c0 JavaThread "Reference Handler" daemon [_thread_blocked, id=9160, stack(0x0000009270700000,0x0000009270800000)]
  0x000001e97e648280 JavaThread "Finalizer" daemon [_thread_blocked, id=23788, stack(0x0000009270800000,0x0000009270900000)]
  0x000001e97e655d80 JavaThread "Signal Dispatcher" daemon [_thread_blocked, id=26468, stack(0x0000009270900000,0x0000009270a00000)]
  0x000001e97e656940 JavaThread "Attach Listener" daemon [_thread_blocked, id=26552, stack(0x0000009270a00000,0x0000009270b00000)]
  0x000001e97e65b930 JavaThread "Service Thread" daemon [_thread_blocked, id=26428, stack(0x0000009270b00000,0x0000009270c00000)]
  0x000001e97e65c2f0 JavaThread "Monitor Deflation Thread" daemon [_thread_blocked, id=25748, stack(0x0000009270c00000,0x0000009270d00000)]
  0x000001e97e65f4b0 JavaThread "C2 CompilerThread0" daemon [_thread_in_native, id=26420, stack(0x0000009270d00000,0x0000009270e00000)]
  0x000001e97e66b470 JavaThread "C1 CompilerThread0" daemon [_thread_blocked, id=25480, stack(0x0000009270e00000,0x0000009270f00000)]
  0x000001e97e66cd90 JavaThread "Sweeper thread" daemon [_thread_blocked, id=26404, stack(0x0000009270f00000,0x0000009271000000)]
  0x000001e97e630e00 JavaThread "Common-Cleaner" daemon [_thread_blocked, id=23588, stack(0x0000009271000000,0x0000009271100000)]
  0x000001e97e9256c0 JavaThread "Notification Thread" daemon [_thread_blocked, id=26528, stack(0x0000009271100000,0x0000009271200000)]
  0x000001e91a4cc440 JavaThread "Daemon health stats" [_thread_blocked, id=10004, stack(0x0000009271b00000,0x0000009271c00000)]
  0x000001e919afc8c0 JavaThread "Incoming local TCP Connector on port 52039" [_thread_in_native, id=26220, stack(0x0000009271c00000,0x0000009271d00000)]
  0x000001e919b8d610 JavaThread "Daemon periodic checks" [_thread_blocked, id=25944, stack(0x0000009271d00000,0x0000009271e00000)]
  0x000001e91a535fd0 JavaThread "Daemon" [_thread_blocked, id=25688, stack(0x0000009271e00000,0x0000009271f00000)]
  0x000001e91911d400 JavaThread "Handler for socket connection from /127.0.0.1:52039 to /127.0.0.1:52040" [_thread_in_native, id=26576, stack(0x0000009271f00000,0x0000009272000000)]
  0x000001e91961bd90 JavaThread "Cancel handler" [_thread_blocked, id=25988, stack(0x0000009272000000,0x0000009272100000)]
  0x000001e91957a540 JavaThread "Daemon worker" [_thread_in_native, id=25696, stack(0x0000009272100000,0x0000009272200000)]
  0x000001e91a5358e0 JavaThread "Asynchronous log dispatcher for DefaultDaemonConnection: socket connection from /127.0.0.1:52039 to /127.0.0.1:52040" [_thread_blocked, id=25912, stack(0x0000009272200000,0x0000009272300000)]
  0x000001e91a5b8160 JavaThread "Stdin handler" [_thread_blocked, id=2912, stack(0x0000009272300000,0x0000009272400000)]
  0x000001e919c1cd60 JavaThread "Daemon client event forwarder" [_thread_blocked, id=26056, stack(0x0000009272400000,0x0000009272500000)]
  0x000001e91aa03aa0 JavaThread "Cache worker for journal cache (C:\Users\ratho\.gradle\caches\journal-1)" [_thread_blocked, id=24172, stack(0x0000009272500000,0x0000009272600000)]
  0x000001e91a761830 JavaThread "File lock request listener" [_thread_in_native, id=25636, stack(0x0000009272600000,0x0000009272700000)]
  0x000001e91a8db4b0 JavaThread "Cache worker for file hash cache (C:\Users\ratho\.gradle\caches\9.0.0\fileHashes)" [_thread_blocked, id=26080, stack(0x0000009272700000,0x0000009272800000)]
  0x000001e91be2b5b0 JavaThread "File lock release action executor" [_thread_blocked, id=12684, stack(0x0000009272800000,0x0000009272900000)]
  0x000001e91be2d410 JavaThread "Cache worker for file hash cache (C:\Users\ratho\OneDrive\Desktop\SGP - 5th SEM\.gradle\9.0.0\fileHashes)" [_thread_blocked, id=14092, stack(0x0000009272d00000,0x0000009272e00000)]
  0x000001e91be2c4e0 JavaThread "Cache worker for Build Output Cleanup Cache (C:\Users\ratho\OneDrive\Desktop\SGP - 5th SEM\.gradle\buildOutputCleanup)" [_thread_blocked, id=13108, stack(0x0000009272e00000,0x0000009272f00000)]
  0x000001e91be2c9f0 JavaThread "File watcher server" daemon [_thread_in_native, id=15460, stack(0x0000009272f00000,0x0000009273000000)]
  0x000001e91be2bac0 JavaThread "File watcher consumer" daemon [_thread_blocked, id=26372, stack(0x0000009273000000,0x0000009273100000)]
  0x000001e91be29c60 JavaThread "Cache worker for checksums cache (C:\Users\ratho\OneDrive\Desktop\SGP - 5th SEM\.gradle\9.0.0\checksums)" [_thread_blocked, id=25128, stack(0x0000009271300000,0x0000009271400000)]
  0x000001e91be2cf00 JavaThread "Cache worker for file content cache (C:\Users\ratho\.gradle\caches\9.0.0\fileContent)" [_thread_blocked, id=12848, stack(0x0000009273100000,0x0000009273200000)]
=>0x000001e91ad22a50 JavaThread "C2 CompilerThread1" daemon [_thread_in_native, id=2144, stack(0x0000009273200000,0x0000009273300000)]
  0x000001e91be2bfd0 JavaThread "Cache worker for cache directory md-supplier (C:\Users\ratho\.gradle\caches\9.0.0\md-supplier)" [_thread_blocked, id=11104, stack(0x0000009273300000,0x0000009273400000)]
  0x000001e91be2a170 JavaThread "Cache worker for cache directory md-rule (C:\Users\ratho\.gradle\caches\9.0.0\md-rule)" [_thread_blocked, id=20632, stack(0x0000009273400000,0x0000009273500000)]
  0x000001e91b24bfc0 JavaThread "C2 CompilerThread2" daemon [_thread_in_native, id=11800, stack(0x0000009273500000,0x0000009273600000)]
  0x000001e91be2a680 JavaThread "jar transforms" [_thread_blocked, id=1860, stack(0x0000009273600000,0x0000009273700000)]
  0x000001e91be2ab90 JavaThread "jar transforms Thread 2" [_thread_blocked, id=8828, stack(0x0000009273700000,0x0000009273800000)]
  0x000001e91ae02b80 JavaThread "jar transforms Thread 3" [_thread_blocked, id=26596, stack(0x0000009273800000,0x0000009273900000)]
  0x000001e91ae035a0 JavaThread "jar transforms Thread 4" [_thread_blocked, id=12220, stack(0x0000009273900000,0x0000009273a00000)]
  0x000001e91adfdf90 JavaThread "Problems report writer" [_thread_blocked, id=17780, stack(0x0000009273a00000,0x0000009273b00000)]

Other Threads:
  0x000001e97e645170 VMThread "VM Thread" [stack: 0x0000009270600000,0x0000009270700000] [id=12924]
  0x000001e97e925ba0 WatcherThread [stack: 0x0000009271200000,0x0000009271300000] [id=16044]
  0x000001e96368f1d0 GCTaskThread "GC Thread#0" [stack: 0x0000009270100000,0x0000009270200000] [id=24340]
  0x000001e97eb73db0 GCTaskThread "GC Thread#1" [stack: 0x0000009271500000,0x0000009271600000] [id=25736]
  0x000001e97eb74070 GCTaskThread "GC Thread#2" [stack: 0x0000009271600000,0x0000009271700000] [id=25888]
  0x000001e97ebb4290 GCTaskThread "GC Thread#3" [stack: 0x0000009271700000,0x0000009271800000] [id=5372]
  0x000001e97efb0cc0 GCTaskThread "GC Thread#4" [stack: 0x0000009271800000,0x0000009271900000] [id=26556]
  0x000001e97efb0f80 GCTaskThread "GC Thread#5" [stack: 0x0000009271900000,0x0000009271a00000] [id=8240]
  0x000001e919374310 GCTaskThread "GC Thread#6" [stack: 0x0000009271400000,0x0000009271500000] [id=26076]
  0x000001e91a4dec30 GCTaskThread "GC Thread#7" [stack: 0x0000009271a00000,0x0000009271b00000] [id=10716]
  0x000001e91a56bb80 GCTaskThread "GC Thread#8" [stack: 0x0000009272900000,0x0000009272a00000] [id=20852]
  0x000001e91a56b600 GCTaskThread "GC Thread#9" [stack: 0x0000009272a00000,0x0000009272b00000] [id=20172]
  0x000001e963694120 ConcurrentGCThread "G1 Main Marker" [stack: 0x0000009270200000,0x0000009270300000] [id=16508]
  0x000001e963694b40 ConcurrentGCThread "G1 Conc#0" [stack: 0x0000009270300000,0x0000009270400000] [id=15984]
  0x000001e91a56a580 ConcurrentGCThread "G1 Conc#1" [stack: 0x0000009272b00000,0x0000009272c00000] [id=24200]
  0x000001e91a56a840 ConcurrentGCThread "G1 Conc#2" [stack: 0x0000009272c00000,0x0000009272d00000] [id=19672]
  0x000001e96370e900 ConcurrentGCThread "G1 Refine#0" [stack: 0x0000009270400000,0x0000009270500000] [id=26460]
  0x000001e97e502550 ConcurrentGCThread "G1 Service" [stack: 0x0000009270500000,0x0000009270600000] [id=24016]

Threads with active compile tasks:
C2 CompilerThread0     8154 4458       4       org.objectweb.asm.ClassReader::readUtf (161 bytes)
C2 CompilerThread1     8154 4439       4       sun.reflect.generics.parser.SignatureParser::parsePackageNameAndSimpleClassTypeSignature (119 bytes)
C2 CompilerThread2     8154 4455       4       org.objectweb.asm.SymbolTable::addConstantUtf8Reference (101 bytes)

VM state: not at safepoint (normal execution)

VM Mutex/Monitor currently owned by a thread: None

Heap address: 0x00000000e0000000, size: 512 MB, Compressed Oops mode: 32-bit

CDS archive(s) mapped at: [0x000001e900000000-0x000001e900bb0000-0x000001e900bb0000), size 12255232, SharedBaseAddress: 0x000001e900000000, ArchiveRelocationMode: 1.
Compressed class space mapped at: 0x000001e901000000-0x000001e915000000, reserved size: 335544320
Narrow klass base: 0x000001e900000000, Narrow klass shift: 0, Narrow klass range: 0x100000000

GC Precious Log:
 CPUs: 12 total, 12 available
 Memory: 16022M
 Large Page Support: Disabled
 NUMA Support: Disabled
 Compressed Oops: Enabled (32-bit)
 Heap Region Size: 1M
 Heap Min Capacity: 256M
 Heap Initial Capacity: 256M
 Heap Max Capacity: 512M
 Pre-touch: Disabled
 Parallel Workers: 10
 Concurrent Workers: 3
 Concurrent Refinement Workers: 10
 Periodic GC: Disabled

Heap:
 garbage-first heap   total 262144K, used 80351K [0x00000000e0000000, 0x0000000100000000)
  region size 1024K, 68 young (69632K), 17 survivors (17408K)
 Metaspace       used 40202K, committed 40768K, reserved 393216K
  class space    used 5676K, committed 5952K, reserved 327680K

Heap Regions: E=young(eden), S=young(survivor), O=old, HS=humongous(starts), HC=humongous(continues), CS=collection set, F=free, OA=open archive, CA=closed archive, TAMS=top-at-mark-start (previous, next)
|   0|0x00000000e0000000, 0x00000000e0100000, 0x00000000e0100000|100%| O|  |TAMS 0x00000000e0100000, 0x00000000e0000000| Untracked 
|   1|0x00000000e0100000, 0x00000000e0200000, 0x00000000e0200000|100%| O|  |TAMS 0x00000000e0200000, 0x00000000e0100000| Untracked 
|   2|0x00000000e0200000, 0x00000000e0300000, 0x00000000e0300000|100%|HS|  |TAMS 0x00000000e0300000, 0x00000000e0200000| Complete 
|   3|0x00000000e0300000, 0x00000000e0400000, 0x00000000e0400000|100%|HC|  |TAMS 0x00000000e0400000, 0x00000000e0300000| Complete 
|   4|0x00000000e0400000, 0x00000000e0500000, 0x00000000e0500000|100%|HC|  |TAMS 0x00000000e0500000, 0x00000000e0400000| Complete 
|   5|0x00000000e0500000, 0x00000000e0600000, 0x00000000e0600000|100%| O|  |TAMS 0x00000000e0600000, 0x00000000e0500000| Untracked 
|   6|0x00000000e0600000, 0x00000000e0700000, 0x00000000e0700000|100%| O|  |TAMS 0x00000000e0700000, 0x00000000e0600000| Untracked 
|   7|0x00000000e0700000, 0x00000000e0800000, 0x00000000e0800000|100%| O|  |TAMS 0x00000000e0800000, 0x00000000e0700000| Untracked 
|   8|0x00000000e0800000, 0x00000000e0900000, 0x00000000e0900000|100%|HS|  |TAMS 0x00000000e0900000, 0x00000000e0800000| Complete 
|   9|0x00000000e0900000, 0x00000000e0a00000, 0x00000000e0a00000|100%| O|  |TAMS 0x00000000e0900000, 0x00000000e0900000| Untracked 
|  10|0x00000000e0a00000, 0x00000000e0b00000, 0x00000000e0b00000|100%| O|  |TAMS 0x00000000e0b00000, 0x00000000e0a00000| Untracked 
|  11|0x00000000e0b00000, 0x00000000e0c00000, 0x00000000e0c00000|100%| O|  |TAMS 0x00000000e0b00000, 0x00000000e0b00000| Untracked 
|  12|0x00000000e0c00000, 0x00000000e0cbea00, 0x00000000e0d00000| 74%| O|  |TAMS 0x00000000e0c00000, 0x00000000e0c00000| Untracked 
|  13|0x00000000e0d00000, 0x00000000e0d00000, 0x00000000e0e00000|  0%| F|  |TAMS 0x00000000e0d00000, 0x00000000e0d00000| Untracked 
|  14|0x00000000e0e00000, 0x00000000e0e00000, 0x00000000e0f00000|  0%| F|  |TAMS 0x00000000e0e00000, 0x00000000e0e00000| Untracked 
|  15|0x00000000e0f00000, 0x00000000e0f00000, 0x00000000e1000000|  0%| F|  |TAMS 0x00000000e0f00000, 0x00000000e0f00000| Untracked 
|  16|0x00000000e1000000, 0x00000000e1000000, 0x00000000e1100000|  0%| F|  |TAMS 0x00000000e1000000, 0x00000000e1000000| Untracked 
|  17|0x00000000e1100000, 0x00000000e1100000, 0x00000000e1200000|  0%| F|  |TAMS 0x00000000e1100000, 0x00000000e1100000| Untracked 
|  18|0x00000000e1200000, 0x00000000e1200000, 0x00000000e1300000|  0%| F|  |TAMS 0x00000000e1200000, 0x00000000e1200000| Untracked 
|  19|0x00000000e1300000, 0x00000000e1300000, 0x00000000e1400000|  0%| F|  |TAMS 0x00000000e1300000, 0x00000000e1300000| Untracked 
|  20|0x00000000e1400000, 0x00000000e1400000, 0x00000000e1500000|  0%| F|  |TAMS 0x00000000e1400000, 0x00000000e1400000| Untracked 
|  21|0x00000000e1500000, 0x00000000e1500000, 0x00000000e1600000|  0%| F|  |TAMS 0x00000000e1500000, 0x00000000e1500000| Untracked 
|  22|0x00000000e1600000, 0x00000000e1600000, 0x00000000e1700000|  0%| F|  |TAMS 0x00000000e1600000, 0x00000000e1600000| Untracked 
|  23|0x00000000e1700000, 0x00000000e1700000, 0x00000000e1800000|  0%| F|  |TAMS 0x00000000e1700000, 0x00000000e1700000| Untracked 
|  24|0x00000000e1800000, 0x00000000e1800000, 0x00000000e1900000|  0%| F|  |TAMS 0x00000000e1800000, 0x00000000e1800000| Untracked 
|  25|0x00000000e1900000, 0x00000000e1900000, 0x00000000e1a00000|  0%| F|  |TAMS 0x00000000e1900000, 0x00000000e1900000| Untracked 
|  26|0x00000000e1a00000, 0x00000000e1a00000, 0x00000000e1b00000|  0%| F|  |TAMS 0x00000000e1a00000, 0x00000000e1a00000| Untracked 
|  27|0x00000000e1b00000, 0x00000000e1b00000, 0x00000000e1c00000|  0%| F|  |TAMS 0x00000000e1b00000, 0x00000000e1b00000| Untracked 
|  28|0x00000000e1c00000, 0x00000000e1c00000, 0x00000000e1d00000|  0%| F|  |TAMS 0x00000000e1c00000, 0x00000000e1c00000| Untracked 
|  29|0x00000000e1d00000, 0x00000000e1d00000, 0x00000000e1e00000|  0%| F|  |TAMS 0x00000000e1d00000, 0x00000000e1d00000| Untracked 
|  30|0x00000000e1e00000, 0x00000000e1e00000, 0x00000000e1f00000|  0%| F|  |TAMS 0x00000000e1e00000, 0x00000000e1e00000| Untracked 
|  31|0x00000000e1f00000, 0x00000000e1f00000, 0x00000000e2000000|  0%| F|  |TAMS 0x00000000e1f00000, 0x00000000e1f00000| Untracked 
|  32|0x00000000e2000000, 0x00000000e2000000, 0x00000000e2100000|  0%| F|  |TAMS 0x00000000e2000000, 0x00000000e2000000| Untracked 
|  33|0x00000000e2100000, 0x00000000e2100000, 0x00000000e2200000|  0%| F|  |TAMS 0x00000000e2100000, 0x00000000e2100000| Untracked 
|  34|0x00000000e2200000, 0x00000000e2200000, 0x00000000e2300000|  0%| F|  |TAMS 0x00000000e2200000, 0x00000000e2200000| Untracked 
|  35|0x00000000e2300000, 0x00000000e2300000, 0x00000000e2400000|  0%| F|  |TAMS 0x00000000e2300000, 0x00000000e2300000| Untracked 
|  36|0x00000000e2400000, 0x00000000e2400000, 0x00000000e2500000|  0%| F|  |TAMS 0x00000000e2400000, 0x00000000e2400000| Untracked 
|  37|0x00000000e2500000, 0x00000000e2500000, 0x00000000e2600000|  0%| F|  |TAMS 0x00000000e2500000, 0x00000000e2500000| Untracked 
|  38|0x00000000e2600000, 0x00000000e2600000, 0x00000000e2700000|  0%| F|  |TAMS 0x00000000e2600000, 0x00000000e2600000| Untracked 
|  39|0x00000000e2700000, 0x00000000e2700000, 0x00000000e2800000|  0%| F|  |TAMS 0x00000000e2700000, 0x00000000e2700000| Untracked 
|  40|0x00000000e2800000, 0x00000000e2800000, 0x00000000e2900000|  0%| F|  |TAMS 0x00000000e2800000, 0x00000000e2800000| Untracked 
|  41|0x00000000e2900000, 0x00000000e2900000, 0x00000000e2a00000|  0%| F|  |TAMS 0x00000000e2900000, 0x00000000e2900000| Untracked 
|  42|0x00000000e2a00000, 0x00000000e2a00000, 0x00000000e2b00000|  0%| F|  |TAMS 0x00000000e2a00000, 0x00000000e2a00000| Untracked 
|  43|0x00000000e2b00000, 0x00000000e2b00000, 0x00000000e2c00000|  0%| F|  |TAMS 0x00000000e2b00000, 0x00000000e2b00000| Untracked 
|  44|0x00000000e2c00000, 0x00000000e2c00000, 0x00000000e2d00000|  0%| F|  |TAMS 0x00000000e2c00000, 0x00000000e2c00000| Untracked 
|  45|0x00000000e2d00000, 0x00000000e2d00000, 0x00000000e2e00000|  0%| F|  |TAMS 0x00000000e2d00000, 0x00000000e2d00000| Untracked 
|  46|0x00000000e2e00000, 0x00000000e2e00000, 0x00000000e2f00000|  0%| F|  |TAMS 0x00000000e2e00000, 0x00000000e2e00000| Untracked 
|  47|0x00000000e2f00000, 0x00000000e2f00000, 0x00000000e3000000|  0%| F|  |TAMS 0x00000000e2f00000, 0x00000000e2f00000| Untracked 
|  48|0x00000000e3000000, 0x00000000e3000000, 0x00000000e3100000|  0%| F|  |TAMS 0x00000000e3000000, 0x00000000e3000000| Untracked 
|  49|0x00000000e3100000, 0x00000000e3100000, 0x00000000e3200000|  0%| F|  |TAMS 0x00000000e3100000, 0x00000000e3100000| Untracked 
|  50|0x00000000e3200000, 0x00000000e3200000, 0x00000000e3300000|  0%| F|  |TAMS 0x00000000e3200000, 0x00000000e3200000| Untracked 
|  51|0x00000000e3300000, 0x00000000e3300000, 0x00000000e3400000|  0%| F|  |TAMS 0x00000000e3300000, 0x00000000e3300000| Untracked 
|  52|0x00000000e3400000, 0x00000000e3400000, 0x00000000e3500000|  0%| F|  |TAMS 0x00000000e3400000, 0x00000000e3400000| Untracked 
|  53|0x00000000e3500000, 0x00000000e3500000, 0x00000000e3600000|  0%| F|  |TAMS 0x00000000e3500000, 0x00000000e3500000| Untracked 
|  54|0x00000000e3600000, 0x00000000e3600000, 0x00000000e3700000|  0%| F|  |TAMS 0x00000000e3600000, 0x00000000e3600000| Untracked 
|  55|0x00000000e3700000, 0x00000000e3700000, 0x00000000e3800000|  0%| F|  |TAMS 0x00000000e3700000, 0x00000000e3700000| Untracked 
|  56|0x00000000e3800000, 0x00000000e3800000, 0x00000000e3900000|  0%| F|  |TAMS 0x00000000e3800000, 0x00000000e3800000| Untracked 
|  57|0x00000000e3900000, 0x00000000e3900000, 0x00000000e3a00000|  0%| F|  |TAMS 0x00000000e3900000, 0x00000000e3900000| Untracked 
|  58|0x00000000e3a00000, 0x00000000e3a00000, 0x00000000e3b00000|  0%| F|  |TAMS 0x00000000e3a00000, 0x00000000e3a00000| Untracked 
|  59|0x00000000e3b00000, 0x00000000e3b00000, 0x00000000e3c00000|  0%| F|  |TAMS 0x00000000e3b00000, 0x00000000e3b00000| Untracked 
|  60|0x00000000e3c00000, 0x00000000e3c00000, 0x00000000e3d00000|  0%| F|  |TAMS 0x00000000e3c00000, 0x00000000e3c00000| Untracked 
|  61|0x00000000e3d00000, 0x00000000e3d00000, 0x00000000e3e00000|  0%| F|  |TAMS 0x00000000e3d00000, 0x00000000e3d00000| Untracked 
|  62|0x00000000e3e00000, 0x00000000e3e00000, 0x00000000e3f00000|  0%| F|  |TAMS 0x00000000e3e00000, 0x00000000e3e00000| Untracked 
|  63|0x00000000e3f00000, 0x00000000e3f00000, 0x00000000e4000000|  0%| F|  |TAMS 0x00000000e3f00000, 0x00000000e3f00000| Untracked 
|  64|0x00000000e4000000, 0x00000000e4000000, 0x00000000e4100000|  0%| F|  |TAMS 0x00000000e4000000, 0x00000000e4000000| Untracked 
|  65|0x00000000e4100000, 0x00000000e4100000, 0x00000000e4200000|  0%| F|  |TAMS 0x00000000e4100000, 0x00000000e4100000| Untracked 
|  66|0x00000000e4200000, 0x00000000e4200000, 0x00000000e4300000|  0%| F|  |TAMS 0x00000000e4200000, 0x00000000e4200000| Untracked 
|  67|0x00000000e4300000, 0x00000000e4300000, 0x00000000e4400000|  0%| F|  |TAMS 0x00000000e4300000, 0x00000000e4300000| Untracked 
|  68|0x00000000e4400000, 0x00000000e4400000, 0x00000000e4500000|  0%| F|  |TAMS 0x00000000e4400000, 0x00000000e4400000| Untracked 
|  69|0x00000000e4500000, 0x00000000e4500000, 0x00000000e4600000|  0%| F|  |TAMS 0x00000000e4500000, 0x00000000e4500000| Untracked 
|  70|0x00000000e4600000, 0x00000000e4600000, 0x00000000e4700000|  0%| F|  |TAMS 0x00000000e4600000, 0x00000000e4600000| Untracked 
|  71|0x00000000e4700000, 0x00000000e4700000, 0x00000000e4800000|  0%| F|  |TAMS 0x00000000e4700000, 0x00000000e4700000| Untracked 
|  72|0x00000000e4800000, 0x00000000e4800000, 0x00000000e4900000|  0%| F|  |TAMS 0x00000000e4800000, 0x00000000e4800000| Untracked 
|  73|0x00000000e4900000, 0x00000000e4900000, 0x00000000e4a00000|  0%| F|  |TAMS 0x00000000e4900000, 0x00000000e4900000| Untracked 
|  74|0x00000000e4a00000, 0x00000000e4a00000, 0x00000000e4b00000|  0%| F|  |TAMS 0x00000000e4a00000, 0x00000000e4a00000| Untracked 
|  75|0x00000000e4b00000, 0x00000000e4b00000, 0x00000000e4c00000|  0%| F|  |TAMS 0x00000000e4b00000, 0x00000000e4b00000| Untracked 
|  76|0x00000000e4c00000, 0x00000000e4c00000, 0x00000000e4d00000|  0%| F|  |TAMS 0x00000000e4c00000, 0x00000000e4c00000| Untracked 
|  77|0x00000000e4d00000, 0x00000000e4d00000, 0x00000000e4e00000|  0%| F|  |TAMS 0x00000000e4d00000, 0x00000000e4d00000| Untracked 
|  78|0x00000000e4e00000, 0x00000000e4e00000, 0x00000000e4f00000|  0%| F|  |TAMS 0x00000000e4e00000, 0x00000000e4e00000| Untracked 
|  79|0x00000000e4f00000, 0x00000000e4f00000, 0x00000000e5000000|  0%| F|  |TAMS 0x00000000e4f00000, 0x00000000e4f00000| Untracked 
|  80|0x00000000e5000000, 0x00000000e5000000, 0x00000000e5100000|  0%| F|  |TAMS 0x00000000e5000000, 0x00000000e5000000| Untracked 
|  81|0x00000000e5100000, 0x00000000e5100000, 0x00000000e5200000|  0%| F|  |TAMS 0x00000000e5100000, 0x00000000e5100000| Untracked 
|  82|0x00000000e5200000, 0x00000000e5200000, 0x00000000e5300000|  0%| F|  |TAMS 0x00000000e5200000, 0x00000000e5200000| Untracked 
|  83|0x00000000e5300000, 0x00000000e5300000, 0x00000000e5400000|  0%| F|  |TAMS 0x00000000e5300000, 0x00000000e5300000| Untracked 
|  84|0x00000000e5400000, 0x00000000e5400000, 0x00000000e5500000|  0%| F|  |TAMS 0x00000000e5400000, 0x00000000e5400000| Untracked 
|  85|0x00000000e5500000, 0x00000000e5500000, 0x00000000e5600000|  0%| F|  |TAMS 0x00000000e5500000, 0x00000000e5500000| Untracked 
|  86|0x00000000e5600000, 0x00000000e5600000, 0x00000000e5700000|  0%| F|  |TAMS 0x00000000e5600000, 0x00000000e5600000| Untracked 
|  87|0x00000000e5700000, 0x00000000e5700000, 0x00000000e5800000|  0%| F|  |TAMS 0x00000000e5700000, 0x00000000e5700000| Untracked 
|  88|0x00000000e5800000, 0x00000000e5800000, 0x00000000e5900000|  0%| F|  |TAMS 0x00000000e5800000, 0x00000000e5800000| Untracked 
|  89|0x00000000e5900000, 0x00000000e5900000, 0x00000000e5a00000|  0%| F|  |TAMS 0x00000000e5900000, 0x00000000e5900000| Untracked 
|  90|0x00000000e5a00000, 0x00000000e5a00000, 0x00000000e5b00000|  0%| F|  |TAMS 0x00000000e5a00000, 0x00000000e5a00000| Untracked 
|  91|0x00000000e5b00000, 0x00000000e5b00000, 0x00000000e5c00000|  0%| F|  |TAMS 0x00000000e5b00000, 0x00000000e5b00000| Untracked 
|  92|0x00000000e5c00000, 0x00000000e5c00000, 0x00000000e5d00000|  0%| F|  |TAMS 0x00000000e5c00000, 0x00000000e5c00000| Untracked 
|  93|0x00000000e5d00000, 0x00000000e5d00000, 0x00000000e5e00000|  0%| F|  |TAMS 0x00000000e5d00000, 0x00000000e5d00000| Untracked 
|  94|0x00000000e5e00000, 0x00000000e5e00000, 0x00000000e5f00000|  0%| F|  |TAMS 0x00000000e5e00000, 0x00000000e5e00000| Untracked 
|  95|0x00000000e5f00000, 0x00000000e5f00000, 0x00000000e6000000|  0%| F|  |TAMS 0x00000000e5f00000, 0x00000000e5f00000| Untracked 
|  96|0x00000000e6000000, 0x00000000e6000000, 0x00000000e6100000|  0%| F|  |TAMS 0x00000000e6000000, 0x00000000e6000000| Untracked 
|  97|0x00000000e6100000, 0x00000000e6100000, 0x00000000e6200000|  0%| F|  |TAMS 0x00000000e6100000, 0x00000000e6100000| Untracked 
|  98|0x00000000e6200000, 0x00000000e6200000, 0x00000000e6300000|  0%| F|  |TAMS 0x00000000e6200000, 0x00000000e6200000| Untracked 
|  99|0x00000000e6300000, 0x00000000e6300000, 0x00000000e6400000|  0%| F|  |TAMS 0x00000000e6300000, 0x00000000e6300000| Untracked 
| 100|0x00000000e6400000, 0x00000000e6400000, 0x00000000e6500000|  0%| F|  |TAMS 0x00000000e6400000, 0x00000000e6400000| Untracked 
| 101|0x00000000e6500000, 0x00000000e6500000, 0x00000000e6600000|  0%| F|  |TAMS 0x00000000e6500000, 0x00000000e6500000| Untracked 
| 102|0x00000000e6600000, 0x00000000e6600000, 0x00000000e6700000|  0%| F|  |TAMS 0x00000000e6600000, 0x00000000e6600000| Untracked 
| 103|0x00000000e6700000, 0x00000000e6700000, 0x00000000e6800000|  0%| F|  |TAMS 0x00000000e6700000, 0x00000000e6700000| Untracked 
| 104|0x00000000e6800000, 0x00000000e6800000, 0x00000000e6900000|  0%| F|  |TAMS 0x00000000e6800000, 0x00000000e6800000| Untracked 
| 105|0x00000000e6900000, 0x00000000e6900000, 0x00000000e6a00000|  0%| F|  |TAMS 0x00000000e6900000, 0x00000000e6900000| Untracked 
| 106|0x00000000e6a00000, 0x00000000e6a00000, 0x00000000e6b00000|  0%| F|  |TAMS 0x00000000e6a00000, 0x00000000e6a00000| Untracked 
| 107|0x00000000e6b00000, 0x00000000e6b00000, 0x00000000e6c00000|  0%| F|  |TAMS 0x00000000e6b00000, 0x00000000e6b00000| Untracked 
| 108|0x00000000e6c00000, 0x00000000e6c00000, 0x00000000e6d00000|  0%| F|  |TAMS 0x00000000e6c00000, 0x00000000e6c00000| Untracked 
| 109|0x00000000e6d00000, 0x00000000e6d00000, 0x00000000e6e00000|  0%| F|  |TAMS 0x00000000e6d00000, 0x00000000e6d00000| Untracked 
| 110|0x00000000e6e00000, 0x00000000e6e00000, 0x00000000e6f00000|  0%| F|  |TAMS 0x00000000e6e00000, 0x00000000e6e00000| Untracked 
| 111|0x00000000e6f00000, 0x00000000e6f00000, 0x00000000e7000000|  0%| F|  |TAMS 0x00000000e6f00000, 0x00000000e6f00000| Untracked 
| 112|0x00000000e7000000, 0x00000000e7000000, 0x00000000e7100000|  0%| F|  |TAMS 0x00000000e7000000, 0x00000000e7000000| Untracked 
| 113|0x00000000e7100000, 0x00000000e7100000, 0x00000000e7200000|  0%| F|  |TAMS 0x00000000e7100000, 0x00000000e7100000| Untracked 
| 114|0x00000000e7200000, 0x00000000e7200000, 0x00000000e7300000|  0%| F|  |TAMS 0x00000000e7200000, 0x00000000e7200000| Untracked 
| 115|0x00000000e7300000, 0x00000000e7300000, 0x00000000e7400000|  0%| F|  |TAMS 0x00000000e7300000, 0x00000000e7300000| Untracked 
| 116|0x00000000e7400000, 0x00000000e7400000, 0x00000000e7500000|  0%| F|  |TAMS 0x00000000e7400000, 0x00000000e7400000| Untracked 
| 117|0x00000000e7500000, 0x00000000e75b9208, 0x00000000e7600000| 72%| S|CS|TAMS 0x00000000e7500000, 0x00000000e7500000| Complete 
| 118|0x00000000e7600000, 0x00000000e7700000, 0x00000000e7700000|100%| S|CS|TAMS 0x00000000e7600000, 0x00000000e7600000| Complete 
| 119|0x00000000e7700000, 0x00000000e7800000, 0x00000000e7800000|100%| S|CS|TAMS 0x00000000e7700000, 0x00000000e7700000| Complete 
| 120|0x00000000e7800000, 0x00000000e7900000, 0x00000000e7900000|100%| S|CS|TAMS 0x00000000e7800000, 0x00000000e7800000| Complete 
| 121|0x00000000e7900000, 0x00000000e7a00000, 0x00000000e7a00000|100%| S|CS|TAMS 0x00000000e7900000, 0x00000000e7900000| Complete 
| 122|0x00000000e7a00000, 0x00000000e7b00000, 0x00000000e7b00000|100%| S|CS|TAMS 0x00000000e7a00000, 0x00000000e7a00000| Complete 
| 123|0x00000000e7b00000, 0x00000000e7c00000, 0x00000000e7c00000|100%| S|CS|TAMS 0x00000000e7b00000, 0x00000000e7b00000| Complete 
| 124|0x00000000e7c00000, 0x00000000e7d00000, 0x00000000e7d00000|100%| S|CS|TAMS 0x00000000e7c00000, 0x00000000e7c00000| Complete 
| 125|0x00000000e7d00000, 0x00000000e7e00000, 0x00000000e7e00000|100%| S|CS|TAMS 0x00000000e7d00000, 0x00000000e7d00000| Complete 
| 126|0x00000000e7e00000, 0x00000000e7f00000, 0x00000000e7f00000|100%| S|CS|TAMS 0x00000000e7e00000, 0x00000000e7e00000| Complete 
| 127|0x00000000e7f00000, 0x00000000e8000000, 0x00000000e8000000|100%| S|CS|TAMS 0x00000000e7f00000, 0x00000000e7f00000| Complete 
| 128|0x00000000e8000000, 0x00000000e8100000, 0x00000000e8100000|100%| S|CS|TAMS 0x00000000e8000000, 0x00000000e8000000| Complete 
| 129|0x00000000e8100000, 0x00000000e8200000, 0x00000000e8200000|100%| S|CS|TAMS 0x00000000e8100000, 0x00000000e8100000| Complete 
| 130|0x00000000e8200000, 0x00000000e8300000, 0x00000000e8300000|100%| S|CS|TAMS 0x00000000e8200000, 0x00000000e8200000| Complete 
| 131|0x00000000e8300000, 0x00000000e8400000, 0x00000000e8400000|100%| S|CS|TAMS 0x00000000e8300000, 0x00000000e8300000| Complete 
| 132|0x00000000e8400000, 0x00000000e8500000, 0x00000000e8500000|100%| S|CS|TAMS 0x00000000e8400000, 0x00000000e8400000| Complete 
| 133|0x00000000e8500000, 0x00000000e8600000, 0x00000000e8600000|100%| S|CS|TAMS 0x00000000e8500000, 0x00000000e8500000| Complete 
| 134|0x00000000e8600000, 0x00000000e8600000, 0x00000000e8700000|  0%| F|  |TAMS 0x00000000e8600000, 0x00000000e8600000| Untracked 
| 135|0x00000000e8700000, 0x00000000e8700000, 0x00000000e8800000|  0%| F|  |TAMS 0x00000000e8700000, 0x00000000e8700000| Untracked 
| 136|0x00000000e8800000, 0x00000000e8800000, 0x00000000e8900000|  0%| F|  |TAMS 0x00000000e8800000, 0x00000000e8800000| Untracked 
| 137|0x00000000e8900000, 0x00000000e8900000, 0x00000000e8a00000|  0%| F|  |TAMS 0x00000000e8900000, 0x00000000e8900000| Untracked 
| 138|0x00000000e8a00000, 0x00000000e8a00000, 0x00000000e8b00000|  0%| F|  |TAMS 0x00000000e8a00000, 0x00000000e8a00000| Untracked 
| 139|0x00000000e8b00000, 0x00000000e8b00000, 0x00000000e8c00000|  0%| F|  |TAMS 0x00000000e8b00000, 0x00000000e8b00000| Untracked 
| 140|0x00000000e8c00000, 0x00000000e8c00000, 0x00000000e8d00000|  0%| F|  |TAMS 0x00000000e8c00000, 0x00000000e8c00000| Untracked 
| 141|0x00000000e8d00000, 0x00000000e8d00000, 0x00000000e8e00000|  0%| F|  |TAMS 0x00000000e8d00000, 0x00000000e8d00000| Untracked 
| 142|0x00000000e8e00000, 0x00000000e8e00000, 0x00000000e8f00000|  0%| F|  |TAMS 0x00000000e8e00000, 0x00000000e8e00000| Untracked 
| 143|0x00000000e8f00000, 0x00000000e8f00000, 0x00000000e9000000|  0%| F|  |TAMS 0x00000000e8f00000, 0x00000000e8f00000| Untracked 
| 144|0x00000000e9000000, 0x00000000e9000000, 0x00000000e9100000|  0%| F|  |TAMS 0x00000000e9000000, 0x00000000e9000000| Untracked 
| 145|0x00000000e9100000, 0x00000000e9100000, 0x00000000e9200000|  0%| F|  |TAMS 0x00000000e9100000, 0x00000000e9100000| Untracked 
| 146|0x00000000e9200000, 0x00000000e9200000, 0x00000000e9300000|  0%| F|  |TAMS 0x00000000e9200000, 0x00000000e9200000| Untracked 
| 147|0x00000000e9300000, 0x00000000e9300000, 0x00000000e9400000|  0%| F|  |TAMS 0x00000000e9300000, 0x00000000e9300000| Untracked 
| 148|0x00000000e9400000, 0x00000000e9400000, 0x00000000e9500000|  0%| F|  |TAMS 0x00000000e9400000, 0x00000000e9400000| Untracked 
| 149|0x00000000e9500000, 0x00000000e9500000, 0x00000000e9600000|  0%| F|  |TAMS 0x00000000e9500000, 0x00000000e9500000| Untracked 
| 150|0x00000000e9600000, 0x00000000e9600000, 0x00000000e9700000|  0%| F|  |TAMS 0x00000000e9600000, 0x00000000e9600000| Untracked 
| 151|0x00000000e9700000, 0x00000000e9700000, 0x00000000e9800000|  0%| F|  |TAMS 0x00000000e9700000, 0x00000000e9700000| Untracked 
| 152|0x00000000e9800000, 0x00000000e9800000, 0x00000000e9900000|  0%| F|  |TAMS 0x00000000e9800000, 0x00000000e9800000| Untracked 
| 153|0x00000000e9900000, 0x00000000e9900000, 0x00000000e9a00000|  0%| F|  |TAMS 0x00000000e9900000, 0x00000000e9900000| Untracked 
| 154|0x00000000e9a00000, 0x00000000e9a00000, 0x00000000e9b00000|  0%| F|  |TAMS 0x00000000e9a00000, 0x00000000e9a00000| Untracked 
| 155|0x00000000e9b00000, 0x00000000e9b00000, 0x00000000e9c00000|  0%| F|  |TAMS 0x00000000e9b00000, 0x00000000e9b00000| Untracked 
| 156|0x00000000e9c00000, 0x00000000e9c00000, 0x00000000e9d00000|  0%| F|  |TAMS 0x00000000e9c00000, 0x00000000e9c00000| Untracked 
| 157|0x00000000e9d00000, 0x00000000e9d00000, 0x00000000e9e00000|  0%| F|  |TAMS 0x00000000e9d00000, 0x00000000e9d00000| Untracked 
| 158|0x00000000e9e00000, 0x00000000e9e00000, 0x00000000e9f00000|  0%| F|  |TAMS 0x00000000e9e00000, 0x00000000e9e00000| Untracked 
| 159|0x00000000e9f00000, 0x00000000e9f00000, 0x00000000ea000000|  0%| F|  |TAMS 0x00000000e9f00000, 0x00000000e9f00000| Untracked 
| 160|0x00000000ea000000, 0x00000000ea000000, 0x00000000ea100000|  0%| F|  |TAMS 0x00000000ea000000, 0x00000000ea000000| Untracked 
| 161|0x00000000ea100000, 0x00000000ea100000, 0x00000000ea200000|  0%| F|  |TAMS 0x00000000ea100000, 0x00000000ea100000| Untracked 
| 162|0x00000000ea200000, 0x00000000ea200000, 0x00000000ea300000|  0%| F|  |TAMS 0x00000000ea200000, 0x00000000ea200000| Untracked 
| 163|0x00000000ea300000, 0x00000000ea300000, 0x00000000ea400000|  0%| F|  |TAMS 0x00000000ea300000, 0x00000000ea300000| Untracked 
| 164|0x00000000ea400000, 0x00000000ea400000, 0x00000000ea500000|  0%| F|  |TAMS 0x00000000ea400000, 0x00000000ea400000| Untracked 
| 165|0x00000000ea500000, 0x00000000ea500000, 0x00000000ea600000|  0%| F|  |TAMS 0x00000000ea500000, 0x00000000ea500000| Untracked 
| 166|0x00000000ea600000, 0x00000000ea600000, 0x00000000ea700000|  0%| F|  |TAMS 0x00000000ea600000, 0x00000000ea600000| Untracked 
| 167|0x00000000ea700000, 0x00000000ea700000, 0x00000000ea800000|  0%| F|  |TAMS 0x00000000ea700000, 0x00000000ea700000| Untracked 
| 168|0x00000000ea800000, 0x00000000ea800000, 0x00000000ea900000|  0%| F|  |TAMS 0x00000000ea800000, 0x00000000ea800000| Untracked 
| 169|0x00000000ea900000, 0x00000000ea900000, 0x00000000eaa00000|  0%| F|  |TAMS 0x00000000ea900000, 0x00000000ea900000| Untracked 
| 170|0x00000000eaa00000, 0x00000000eaa00000, 0x00000000eab00000|  0%| F|  |TAMS 0x00000000eaa00000, 0x00000000eaa00000| Untracked 
| 171|0x00000000eab00000, 0x00000000eab00000, 0x00000000eac00000|  0%| F|  |TAMS 0x00000000eab00000, 0x00000000eab00000| Untracked 
| 172|0x00000000eac00000, 0x00000000eac00000, 0x00000000ead00000|  0%| F|  |TAMS 0x00000000eac00000, 0x00000000eac00000| Untracked 
| 173|0x00000000ead00000, 0x00000000ead00000, 0x00000000eae00000|  0%| F|  |TAMS 0x00000000ead00000, 0x00000000ead00000| Untracked 
| 174|0x00000000eae00000, 0x00000000eae00000, 0x00000000eaf00000|  0%| F|  |TAMS 0x00000000eae00000, 0x00000000eae00000| Untracked 
| 175|0x00000000eaf00000, 0x00000000eaf00000, 0x00000000eb000000|  0%| F|  |TAMS 0x00000000eaf00000, 0x00000000eaf00000| Untracked 
| 176|0x00000000eb000000, 0x00000000eb000000, 0x00000000eb100000|  0%| F|  |TAMS 0x00000000eb000000, 0x00000000eb000000| Untracked 
| 177|0x00000000eb100000, 0x00000000eb100000, 0x00000000eb200000|  0%| F|  |TAMS 0x00000000eb100000, 0x00000000eb100000| Untracked 
| 178|0x00000000eb200000, 0x00000000eb200000, 0x00000000eb300000|  0%| F|  |TAMS 0x00000000eb200000, 0x00000000eb200000| Untracked 
| 179|0x00000000eb300000, 0x00000000eb300000, 0x00000000eb400000|  0%| F|  |TAMS 0x00000000eb300000, 0x00000000eb300000| Untracked 
| 180|0x00000000eb400000, 0x00000000eb400000, 0x00000000eb500000|  0%| F|  |TAMS 0x00000000eb400000, 0x00000000eb400000| Untracked 
| 181|0x00000000eb500000, 0x00000000eb500000, 0x00000000eb600000|  0%| F|  |TAMS 0x00000000eb500000, 0x00000000eb500000| Untracked 
| 182|0x00000000eb600000, 0x00000000eb600000, 0x00000000eb700000|  0%| F|  |TAMS 0x00000000eb600000, 0x00000000eb600000| Untracked 
| 183|0x00000000eb700000, 0x00000000eb700000, 0x00000000eb800000|  0%| F|  |TAMS 0x00000000eb700000, 0x00000000eb700000| Untracked 
| 184|0x00000000eb800000, 0x00000000eb800000, 0x00000000eb900000|  0%| F|  |TAMS 0x00000000eb800000, 0x00000000eb800000| Untracked 
| 185|0x00000000eb900000, 0x00000000eb900000, 0x00000000eba00000|  0%| F|  |TAMS 0x00000000eb900000, 0x00000000eb900000| Untracked 
| 186|0x00000000eba00000, 0x00000000eba00000, 0x00000000ebb00000|  0%| F|  |TAMS 0x00000000eba00000, 0x00000000eba00000| Untracked 
| 187|0x00000000ebb00000, 0x00000000ebb00000, 0x00000000ebc00000|  0%| F|  |TAMS 0x00000000ebb00000, 0x00000000ebb00000| Untracked 
| 188|0x00000000ebc00000, 0x00000000ebc00000, 0x00000000ebd00000|  0%| F|  |TAMS 0x00000000ebc00000, 0x00000000ebc00000| Untracked 
| 189|0x00000000ebd00000, 0x00000000ebd00000, 0x00000000ebe00000|  0%| F|  |TAMS 0x00000000ebd00000, 0x00000000ebd00000| Untracked 
| 190|0x00000000ebe00000, 0x00000000ebe00000, 0x00000000ebf00000|  0%| F|  |TAMS 0x00000000ebe00000, 0x00000000ebe00000| Untracked 
| 191|0x00000000ebf00000, 0x00000000ebf00000, 0x00000000ec000000|  0%| F|  |TAMS 0x00000000ebf00000, 0x00000000ebf00000| Untracked 
| 192|0x00000000ec000000, 0x00000000ec000000, 0x00000000ec100000|  0%| F|  |TAMS 0x00000000ec000000, 0x00000000ec000000| Untracked 
| 193|0x00000000ec100000, 0x00000000ec100000, 0x00000000ec200000|  0%| F|  |TAMS 0x00000000ec100000, 0x00000000ec100000| Untracked 
| 194|0x00000000ec200000, 0x00000000ec200000, 0x00000000ec300000|  0%| F|  |TAMS 0x00000000ec200000, 0x00000000ec200000| Untracked 
| 195|0x00000000ec300000, 0x00000000ec300000, 0x00000000ec400000|  0%| F|  |TAMS 0x00000000ec300000, 0x00000000ec300000| Untracked 
| 196|0x00000000ec400000, 0x00000000ec400000, 0x00000000ec500000|  0%| F|  |TAMS 0x00000000ec400000, 0x00000000ec400000| Untracked 
| 197|0x00000000ec500000, 0x00000000ec500000, 0x00000000ec600000|  0%| F|  |TAMS 0x00000000ec500000, 0x00000000ec500000| Untracked 
| 198|0x00000000ec600000, 0x00000000ec600000, 0x00000000ec700000|  0%| F|  |TAMS 0x00000000ec600000, 0x00000000ec600000| Untracked 
| 199|0x00000000ec700000, 0x00000000ec700000, 0x00000000ec800000|  0%| F|  |TAMS 0x00000000ec700000, 0x00000000ec700000| Untracked 
| 200|0x00000000ec800000, 0x00000000ec800000, 0x00000000ec900000|  0%| F|  |TAMS 0x00000000ec800000, 0x00000000ec800000| Untracked 
| 201|0x00000000ec900000, 0x00000000ec900000, 0x00000000eca00000|  0%| F|  |TAMS 0x00000000ec900000, 0x00000000ec900000| Untracked 
| 202|0x00000000eca00000, 0x00000000eca00000, 0x00000000ecb00000|  0%| F|  |TAMS 0x00000000eca00000, 0x00000000eca00000| Untracked 
| 203|0x00000000ecb00000, 0x00000000ecb00000, 0x00000000ecc00000|  0%| F|  |TAMS 0x00000000ecb00000, 0x00000000ecb00000| Untracked 
| 204|0x00000000ecc00000, 0x00000000ecc81c10, 0x00000000ecd00000| 50%| E|  |TAMS 0x00000000ecc00000, 0x00000000ecc00000| Complete 
| 205|0x00000000ecd00000, 0x00000000ece00000, 0x00000000ece00000|100%| E|CS|TAMS 0x00000000ecd00000, 0x00000000ecd00000| Complete 
| 206|0x00000000ece00000, 0x00000000ecf00000, 0x00000000ecf00000|100%| E|CS|TAMS 0x00000000ece00000, 0x00000000ece00000| Complete 
| 207|0x00000000ecf00000, 0x00000000ed000000, 0x00000000ed000000|100%| E|CS|TAMS 0x00000000ecf00000, 0x00000000ecf00000| Complete 
| 208|0x00000000ed000000, 0x00000000ed100000, 0x00000000ed100000|100%| E|CS|TAMS 0x00000000ed000000, 0x00000000ed000000| Complete 
| 209|0x00000000ed100000, 0x00000000ed200000, 0x00000000ed200000|100%| E|CS|TAMS 0x00000000ed100000, 0x00000000ed100000| Complete 
| 210|0x00000000ed200000, 0x00000000ed300000, 0x00000000ed300000|100%| E|CS|TAMS 0x00000000ed200000, 0x00000000ed200000| Complete 
| 211|0x00000000ed300000, 0x00000000ed400000, 0x00000000ed400000|100%| E|CS|TAMS 0x00000000ed300000, 0x00000000ed300000| Complete 
| 212|0x00000000ed400000, 0x00000000ed500000, 0x00000000ed500000|100%| E|CS|TAMS 0x00000000ed400000, 0x00000000ed400000| Complete 
| 213|0x00000000ed500000, 0x00000000ed600000, 0x00000000ed600000|100%| E|CS|TAMS 0x00000000ed500000, 0x00000000ed500000| Complete 
| 214|0x00000000ed600000, 0x00000000ed700000, 0x00000000ed700000|100%| E|CS|TAMS 0x00000000ed600000, 0x00000000ed600000| Complete 
| 215|0x00000000ed700000, 0x00000000ed800000, 0x00000000ed800000|100%| E|CS|TAMS 0x00000000ed700000, 0x00000000ed700000| Complete 
| 216|0x00000000ed800000, 0x00000000ed900000, 0x00000000ed900000|100%| E|CS|TAMS 0x00000000ed800000, 0x00000000ed800000| Complete 
| 217|0x00000000ed900000, 0x00000000eda00000, 0x00000000eda00000|100%| E|CS|TAMS 0x00000000ed900000, 0x00000000ed900000| Complete 
| 218|0x00000000eda00000, 0x00000000edb00000, 0x00000000edb00000|100%| E|CS|TAMS 0x00000000eda00000, 0x00000000eda00000| Complete 
| 219|0x00000000edb00000, 0x00000000edc00000, 0x00000000edc00000|100%| E|CS|TAMS 0x00000000edb00000, 0x00000000edb00000| Complete 
| 220|0x00000000edc00000, 0x00000000edd00000, 0x00000000edd00000|100%| E|CS|TAMS 0x00000000edc00000, 0x00000000edc00000| Complete 
| 221|0x00000000edd00000, 0x00000000ede00000, 0x00000000ede00000|100%| E|CS|TAMS 0x00000000edd00000, 0x00000000edd00000| Complete 
| 222|0x00000000ede00000, 0x00000000edf00000, 0x00000000edf00000|100%| E|CS|TAMS 0x00000000ede00000, 0x00000000ede00000| Complete 
| 223|0x00000000edf00000, 0x00000000ee000000, 0x00000000ee000000|100%| E|CS|TAMS 0x00000000edf00000, 0x00000000edf00000| Complete 
| 224|0x00000000ee000000, 0x00000000ee100000, 0x00000000ee100000|100%| E|CS|TAMS 0x00000000ee000000, 0x00000000ee000000| Complete 
| 225|0x00000000ee100000, 0x00000000ee200000, 0x00000000ee200000|100%| E|CS|TAMS 0x00000000ee100000, 0x00000000ee100000| Complete 
| 226|0x00000000ee200000, 0x00000000ee300000, 0x00000000ee300000|100%| E|CS|TAMS 0x00000000ee200000, 0x00000000ee200000| Complete 
| 227|0x00000000ee300000, 0x00000000ee400000, 0x00000000ee400000|100%| E|CS|TAMS 0x00000000ee300000, 0x00000000ee300000| Complete 
| 228|0x00000000ee400000, 0x00000000ee500000, 0x00000000ee500000|100%| E|CS|TAMS 0x00000000ee400000, 0x00000000ee400000| Complete 
| 229|0x00000000ee500000, 0x00000000ee600000, 0x00000000ee600000|100%| E|CS|TAMS 0x00000000ee500000, 0x00000000ee500000| Complete 
| 230|0x00000000ee600000, 0x00000000ee700000, 0x00000000ee700000|100%| E|CS|TAMS 0x00000000ee600000, 0x00000000ee600000| Complete 
| 231|0x00000000ee700000, 0x00000000ee800000, 0x00000000ee800000|100%| E|CS|TAMS 0x00000000ee700000, 0x00000000ee700000| Complete 
| 232|0x00000000ee800000, 0x00000000ee900000, 0x00000000ee900000|100%| E|CS|TAMS 0x00000000ee800000, 0x00000000ee800000| Complete 
| 233|0x00000000ee900000, 0x00000000eea00000, 0x00000000eea00000|100%| E|CS|TAMS 0x00000000ee900000, 0x00000000ee900000| Complete 
| 234|0x00000000eea00000, 0x00000000eeb00000, 0x00000000eeb00000|100%| E|CS|TAMS 0x00000000eea00000, 0x00000000eea00000| Complete 
| 235|0x00000000eeb00000, 0x00000000eec00000, 0x00000000eec00000|100%| E|  |TAMS 0x00000000eeb00000, 0x00000000eeb00000| Complete 
| 236|0x00000000eec00000, 0x00000000eed00000, 0x00000000eed00000|100%| E|CS|TAMS 0x00000000eec00000, 0x00000000eec00000| Complete 
| 237|0x00000000eed00000, 0x00000000eee00000, 0x00000000eee00000|100%| E|CS|TAMS 0x00000000eed00000, 0x00000000eed00000| Complete 
| 238|0x00000000eee00000, 0x00000000eef00000, 0x00000000eef00000|100%| E|CS|TAMS 0x00000000eee00000, 0x00000000eee00000| Complete 
| 239|0x00000000eef00000, 0x00000000ef000000, 0x00000000ef000000|100%| E|CS|TAMS 0x00000000eef00000, 0x00000000eef00000| Complete 
| 240|0x00000000ef000000, 0x00000000ef100000, 0x00000000ef100000|100%| E|CS|TAMS 0x00000000ef000000, 0x00000000ef000000| Complete 
| 241|0x00000000ef100000, 0x00000000ef200000, 0x00000000ef200000|100%| E|CS|TAMS 0x00000000ef100000, 0x00000000ef100000| Complete 
| 242|0x00000000ef200000, 0x00000000ef300000, 0x00000000ef300000|100%| E|CS|TAMS 0x00000000ef200000, 0x00000000ef200000| Complete 
| 243|0x00000000ef300000, 0x00000000ef400000, 0x00000000ef400000|100%| E|CS|TAMS 0x00000000ef300000, 0x00000000ef300000| Complete 
| 244|0x00000000ef400000, 0x00000000ef500000, 0x00000000ef500000|100%| E|CS|TAMS 0x00000000ef400000, 0x00000000ef400000| Complete 
| 245|0x00000000ef500000, 0x00000000ef600000, 0x00000000ef600000|100%| E|CS|TAMS 0x00000000ef500000, 0x00000000ef500000| Complete 
| 246|0x00000000ef600000, 0x00000000ef700000, 0x00000000ef700000|100%| E|CS|TAMS 0x00000000ef600000, 0x00000000ef600000| Complete 
| 247|0x00000000ef700000, 0x00000000ef800000, 0x00000000ef800000|100%| E|CS|TAMS 0x00000000ef700000, 0x00000000ef700000| Complete 
| 248|0x00000000ef800000, 0x00000000ef900000, 0x00000000ef900000|100%| E|CS|TAMS 0x00000000ef800000, 0x00000000ef800000| Complete 
| 249|0x00000000ef900000, 0x00000000efa00000, 0x00000000efa00000|100%| E|CS|TAMS 0x00000000ef900000, 0x00000000ef900000| Complete 
| 250|0x00000000efa00000, 0x00000000efb00000, 0x00000000efb00000|100%| E|CS|TAMS 0x00000000efa00000, 0x00000000efa00000| Complete 
| 251|0x00000000efb00000, 0x00000000efc00000, 0x00000000efc00000|100%| E|CS|TAMS 0x00000000efb00000, 0x00000000efb00000| Complete 
| 252|0x00000000efc00000, 0x00000000efd00000, 0x00000000efd00000|100%| E|CS|TAMS 0x00000000efc00000, 0x00000000efc00000| Complete 
| 253|0x00000000efd00000, 0x00000000efe00000, 0x00000000efe00000|100%| E|CS|TAMS 0x00000000efd00000, 0x00000000efd00000| Complete 
| 254|0x00000000efe00000, 0x00000000eff00000, 0x00000000eff00000|100%| E|CS|TAMS 0x00000000efe00000, 0x00000000efe00000| Complete 
| 255|0x00000000eff00000, 0x00000000f0000000, 0x00000000f0000000|100%| E|CS|TAMS 0x00000000eff00000, 0x00000000eff00000| Complete 

Card table byte_map: [0x000001e97a7f0000,0x000001e97a8f0000] _byte_map_base: 0x000001e97a0f0000

Marking Bits (Prev, Next): (CMBitMap*) 0x000001e96368f7f0, (CMBitMap*) 0x000001e96368f830
 Prev Bits: [0x000001e97a9f0000, 0x000001e97b1f0000)
 Next Bits: [0x000001e97b1f0000, 0x000001e97b9f0000)

Polling page: 0x000001e962e10000

Metaspace:

Usage:
  Non-class:     33.78 MB used.
      Class:      5.55 MB used.
       Both:     39.33 MB used.

Virtual space:
  Non-class space:       64.00 MB reserved,      34.00 MB ( 53%) committed,  1 nodes.
      Class space:      320.00 MB reserved,       5.81 MB (  2%) committed,  1 nodes.
             Both:      384.00 MB reserved,      39.81 MB ( 10%) committed. 

Chunk freelists:
   Non-Class:  13.56 MB
       Class:  10.10 MB
        Both:  23.66 MB

MaxMetaspaceSize: 384.00 MB
CompressedClassSpaceSize: 320.00 MB
Initial GC threshold: 21.00 MB
Current GC threshold: 58.88 MB
CDS: on
MetaspaceReclaimPolicy: balanced
 - commit_granule_bytes: 65536.
 - commit_granule_words: 8192.
 - virtual_space_node_default_size: 8388608.
 - enlarge_chunks_in_place: 1.
 - new_chunks_are_fully_committed: 0.
 - uncommit_free_chunks: 1.
 - use_allocation_guard: 0.
 - handle_deallocations: 1.


Internal statistics:

num_allocs_failed_limit: 6.
num_arena_births: 640.
num_arena_deaths: 0.
num_vsnodes_births: 2.
num_vsnodes_deaths: 0.
num_space_committed: 637.
num_space_uncommitted: 0.
num_chunks_returned_to_freelist: 6.
num_chunks_taken_from_freelist: 2273.
num_chunk_merges: 6.
num_chunk_splits: 1509.
num_chunks_enlarged: 1014.
num_inconsistent_stats: 0.

CodeHeap 'non-profiled nmethods': size=120000Kb used=3135Kb max_used=3135Kb free=116864Kb
 bounds [0x000001e972c50000, 0x000001e972f60000, 0x000001e97a180000]
CodeHeap 'profiled nmethods': size=120000Kb used=9462Kb max_used=9462Kb free=110537Kb
 bounds [0x000001e96b180000, 0x000001e96bac0000, 0x000001e9726b0000]
CodeHeap 'non-nmethods': size=5760Kb used=1627Kb max_used=1710Kb free=4132Kb
 bounds [0x000001e9726b0000, 0x000001e972920000, 0x000001e972c50000]
 total_blobs=5163 nmethods=4476 adapters=599
 compilation: enabled
              stopped_count=0, restarted_count=0
 full_count=0

Compilation events (20 events):
Event: 8.073 Thread 0x000001e97e66b470 nmethod 4447 0x000001e972f3fd10 code [0x000001e972f3fea0, 0x000001e972f3ffb8]
Event: 8.075 Thread 0x000001e91b24bfc0 4448 %     4       jdk.internal.org.objectweb.asm.ClassReader::readUtf @ 18 (161 bytes)
Event: 8.076 Thread 0x000001e97e65f4b0 4449       4       java.lang.invoke.MemberName::initResolved (53 bytes)
Event: 8.077 Thread 0x000001e97e65f4b0 nmethod 4449 0x000001e972f40010 code [0x000001e972f40180, 0x000001e972f40258]
Event: 8.083 Thread 0x000001e97e65f4b0 4450       4       java.security.SecureClassLoader::getProtectionDomain (38 bytes)
Event: 8.086 Thread 0x000001e97e66b470 4451       1       com.google.common.cache.LocalCache$2::offer (2 bytes)
Event: 8.087 Thread 0x000001e97e66b470 nmethod 4451 0x000001e972f40310 code [0x000001e972f404a0, 0x000001e972f40578]
Event: 8.089 Thread 0x000001e97e65f4b0 nmethod 4450 0x000001e972f40610 code [0x000001e972f407c0, 0x000001e972f409c8]
Event: 8.093 Thread 0x000001e91b24bfc0 nmethod 4448% 0x000001e972f40b90 code [0x000001e972f40d40, 0x000001e972f41618]
Event: 8.097 Thread 0x000001e97e66b470 4452       3       java.util.TreeMap$Values::iterator (19 bytes)
Event: 8.097 Thread 0x000001e97e66b470 nmethod 4452 0x000001e96baad190 code [0x000001e96baad360, 0x000001e96baad878]
Event: 8.098 Thread 0x000001e97e66b470 4453       3       java.util.TreeMap$ValueIterator::<init> (12 bytes)
Event: 8.098 Thread 0x000001e97e66b470 nmethod 4453 0x000001e96baada90 code [0x000001e96baadc40, 0x000001e96baadf58]
Event: 8.101 Thread 0x000001e97e66b470 4454       3       org.objectweb.asm.ByteVector::enlarge (73 bytes)
Event: 8.102 Thread 0x000001e97e66b470 nmethod 4454 0x000001e96baae090 code [0x000001e96baae260, 0x000001e96baae698]
Event: 8.106 Thread 0x000001e91b24bfc0 4455       4       org.objectweb.asm.SymbolTable::addConstantUtf8Reference (101 bytes)
Event: 8.108 Thread 0x000001e97e66b470 4456       3       org.objectweb.asm.ClassReader::readCode (5117 bytes)
Event: 8.108 Thread 0x000001e97e65f4b0 4457       4       org.objectweb.asm.ClassReader::readBytecodeInstructionOffset (1 bytes)
Event: 8.109 Thread 0x000001e97e65f4b0 nmethod 4457 0x000001e972f41a10 code [0x000001e972f41b80, 0x000001e972f41bf8]
Event: 8.109 Thread 0x000001e97e65f4b0 4458       4       org.objectweb.asm.ClassReader::readUtf (161 bytes)

GC Heap History (10 events):
Event: 0.575 GC heap before
{Heap before GC invocations=0 (full 0):
 garbage-first heap   total 262144K, used 22528K [0x00000000e0000000, 0x0000000100000000)
  region size 1024K, 23 young (23552K), 0 survivors (0K)
 Metaspace       used 1113K, committed 1280K, reserved 393216K
  class space    used 73K, committed 128K, reserved 327680K
}
Event: 0.578 GC heap after
{Heap after GC invocations=1 (full 0):
 garbage-first heap   total 262144K, used 4487K [0x00000000e0000000, 0x0000000100000000)
  region size 1024K, 3 young (3072K), 3 survivors (3072K)
 Metaspace       used 1113K, committed 1280K, reserved 393216K
  class space    used 73K, committed 128K, reserved 327680K
}
Event: 1.444 GC heap before
{Heap before GC invocations=1 (full 0):
 garbage-first heap   total 262144K, used 40327K [0x00000000e0000000, 0x0000000100000000)
  region size 1024K, 35 young (35840K), 3 survivors (3072K)
 Metaspace       used 4542K, committed 4736K, reserved 393216K
  class space    used 572K, committed 640K, reserved 327680K
}
Event: 1.448 GC heap after
{Heap after GC invocations=2 (full 0):
 garbage-first heap   total 262144K, used 11030K [0x00000000e0000000, 0x0000000100000000)
  region size 1024K, 4 young (4096K), 4 survivors (4096K)
 Metaspace       used 4542K, committed 4736K, reserved 393216K
  class space    used 572K, committed 640K, reserved 327680K
}
Event: 2.137 GC heap before
{Heap before GC invocations=2 (full 0):
 garbage-first heap   total 262144K, used 60182K [0x00000000e0000000, 0x0000000100000000)
  region size 1024K, 50 young (51200K), 4 survivors (4096K)
 Metaspace       used 6157K, committed 6400K, reserved 393216K
  class space    used 823K, committed 960K, reserved 327680K
}
Event: 2.142 GC heap after
{Heap after GC invocations=3 (full 0):
 garbage-first heap   total 262144K, used 17408K [0x00000000e0000000, 0x0000000100000000)
  region size 1024K, 7 young (7168K), 7 survivors (7168K)
 Metaspace       used 6157K, committed 6400K, reserved 393216K
  class space    used 823K, committed 960K, reserved 327680K
}
Event: 4.573 GC heap before
{Heap before GC invocations=3 (full 0):
 garbage-first heap   total 262144K, used 110592K [0x00000000e0000000, 0x0000000100000000)
  region size 1024K, 98 young (100352K), 7 survivors (7168K)
 Metaspace       used 21217K, committed 21504K, reserved 393216K
  class space    used 2962K, committed 3136K, reserved 327680K
}
Event: 4.582 GC heap after
{Heap after GC invocations=4 (full 0):
 garbage-first heap   total 262144K, used 23254K [0x00000000e0000000, 0x0000000100000000)
  region size 1024K, 13 young (13312K), 13 survivors (13312K)
 Metaspace       used 21217K, committed 21504K, reserved 393216K
  class space    used 2962K, committed 3136K, reserved 327680K
}
Event: 7.087 GC heap before
{Heap before GC invocations=5 (full 0):
 garbage-first heap   total 262144K, used 132822K [0x00000000e0000000, 0x0000000100000000)
  region size 1024K, 122 young (124928K), 13 survivors (13312K)
 Metaspace       used 35598K, committed 36096K, reserved 393216K
  class space    used 5001K, committed 5248K, reserved 327680K
}
Event: 7.099 GC heap after
{Heap after GC invocations=6 (full 0):
 garbage-first heap   total 262144K, used 30175K [0x00000000e0000000, 0x0000000100000000)
  region size 1024K, 17 young (17408K), 17 survivors (17408K)
 Metaspace       used 35598K, committed 36096K, reserved 393216K
  class space    used 5001K, committed 5248K, reserved 327680K
}

Dll operation events (15 events):
Event: 0.009 Loaded shared library C:\Users\ratho\AppData\Local\Programs\Eclipse Adoptium\jdk-17.0.11.9-hotspot\bin\java.dll
Event: 0.031 Loaded shared library C:\Users\ratho\AppData\Local\Programs\Eclipse Adoptium\jdk-17.0.11.9-hotspot\bin\jsvml.dll
Event: 0.090 Loaded shared library C:\Users\ratho\AppData\Local\Programs\Eclipse Adoptium\jdk-17.0.11.9-hotspot\bin\zip.dll
Event: 0.093 Loaded shared library C:\Users\ratho\AppData\Local\Programs\Eclipse Adoptium\jdk-17.0.11.9-hotspot\bin\instrument.dll
Event: 0.098 Loaded shared library C:\Users\ratho\AppData\Local\Programs\Eclipse Adoptium\jdk-17.0.11.9-hotspot\bin\net.dll
Event: 0.101 Loaded shared library C:\Users\ratho\AppData\Local\Programs\Eclipse Adoptium\jdk-17.0.11.9-hotspot\bin\nio.dll
Event: 0.104 Loaded shared library C:\Users\ratho\AppData\Local\Programs\Eclipse Adoptium\jdk-17.0.11.9-hotspot\bin\zip.dll
Event: 0.463 Loaded shared library C:\Users\ratho\AppData\Local\Programs\Eclipse Adoptium\jdk-17.0.11.9-hotspot\bin\jimage.dll
Event: 0.731 Loaded shared library C:\Users\ratho\AppData\Local\Programs\Eclipse Adoptium\jdk-17.0.11.9-hotspot\bin\verify.dll
Event: 0.831 Loaded shared library C:\Users\ratho\.gradle\native\1def1411415f61bf3af743bc5b6707747c0891f09f0c88961ee8f79bc544acac\windows-amd64\native-platform.dll
Event: 0.867 Loaded shared library C:\Users\ratho\.gradle\native\0.2.8\x86_64-windows-gnu\gradle-fileevents.dll
Event: 2.124 Loaded shared library C:\Users\ratho\AppData\Local\Programs\Eclipse Adoptium\jdk-17.0.11.9-hotspot\bin\management.dll
Event: 2.130 Loaded shared library C:\Users\ratho\AppData\Local\Programs\Eclipse Adoptium\jdk-17.0.11.9-hotspot\bin\management_ext.dll
Event: 2.508 Loaded shared library C:\Users\ratho\AppData\Local\Programs\Eclipse Adoptium\jdk-17.0.11.9-hotspot\bin\extnet.dll
Event: 2.799 Loaded shared library C:\Users\ratho\AppData\Local\Programs\Eclipse Adoptium\jdk-17.0.11.9-hotspot\bin\sunmscapi.dll

Deoptimization events (20 events):
Event: 7.797 Thread 0x000001e91957a540 Uncommon trap: trap_request=0xffffff45 fr.pc=0x000001e972e4d4c8 relative=0x0000000000000768
Event: 7.797 Thread 0x000001e91957a540 Uncommon trap: reason=unstable_if action=reinterpret pc=0x000001e972e4d4c8 method=java.util.HashMap.putVal(ILjava/lang/Object;Ljava/lang/Object;ZZ)Ljava/lang/Object; @ 109 c2
Event: 7.797 Thread 0x000001e91957a540 DEOPT PACKING pc=0x000001e972e4d4c8 sp=0x00000092721f80d0
Event: 7.797 Thread 0x000001e91957a540 DEOPT UNPACKING pc=0x000001e97270a1a3 sp=0x00000092721f7fe8 mode 2
Event: 7.798 Thread 0x000001e91957a540 Uncommon trap: trap_request=0xffffff45 fr.pc=0x000001e972c7c500 relative=0x00000000000009a0
Event: 7.798 Thread 0x000001e91957a540 Uncommon trap: reason=unstable_if action=reinterpret pc=0x000001e972c7c500 method=java.util.HashMap.resize()[Ljava/util/HashMap$Node; @ 203 c2
Event: 7.798 Thread 0x000001e91957a540 DEOPT PACKING pc=0x000001e972c7c500 sp=0x00000092721f7f80
Event: 7.798 Thread 0x000001e91957a540 DEOPT UNPACKING pc=0x000001e97270a1a3 sp=0x00000092721f7f20 mode 2
Event: 7.798 Thread 0x000001e91957a540 Uncommon trap: trap_request=0xffffff45 fr.pc=0x000001e972dcc62c relative=0x00000000000004ec
Event: 7.798 Thread 0x000001e91957a540 Uncommon trap: reason=unstable_if action=reinterpret pc=0x000001e972dcc62c method=java.util.HashMap.getNode(Ljava/lang/Object;)Ljava/util/HashMap$Node; @ 85 c2
Event: 7.798 Thread 0x000001e91957a540 DEOPT PACKING pc=0x000001e972dcc62c sp=0x00000092721f8070
Event: 7.798 Thread 0x000001e91957a540 DEOPT UNPACKING pc=0x000001e97270a1a3 sp=0x00000092721f8000 mode 2
Event: 7.798 Thread 0x000001e91957a540 Uncommon trap: trap_request=0xffffff45 fr.pc=0x000001e972e19a3c relative=0x00000000000006dc
Event: 7.798 Thread 0x000001e91957a540 Uncommon trap: reason=unstable_if action=reinterpret pc=0x000001e972e19a3c method=java.util.HashMap.putVal(ILjava/lang/Object;Ljava/lang/Object;ZZ)Ljava/lang/Object; @ 109 c2
Event: 7.798 Thread 0x000001e91957a540 DEOPT PACKING pc=0x000001e972e19a3c sp=0x00000092721f8020
Event: 7.798 Thread 0x000001e91957a540 DEOPT UNPACKING pc=0x000001e97270a1a3 sp=0x00000092721f7fd8 mode 2
Event: 7.833 Thread 0x000001e91957a540 Uncommon trap: trap_request=0xffffffde fr.pc=0x000001e972d9f898 relative=0x0000000000000078
Event: 7.833 Thread 0x000001e91957a540 Uncommon trap: reason=class_check action=maybe_recompile pc=0x000001e972d9f898 method=java.util.Collections$SetFromMap.remove(Ljava/lang/Object;)Z @ 5 c2
Event: 7.833 Thread 0x000001e91957a540 DEOPT PACKING pc=0x000001e972d9f898 sp=0x00000092721fad90
Event: 7.833 Thread 0x000001e91957a540 DEOPT UNPACKING pc=0x000001e97270a1a3 sp=0x00000092721fad28 mode 2

Classes unloaded (0 events):
No events

Classes redefined (0 events):
No events

Internal exceptions (20 events):
Event: 7.466 Thread 0x000001e91957a540 Exception <a 'java/lang/ClassNotFoundException'{0x00000000eee07298}: org/gradle/api/internal/artifacts/repositories/AbstractResolutionAwareArtifactRepositoryCustomizer> (0x00000000eee07298) 
thrown [s\src\hotspot\share\classfile\systemDictionary.cpp, line 256]
Event: 7.467 Thread 0x000001e91957a540 Exception <a 'java/lang/ClassNotFoundException'{0x00000000eee2cc40}: org/gradle/api/internal/artifacts/repositories/AbstractAuthenticationSupportedRepositoryCustomizer> (0x00000000eee2cc40) 
thrown [s\src\hotspot\share\classfile\systemDictionary.cpp, line 256]
Event: 7.469 Thread 0x000001e91957a540 Exception <a 'java/lang/ClassNotFoundException'{0x00000000eee5ca10}: org/gradle/api/internal/artifacts/repositories/DefaultMavenArtifactRepositoryCustomizer> (0x00000000eee5ca10) 
thrown [s\src\hotspot\share\classfile\systemDictionary.cpp, line 256]
Event: 7.470 Thread 0x000001e91957a540 Exception <a 'java/lang/ClassNotFoundException'{0x00000000eee901a0}: org/gradle/api/internal/artifacts/repositories/DefaultMavenArtifactRepository_DecoratedCustomizer> (0x00000000eee901a0) 
thrown [s\src\hotspot\share\classfile\systemDictionary.cpp, line 256]
Event: 7.494 Thread 0x000001e91957a540 Implicit null exception at 0x000001e972e659ec to 0x000001e972e65a94
Event: 7.576 Thread 0x000001e91957a540 Exception <a 'java/lang/ClassNotFoundException'{0x00000000ee55e348}: org/gradle/initialization/DefaultProjectDescriptorBeanInfo> (0x00000000ee55e348) 
thrown [s\src\hotspot\share\classfile\systemDictionary.cpp, line 256]
Event: 7.577 Thread 0x000001e91957a540 Exception <a 'java/lang/ClassNotFoundException'{0x00000000ee56e6b0}: org/gradle/initialization/DefaultProjectDescriptorCustomizer> (0x00000000ee56e6b0) 
thrown [s\src\hotspot\share\classfile\systemDictionary.cpp, line 256]
Event: 7.645 Thread 0x000001e919c1cd60 Exception <a 'java/lang/NoSuchMethodError'{0x00000000eff0db58}: static Lorg/gradle/internal/build/event/types/DefaultBuildPhaseDescriptor;.<clinit>()V> (0x00000000eff0db58) 
thrown [s\src\hotspot\share\prims\jni.cpp, line 1112]
Event: 7.667 Thread 0x000001e91957a540 Exception <a 'java/lang/NoSuchMethodError'{0x00000000ee289b40}: 'java.lang.Object java.lang.invoke.DirectMethodHandle$Holder.newInvokeSpecial(java.lang.Object, java.lang.Object, java.lang.Object, java.lang.Object, java.lang.Object, java.lang.Object, java.lang.Object, java.lang.Object)'> (0x00000000ee289b40) 
thrown [s\src\hotspot\share\interpreter\linkResolver.cpp, line 759]
Event: 7.668 Thread 0x000001e91957a540 Exception <a 'java/lang/NoSuchMethodError'{0x00000000ee28f500}: 'java.lang.Object java.lang.invoke.DirectMethodHandle$Holder.invokeSpecial(java.lang.Object, java.lang.Object, java.lang.Object, java.lang.Object, java.lang.Object, java.lang.Object, java.lang.Object, java.lang.Object, java.lang.Object)'> (0x00000000ee28f500) 
thrown [s\src\hotspot\share\interpreter\linkResolver.cpp, line 759]
Event: 7.668 Thread 0x000001e91957a540 Exception <a 'java/lang/NoSuchMethodError'{0x00000000ee294868}: 'java.lang.Object java.lang.invoke.Invokers$Holder.linkToTargetMethod(java.lang.Object, java.lang.Object, java.lang.Object, java.lang.Object, java.lang.Object, java.lang.Object, java.lang.Object, java.lang.Object)'> (0x00000000ee294868) 
thrown [s\src\hotspot\share\interpreter\linkResolver.cpp, line 759]
Event: 7.852 Thread 0x000001e91957a540 Exception <a 'java/lang/ClassNotFoundException'{0x00000000eda5a020}: org/gradle/api/internal/project/DefaultProject_DecoratedBeanInfo> (0x00000000eda5a020) 
thrown [s\src\hotspot\share\classfile\systemDictionary.cpp, line 256]
Event: 7.852 Thread 0x000001e91957a540 Exception <a 'java/lang/ClassNotFoundException'{0x00000000eda67998}: org/gradle/api/internal/project/DefaultProjectBeanInfo> (0x00000000eda67998) 
thrown [s\src\hotspot\share\classfile\systemDictionary.cpp, line 256]
Event: 7.853 Thread 0x000001e91957a540 Exception <a 'java/lang/ClassNotFoundException'{0x00000000eda75448}: org/gradle/api/internal/project/DefaultProjectCustomizer> (0x00000000eda75448) 
thrown [s\src\hotspot\share\classfile\systemDictionary.cpp, line 256]
Event: 7.858 Thread 0x000001e91957a540 Exception <a 'java/lang/ClassNotFoundException'{0x00000000ed923228}: org/gradle/api/internal/project/DefaultProject_DecoratedCustomizer> (0x00000000ed923228) 
thrown [s\src\hotspot\share\classfile\systemDictionary.cpp, line 256]
Event: 7.869 Thread 0x000001e91957a540 Exception <a 'java/lang/ClassNotFoundException'{0x00000000ed9c3450}: org/gradle/configuration/internal/DefaultListenerBuildOperationDecorator$BuildOperationEmittingClosureBeanInfo> (0x00000000ed9c3450) 
thrown [s\src\hotspot\share\classfile\systemDictionary.cpp, line 256]
Event: 7.869 Thread 0x000001e91957a540 Exception <a 'java/lang/ClassNotFoundException'{0x00000000ed9d1e58}: org/gradle/configuration/internal/DefaultListenerBuildOperationDecorator$BuildOperationEmittingClosureCustomizer> (0x00000000ed9d1e58) 
thrown [s\src\hotspot\share\classfile\systemDictionary.cpp, line 256]
Event: 7.895 Thread 0x000001e919c1cd60 Exception <a 'java/lang/NoSuchMethodError'{0x00000000eff227e8}: static Lorg/gradle/internal/build/event/types/DefaultProjectConfigurationDescriptor;.<clinit>()V> (0x00000000eff227e8) 
thrown [s\src\hotspot\share\prims\jni.cpp, line 1112]
Event: 8.015 Thread 0x000001e91957a540 Exception <a 'java/lang/NoSuchMethodError'{0x00000000ed17abb8}: 'long java.lang.invoke.DirectMethodHandle$Holder.invokeStatic(java.lang.Object, long)'> (0x00000000ed17abb8) 
thrown [s\src\hotspot\share\interpreter\linkResolver.cpp, line 759]
Event: 8.076 Thread 0x000001e91957a540 Exception <a 'java/lang/NoSuchMethodError'{0x00000000ecfcab58}: 'void java.lang.invoke.DirectMethodHandle$Holder.invokeSpecial(java.lang.Object, java.lang.Object, java.lang.Object, java.lang.Object, java.lang.Object, java.lang.Object)'> (0x00000000ecfcab58) 
thrown [s\src\hotspot\share\interpreter\linkResolver.cpp, line 759]

VM Operations (20 events):
Event: 6.889 Executing VM operation: HandshakeAllThreads
Event: 6.889 Executing VM operation: HandshakeAllThreads done
Event: 6.916 Executing VM operation: HandshakeAllThreads
Event: 6.916 Executing VM operation: HandshakeAllThreads done
Event: 7.050 Executing VM operation: ICBufferFull
Event: 7.051 Executing VM operation: ICBufferFull done
Event: 7.087 Executing VM operation: CollectForMetadataAllocation
Event: 7.099 Executing VM operation: CollectForMetadataAllocation done
Event: 7.107 Executing VM operation: G1PauseRemark
Event: 7.110 Executing VM operation: G1PauseRemark done
Event: 7.112 Executing VM operation: G1PauseCleanup
Event: 7.112 Executing VM operation: G1PauseCleanup done
Event: 7.781 Executing VM operation: HandshakeAllThreads
Event: 7.781 Executing VM operation: HandshakeAllThreads done
Event: 7.804 Executing VM operation: ICBufferFull
Event: 7.804 Executing VM operation: ICBufferFull done
Event: 7.875 Executing VM operation: HandshakeAllThreads
Event: 7.875 Executing VM operation: HandshakeAllThreads done
Event: 8.028 Executing VM operation: HandshakeAllThreads
Event: 8.028 Executing VM operation: HandshakeAllThreads done

Events (20 events):
Event: 7.478 loading class java/lang/StackTraceElement$HashedModules done
Event: 7.534 loading class java/io/CharArrayReader
Event: 7.534 loading class java/io/CharArrayReader done
Event: 7.561 Thread 0x000001e91adfdf90 Thread added: 0x000001e91adfdf90
Event: 7.780 loading class java/io/FileWriter
Event: 7.780 loading class java/io/FileWriter done
Event: 7.861 loading class org/xml/sax/Locator
Event: 7.861 loading class org/xml/sax/Locator done
Event: 7.861 loading class org/xml/sax/SAXParseException
Event: 7.862 loading class org/xml/sax/SAXParseException done
Event: 7.863 loading class org/xml/sax/Attributes
Event: 7.863 loading class org/xml/sax/Attributes done
Event: 7.874 loading class java/util/ArrayList$ListItr
Event: 7.874 loading class java/util/ArrayList$ListItr done
Event: 7.897 loading class java/io/SerialCallbackContext
Event: 7.897 loading class java/io/SerialCallbackContext done
Event: 7.967 loading class java/util/DualPivotQuicksort
Event: 7.967 loading class java/util/DualPivotQuicksort done
Event: 8.014 loading class java/util/function/LongUnaryOperator
Event: 8.014 loading class java/util/function/LongUnaryOperator done


Dynamic libraries:
0x00007ff7add70000 - 0x00007ff7add7e000 	C:\Users\ratho\AppData\Local\Programs\Eclipse Adoptium\jdk-17.0.11.9-hotspot\bin\java.exe
0x00007ffe89bd0000 - 0x00007ffe89de7000 	C:\windows\SYSTEM32\ntdll.dll
0x00007ffe88330000 - 0x00007ffe883f4000 	C:\windows\System32\KERNEL32.DLL
0x00007ffe87480000 - 0x00007ffe87852000 	C:\windows\System32\KERNELBASE.dll
0x00007ffe872e0000 - 0x00007ffe873f1000 	C:\windows\System32\ucrtbase.dll
0x00007ffe522d0000 - 0x00007ffe522e7000 	C:\Users\ratho\AppData\Local\Programs\Eclipse Adoptium\jdk-17.0.11.9-hotspot\bin\jli.dll
0x00007ffe51700000 - 0x00007ffe5171b000 	C:\Users\ratho\AppData\Local\Programs\Eclipse Adoptium\jdk-17.0.11.9-hotspot\bin\VCRUNTIME140.dll
0x00007ffe87e90000 - 0x00007ffe88041000 	C:\windows\System32\USER32.dll
0x00007ffe681a0000 - 0x00007ffe6843b000 	C:\windows\WinSxS\amd64_microsoft.windows.common-controls_6595b64144ccf1df_6.0.22621.5547_none_27104afb73855772\COMCTL32.dll
0x00007ffe86d40000 - 0x00007ffe86d66000 	C:\windows\System32\win32u.dll
0x00007ffe88090000 - 0x00007ffe88137000 	C:\windows\System32\msvcrt.dll
0x00007ffe87860000 - 0x00007ffe87889000 	C:\windows\System32\GDI32.dll
0x00007ffe86fa0000 - 0x00007ffe870c3000 	C:\windows\System32\gdi32full.dll
0x00007ffe870d0000 - 0x00007ffe8716a000 	C:\windows\System32\msvcp_win.dll
0x00007ffe88050000 - 0x00007ffe88081000 	C:\windows\System32\IMM32.DLL
0x00007ffe67290000 - 0x00007ffe6729c000 	C:\Users\ratho\AppData\Local\Programs\Eclipse Adoptium\jdk-17.0.11.9-hotspot\bin\vcruntime140_1.dll
0x00007ffe458b0000 - 0x00007ffe4593d000 	C:\Users\ratho\AppData\Local\Programs\Eclipse Adoptium\jdk-17.0.11.9-hotspot\bin\msvcp140.dll
0x00007ffdbac50000 - 0x00007ffdbb8b2000 	C:\Users\ratho\AppData\Local\Programs\Eclipse Adoptium\jdk-17.0.11.9-hotspot\bin\server\jvm.dll
0x00007ffe88160000 - 0x00007ffe88211000 	C:\windows\System32\ADVAPI32.dll
0x00007ffe89ae0000 - 0x00007ffe89b88000 	C:\windows\System32\sechost.dll
0x00007ffe86d70000 - 0x00007ffe86d98000 	C:\windows\System32\bcrypt.dll
0x00007ffe884c0000 - 0x00007ffe885d4000 	C:\windows\System32\RPCRT4.dll
0x00007ffe85b40000 - 0x00007ffe85b8d000 	C:\windows\SYSTEM32\POWRPROF.dll
0x00007ffe7fca0000 - 0x00007ffe7fcd4000 	C:\windows\SYSTEM32\WINMM.dll
0x00007ffe669f0000 - 0x00007ffe669f9000 	C:\windows\SYSTEM32\WSOCK32.dll
0x00007ffe82890000 - 0x00007ffe8289a000 	C:\windows\SYSTEM32\VERSION.dll
0x00007ffe885e0000 - 0x00007ffe88651000 	C:\windows\System32\WS2_32.dll
0x00007ffe85b20000 - 0x00007ffe85b33000 	C:\windows\SYSTEM32\UMPDC.dll
0x00007ffe85d40000 - 0x00007ffe85d58000 	C:\windows\SYSTEM32\kernel.appcore.dll
0x00007ffe61cf0000 - 0x00007ffe61cfa000 	C:\Users\ratho\AppData\Local\Programs\Eclipse Adoptium\jdk-17.0.11.9-hotspot\bin\jimage.dll
0x00007ffe84340000 - 0x00007ffe84573000 	C:\windows\SYSTEM32\DBGHELP.DLL
0x00007ffe88ca0000 - 0x00007ffe89033000 	C:\windows\System32\combase.dll
0x00007ffe87890000 - 0x00007ffe87967000 	C:\windows\System32\OLEAUT32.dll
0x00007ffe62550000 - 0x00007ffe62582000 	C:\windows\SYSTEM32\dbgcore.DLL
0x00007ffe87400000 - 0x00007ffe8747b000 	C:\windows\System32\bcryptPrimitives.dll
0x00007ffe61190000 - 0x00007ffe6119e000 	C:\Users\ratho\AppData\Local\Programs\Eclipse Adoptium\jdk-17.0.11.9-hotspot\bin\instrument.dll
0x00007ffe484a0000 - 0x00007ffe484c5000 	C:\Users\ratho\AppData\Local\Programs\Eclipse Adoptium\jdk-17.0.11.9-hotspot\bin\java.dll
0x00007ffe3ed90000 - 0x00007ffe3ee67000 	C:\Users\ratho\AppData\Local\Programs\Eclipse Adoptium\jdk-17.0.11.9-hotspot\bin\jsvml.dll
0x00007ffe89230000 - 0x00007ffe89ad2000 	C:\windows\System32\SHELL32.dll
0x00007ffe86da0000 - 0x00007ffe86edf000 	C:\windows\System32\wintypes.dll
0x00007ffe84ba0000 - 0x00007ffe854bd000 	C:\windows\SYSTEM32\windows.storage.dll
0x00007ffe88220000 - 0x00007ffe8832c000 	C:\windows\System32\SHCORE.dll
0x00007ffe88660000 - 0x00007ffe886c9000 	C:\windows\System32\shlwapi.dll
0x00007ffe86bf0000 - 0x00007ffe86c1b000 	C:\windows\SYSTEM32\profapi.dll
0x00007ffe46200000 - 0x00007ffe46218000 	C:\Users\ratho\AppData\Local\Programs\Eclipse Adoptium\jdk-17.0.11.9-hotspot\bin\zip.dll
0x00007ffe461e0000 - 0x00007ffe461f9000 	C:\Users\ratho\AppData\Local\Programs\Eclipse Adoptium\jdk-17.0.11.9-hotspot\bin\net.dll
0x00007ffe80170000 - 0x00007ffe8029c000 	C:\windows\SYSTEM32\WINHTTP.dll
0x00007ffe86260000 - 0x00007ffe862c9000 	C:\windows\system32\mswsock.dll
0x00007ffe45870000 - 0x00007ffe45886000 	C:\Users\ratho\AppData\Local\Programs\Eclipse Adoptium\jdk-17.0.11.9-hotspot\bin\nio.dll
0x00007ffe48360000 - 0x00007ffe48370000 	C:\Users\ratho\AppData\Local\Programs\Eclipse Adoptium\jdk-17.0.11.9-hotspot\bin\verify.dll
0x00007ffe55d60000 - 0x00007ffe55d87000 	C:\Users\ratho\.gradle\native\1def1411415f61bf3af743bc5b6707747c0891f09f0c88961ee8f79bc544acac\windows-amd64\native-platform.dll
0x00007ffe10140000 - 0x00007ffe101b7000 	C:\Users\ratho\.gradle\native\0.2.8\x86_64-windows-gnu\gradle-fileevents.dll
0x00007ffe48120000 - 0x00007ffe48129000 	C:\Users\ratho\AppData\Local\Programs\Eclipse Adoptium\jdk-17.0.11.9-hotspot\bin\management.dll
0x00007ffe47850000 - 0x00007ffe4785b000 	C:\Users\ratho\AppData\Local\Programs\Eclipse Adoptium\jdk-17.0.11.9-hotspot\bin\management_ext.dll
0x00007ffe884b0000 - 0x00007ffe884b8000 	C:\windows\System32\PSAPI.DLL
0x00007ffe857a0000 - 0x00007ffe857cd000 	C:\windows\SYSTEM32\IPHLPAPI.DLL
0x00007ffe886d0000 - 0x00007ffe886d9000 	C:\windows\System32\NSI.dll
0x00007ffe82870000 - 0x00007ffe82889000 	C:\windows\SYSTEM32\dhcpcsvc6.DLL
0x00007ffe7f700000 - 0x00007ffe7f71f000 	C:\windows\SYSTEM32\dhcpcsvc.DLL
0x00007ffe857d0000 - 0x00007ffe858c8000 	C:\windows\SYSTEM32\DNSAPI.dll
0x00007ffe47470000 - 0x00007ffe47479000 	C:\Users\ratho\AppData\Local\Programs\Eclipse Adoptium\jdk-17.0.11.9-hotspot\bin\extnet.dll
0x00007ffe864c0000 - 0x00007ffe864db000 	C:\windows\SYSTEM32\CRYPTSP.dll
0x00007ffe85d60000 - 0x00007ffe85d97000 	C:\windows\system32\rsaenh.dll
0x00007ffe86350000 - 0x00007ffe86378000 	C:\windows\SYSTEM32\USERENV.dll
0x00007ffe864b0000 - 0x00007ffe864bc000 	C:\windows\SYSTEM32\CRYPTBASE.dll
0x00007ffe46db0000 - 0x00007ffe46dbe000 	C:\Users\ratho\AppData\Local\Programs\Eclipse Adoptium\jdk-17.0.11.9-hotspot\bin\sunmscapi.dll
0x00007ffe87170000 - 0x00007ffe872d7000 	C:\windows\System32\CRYPT32.dll
0x00007ffe86670000 - 0x00007ffe8669d000 	C:\windows\SYSTEM32\ncrypt.dll
0x00007ffe86630000 - 0x00007ffe86667000 	C:\windows\SYSTEM32\NTASN1.dll
0x00007ffe00850000 - 0x00007ffe00858000 	C:\windows\system32\wshunix.dll

dbghelp: loaded successfully - version: 4.0.5 - missing functions: none
symbol engine: initialized successfully - sym options: 0x614 - pdb path: .;C:\Users\ratho\AppData\Local\Programs\Eclipse Adoptium\jdk-17.0.11.9-hotspot\bin;C:\windows\SYSTEM32;C:\windows\WinSxS\amd64_microsoft.windows.common-controls_6595b64144ccf1df_6.0.22621.5547_none_27104afb73855772;C:\Users\ratho\AppData\Local\Programs\Eclipse Adoptium\jdk-17.0.11.9-hotspot\bin\server;C:\Users\ratho\.gradle\native\1def1411415f61bf3af743bc5b6707747c0891f09f0c88961ee8f79bc544acac\windows-amd64;C:\Users\ratho\.gradle\native\0.2.8\x86_64-windows-gnu

VM Arguments:
jvm_args: --add-opens=java.base/java.lang=ALL-UNNAMED --add-opens=java.base/java.lang.invoke=ALL-UNNAMED --add-opens=java.base/java.util=ALL-UNNAMED --add-opens=java.prefs/java.util.prefs=ALL-UNNAMED --add-exports=jdk.compiler/com.sun.tools.javac.api=ALL-UNNAMED --add-exports=jdk.compiler/com.sun.tools.javac.util=ALL-UNNAMED --add-opens=java.base/java.util=ALL-UNNAMED --add-opens=java.prefs/java.util.prefs=ALL-UNNAMED --add-opens=java.base/java.nio.charset=ALL-UNNAMED --add-opens=java.base/java.net=ALL-UNNAMED --add-opens=java.base/java.util.concurrent=ALL-UNNAMED --add-opens=java.base/java.util.concurrent.atomic=ALL-UNNAMED --add-opens=java.xml/javax.xml.namespace=ALL-UNNAMED -XX:MaxMetaspaceSize=384m -XX:+HeapDumpOnOutOfMemoryError -Xms256m -Xmx512m -Dfile.encoding=UTF-8 -Duser.country=IN -Duser.language=en -Duser.variant -javaagent:C:\Users\ratho\OneDrive\Desktop\Gradle\gradle-9.0.0\lib\agents\gradle-instrumentation-agent-9.0.0.jar 
java_command: org.gradle.launcher.daemon.bootstrap.GradleDaemon 9.0.0
java_class_path (initial): C:\Users\ratho\OneDrive\Desktop\Gradle\gradle-9.0.0\lib\gradle-daemon-main-9.0.0.jar
Launcher Type: SUN_STANDARD

[Global flags]
     intx CICompilerCount                          = 4                                         {product} {ergonomic}
   size_t CompressedClassSpaceSize                 = 335544320                                 {product} {ergonomic}
     uint ConcGCThreads                            = 3                                         {product} {ergonomic}
     uint G1ConcRefinementThreads                  = 10                                        {product} {ergonomic}
   size_t G1HeapRegionSize                         = 1048576                                   {product} {ergonomic}
    uintx GCDrainStackTargetSize                   = 64                                        {product} {ergonomic}
     bool HeapDumpOnOutOfMemoryError               = true                                   {manageable} {command line}
   size_t InitialHeapSize                          = 268435456                                 {product} {command line}
   size_t MarkStackSize                            = 4194304                                   {product} {ergonomic}
   size_t MaxHeapSize                              = 536870912                                 {product} {command line}
   size_t MaxMetaspaceSize                         = 402653184                                 {product} {command line}
   size_t MaxNewSize                               = 321912832                                 {product} {ergonomic}
   size_t MinHeapDeltaBytes                        = 1048576                                   {product} {ergonomic}
   size_t MinHeapSize                              = 268435456                                 {product} {command line}
    uintx NonNMethodCodeHeapSize                   = 5839372                                {pd product} {ergonomic}
    uintx NonProfiledCodeHeapSize                  = 122909434                              {pd product} {ergonomic}
    uintx ProfiledCodeHeapSize                     = 122909434                              {pd product} {ergonomic}
    uintx ReservedCodeCacheSize                    = 251658240                              {pd product} {ergonomic}
     bool SegmentedCodeCache                       = true                                      {product} {ergonomic}
   size_t SoftMaxHeapSize                          = 536870912                              {manageable} {ergonomic}
     bool UseCompressedClassPointers               = true                           {product lp64_product} {ergonomic}
     bool UseCompressedOops                        = true                           {product lp64_product} {ergonomic}
     bool UseG1GC                                  = true                                      {product} {ergonomic}
     bool UseLargePagesIndividualAllocation        = false                                  {pd product} {ergonomic}

Logging:
Log output configuration:
 #0: stdout all=warning uptime,level,tags
 #1: stderr all=off uptime,level,tags

Environment Variables:
JAVA_HOME=C:\Users\ratho\AppData\Local\Programs\Eclipse Adoptium\jdk-17.0.11.9-hotspot\
PATH=C:\windows\system32;C:\windows;C:\windows\System32\Wbem;C:\windows\System32\WindowsPowerShell\v1.0\;C:\windows\System32\OpenSSH\;C:\Program Files (x86)\NVIDIA Corporation\PhysX\Common;C:\Program Files\NVIDIA Corporation\NVIDIA NvDLISR;C:\Program Files\MySQL\MySQL Server 8.0\bin;C:\Program Files\nodejs\;C:\Program Files\Git\cmd;C:\Program Files\Tesseract-OCR;;C:\Program Files\Docker\Docker\resources\bin;C:\Users\ratho\AppData\Local\Programs\Python\Python313\Scripts\;C:\Users\ratho\AppData\Local\Programs\Python\Python313\;C:\Users\ratho\AppData\Local\Programs\Python\Launcher\;d:\Trae\bin;C:\Program Files\MySQL\MySQL Shell 8.0\bin\;C:\Users\ratho\AppData\Local\Programs\Eclipse Adoptium\jdk-17.0.11.9-hotspot\bin;C:\Users\ratho\AppData\Local\Microsoft\WindowsApps;C:\Users\ratho\AppData\Local\Programs\Microsoft VS Code\bin;C:\Users\ratho\AppData\Roaming\npm;C:\Users\ratho\AppData\Local\Programs\cursor\resources\app\bin;C:\Users\ratho\AppData\Local\MongoDBCompass\MongoDBCompass.exe;C:\Users\ratho\OneDrive\Desktop\gradle-9.0.0\bin;C:\Users\ratho\OneDrive\Desktop\Gradle\gradle-9.0.0\bin;;d:\Trae\resources\app\bin\lib
USERNAME=ratho
OS=Windows_NT
PROCESSOR_IDENTIFIER=Intel64 Family 6 Model 141 Stepping 1, GenuineIntel
TMP=C:\Users\ratho\AppData\Local\Temp
TEMP=C:\Users\ratho\AppData\Local\Temp



Periodic native trim disabled


---------------  S Y S T E M  ---------------

OS:
 Windows 11 , 64 bit Build 22621 (10.0.22621.5415)
OS uptime: 0 days 3:47 hours
Hyper-V role detected

CPU: total 12 (initial active 12) (6 cores per cpu, 2 threads per core) family 6 model 141 stepping 1 microcode 0x4e, cx8, cmov, fxsr, ht, mmx, 3dnowpref, sse, sse2, sse3, ssse3, sse4.1, sse4.2, popcnt, lzcnt, tsc, tscinvbit, avx, avx2, aes, erms, clmul, bmi1, bmi2, adx, avx512f, avx512dq, avx512cd, avx512bw, avx512vl, sha, fma, vzeroupper, avx512_vpopcntdq, avx512_vpclmulqdq, avx512_vaes, avx512_vnni, clflush, clflushopt, clwb, avx512_vbmi2, avx512_vbmi, hv
Processor Information for all 12 processors :
  Max Mhz: 2688, Current Mhz: 2688, Mhz Limit: 2688

Memory: 4k page, system-wide physical 16022M (2452M free)
TotalPageFile size 17890M (AvailPageFile size 1M)
current process WorkingSet (physical memory assigned to process): 331M, peak: 342M
current process commit charge ("private bytes"): 481M, peak: 494M

vm_info: OpenJDK 64-Bit Server VM (17.0.11+9) for windows-amd64 JRE (17.0.11+9), built on Apr 17 2024 06:07:48 by "admin" with MS VC++ 16.10 / 16.11 (VS2019)

END.
